2020-10-14 19:34:30 CommunicationServer.Protocol.Command.CMDCRCError Stop Sample Successfully!
2020-10-14 19:34:40 CommunicationServer.Protocol.Command.CMDCRCError Stop Sample Successfully!
2020-10-14 19:34:50 CommunicationServer.Protocol.Command.CMDCRCError Stop Sample Successfully!
2020-10-14 19:34:50 CommunicationServer.Protocol.Command.CMDCRCError Set Sensitivitys Successfully!
2020-10-14 19:34:50 CommunicationServer.Protocol.Command.CMDCRCError Set IT Param Successfully!
2020-10-14 19:35:00 CommunicationServer.Protocol.Command.CMDCRCError Start Sample Successfully!
2020-10-14 19:37:05 CommunicationServer.Protocol.Command.CMDCRCError Set Sensitivitys Successfully!
2020-10-14 19:37:05 CommunicationServer.Protocol.Command.CMDCRCError Set CV Param Successfully!
2020-10-14 19:37:15 CommunicationServer.Protocol.Command.CMDCRCError Start Sample Successfully!
2020-10-14 19:45:03 CommunicationServer.Protocol.Command.CMDCRCError Stop Sample Successfully!
2020-10-14 19:45:13 CommunicationServer.Protocol.Command.CMDCRCError Stop Sample Successfully!
2020-10-14 19:45:23 CommunicationServer.Protocol.Command.CMDCRCError Stop Sample Successfully!
2020-10-14 19:49:24 CommunicationServer.Protocol.Command.CMDCRCError Stop Sample Successfully!
2020-10-14 19:49:34 CommunicationServer.Protocol.Command.CMDCRCError Stop Sample Successfully!
2020-10-14 19:54:22 CommunicationServer.Protocol.Command.CMDCRCError Set Sensitivitys Successfully!
2020-10-14 19:54:22 CommunicationServer.Protocol.Command.CMDCRCError Set CV Param Successfully!
2020-10-14 19:54:32 CommunicationServer.Protocol.Command.CMDCRCError Start Sample Successfully!
2020-10-14 20:00:08 CommunicationServer.Protocol.Command.CMDCRCError Stop Sample Successfully!
2020-10-14 20:00:08 CommunicationServer.Protocol.Command.CMDCRCError Set Sensitivitys Successfully!
2020-10-14 20:00:08 CommunicationServer.Protocol.Command.CMDCRCError Set CV Param Successfully!
2020-10-14 20:00:18 CommunicationServer.Protocol.Command.CMDCRCError Start Sample Successfully!
2020-10-14 20:02:20 CommunicationServer.Protocol.Command.CMDCRCError Set Sensitivitys Successfully!
2020-10-14 20:02:20 CommunicationServer.Protocol.Command.CMDCRCError Set CV Param Successfully!
2020-10-14 20:02:30 CommunicationServer.Protocol.Command.CMDCRCError Start Sample Successfully!
2020-10-14 20:04:46 CommunicationServer.Protocol.Command.CMDCRCError Stop Sample Successfully!
2020-10-14 20:04:56 CommunicationServer.Protocol.Command.CMDCRCError Stop Sample Successfully!
2020-10-14 20:05:06 CommunicationServer.Protocol.Command.CMDCRCError Stop Sample Successfully!
2020-10-14 20:05:06 CommunicationServer.Protocol.Command.CMDCRCError Set Sensitivitys Successfully!
2020-10-14 20:05:06 CommunicationServer.Protocol.Command.CMDCRCError Set CV Param Successfully!
2020-10-14 20:05:16 CommunicationServer.Protocol.Command.CMDCRCError Start Sample Successfully!
2020-10-14 20:15:03 CommunicationServer.Protocol.Command.CMDCRCError Set Sensitivitys Successfully!
2020-10-14 20:15:03 CommunicationServer.Protocol.Command.CMDCRCError Set IT Param Successfully!
2020-10-14 20:15:13 CommunicationServer.Protocol.Command.CMDCRCError Start Sample Successfully!
2020-10-14 20:17:39 CommunicationServer.Protocol.Command.CMDCRCError Stop Sample Successfully!
2020-10-14 20:17:49 CommunicationServer.Protocol.Command.CMDCRCError Stop Sample Successfully!
2020-10-14 20:17:49 CommunicationServer.Protocol.Command.CMDCRCError Set Sensitivitys Successfully!
2020-10-14 20:17:49 CommunicationServer.Protocol.Command.CMDCRCError Set IT Param Successfully!
2020-10-14 20:17:59 CommunicationServer.Protocol.Command.CMDCRCError Start Sample Successfully!
2020-10-14 20:26:36 CommunicationServer.Protocol.Command.CMDCRCError Stop Sample Successfully!
2020-10-14 20:26:46 CommunicationServer.Protocol.Command.CMDCRCError Stop Sample Successfully!
2020-10-14 20:26:46 CommunicationServer.Protocol.Command.CMDCRCError Set Sensitivitys Successfully!
2020-10-14 20:26:46 CommunicationServer.Protocol.Command.CMDCRCError Set IT Param Successfully!
2020-10-14 20:26:56 CommunicationServer.Protocol.Command.CMDCRCError Start Sample Successfully!
2020-10-14 20:29:00 CommunicationServer.Protocol.Command.CMDCRCError Set Sensitivitys Successfully!
2020-10-14 20:29:00 CommunicationServer.Protocol.Command.CMDCRCError Set IT Param Successfully!
2020-10-14 20:29:10 CommunicationServer.Protocol.Command.CMDCRCError Start Sample Successfully!
2020-10-14 20:31:36 CommunicationServer.Protocol.Command.CMDCRCError Set Sensitivitys Successfully!
2020-10-14 20:31:36 CommunicationServer.Protocol.Command.CMDCRCError Set IT Param Successfully!
2020-10-14 20:31:46 CommunicationServer.Protocol.Command.CMDCRCError Start Sample Successfully!
2020-10-14 20:33:40 CommunicationServer.Protocol.Command.CMDCRCError Set Sensitivitys Successfully!
2020-10-14 20:33:40 CommunicationServer.Protocol.Command.CMDCRCError Set IT Param Successfully!
2020-10-14 20:44:11 CommunicationServer.Protocol.Command.CMDCRCError Set Sensitivitys Successfully!
2020-10-14 20:44:11 CommunicationServer.Protocol.Command.CMDCRCError Set IT Param Successfully!
2020-10-14 20:44:21 CommunicationServer.Protocol.Command.CMDCRCError Start Sample Successfully!
2020-10-14 20:45:12 CommunicationServer.Protocol.Command.CMDCRCError Set Sensitivitys Successfully!
2020-10-14 20:45:12 CommunicationServer.Protocol.Command.CMDCRCError Set IT Param Successfully!
2020-10-14 20:45:22 CommunicationServer.Protocol.Command.CMDCRCError Start Sample Successfully!
2020-10-14 20:47:19 CommunicationServer.Protocol.Command.CMDCRCError Stop Sample Successfully!
2020-10-14 20:47:19 CommunicationServer.Protocol.Command.CMDCRCError Set Sensitivitys Successfully!
2020-10-14 20:47:19 CommunicationServer.Protocol.Command.CMDCRCError Set IT Param Successfully!
2020-10-14 20:47:29 CommunicationServer.Protocol.Command.CMDCRCError Start Sample Successfully!
2020-10-14 20:49:31 CommunicationServer.Protocol.Command.CMDCRCError Set Sensitivitys Successfully!
2020-10-14 20:49:31 CommunicationServer.Protocol.Command.CMDCRCError Set IT Param Successfully!
2020-10-14 20:49:41 CommunicationServer.Protocol.Command.CMDCRCError Start Sample Successfully!
2020-10-14 20:50:11 CommunicationServer.Protocol.Command.CMDCRCError Stop Sample Successfully!
2020-10-14 20:53:33 CommunicationServer.Protocol.Command.CMDCRCError Stop Sample Successfully!
2020-10-14 20:53:49 CommunicationServer.Protocol.Command.CMDCRCError Set Sensitivitys Successfully!
2020-10-14 20:53:49 CommunicationServer.Protocol.Command.CMDCRCError Set IT Param Successfully!
2020-10-14 20:53:59 CommunicationServer.Protocol.Command.CMDCRCError Start Sample Successfully!
2020-10-14 20:53:59 CommunicationServer.Protocol.Command.CMDCRCError Set Sensitivitys Successfully!
2020-10-14 20:53:59 CommunicationServer.Protocol.Command.CMDCRCError Set IT Param Successfully!
2020-10-14 20:54:09 CommunicationServer.Protocol.Command.CMDCRCError Start Sample Successfully!
2020-10-14 20:54:52 CommunicationServer.Protocol.Command.CMDCRCError Stop Sample Successfully!
2020-10-14 20:54:52 CommunicationServer.Protocol.Command.CMDCRCError Set Sensitivitys Successfully!
2020-10-14 20:54:52 CommunicationServer.Protocol.Command.CMDCRCError Set IT Param Successfully!
2020-10-14 20:55:02 CommunicationServer.Protocol.Command.CMDCRCError Start Sample Successfully!
2020-10-14 20:55:33 CommunicationServer.Protocol.Command.CMDCRCError Set Sensitivitys Successfully!
2020-10-14 20:55:33 CommunicationServer.Protocol.Command.CMDCRCError Set IT Param Successfully!
2020-10-14 20:55:43 CommunicationServer.Protocol.Command.CMDCRCError Start Sample Successfully!
2020-10-14 20:56:44 CommunicationServer.Protocol.Command.CMDCRCError Set Sensitivitys Successfully!
2020-10-14 20:56:44 CommunicationServer.Protocol.Command.CMDCRCError Set IT Param Successfully!
2020-10-14 20:56:55 CommunicationServer.Protocol.Command.CMDCRCError Stop Sample Successfully!
2020-10-14 20:56:55 CommunicationServer.Protocol.Command.CMDCRCError Stop Sample Successfully!
2020-10-14 20:56:55 CommunicationServer.Protocol.Command.CMDCRCError Start Sample Successfully!
2020-10-14 20:56:55 CommunicationServer.Protocol.Command.CMDCRCError Stop Sample Successfully!
2020-10-14 20:56:55 CommunicationServer.Protocol.Command.CMDCRCError Stop Sample Successfully!
2020-10-14 20:57:18 CommunicationServer.Protocol.Command.CMDCRCError Stop Sample Successfully!
2020-10-14 20:57:28 CommunicationServer.Protocol.Command.CMDCRCError Stop Sample Successfully!
2020-10-14 20:57:29 CommunicationServer.Protocol.Command.CMDCRCError Stop Sample Successfully!
2020-10-14 21:00:32 CommunicationServer.Protocol.Command.CMDCRCError Stop Sample Successfully!
2020-10-14 21:00:42 CommunicationServer.Protocol.Command.CMDCRCError Set Sensitivitys Successfully!
2020-10-14 21:00:42 CommunicationServer.Protocol.Command.CMDCRCError Set IT Param Successfully!
2020-10-14 21:00:52 CommunicationServer.Protocol.Command.CMDCRCError Start Sample Successfully!
2020-10-14 21:01:22 CommunicationServer.Protocol.Command.CMDCRCError Stop Sample Successfully!
2020-10-14 21:03:31 CommunicationServer.Protocol.Command.CMDCRCError Stop Sample Successfully!
2020-10-14 21:03:41 CommunicationServer.Protocol.Command.CMDCRCError Stop Sample Successfully!
2020-10-14 21:03:41 CommunicationServer.Protocol.Command.CMDCRCError Set Sensitivitys Successfully!
2020-10-14 21:03:41 CommunicationServer.Protocol.Command.CMDCRCError Set IT Param Successfully!
2020-10-14 21:03:51 CommunicationServer.Protocol.Command.CMDCRCError Start Sample Successfully!
2020-10-14 21:04:11 CommunicationServer.Protocol.Command.CMDCRCError Set Sensitivitys Successfully!
2020-10-14 21:04:11 CommunicationServer.Protocol.Command.CMDCRCError Set IT Param Successfully!
2020-10-14 21:04:21 CommunicationServer.Protocol.Command.CMDCRCError Start Sample Successfully!
2020-10-14 21:04:43 CommunicationServer.Protocol.Command.CMDCRCError Set Sensitivitys Successfully!
2020-10-14 21:04:43 CommunicationServer.Protocol.Command.CMDCRCError Set IT Param Successfully!
2020-10-14 21:04:53 CommunicationServer.Protocol.Command.CMDCRCError Start Sample Successfully!
2020-10-14 21:05:49 CommunicationServer.Protocol.Command.CMDCRCError Stop Sample Successfully!
2020-10-14 21:05:49 CommunicationServer.Protocol.Command.CMDCRCError Stop Sample Successfully!
2020-10-14 21:05:49 CommunicationServer.Protocol.Command.CMDCRCError Stop Sample Successfully!
2020-10-14 21:06:10 CommunicationServer.Protocol.Command.CMDCRCError Stop Sample Successfully!
2020-10-14 21:06:10 CommunicationServer.Protocol.Command.CMDCRCError Stop Sample Successfully!
2020-10-14 21:06:10 CommunicationServer.Protocol.Command.CMDCRCError Stop Sample Successfully!
2020-10-14 21:06:10 CommunicationServer.Protocol.Command.CMDCRCError Stop Sample Successfully!
2020-10-14 21:06:13 CommunicationServer.Protocol.Command.CMDCRCError Stop Sample Successfully!
2020-10-14 21:06:13 CommunicationServer.Protocol.Command.CMDCRCError Stop Sample Successfully!
2020-10-14 21:07:03 CommunicationServer.Protocol.Command.CMDCRCError Set Sensitivitys Successfully!
2020-10-14 21:07:03 CommunicationServer.Protocol.Command.CMDCRCError Set IT Param Successfully!
2020-10-14 21:07:13 CommunicationServer.Protocol.Command.CMDCRCError Start Sample Successfully!
2020-10-14 21:10:14 CommunicationServer.Protocol.Command.CMDCRCError Stop Sample Successfully!
2020-10-14 21:10:24 CommunicationServer.Protocol.Command.CMDCRCError Stop Sample Successfully!
2020-10-14 21:10:24 CommunicationServer.Protocol.Command.CMDCRCError Set Sensitivitys Successfully!
2020-10-14 21:10:24 CommunicationServer.Protocol.Command.CMDCRCError Set CV Param Successfully!
2020-10-14 21:10:34 CommunicationServer.Protocol.Command.CMDCRCError Start Sample Successfully!
2020-10-14 21:14:33 ECH192.MainForm send stop sample error:System.NullReferenceException: 未将对象引用设置到对象的实例。
   在 ECH192.MainForm.ShowInfoEvent(Object sender, EventArgs e)
2020-10-14 21:17:19 ECH192.MainForm send stop sample error:System.NullReferenceException: 未将对象引用设置到对象的实例。
   在 ECH192.MainForm.ShowInfoEvent(Object sender, EventArgs e) 位置 E:\ECH192\ECH192\ECH192\MainForm.cs:行号 1710
2020-10-14 21:19:53 CommunicationServer.Protocol.Command.CMDCRCError Stop Sample Successfully!
2020-10-14 21:19:53 CommunicationServer.Protocol.Command.CMDCRCError Set Sensitivitys Successfully!
2020-10-14 21:19:53 CommunicationServer.Protocol.Command.CMDCRCError Set CV Param Successfully!
2020-10-14 21:20:03 CommunicationServer.Protocol.Command.CMDCRCError Start Sample Successfully!
2020-10-14 21:20:36 ECH192.MainForm send stop sample error:System.NullReferenceException: 未将对象引用设置到对象的实例。
   在 ECH192.MainForm.ShowInfoEvent(Object sender, EventArgs e) 位置 E:\ECH192\ECH192\ECH192\MainForm.cs:行号 1710
2020-10-14 22:02:46 CommunicationServer.Protocol.Command.CMDCRCError Stop Sample Successfully!
2020-10-14 22:02:56 CommunicationServer.Protocol.Command.CMDCRCError Stop Sample Successfully!
2020-10-14 22:03:06 CommunicationServer.Protocol.Command.CMDCRCError Stop Sample Successfully!
2020-10-14 22:03:16 CommunicationServer.Protocol.Command.CMDCRCError Stop Sample Successfully!
2020-10-14 22:03:26 CommunicationServer.Protocol.Command.CMDCRCError Stop Sample Successfully!
2020-10-14 22:03:36 CommunicationServer.Protocol.Command.CMDCRCError Stop Sample Successfully!
2020-10-14 22:06:58 CommunicationServer.Protocol.Command.CMDCRCError Stop Sample Successfully!
2020-10-14 22:07:08 CommunicationServer.Protocol.Command.CMDCRCError Stop Sample Successfully!
2020-10-14 22:07:18 CommunicationServer.Protocol.Command.CMDCRCError Stop Sample Successfully!
2020-10-14 22:07:28 CommunicationServer.Protocol.Command.CMDCRCError Stop Sample Successfully!
2020-10-14 22:07:38 CommunicationServer.Protocol.Command.CMDCRCError Stop Sample Successfully!
2020-10-14 22:07:38 CommunicationServer.Protocol.Command.CMDCRCError Set Sensitivitys Successfully!
2020-10-14 22:07:38 CommunicationServer.Protocol.Command.CMDCRCError Set CV Param Successfully!
2020-10-14 22:07:48 CommunicationServer.Protocol.Command.CMDCRCError Start Sample Successfully!
2020-10-14 22:16:01 CommunicationServer.Protocol.Command.CMDCRCError Stop Sample Successfully!
2020-10-14 22:16:11 CommunicationServer.Protocol.Command.CMDCRCError Stop Sample Successfully!
2020-10-14 22:16:21 CommunicationServer.Protocol.Command.CMDCRCError Stop Sample Successfully!
2020-10-14 22:16:31 CommunicationServer.Protocol.Command.CMDCRCError Stop Sample Successfully!
2020-10-14 22:16:31 CommunicationServer.Protocol.Command.CMDCRCError Set Sensitivitys Successfully!
2020-10-14 22:16:31 CommunicationServer.Protocol.Command.CMDCRCError Set CV Param Successfully!
2020-10-14 22:16:41 CommunicationServer.Protocol.Command.CMDCRCError Start Sample Successfully!
2020-10-14 22:21:00 CommunicationServer.Protocol.Command.CMDCRCError Stop Sample Successfully!
2020-10-14 22:21:00 CommunicationServer.Protocol.Command.CMDCRCError Set Sensitivitys Successfully!
2020-10-14 22:21:00 CommunicationServer.Protocol.Command.CMDCRCError Set CV Param Successfully!
2020-10-14 22:21:10 CommunicationServer.Protocol.Command.CMDCRCError Start Sample Successfully!
2020-10-14 22:28:44 CommunicationServer.Protocol.Command.CMDCRCError Stop Sample Successfully!
2020-10-14 22:28:44 CommunicationServer.Protocol.Command.CMDCRCError Set Sensitivitys Successfully!
2020-10-14 22:28:44 CommunicationServer.Protocol.Command.CMDCRCError Set CV Param Successfully!
2020-10-14 22:28:54 CommunicationServer.Protocol.Command.CMDCRCError Start Sample Successfully!
2020-10-14 22:32:05 CommunicationServer.Protocol.Command.CMDCRCError Set Sensitivitys Successfully!
2020-10-14 22:32:05 CommunicationServer.Protocol.Command.CMDCRCError Set CV Param Successfully!
2020-10-14 22:32:15 CommunicationServer.Protocol.Command.CMDCRCError Start Sample Successfully!
2020-10-14 22:34:15 CommunicationServer.Protocol.Command.CMDCRCError Set Sensitivitys Successfully!
2020-10-14 22:34:15 CommunicationServer.Protocol.Command.CMDCRCError Set CV Param Successfully!
2020-10-14 22:34:25 CommunicationServer.Protocol.Command.CMDCRCError Start Sample Successfully!
2020-10-14 22:40:39 CommunicationServer.Protocol.Command.CMDCRCError Stop Sample Successfully!
2020-10-14 22:40:49 CommunicationServer.Protocol.Command.CMDCRCError Stop Sample Successfully!
2020-10-14 22:40:49 CommunicationServer.Protocol.Command.CMDCRCError Set Sensitivitys Successfully!
2020-10-14 22:40:49 CommunicationServer.Protocol.Command.CMDCRCError Set CV Param Successfully!
2020-10-14 22:40:59 CommunicationServer.Protocol.Command.CMDCRCError Start Sample Successfully!
2020-10-14 22:42:27 CommunicationServer.Protocol.Command.CMDCRCError Stop Sample Successfully!
2020-10-14 22:42:27 CommunicationServer.Protocol.Command.CMDCRCError Set Sensitivitys Successfully!
2020-10-14 22:42:27 CommunicationServer.Protocol.Command.CMDCRCError Set CV Param Successfully!
2020-10-14 22:42:37 CommunicationServer.Protocol.Command.CMDCRCError Start Sample Successfully!
2020-10-14 22:49:04 CommunicationServer.Protocol.Command.CMDCRCError Stop Sample Successfully!
2020-10-14 22:49:04 CommunicationServer.Protocol.Command.CMDCRCError Set Sensitivitys Successfully!
2020-10-14 22:49:04 CommunicationServer.Protocol.Command.CMDCRCError Set CV Param Successfully!
2020-10-14 22:49:14 CommunicationServer.Protocol.Command.CMDCRCError Start Sample Successfully!
2020-10-14 22:51:46 CommunicationServer.Protocol.Command.CMDCRCError Stop Sample Successfully!
2020-10-14 22:51:46 CommunicationServer.Protocol.Command.CMDCRCError Set Sensitivitys Successfully!
2020-10-14 22:51:46 CommunicationServer.Protocol.Command.CMDCRCError Set CV Param Successfully!
2020-10-14 22:51:56 CommunicationServer.Protocol.Command.CMDCRCError Start Sample Successfully!
2020-10-14 22:58:01 CommunicationServer.Protocol.Command.CMDCRCError Stop Sample Successfully!
2020-10-14 22:58:11 CommunicationServer.Protocol.Command.CMDCRCError Stop Sample Successfully!
2020-10-14 22:58:11 CommunicationServer.Protocol.Command.CMDCRCError Set Sensitivitys Successfully!
2020-10-14 22:58:11 CommunicationServer.Protocol.Command.CMDCRCError Set CV Param Successfully!
2020-10-14 22:58:21 CommunicationServer.Protocol.Command.CMDCRCError Start Sample Successfully!
