2020-09-27 18:01:35 commandServer The command CRCError(CommunicationServer.Protocol.Command.CMDCRCError) has been discovered
2020-09-27 18:01:35 commandServer The command EnableChannels(CommunicationServer.Protocol.Command.CMDEnableChannels) has been discovered
2020-09-27 18:01:35 commandServer The command GetIPMessage(CommunicationServer.Protocol.Command.CMDGetIPMessage) has been discovered
2020-09-27 18:01:35 commandServer The command GetSampleData(CommunicationServer.Protocol.Command.CMDGetSampleData) has been discovered
2020-09-27 18:01:35 commandServer The command SetITParam(CommunicationServer.Protocol.Command.CMDSetITParam) has been discovered
2020-09-27 18:01:35 commandServer The command GetVersion(CommunicationServer.Protocol.Command.CMDGetVersion) has been discovered
2020-09-27 18:01:35 commandServer The command HeadError(CommunicationServer.Protocol.Command.CMDHeadError) has been discovered
2020-09-27 18:01:35 commandServer The command HeartBeat(CommunicationServer.Protocol.Command.CMDHeartBeat) has been discovered
2020-09-27 18:01:35 commandServer The command RestartSystem(CommunicationServer.Protocol.Command.CMDRestartSystem) has been discovered
2020-09-27 18:01:35 commandServer The command SetSensitivitys(CommunicationServer.Protocol.Command.CMDSetSensitivitys) has been discovered
2020-09-27 18:01:35 commandServer The command StartSample(CommunicationServer.Protocol.Command.CMDStartSample) has been discovered
2020-09-27 18:01:35 commandServer The command StopSample(CommunicationServer.Protocol.Command.CMDStopSample) has been discovered
2020-09-27 18:01:35 commandServer The command TailError(CommunicationServer.Protocol.Command.CMDTailError) has been discovered
2020-09-27 18:01:35 commandServer The command UnKnow(CommunicationServer.Protocol.Command.CMDUnknow) has been discovered
2020-09-27 18:01:35 commandServer The command SetCVParam(CommunicationServer.Protocol.Command.CMDSetCVParam) has been discovered
2020-09-27 18:01:35 commandServer Listener (192.168.14.18:8765) failed to start
2020-09-27 18:01:39 ECH192.MainForm 7 IT法电沉积
2020-09-27 18:01:39 ECH192.MainForm 7 通纯水
2020-09-27 18:01:39 ECH192.MainForm 7 针板下压
2020-09-27 18:01:39 ECH192.MainForm 7 通空气
2020-09-27 18:01:39 ECH192.MainForm 7 针板下压
2020-09-27 18:01:39 ECH192.MainForm 7 针板下压
2020-09-27 18:01:39 ECH192.MainForm 7 针板下压
2020-09-27 18:01:39 ECH192.MainForm 7 IT法电沉积
2020-09-27 18:01:39 ECH192.MainForm 7 通纯水
2020-09-27 18:01:39 ECH192.MainForm 7 针板下压
2020-09-27 18:01:39 ECH192.MainForm 7 通空气
2020-09-27 18:01:39 ECH192.MainForm 7 针板下压
2020-09-27 18:01:39 ECH192.MainForm 7 针板下压
2020-09-27 18:01:39 ECH192.MainForm 7 针板下压
2020-09-27 18:01:39 ECH192.MainForm 7 IT法电沉积
2020-09-27 18:01:39 ECH192.MainForm 7 通纯水
2020-09-27 18:01:39 ECH192.MainForm 7 针板下压
2020-09-27 18:01:39 ECH192.MainForm 7 通空气
2020-09-27 18:01:39 ECH192.MainForm 7 针板下压
2020-09-27 18:01:39 ECH192.MainForm 7 针板下压
2020-09-27 18:01:39 ECH192.MainForm 7 针板下压
2020-09-27 18:01:39 ECH192.MainForm 7 IT法电沉积
2020-09-27 18:01:39 ECH192.MainForm 7 通纯水
2020-09-27 18:01:39 ECH192.MainForm 7 针板下压
2020-09-27 18:01:39 ECH192.MainForm 7 通空气
2020-09-27 18:01:39 ECH192.MainForm 7 针板下压
2020-09-27 18:01:39 ECH192.MainForm 7 针板下压
2020-09-27 18:01:39 ECH192.MainForm 7 针板下压
2020-09-27 18:01:40 ECH192.MainForm 7 IT法电沉积
2020-09-27 18:01:40 ECH192.MainForm 7 通纯水
2020-09-27 18:01:40 ECH192.MainForm 7 针板下压
2020-09-27 18:01:40 ECH192.MainForm 7 通空气
2020-09-27 18:01:40 ECH192.MainForm 7 针板下压
2020-09-27 18:01:40 ECH192.MainForm 7 针板下压
2020-09-27 18:01:40 ECH192.MainForm 7 针板下压
2020-09-27 18:01:40 ECH192.MainForm 7 IT法电沉积
2020-09-27 18:01:40 ECH192.MainForm 7 通纯水
2020-09-27 18:01:40 ECH192.MainForm 7 针板下压
2020-09-27 18:01:40 ECH192.MainForm 7 通空气
2020-09-27 18:01:40 ECH192.MainForm 7 针板下压
2020-09-27 18:01:40 ECH192.MainForm 7 针板下压
2020-09-27 18:01:40 ECH192.MainForm 7 针板下压
2020-09-27 18:01:40 ECH192.MainForm 7 IT法电沉积
2020-09-27 18:01:40 ECH192.MainForm 7 通纯水
2020-09-27 18:01:40 ECH192.MainForm 7 针板下压
2020-09-27 18:01:40 ECH192.MainForm 7 通空气
2020-09-27 18:01:40 ECH192.MainForm 7 针板下压
2020-09-27 18:01:40 ECH192.MainForm 7 针板下压
2020-09-27 18:01:40 ECH192.MainForm 7 针板下压
2020-09-27 18:31:23 commandServer The command CRCError(CommunicationServer.Protocol.Command.CMDCRCError) has been discovered
2020-09-27 18:31:23 commandServer The command EnableChannels(CommunicationServer.Protocol.Command.CMDEnableChannels) has been discovered
2020-09-27 18:31:23 commandServer The command GetIPMessage(CommunicationServer.Protocol.Command.CMDGetIPMessage) has been discovered
2020-09-27 18:31:23 commandServer The command GetSampleData(CommunicationServer.Protocol.Command.CMDGetSampleData) has been discovered
2020-09-27 18:31:23 commandServer The command SetITParam(CommunicationServer.Protocol.Command.CMDSetITParam) has been discovered
2020-09-27 18:31:23 commandServer The command GetVersion(CommunicationServer.Protocol.Command.CMDGetVersion) has been discovered
2020-09-27 18:31:23 commandServer The command HeadError(CommunicationServer.Protocol.Command.CMDHeadError) has been discovered
2020-09-27 18:31:23 commandServer The command HeartBeat(CommunicationServer.Protocol.Command.CMDHeartBeat) has been discovered
2020-09-27 18:31:23 commandServer The command RestartSystem(CommunicationServer.Protocol.Command.CMDRestartSystem) has been discovered
2020-09-27 18:31:23 commandServer The command SetSensitivitys(CommunicationServer.Protocol.Command.CMDSetSensitivitys) has been discovered
2020-09-27 18:31:23 commandServer The command StartSample(CommunicationServer.Protocol.Command.CMDStartSample) has been discovered
2020-09-27 18:31:23 commandServer The command StopSample(CommunicationServer.Protocol.Command.CMDStopSample) has been discovered
2020-09-27 18:31:23 commandServer The command TailError(CommunicationServer.Protocol.Command.CMDTailError) has been discovered
2020-09-27 18:31:23 commandServer The command UnKnow(CommunicationServer.Protocol.Command.CMDUnknow) has been discovered
2020-09-27 18:31:23 commandServer The command SetCVParam(CommunicationServer.Protocol.Command.CMDSetCVParam) has been discovered
2020-09-27 18:31:23 commandServer Listener (192.168.14.18:8765) failed to start
2020-09-27 18:32:06 ECH192.MainForm 7 IT法电沉积
2020-09-27 18:32:06 ECH192.MainForm 7 通纯水
2020-09-27 18:32:06 ECH192.MainForm 7 针板下压
2020-09-27 18:32:06 ECH192.MainForm 7 通空气
2020-09-27 18:32:06 ECH192.MainForm 7 针板下压
2020-09-27 18:32:06 ECH192.MainForm 7 针板下压
2020-09-27 18:32:06 ECH192.MainForm 7 针板下压
2020-09-27 18:32:07 ECH192.MainForm 7 IT法电沉积
2020-09-27 18:32:07 ECH192.MainForm 7 通纯水
2020-09-27 18:32:07 ECH192.MainForm 7 针板下压
2020-09-27 18:32:07 ECH192.MainForm 7 通空气
2020-09-27 18:32:07 ECH192.MainForm 7 针板下压
2020-09-27 18:32:07 ECH192.MainForm 7 针板下压
2020-09-27 18:32:07 ECH192.MainForm 7 针板下压
2020-09-27 18:32:07 ECH192.MainForm 7 IT法电沉积
2020-09-27 18:32:07 ECH192.MainForm 7 通纯水
2020-09-27 18:32:07 ECH192.MainForm 7 针板下压
2020-09-27 18:32:07 ECH192.MainForm 7 通空气
2020-09-27 18:32:07 ECH192.MainForm 7 针板下压
2020-09-27 18:32:07 ECH192.MainForm 7 针板下压
2020-09-27 18:32:07 ECH192.MainForm 7 针板下压
2020-09-27 18:32:07 ECH192.MainForm 7 IT法电沉积
2020-09-27 18:32:07 ECH192.MainForm 7 通纯水
2020-09-27 18:32:07 ECH192.MainForm 7 针板下压
2020-09-27 18:32:07 ECH192.MainForm 7 通空气
2020-09-27 18:32:07 ECH192.MainForm 7 针板下压
2020-09-27 18:32:07 ECH192.MainForm 7 针板下压
2020-09-27 18:32:07 ECH192.MainForm 7 针板下压
2020-09-27 18:32:07 ECH192.MainForm 7 IT法电沉积
2020-09-27 18:32:07 ECH192.MainForm 7 通纯水
2020-09-27 18:32:07 ECH192.MainForm 7 针板下压
2020-09-27 18:32:07 ECH192.MainForm 7 通空气
2020-09-27 18:32:07 ECH192.MainForm 7 针板下压
2020-09-27 18:32:07 ECH192.MainForm 7 针板下压
2020-09-27 18:32:07 ECH192.MainForm 7 针板下压
2020-09-27 18:32:07 ECH192.MainForm 7 IT法电沉积
2020-09-27 18:32:07 ECH192.MainForm 7 通纯水
2020-09-27 18:32:07 ECH192.MainForm 7 针板下压
2020-09-27 18:32:07 ECH192.MainForm 7 通空气
2020-09-27 18:32:07 ECH192.MainForm 7 针板下压
2020-09-27 18:32:07 ECH192.MainForm 7 针板下压
2020-09-27 18:32:07 ECH192.MainForm 7 针板下压
2020-09-27 18:32:07 ECH192.MainForm 7 IT法电沉积
2020-09-27 18:32:07 ECH192.MainForm 7 通纯水
2020-09-27 18:32:07 ECH192.MainForm 7 针板下压
2020-09-27 18:32:07 ECH192.MainForm 7 通空气
2020-09-27 18:32:07 ECH192.MainForm 7 针板下压
2020-09-27 18:32:07 ECH192.MainForm 7 针板下压
2020-09-27 18:32:07 ECH192.MainForm 7 针板下压
2020-09-27 18:58:35 commandServer The command CRCError(CommunicationServer.Protocol.Command.CMDCRCError) has been discovered
2020-09-27 18:58:35 commandServer The command EnableChannels(CommunicationServer.Protocol.Command.CMDEnableChannels) has been discovered
2020-09-27 18:58:35 commandServer The command GetIPMessage(CommunicationServer.Protocol.Command.CMDGetIPMessage) has been discovered
2020-09-27 18:58:35 commandServer The command GetSampleData(CommunicationServer.Protocol.Command.CMDGetSampleData) has been discovered
2020-09-27 18:58:35 commandServer The command SetITParam(CommunicationServer.Protocol.Command.CMDSetITParam) has been discovered
2020-09-27 18:58:35 commandServer The command GetVersion(CommunicationServer.Protocol.Command.CMDGetVersion) has been discovered
2020-09-27 18:58:35 commandServer The command HeadError(CommunicationServer.Protocol.Command.CMDHeadError) has been discovered
2020-09-27 18:58:35 commandServer The command HeartBeat(CommunicationServer.Protocol.Command.CMDHeartBeat) has been discovered
2020-09-27 18:58:35 commandServer The command RestartSystem(CommunicationServer.Protocol.Command.CMDRestartSystem) has been discovered
2020-09-27 18:58:35 commandServer The command SetSensitivitys(CommunicationServer.Protocol.Command.CMDSetSensitivitys) has been discovered
2020-09-27 18:58:35 commandServer The command StartSample(CommunicationServer.Protocol.Command.CMDStartSample) has been discovered
2020-09-27 18:58:35 commandServer The command StopSample(CommunicationServer.Protocol.Command.CMDStopSample) has been discovered
2020-09-27 18:58:35 commandServer The command TailError(CommunicationServer.Protocol.Command.CMDTailError) has been discovered
2020-09-27 18:58:35 commandServer The command UnKnow(CommunicationServer.Protocol.Command.CMDUnknow) has been discovered
2020-09-27 18:58:35 commandServer The command SetCVParam(CommunicationServer.Protocol.Command.CMDSetCVParam) has been discovered
2020-09-27 18:58:36 commandServer Listener (192.168.14.18:8765) failed to start
2020-09-27 18:58:52 ECH192.MainForm 7 IT法电沉积
2020-09-27 18:58:52 ECH192.MainForm 7 通纯水
2020-09-27 18:58:52 ECH192.MainForm 7 针板下压
2020-09-27 18:58:52 ECH192.MainForm 7 通空气
2020-09-27 18:58:52 ECH192.MainForm 7 针板下压
2020-09-27 18:58:52 ECH192.MainForm 7 针板下压
2020-09-27 18:58:52 ECH192.MainForm 7 针板下压
2020-09-27 18:58:53 ECH192.MainForm 7 IT法电沉积
2020-09-27 18:58:53 ECH192.MainForm 7 通纯水
2020-09-27 18:58:53 ECH192.MainForm 7 针板下压
2020-09-27 18:58:53 ECH192.MainForm 7 通空气
2020-09-27 18:58:53 ECH192.MainForm 7 针板下压
2020-09-27 18:58:53 ECH192.MainForm 7 针板下压
2020-09-27 18:58:53 ECH192.MainForm 7 针板下压
2020-09-27 18:58:53 ECH192.MainForm 7 IT法电沉积
2020-09-27 18:58:53 ECH192.MainForm 7 通纯水
2020-09-27 18:58:53 ECH192.MainForm 7 针板下压
2020-09-27 18:58:53 ECH192.MainForm 7 通空气
2020-09-27 18:58:53 ECH192.MainForm 7 针板下压
2020-09-27 18:58:53 ECH192.MainForm 7 针板下压
2020-09-27 18:58:53 ECH192.MainForm 7 针板下压
2020-09-27 18:58:53 ECH192.MainForm 7 IT法电沉积
2020-09-27 18:58:53 ECH192.MainForm 7 通纯水
2020-09-27 18:58:53 ECH192.MainForm 7 针板下压
2020-09-27 18:58:53 ECH192.MainForm 7 通空气
2020-09-27 18:58:53 ECH192.MainForm 7 针板下压
2020-09-27 18:58:53 ECH192.MainForm 7 针板下压
2020-09-27 18:58:53 ECH192.MainForm 7 针板下压
2020-09-27 18:58:53 ECH192.MainForm 7 IT法电沉积
2020-09-27 18:58:53 ECH192.MainForm 7 通纯水
2020-09-27 18:58:53 ECH192.MainForm 7 针板下压
2020-09-27 18:58:53 ECH192.MainForm 7 通空气
2020-09-27 18:58:53 ECH192.MainForm 7 针板下压
2020-09-27 18:58:53 ECH192.MainForm 7 针板下压
2020-09-27 18:58:53 ECH192.MainForm 7 针板下压
2020-09-27 18:58:53 ECH192.MainForm 7 IT法电沉积
2020-09-27 18:58:53 ECH192.MainForm 7 通纯水
2020-09-27 18:58:53 ECH192.MainForm 7 针板下压
2020-09-27 18:58:53 ECH192.MainForm 7 通空气
2020-09-27 18:58:53 ECH192.MainForm 7 针板下压
2020-09-27 18:58:53 ECH192.MainForm 7 针板下压
2020-09-27 18:58:53 ECH192.MainForm 7 针板下压
2020-09-27 18:58:54 ECH192.MainForm 7 IT法电沉积
2020-09-27 18:58:54 ECH192.MainForm 7 通纯水
2020-09-27 18:58:54 ECH192.MainForm 7 针板下压
2020-09-27 18:58:54 ECH192.MainForm 7 通空气
2020-09-27 18:58:54 ECH192.MainForm 7 针板下压
2020-09-27 18:58:54 ECH192.MainForm 7 针板下压
2020-09-27 18:58:54 ECH192.MainForm 7 针板下压
2020-09-27 18:59:26 ECH192.MainForm 7 IT法电沉积
2020-09-27 18:59:26 ECH192.MainForm 7 通纯水
2020-09-27 18:59:26 ECH192.MainForm 7 针板下压
2020-09-27 18:59:26 ECH192.MainForm 7 通空气
2020-09-27 18:59:26 ECH192.MainForm 7 针板下压
2020-09-27 18:59:26 ECH192.MainForm 7 针板下压
2020-09-27 18:59:26 ECH192.MainForm 7 针板下压
2020-09-27 18:59:26 ECH192.MainForm 8 IT法电沉积
2020-09-27 18:59:26 ECH192.MainForm 8 通纯水
2020-09-27 18:59:26 ECH192.MainForm 8 针板下压
2020-09-27 18:59:26 ECH192.MainForm 8 通空气
2020-09-27 18:59:26 ECH192.MainForm 8 针板下压
2020-09-27 18:59:26 ECH192.MainForm 8 针板下压
2020-09-27 18:59:26 ECH192.MainForm 8 针板下压
2020-09-27 18:59:26 ECH192.MainForm 8 针板下压
2020-09-27 18:59:26 ECH192.MainForm 8 IT法电沉积
2020-09-27 18:59:26 ECH192.MainForm 8 通纯水
2020-09-27 18:59:26 ECH192.MainForm 8 针板下压
2020-09-27 18:59:26 ECH192.MainForm 8 通空气
2020-09-27 18:59:26 ECH192.MainForm 8 针板下压
2020-09-27 18:59:26 ECH192.MainForm 8 针板下压
2020-09-27 18:59:26 ECH192.MainForm 8 针板下压
2020-09-27 18:59:26 ECH192.MainForm 8 针板下压
2020-09-27 18:59:27 ECH192.MainForm 9 IT法电沉积
2020-09-27 18:59:27 ECH192.MainForm 9 通纯水
2020-09-27 18:59:27 ECH192.MainForm 9 针板下压
2020-09-27 18:59:27 ECH192.MainForm 9 通空气
2020-09-27 18:59:27 ECH192.MainForm 9 针板下压
2020-09-27 18:59:27 ECH192.MainForm 9 针板下压
2020-09-27 18:59:27 ECH192.MainForm 9 针板下压
2020-09-27 18:59:27 ECH192.MainForm 9 针板下压
2020-09-27 18:59:27 ECH192.MainForm 9 针板下压
2020-09-27 18:59:27 ECH192.MainForm 9 IT法电沉积
2020-09-27 18:59:27 ECH192.MainForm 9 通纯水
2020-09-27 18:59:27 ECH192.MainForm 9 针板下压
2020-09-27 18:59:27 ECH192.MainForm 9 通空气
2020-09-27 18:59:27 ECH192.MainForm 9 针板下压
2020-09-27 18:59:27 ECH192.MainForm 9 针板下压
2020-09-27 18:59:27 ECH192.MainForm 9 针板下压
2020-09-27 18:59:27 ECH192.MainForm 9 针板下压
2020-09-27 18:59:27 ECH192.MainForm 9 针板下压
2020-09-27 18:59:27 ECH192.MainForm 10 IT法电沉积
2020-09-27 18:59:27 ECH192.MainForm 10 通纯水
2020-09-27 18:59:27 ECH192.MainForm 10 针板下压
2020-09-27 18:59:27 ECH192.MainForm 10 通空气
2020-09-27 18:59:27 ECH192.MainForm 10 针板下压
2020-09-27 18:59:27 ECH192.MainForm 10 针板下压
2020-09-27 18:59:27 ECH192.MainForm 10 针板下压
2020-09-27 18:59:27 ECH192.MainForm 10 针板下压
2020-09-27 18:59:27 ECH192.MainForm 10 针板下压
2020-09-27 18:59:27 ECH192.MainForm 10 针板下压
2020-09-27 18:59:28 ECH192.MainForm 10 IT法电沉积
2020-09-27 18:59:28 ECH192.MainForm 10 通纯水
2020-09-27 18:59:28 ECH192.MainForm 10 针板下压
2020-09-27 18:59:28 ECH192.MainForm 10 通空气
2020-09-27 18:59:28 ECH192.MainForm 10 针板下压
2020-09-27 18:59:28 ECH192.MainForm 10 针板下压
2020-09-27 18:59:28 ECH192.MainForm 10 针板下压
2020-09-27 18:59:28 ECH192.MainForm 10 针板下压
2020-09-27 18:59:28 ECH192.MainForm 10 针板下压
2020-09-27 18:59:28 ECH192.MainForm 10 针板下压
2020-09-27 18:59:28 ECH192.MainForm 11 IT法电沉积
2020-09-27 18:59:28 ECH192.MainForm 11 通纯水
2020-09-27 18:59:28 ECH192.MainForm 11 针板下压
2020-09-27 18:59:28 ECH192.MainForm 11 通空气
2020-09-27 18:59:28 ECH192.MainForm 11 针板下压
2020-09-27 18:59:28 ECH192.MainForm 11 针板下压
2020-09-27 18:59:28 ECH192.MainForm 11 针板下压
2020-09-27 18:59:28 ECH192.MainForm 11 针板下压
2020-09-27 18:59:28 ECH192.MainForm 11 针板下压
2020-09-27 18:59:28 ECH192.MainForm 11 针板下压
2020-09-27 18:59:28 ECH192.MainForm 11 针板下压
2020-09-27 18:59:28 ECH192.MainForm 11 IT法电沉积
2020-09-27 18:59:28 ECH192.MainForm 11 通纯水
2020-09-27 18:59:28 ECH192.MainForm 11 针板下压
2020-09-27 18:59:28 ECH192.MainForm 11 通空气
2020-09-27 18:59:28 ECH192.MainForm 11 针板下压
2020-09-27 18:59:28 ECH192.MainForm 11 针板下压
2020-09-27 18:59:28 ECH192.MainForm 11 针板下压
2020-09-27 18:59:28 ECH192.MainForm 11 针板下压
2020-09-27 18:59:28 ECH192.MainForm 11 针板下压
2020-09-27 18:59:29 ECH192.MainForm 11 针板下压
2020-09-27 18:59:29 ECH192.MainForm 11 针板下压
2020-09-27 18:59:29 ECH192.MainForm 12 IT法电沉积
2020-09-27 18:59:29 ECH192.MainForm 12 通纯水
2020-09-27 18:59:29 ECH192.MainForm 12 针板下压
2020-09-27 18:59:29 ECH192.MainForm 12 通空气
2020-09-27 18:59:29 ECH192.MainForm 12 针板下压
2020-09-27 18:59:29 ECH192.MainForm 12 针板下压
2020-09-27 18:59:29 ECH192.MainForm 12 针板下压
2020-09-27 18:59:29 ECH192.MainForm 12 针板下压
2020-09-27 18:59:29 ECH192.MainForm 12 针板下压
2020-09-27 18:59:29 ECH192.MainForm 12 针板下压
2020-09-27 18:59:29 ECH192.MainForm 12 针板下压
2020-09-27 18:59:29 ECH192.MainForm 12 针板下压
2020-09-27 18:59:29 ECH192.MainForm 12 IT法电沉积
2020-09-27 18:59:29 ECH192.MainForm 12 通纯水
2020-09-27 18:59:29 ECH192.MainForm 12 针板下压
2020-09-27 18:59:29 ECH192.MainForm 12 通空气
2020-09-27 18:59:29 ECH192.MainForm 12 针板下压
2020-09-27 18:59:29 ECH192.MainForm 12 针板下压
2020-09-27 18:59:29 ECH192.MainForm 12 针板下压
2020-09-27 18:59:29 ECH192.MainForm 12 针板下压
2020-09-27 18:59:29 ECH192.MainForm 12 针板下压
2020-09-27 18:59:29 ECH192.MainForm 12 针板下压
2020-09-27 18:59:29 ECH192.MainForm 12 针板下压
2020-09-27 18:59:29 ECH192.MainForm 12 针板下压
2020-09-27 18:59:30 ECH192.MainForm 13 IT法电沉积
2020-09-27 18:59:30 ECH192.MainForm 13 通纯水
2020-09-27 18:59:30 ECH192.MainForm 13 针板下压
2020-09-27 18:59:30 ECH192.MainForm 13 通空气
2020-09-27 18:59:30 ECH192.MainForm 13 针板下压
2020-09-27 18:59:30 ECH192.MainForm 13 针板下压
2020-09-27 18:59:30 ECH192.MainForm 13 针板下压
2020-09-27 18:59:30 ECH192.MainForm 13 针板下压
2020-09-27 18:59:30 ECH192.MainForm 13 针板下压
2020-09-27 18:59:30 ECH192.MainForm 13 针板下压
2020-09-27 18:59:30 ECH192.MainForm 13 针板下压
2020-09-27 18:59:30 ECH192.MainForm 13 针板下压
2020-09-27 18:59:30 ECH192.MainForm 13 针板下压
2020-09-27 18:59:30 ECH192.MainForm 13 IT法电沉积
2020-09-27 18:59:30 ECH192.MainForm 13 通纯水
2020-09-27 18:59:30 ECH192.MainForm 13 针板下压
2020-09-27 18:59:30 ECH192.MainForm 13 通空气
2020-09-27 18:59:30 ECH192.MainForm 13 针板下压
2020-09-27 18:59:30 ECH192.MainForm 13 针板下压
2020-09-27 18:59:30 ECH192.MainForm 13 针板下压
2020-09-27 18:59:30 ECH192.MainForm 13 针板下压
2020-09-27 18:59:30 ECH192.MainForm 13 针板下压
2020-09-27 18:59:30 ECH192.MainForm 13 针板下压
2020-09-27 18:59:30 ECH192.MainForm 13 针板下压
2020-09-27 18:59:30 ECH192.MainForm 13 针板下压
2020-09-27 18:59:30 ECH192.MainForm 13 针板下压
2020-09-27 18:59:31 ECH192.MainForm 14 IT法电沉积
2020-09-27 18:59:31 ECH192.MainForm 14 通纯水
2020-09-27 18:59:31 ECH192.MainForm 14 针板下压
2020-09-27 18:59:31 ECH192.MainForm 14 通空气
2020-09-27 18:59:31 ECH192.MainForm 14 针板下压
2020-09-27 18:59:31 ECH192.MainForm 14 针板下压
2020-09-27 18:59:31 ECH192.MainForm 14 针板下压
2020-09-27 18:59:31 ECH192.MainForm 14 针板下压
2020-09-27 18:59:31 ECH192.MainForm 14 针板下压
2020-09-27 18:59:31 ECH192.MainForm 14 针板下压
2020-09-27 18:59:31 ECH192.MainForm 14 针板下压
2020-09-27 18:59:31 ECH192.MainForm 14 针板下压
2020-09-27 18:59:31 ECH192.MainForm 14 针板下压
2020-09-27 18:59:31 ECH192.MainForm 14 针板下压
2020-09-27 18:59:31 ECH192.MainForm 14 IT法电沉积
2020-09-27 18:59:31 ECH192.MainForm 14 通纯水
2020-09-27 18:59:31 ECH192.MainForm 14 针板下压
2020-09-27 18:59:31 ECH192.MainForm 14 通空气
2020-09-27 18:59:31 ECH192.MainForm 14 针板下压
2020-09-27 18:59:31 ECH192.MainForm 14 针板下压
2020-09-27 18:59:31 ECH192.MainForm 14 针板下压
2020-09-27 18:59:31 ECH192.MainForm 14 针板下压
2020-09-27 18:59:31 ECH192.MainForm 14 针板下压
2020-09-27 18:59:31 ECH192.MainForm 14 针板下压
2020-09-27 18:59:31 ECH192.MainForm 14 针板下压
2020-09-27 18:59:31 ECH192.MainForm 14 针板下压
2020-09-27 18:59:31 ECH192.MainForm 14 针板下压
2020-09-27 18:59:31 ECH192.MainForm 14 针板下压
2020-09-27 18:59:32 ECH192.MainForm 15 IT法电沉积
2020-09-27 18:59:32 ECH192.MainForm 15 通纯水
2020-09-27 18:59:32 ECH192.MainForm 15 针板下压
2020-09-27 18:59:32 ECH192.MainForm 15 通空气
2020-09-27 18:59:32 ECH192.MainForm 15 针板下压
2020-09-27 18:59:32 ECH192.MainForm 15 针板下压
2020-09-27 18:59:32 ECH192.MainForm 15 针板下压
2020-09-27 18:59:32 ECH192.MainForm 15 针板下压
2020-09-27 18:59:32 ECH192.MainForm 15 针板下压
2020-09-27 18:59:32 ECH192.MainForm 15 针板下压
2020-09-27 18:59:32 ECH192.MainForm 15 针板下压
2020-09-27 18:59:32 ECH192.MainForm 15 针板下压
2020-09-27 18:59:32 ECH192.MainForm 15 针板下压
2020-09-27 18:59:32 ECH192.MainForm 15 针板下压
2020-09-27 18:59:32 ECH192.MainForm 15 针板下压
2020-09-27 18:59:32 ECH192.MainForm 15 IT法电沉积
2020-09-27 18:59:32 ECH192.MainForm 15 通纯水
2020-09-27 18:59:32 ECH192.MainForm 15 针板下压
2020-09-27 18:59:32 ECH192.MainForm 15 通空气
2020-09-27 18:59:32 ECH192.MainForm 15 针板下压
2020-09-27 18:59:32 ECH192.MainForm 15 针板下压
2020-09-27 18:59:32 ECH192.MainForm 15 针板下压
2020-09-27 18:59:32 ECH192.MainForm 15 针板下压
2020-09-27 18:59:32 ECH192.MainForm 15 针板下压
2020-09-27 18:59:32 ECH192.MainForm 15 针板下压
2020-09-27 18:59:32 ECH192.MainForm 15 针板下压
2020-09-27 18:59:32 ECH192.MainForm 15 针板下压
2020-09-27 18:59:32 ECH192.MainForm 15 针板下压
2020-09-27 18:59:32 ECH192.MainForm 15 针板下压
2020-09-27 18:59:32 ECH192.MainForm 15 针板下压
2020-09-27 18:59:33 ECH192.MainForm 16 IT法电沉积
2020-09-27 18:59:33 ECH192.MainForm 16 通纯水
2020-09-27 18:59:33 ECH192.MainForm 16 针板下压
2020-09-27 18:59:33 ECH192.MainForm 16 通空气
2020-09-27 18:59:33 ECH192.MainForm 16 针板下压
2020-09-27 18:59:33 ECH192.MainForm 16 针板下压
2020-09-27 18:59:33 ECH192.MainForm 16 针板下压
2020-09-27 18:59:33 ECH192.MainForm 16 针板下压
2020-09-27 18:59:33 ECH192.MainForm 16 针板下压
2020-09-27 18:59:33 ECH192.MainForm 16 针板下压
2020-09-27 18:59:33 ECH192.MainForm 16 针板下压
2020-09-27 18:59:33 ECH192.MainForm 16 针板下压
2020-09-27 18:59:33 ECH192.MainForm 16 针板下压
2020-09-27 18:59:33 ECH192.MainForm 16 针板下压
2020-09-27 18:59:33 ECH192.MainForm 16 针板下压
2020-09-27 18:59:33 ECH192.MainForm 16 针板下压
2020-09-27 18:59:34 ECH192.MainForm 16 IT法电沉积
2020-09-27 18:59:34 ECH192.MainForm 16 通纯水
2020-09-27 18:59:34 ECH192.MainForm 16 针板下压
2020-09-27 18:59:34 ECH192.MainForm 16 通空气
2020-09-27 18:59:34 ECH192.MainForm 16 针板下压
2020-09-27 18:59:34 ECH192.MainForm 16 针板下压
2020-09-27 18:59:34 ECH192.MainForm 16 针板下压
2020-09-27 18:59:34 ECH192.MainForm 16 针板下压
2020-09-27 18:59:34 ECH192.MainForm 16 针板下压
2020-09-27 18:59:34 ECH192.MainForm 16 针板下压
2020-09-27 18:59:34 ECH192.MainForm 16 针板下压
2020-09-27 18:59:34 ECH192.MainForm 16 针板下压
2020-09-27 18:59:34 ECH192.MainForm 16 针板下压
2020-09-27 18:59:34 ECH192.MainForm 16 针板下压
2020-09-27 18:59:34 ECH192.MainForm 16 针板下压
2020-09-27 18:59:34 ECH192.MainForm 16 针板下压
2020-09-27 18:59:34 ECH192.MainForm 17 IT法电沉积
2020-09-27 18:59:34 ECH192.MainForm 17 通纯水
2020-09-27 18:59:34 ECH192.MainForm 17 针板下压
2020-09-27 18:59:34 ECH192.MainForm 17 通空气
2020-09-27 18:59:34 ECH192.MainForm 17 针板下压
2020-09-27 18:59:34 ECH192.MainForm 17 针板下压
2020-09-27 18:59:34 ECH192.MainForm 17 针板下压
2020-09-27 18:59:34 ECH192.MainForm 17 针板下压
2020-09-27 18:59:34 ECH192.MainForm 17 针板下压
2020-09-27 18:59:34 ECH192.MainForm 17 针板下压
2020-09-27 18:59:34 ECH192.MainForm 17 针板下压
2020-09-27 18:59:34 ECH192.MainForm 17 针板下压
2020-09-27 18:59:34 ECH192.MainForm 17 针板下压
2020-09-27 18:59:34 ECH192.MainForm 17 针板下压
2020-09-27 18:59:34 ECH192.MainForm 17 针板下压
2020-09-27 18:59:34 ECH192.MainForm 17 针板下压
2020-09-27 18:59:34 ECH192.MainForm 17 针板下压
2020-09-27 18:59:35 ECH192.MainForm 17 IT法电沉积
2020-09-27 18:59:35 ECH192.MainForm 17 通纯水
2020-09-27 18:59:35 ECH192.MainForm 17 针板下压
2020-09-27 18:59:35 ECH192.MainForm 17 通空气
2020-09-27 18:59:35 ECH192.MainForm 17 针板下压
2020-09-27 18:59:35 ECH192.MainForm 17 针板下压
2020-09-27 18:59:35 ECH192.MainForm 17 针板下压
2020-09-27 18:59:35 ECH192.MainForm 17 针板下压
2020-09-27 18:59:35 ECH192.MainForm 17 针板下压
2020-09-27 18:59:35 ECH192.MainForm 17 针板下压
2020-09-27 18:59:35 ECH192.MainForm 17 针板下压
2020-09-27 18:59:35 ECH192.MainForm 17 针板下压
2020-09-27 18:59:35 ECH192.MainForm 17 针板下压
2020-09-27 18:59:35 ECH192.MainForm 17 针板下压
2020-09-27 18:59:35 ECH192.MainForm 17 针板下压
2020-09-27 18:59:35 ECH192.MainForm 17 针板下压
2020-09-27 18:59:35 ECH192.MainForm 17 针板下压
2020-09-27 18:59:35 ECH192.MainForm 18 IT法电沉积
2020-09-27 18:59:35 ECH192.MainForm 18 通纯水
2020-09-27 18:59:35 ECH192.MainForm 18 针板下压
2020-09-27 18:59:35 ECH192.MainForm 18 通空气
2020-09-27 18:59:35 ECH192.MainForm 18 针板下压
2020-09-27 18:59:35 ECH192.MainForm 18 针板下压
2020-09-27 18:59:35 ECH192.MainForm 18 针板下压
2020-09-27 18:59:35 ECH192.MainForm 18 针板下压
2020-09-27 18:59:35 ECH192.MainForm 18 针板下压
2020-09-27 18:59:35 ECH192.MainForm 18 针板下压
2020-09-27 18:59:35 ECH192.MainForm 18 针板下压
2020-09-27 18:59:35 ECH192.MainForm 18 针板下压
2020-09-27 18:59:35 ECH192.MainForm 18 针板下压
2020-09-27 18:59:35 ECH192.MainForm 18 针板下压
2020-09-27 18:59:35 ECH192.MainForm 18 针板下压
2020-09-27 18:59:35 ECH192.MainForm 18 针板下压
2020-09-27 18:59:35 ECH192.MainForm 18 针板下压
2020-09-27 18:59:35 ECH192.MainForm 18 针板下压
2020-09-27 19:04:19 commandServer The command CRCError(CommunicationServer.Protocol.Command.CMDCRCError) has been discovered
2020-09-27 19:04:20 commandServer The command EnableChannels(CommunicationServer.Protocol.Command.CMDEnableChannels) has been discovered
2020-09-27 19:04:20 commandServer The command GetIPMessage(CommunicationServer.Protocol.Command.CMDGetIPMessage) has been discovered
2020-09-27 19:04:20 commandServer The command GetSampleData(CommunicationServer.Protocol.Command.CMDGetSampleData) has been discovered
2020-09-27 19:04:20 commandServer The command SetITParam(CommunicationServer.Protocol.Command.CMDSetITParam) has been discovered
2020-09-27 19:04:20 commandServer The command GetVersion(CommunicationServer.Protocol.Command.CMDGetVersion) has been discovered
2020-09-27 19:04:20 commandServer The command HeadError(CommunicationServer.Protocol.Command.CMDHeadError) has been discovered
2020-09-27 19:04:20 commandServer The command HeartBeat(CommunicationServer.Protocol.Command.CMDHeartBeat) has been discovered
2020-09-27 19:04:20 commandServer The command RestartSystem(CommunicationServer.Protocol.Command.CMDRestartSystem) has been discovered
2020-09-27 19:04:20 commandServer The command SetSensitivitys(CommunicationServer.Protocol.Command.CMDSetSensitivitys) has been discovered
2020-09-27 19:04:20 commandServer The command StartSample(CommunicationServer.Protocol.Command.CMDStartSample) has been discovered
2020-09-27 19:04:20 commandServer The command StopSample(CommunicationServer.Protocol.Command.CMDStopSample) has been discovered
2020-09-27 19:04:20 commandServer The command TailError(CommunicationServer.Protocol.Command.CMDTailError) has been discovered
2020-09-27 19:04:20 commandServer The command UnKnow(CommunicationServer.Protocol.Command.CMDUnknow) has been discovered
2020-09-27 19:04:20 commandServer The command SetCVParam(CommunicationServer.Protocol.Command.CMDSetCVParam) has been discovered
2020-09-27 19:04:20 commandServer Listener (192.168.14.18:8765) failed to start
2020-09-27 19:04:44 ECH192.MainForm 18 IT法电沉积
2020-09-27 19:04:44 ECH192.MainForm 18 通纯水
2020-09-27 19:04:44 ECH192.MainForm 18 针板下压
2020-09-27 19:04:44 ECH192.MainForm 18 通空气
2020-09-27 19:04:44 ECH192.MainForm 18 针板下压
2020-09-27 19:04:44 ECH192.MainForm 18 针板下压
2020-09-27 19:04:44 ECH192.MainForm 18 针板下压
2020-09-27 19:04:44 ECH192.MainForm 18 针板下压
2020-09-27 19:04:44 ECH192.MainForm 18 针板下压
2020-09-27 19:04:44 ECH192.MainForm 18 针板下压
2020-09-27 19:04:44 ECH192.MainForm 18 针板下压
2020-09-27 19:04:44 ECH192.MainForm 18 针板下压
2020-09-27 19:04:44 ECH192.MainForm 18 针板下压
2020-09-27 19:04:44 ECH192.MainForm 18 针板下压
2020-09-27 19:04:44 ECH192.MainForm 18 针板下压
2020-09-27 19:04:44 ECH192.MainForm 18 针板下压
2020-09-27 19:04:44 ECH192.MainForm 18 针板下压
2020-09-27 19:04:44 ECH192.MainForm 18 针板下压
2020-09-27 19:04:45 ECH192.MainForm 18 IT法电沉积
2020-09-27 19:04:45 ECH192.MainForm 18 通纯水
2020-09-27 19:04:45 ECH192.MainForm 18 针板下压
2020-09-27 19:04:45 ECH192.MainForm 18 通空气
2020-09-27 19:04:45 ECH192.MainForm 18 针板下压
2020-09-27 19:04:45 ECH192.MainForm 18 针板下压
2020-09-27 19:04:45 ECH192.MainForm 18 针板下压
2020-09-27 19:04:45 ECH192.MainForm 18 针板下压
2020-09-27 19:04:45 ECH192.MainForm 18 针板下压
2020-09-27 19:04:45 ECH192.MainForm 18 针板下压
2020-09-27 19:04:45 ECH192.MainForm 18 针板下压
2020-09-27 19:04:45 ECH192.MainForm 18 针板下压
2020-09-27 19:04:45 ECH192.MainForm 18 针板下压
2020-09-27 19:04:45 ECH192.MainForm 18 针板下压
2020-09-27 19:04:45 ECH192.MainForm 18 针板下压
2020-09-27 19:04:45 ECH192.MainForm 18 针板下压
2020-09-27 19:04:45 ECH192.MainForm 18 针板下压
2020-09-27 19:04:45 ECH192.MainForm 18 针板下压
2020-09-27 19:04:45 ECH192.MainForm 18 IT法电沉积
2020-09-27 19:04:45 ECH192.MainForm 18 通纯水
2020-09-27 19:04:45 ECH192.MainForm 18 针板下压
2020-09-27 19:04:45 ECH192.MainForm 18 通空气
2020-09-27 19:04:45 ECH192.MainForm 18 针板下压
2020-09-27 19:04:45 ECH192.MainForm 18 针板下压
2020-09-27 19:04:45 ECH192.MainForm 18 针板下压
2020-09-27 19:04:45 ECH192.MainForm 18 针板下压
2020-09-27 19:04:45 ECH192.MainForm 18 针板下压
2020-09-27 19:04:45 ECH192.MainForm 18 针板下压
2020-09-27 19:04:45 ECH192.MainForm 18 针板下压
2020-09-27 19:04:45 ECH192.MainForm 18 针板下压
2020-09-27 19:04:45 ECH192.MainForm 18 针板下压
2020-09-27 19:04:45 ECH192.MainForm 18 针板下压
2020-09-27 19:04:45 ECH192.MainForm 18 针板下压
2020-09-27 19:04:45 ECH192.MainForm 18 针板下压
2020-09-27 19:04:45 ECH192.MainForm 18 针板下压
2020-09-27 19:04:45 ECH192.MainForm 18 针板下压
2020-09-27 19:04:46 ECH192.MainForm 18 IT法电沉积
2020-09-27 19:04:46 ECH192.MainForm 18 通纯水
2020-09-27 19:04:46 ECH192.MainForm 18 针板下压
2020-09-27 19:04:46 ECH192.MainForm 18 通空气
2020-09-27 19:04:46 ECH192.MainForm 18 针板下压
2020-09-27 19:04:46 ECH192.MainForm 18 针板下压
2020-09-27 19:04:46 ECH192.MainForm 18 针板下压
2020-09-27 19:04:46 ECH192.MainForm 18 针板下压
2020-09-27 19:04:46 ECH192.MainForm 18 针板下压
2020-09-27 19:04:46 ECH192.MainForm 18 针板下压
2020-09-27 19:04:46 ECH192.MainForm 18 针板下压
2020-09-27 19:04:46 ECH192.MainForm 18 针板下压
2020-09-27 19:04:46 ECH192.MainForm 18 针板下压
2020-09-27 19:04:46 ECH192.MainForm 18 针板下压
2020-09-27 19:04:46 ECH192.MainForm 18 针板下压
2020-09-27 19:04:46 ECH192.MainForm 18 针板下压
2020-09-27 19:04:46 ECH192.MainForm 18 针板下压
2020-09-27 19:04:46 ECH192.MainForm 18 针板下压
2020-09-27 19:04:46 ECH192.MainForm 18 IT法电沉积
2020-09-27 19:04:46 ECH192.MainForm 18 通纯水
2020-09-27 19:04:46 ECH192.MainForm 18 针板下压
2020-09-27 19:04:46 ECH192.MainForm 18 通空气
2020-09-27 19:04:46 ECH192.MainForm 18 针板下压
2020-09-27 19:04:46 ECH192.MainForm 18 针板下压
2020-09-27 19:04:46 ECH192.MainForm 18 针板下压
2020-09-27 19:04:46 ECH192.MainForm 18 针板下压
2020-09-27 19:04:46 ECH192.MainForm 18 针板下压
2020-09-27 19:04:46 ECH192.MainForm 18 针板下压
2020-09-27 19:04:46 ECH192.MainForm 18 针板下压
2020-09-27 19:04:46 ECH192.MainForm 18 针板下压
2020-09-27 19:04:46 ECH192.MainForm 18 针板下压
2020-09-27 19:04:46 ECH192.MainForm 18 针板下压
2020-09-27 19:04:46 ECH192.MainForm 18 针板下压
2020-09-27 19:04:46 ECH192.MainForm 18 针板下压
2020-09-27 19:04:46 ECH192.MainForm 18 针板下压
2020-09-27 19:04:46 ECH192.MainForm 18 针板下压
2020-09-27 19:04:47 ECH192.MainForm 18 IT法电沉积
2020-09-27 19:04:47 ECH192.MainForm 18 通纯水
2020-09-27 19:04:47 ECH192.MainForm 18 针板下压
2020-09-27 19:04:47 ECH192.MainForm 18 通空气
2020-09-27 19:04:47 ECH192.MainForm 18 针板下压
2020-09-27 19:04:47 ECH192.MainForm 18 针板下压
2020-09-27 19:04:47 ECH192.MainForm 18 针板下压
2020-09-27 19:04:47 ECH192.MainForm 18 针板下压
2020-09-27 19:04:47 ECH192.MainForm 18 针板下压
2020-09-27 19:04:47 ECH192.MainForm 18 针板下压
2020-09-27 19:04:47 ECH192.MainForm 18 针板下压
2020-09-27 19:04:47 ECH192.MainForm 18 针板下压
2020-09-27 19:04:47 ECH192.MainForm 18 针板下压
2020-09-27 19:04:47 ECH192.MainForm 18 针板下压
2020-09-27 19:04:47 ECH192.MainForm 18 针板下压
2020-09-27 19:04:47 ECH192.MainForm 18 针板下压
2020-09-27 19:04:47 ECH192.MainForm 18 针板下压
2020-09-27 19:04:47 ECH192.MainForm 18 针板下压
2020-09-27 19:04:47 ECH192.MainForm 18 IT法电沉积
2020-09-27 19:04:47 ECH192.MainForm 18 通纯水
2020-09-27 19:04:47 ECH192.MainForm 18 针板下压
2020-09-27 19:04:47 ECH192.MainForm 18 通空气
2020-09-27 19:04:47 ECH192.MainForm 18 针板下压
2020-09-27 19:04:47 ECH192.MainForm 18 针板下压
2020-09-27 19:04:47 ECH192.MainForm 18 针板下压
2020-09-27 19:04:47 ECH192.MainForm 18 针板下压
2020-09-27 19:04:47 ECH192.MainForm 18 针板下压
2020-09-27 19:04:47 ECH192.MainForm 18 针板下压
2020-09-27 19:04:47 ECH192.MainForm 18 针板下压
2020-09-27 19:04:47 ECH192.MainForm 18 针板下压
2020-09-27 19:04:47 ECH192.MainForm 18 针板下压
2020-09-27 19:04:47 ECH192.MainForm 18 针板下压
2020-09-27 19:04:47 ECH192.MainForm 18 针板下压
2020-09-27 19:04:47 ECH192.MainForm 18 针板下压
2020-09-27 19:04:47 ECH192.MainForm 18 针板下压
2020-09-27 19:04:47 ECH192.MainForm 18 针板下压
2020-09-27 19:04:48 ECH192.MainForm 18 IT法电沉积
2020-09-27 19:04:48 ECH192.MainForm 18 通纯水
2020-09-27 19:04:48 ECH192.MainForm 18 针板下压
2020-09-27 19:04:48 ECH192.MainForm 18 通空气
2020-09-27 19:04:48 ECH192.MainForm 18 针板下压
2020-09-27 19:04:48 ECH192.MainForm 18 针板下压
2020-09-27 19:04:48 ECH192.MainForm 18 针板下压
2020-09-27 19:04:48 ECH192.MainForm 18 针板下压
2020-09-27 19:04:48 ECH192.MainForm 18 针板下压
2020-09-27 19:04:48 ECH192.MainForm 18 针板下压
2020-09-27 19:04:48 ECH192.MainForm 18 针板下压
2020-09-27 19:04:48 ECH192.MainForm 18 针板下压
2020-09-27 19:04:48 ECH192.MainForm 18 针板下压
2020-09-27 19:04:48 ECH192.MainForm 18 针板下压
2020-09-27 19:04:48 ECH192.MainForm 18 针板下压
2020-09-27 19:04:48 ECH192.MainForm 18 针板下压
2020-09-27 19:04:48 ECH192.MainForm 18 针板下压
2020-09-27 19:04:48 ECH192.MainForm 18 针板下压
2020-09-27 19:04:48 ECH192.MainForm 18 IT法电沉积
2020-09-27 19:04:48 ECH192.MainForm 18 通纯水
2020-09-27 19:04:48 ECH192.MainForm 18 针板下压
2020-09-27 19:04:48 ECH192.MainForm 18 通空气
2020-09-27 19:04:48 ECH192.MainForm 18 针板下压
2020-09-27 19:04:48 ECH192.MainForm 18 针板下压
2020-09-27 19:04:48 ECH192.MainForm 18 针板下压
2020-09-27 19:04:48 ECH192.MainForm 18 针板下压
2020-09-27 19:04:48 ECH192.MainForm 18 针板下压
2020-09-27 19:04:48 ECH192.MainForm 18 针板下压
2020-09-27 19:04:48 ECH192.MainForm 18 针板下压
2020-09-27 19:04:48 ECH192.MainForm 18 针板下压
2020-09-27 19:04:48 ECH192.MainForm 18 针板下压
2020-09-27 19:04:48 ECH192.MainForm 18 针板下压
2020-09-27 19:04:48 ECH192.MainForm 18 针板下压
2020-09-27 19:04:48 ECH192.MainForm 18 针板下压
2020-09-27 19:04:48 ECH192.MainForm 18 针板下压
2020-09-27 19:04:48 ECH192.MainForm 18 针板下压
2020-09-27 19:04:49 ECH192.MainForm 18 IT法电沉积
2020-09-27 19:04:49 ECH192.MainForm 18 通纯水
2020-09-27 19:04:49 ECH192.MainForm 18 针板下压
2020-09-27 19:04:49 ECH192.MainForm 18 通空气
2020-09-27 19:04:49 ECH192.MainForm 18 针板下压
2020-09-27 19:04:49 ECH192.MainForm 18 针板下压
2020-09-27 19:04:49 ECH192.MainForm 18 针板下压
2020-09-27 19:04:49 ECH192.MainForm 18 针板下压
2020-09-27 19:04:49 ECH192.MainForm 18 针板下压
2020-09-27 19:04:49 ECH192.MainForm 18 针板下压
2020-09-27 19:04:49 ECH192.MainForm 18 针板下压
2020-09-27 19:04:49 ECH192.MainForm 18 针板下压
2020-09-27 19:04:49 ECH192.MainForm 18 针板下压
2020-09-27 19:04:49 ECH192.MainForm 18 针板下压
2020-09-27 19:04:49 ECH192.MainForm 18 针板下压
2020-09-27 19:04:49 ECH192.MainForm 18 针板下压
2020-09-27 19:04:49 ECH192.MainForm 18 针板下压
2020-09-27 19:04:49 ECH192.MainForm 18 针板下压
2020-09-27 19:04:49 ECH192.MainForm 18 IT法电沉积
2020-09-27 19:04:49 ECH192.MainForm 18 通纯水
2020-09-27 19:04:49 ECH192.MainForm 18 针板下压
2020-09-27 19:04:49 ECH192.MainForm 18 通空气
2020-09-27 19:04:49 ECH192.MainForm 18 针板下压
2020-09-27 19:04:49 ECH192.MainForm 18 针板下压
2020-09-27 19:04:49 ECH192.MainForm 18 针板下压
2020-09-27 19:04:49 ECH192.MainForm 18 针板下压
2020-09-27 19:04:49 ECH192.MainForm 18 针板下压
2020-09-27 19:04:49 ECH192.MainForm 18 针板下压
2020-09-27 19:04:49 ECH192.MainForm 18 针板下压
2020-09-27 19:04:49 ECH192.MainForm 18 针板下压
2020-09-27 19:04:49 ECH192.MainForm 18 针板下压
2020-09-27 19:04:49 ECH192.MainForm 18 针板下压
2020-09-27 19:04:49 ECH192.MainForm 18 针板下压
2020-09-27 19:04:49 ECH192.MainForm 18 针板下压
2020-09-27 19:04:49 ECH192.MainForm 18 针板下压
2020-09-27 19:04:49 ECH192.MainForm 18 针板下压
2020-09-27 19:04:50 ECH192.MainForm 18 IT法电沉积
2020-09-27 19:04:50 ECH192.MainForm 18 通纯水
2020-09-27 19:04:50 ECH192.MainForm 18 针板下压
2020-09-27 19:04:50 ECH192.MainForm 18 通空气
2020-09-27 19:04:50 ECH192.MainForm 18 针板下压
2020-09-27 19:04:50 ECH192.MainForm 18 针板下压
2020-09-27 19:04:50 ECH192.MainForm 18 针板下压
2020-09-27 19:04:50 ECH192.MainForm 18 针板下压
2020-09-27 19:04:50 ECH192.MainForm 18 针板下压
2020-09-27 19:04:50 ECH192.MainForm 18 针板下压
2020-09-27 19:04:50 ECH192.MainForm 18 针板下压
2020-09-27 19:04:50 ECH192.MainForm 18 针板下压
2020-09-27 19:04:50 ECH192.MainForm 18 针板下压
2020-09-27 19:04:50 ECH192.MainForm 18 针板下压
2020-09-27 19:04:50 ECH192.MainForm 18 针板下压
2020-09-27 19:04:50 ECH192.MainForm 18 针板下压
2020-09-27 19:04:50 ECH192.MainForm 18 针板下压
2020-09-27 19:04:50 ECH192.MainForm 18 针板下压
2020-09-27 19:04:50 ECH192.MainForm 18 IT法电沉积
2020-09-27 19:04:50 ECH192.MainForm 18 通纯水
2020-09-27 19:04:50 ECH192.MainForm 18 针板下压
2020-09-27 19:04:50 ECH192.MainForm 18 通空气
2020-09-27 19:04:50 ECH192.MainForm 18 针板下压
2020-09-27 19:04:50 ECH192.MainForm 18 针板下压
2020-09-27 19:04:50 ECH192.MainForm 18 针板下压
2020-09-27 19:04:50 ECH192.MainForm 18 针板下压
2020-09-27 19:04:50 ECH192.MainForm 18 针板下压
2020-09-27 19:04:50 ECH192.MainForm 18 针板下压
2020-09-27 19:04:50 ECH192.MainForm 18 针板下压
2020-09-27 19:04:50 ECH192.MainForm 18 针板下压
2020-09-27 19:04:50 ECH192.MainForm 18 针板下压
2020-09-27 19:04:50 ECH192.MainForm 18 针板下压
2020-09-27 19:04:50 ECH192.MainForm 18 针板下压
2020-09-27 19:04:50 ECH192.MainForm 18 针板下压
2020-09-27 19:04:50 ECH192.MainForm 18 针板下压
2020-09-27 19:04:50 ECH192.MainForm 18 针板下压
2020-09-27 19:04:51 ECH192.MainForm 18 IT法电沉积
2020-09-27 19:04:51 ECH192.MainForm 18 通纯水
2020-09-27 19:04:51 ECH192.MainForm 18 针板下压
2020-09-27 19:04:51 ECH192.MainForm 18 通空气
2020-09-27 19:04:51 ECH192.MainForm 18 针板下压
2020-09-27 19:04:51 ECH192.MainForm 18 针板下压
2020-09-27 19:04:51 ECH192.MainForm 18 针板下压
2020-09-27 19:04:51 ECH192.MainForm 18 针板下压
2020-09-27 19:04:51 ECH192.MainForm 18 针板下压
2020-09-27 19:04:51 ECH192.MainForm 18 针板下压
2020-09-27 19:04:51 ECH192.MainForm 18 针板下压
2020-09-27 19:04:51 ECH192.MainForm 18 针板下压
2020-09-27 19:04:51 ECH192.MainForm 18 针板下压
2020-09-27 19:04:51 ECH192.MainForm 18 针板下压
2020-09-27 19:04:51 ECH192.MainForm 18 针板下压
2020-09-27 19:04:51 ECH192.MainForm 18 针板下压
2020-09-27 19:04:51 ECH192.MainForm 18 针板下压
2020-09-27 19:04:51 ECH192.MainForm 18 针板下压
2020-09-27 19:04:51 ECH192.MainForm 18 IT法电沉积
2020-09-27 19:04:51 ECH192.MainForm 18 通纯水
2020-09-27 19:04:51 ECH192.MainForm 18 针板下压
2020-09-27 19:04:51 ECH192.MainForm 18 通空气
2020-09-27 19:04:51 ECH192.MainForm 18 针板下压
2020-09-27 19:04:51 ECH192.MainForm 18 针板下压
2020-09-27 19:04:51 ECH192.MainForm 18 针板下压
2020-09-27 19:04:51 ECH192.MainForm 18 针板下压
2020-09-27 19:04:51 ECH192.MainForm 18 针板下压
2020-09-27 19:04:51 ECH192.MainForm 18 针板下压
2020-09-27 19:04:51 ECH192.MainForm 18 针板下压
2020-09-27 19:04:51 ECH192.MainForm 18 针板下压
2020-09-27 19:04:51 ECH192.MainForm 18 针板下压
2020-09-27 19:04:51 ECH192.MainForm 18 针板下压
2020-09-27 19:04:51 ECH192.MainForm 18 针板下压
2020-09-27 19:04:51 ECH192.MainForm 18 针板下压
2020-09-27 19:04:51 ECH192.MainForm 18 针板下压
2020-09-27 19:04:51 ECH192.MainForm 18 针板下压
2020-09-27 19:04:51 ECH192.MainForm 18 IT法电沉积
2020-09-27 19:04:51 ECH192.MainForm 18 通纯水
2020-09-27 19:04:51 ECH192.MainForm 18 针板下压
2020-09-27 19:04:51 ECH192.MainForm 18 通空气
2020-09-27 19:04:51 ECH192.MainForm 18 针板下压
2020-09-27 19:04:51 ECH192.MainForm 18 针板下压
2020-09-27 19:04:51 ECH192.MainForm 18 针板下压
2020-09-27 19:04:51 ECH192.MainForm 18 针板下压
2020-09-27 19:04:51 ECH192.MainForm 18 针板下压
2020-09-27 19:04:51 ECH192.MainForm 18 针板下压
2020-09-27 19:04:51 ECH192.MainForm 18 针板下压
2020-09-27 19:04:51 ECH192.MainForm 18 针板下压
2020-09-27 19:04:51 ECH192.MainForm 18 针板下压
2020-09-27 19:04:51 ECH192.MainForm 18 针板下压
2020-09-27 19:04:51 ECH192.MainForm 18 针板下压
2020-09-27 19:04:51 ECH192.MainForm 18 针板下压
2020-09-27 19:04:51 ECH192.MainForm 18 针板下压
2020-09-27 19:04:51 ECH192.MainForm 18 针板下压
2020-09-27 19:04:52 ECH192.MainForm 18 IT法电沉积
2020-09-27 19:04:52 ECH192.MainForm 18 通纯水
2020-09-27 19:04:52 ECH192.MainForm 18 针板下压
2020-09-27 19:04:52 ECH192.MainForm 18 通空气
2020-09-27 19:04:52 ECH192.MainForm 18 针板下压
2020-09-27 19:04:52 ECH192.MainForm 18 针板下压
2020-09-27 19:04:52 ECH192.MainForm 18 针板下压
2020-09-27 19:04:52 ECH192.MainForm 18 针板下压
2020-09-27 19:04:52 ECH192.MainForm 18 针板下压
2020-09-27 19:04:52 ECH192.MainForm 18 针板下压
2020-09-27 19:04:52 ECH192.MainForm 18 针板下压
2020-09-27 19:04:52 ECH192.MainForm 18 针板下压
2020-09-27 19:04:52 ECH192.MainForm 18 针板下压
2020-09-27 19:04:52 ECH192.MainForm 18 针板下压
2020-09-27 19:04:52 ECH192.MainForm 18 针板下压
2020-09-27 19:04:52 ECH192.MainForm 18 针板下压
2020-09-27 19:04:52 ECH192.MainForm 18 针板下压
2020-09-27 19:04:52 ECH192.MainForm 18 针板下压
2020-09-27 19:04:52 ECH192.MainForm 18 IT法电沉积
2020-09-27 19:04:52 ECH192.MainForm 18 通纯水
2020-09-27 19:04:52 ECH192.MainForm 18 针板下压
2020-09-27 19:04:52 ECH192.MainForm 18 通空气
2020-09-27 19:04:52 ECH192.MainForm 18 针板下压
2020-09-27 19:04:52 ECH192.MainForm 18 针板下压
2020-09-27 19:04:52 ECH192.MainForm 18 针板下压
2020-09-27 19:04:52 ECH192.MainForm 18 针板下压
2020-09-27 19:04:52 ECH192.MainForm 18 针板下压
2020-09-27 19:04:52 ECH192.MainForm 18 针板下压
2020-09-27 19:04:52 ECH192.MainForm 18 针板下压
2020-09-27 19:04:52 ECH192.MainForm 18 针板下压
2020-09-27 19:04:52 ECH192.MainForm 18 针板下压
2020-09-27 19:04:52 ECH192.MainForm 18 针板下压
2020-09-27 19:04:52 ECH192.MainForm 18 针板下压
2020-09-27 19:04:52 ECH192.MainForm 18 针板下压
2020-09-27 19:04:52 ECH192.MainForm 18 针板下压
2020-09-27 19:04:52 ECH192.MainForm 18 针板下压
2020-09-27 19:20:38 commandServer The command CRCError(CommunicationServer.Protocol.Command.CMDCRCError) has been discovered
2020-09-27 19:20:38 commandServer The command EnableChannels(CommunicationServer.Protocol.Command.CMDEnableChannels) has been discovered
2020-09-27 19:20:38 commandServer The command GetIPMessage(CommunicationServer.Protocol.Command.CMDGetIPMessage) has been discovered
2020-09-27 19:20:38 commandServer The command GetSampleData(CommunicationServer.Protocol.Command.CMDGetSampleData) has been discovered
2020-09-27 19:20:38 commandServer The command SetITParam(CommunicationServer.Protocol.Command.CMDSetITParam) has been discovered
2020-09-27 19:20:38 commandServer The command GetVersion(CommunicationServer.Protocol.Command.CMDGetVersion) has been discovered
2020-09-27 19:20:38 commandServer The command HeadError(CommunicationServer.Protocol.Command.CMDHeadError) has been discovered
2020-09-27 19:20:38 commandServer The command HeartBeat(CommunicationServer.Protocol.Command.CMDHeartBeat) has been discovered
2020-09-27 19:20:38 commandServer The command RestartSystem(CommunicationServer.Protocol.Command.CMDRestartSystem) has been discovered
2020-09-27 19:20:38 commandServer The command SetSensitivitys(CommunicationServer.Protocol.Command.CMDSetSensitivitys) has been discovered
2020-09-27 19:20:38 commandServer The command StartSample(CommunicationServer.Protocol.Command.CMDStartSample) has been discovered
2020-09-27 19:20:38 commandServer The command StopSample(CommunicationServer.Protocol.Command.CMDStopSample) has been discovered
2020-09-27 19:20:38 commandServer The command TailError(CommunicationServer.Protocol.Command.CMDTailError) has been discovered
2020-09-27 19:20:38 commandServer The command UnKnow(CommunicationServer.Protocol.Command.CMDUnknow) has been discovered
2020-09-27 19:20:38 commandServer The command SetCVParam(CommunicationServer.Protocol.Command.CMDSetCVParam) has been discovered
2020-09-27 19:20:38 commandServer Listener (192.168.14.18:8765) failed to start
2020-09-27 19:21:48 commandServer The command CRCError(CommunicationServer.Protocol.Command.CMDCRCError) has been discovered
2020-09-27 19:21:48 commandServer The command EnableChannels(CommunicationServer.Protocol.Command.CMDEnableChannels) has been discovered
2020-09-27 19:21:48 commandServer The command GetIPMessage(CommunicationServer.Protocol.Command.CMDGetIPMessage) has been discovered
2020-09-27 19:21:48 commandServer The command GetSampleData(CommunicationServer.Protocol.Command.CMDGetSampleData) has been discovered
2020-09-27 19:21:48 commandServer The command SetITParam(CommunicationServer.Protocol.Command.CMDSetITParam) has been discovered
2020-09-27 19:21:48 commandServer The command GetVersion(CommunicationServer.Protocol.Command.CMDGetVersion) has been discovered
2020-09-27 19:21:48 commandServer The command HeadError(CommunicationServer.Protocol.Command.CMDHeadError) has been discovered
2020-09-27 19:21:48 commandServer The command HeartBeat(CommunicationServer.Protocol.Command.CMDHeartBeat) has been discovered
2020-09-27 19:21:48 commandServer The command RestartSystem(CommunicationServer.Protocol.Command.CMDRestartSystem) has been discovered
2020-09-27 19:21:48 commandServer The command SetSensitivitys(CommunicationServer.Protocol.Command.CMDSetSensitivitys) has been discovered
2020-09-27 19:21:48 commandServer The command StartSample(CommunicationServer.Protocol.Command.CMDStartSample) has been discovered
2020-09-27 19:21:48 commandServer The command StopSample(CommunicationServer.Protocol.Command.CMDStopSample) has been discovered
2020-09-27 19:21:48 commandServer The command TailError(CommunicationServer.Protocol.Command.CMDTailError) has been discovered
2020-09-27 19:21:48 commandServer The command UnKnow(CommunicationServer.Protocol.Command.CMDUnknow) has been discovered
2020-09-27 19:21:48 commandServer The command SetCVParam(CommunicationServer.Protocol.Command.CMDSetCVParam) has been discovered
2020-09-27 19:21:48 commandServer Listener (192.168.14.18:8765) failed to start
2020-09-27 19:21:53 ECH192.MainForm 18 IT法电沉积
2020-09-27 19:21:53 ECH192.MainForm 18 通纯水
2020-09-27 19:21:53 ECH192.MainForm 18 针板下压
2020-09-27 19:21:53 ECH192.MainForm 18 通空气
2020-09-27 19:21:53 ECH192.MainForm 18 针板下压
2020-09-27 19:21:53 ECH192.MainForm 18 针板下压
2020-09-27 19:21:53 ECH192.MainForm 18 针板下压
2020-09-27 19:21:53 ECH192.MainForm 18 针板下压
2020-09-27 19:21:53 ECH192.MainForm 18 针板下压
2020-09-27 19:21:53 ECH192.MainForm 18 针板下压
2020-09-27 19:21:53 ECH192.MainForm 18 针板下压
2020-09-27 19:21:53 ECH192.MainForm 18 针板下压
2020-09-27 19:21:53 ECH192.MainForm 18 针板下压
2020-09-27 19:21:53 ECH192.MainForm 18 针板下压
2020-09-27 19:21:53 ECH192.MainForm 18 针板下压
2020-09-27 19:21:53 ECH192.MainForm 18 针板下压
2020-09-27 19:21:53 ECH192.MainForm 18 针板下压
2020-09-27 19:21:53 ECH192.MainForm 18 针板下压
2020-09-27 19:21:55 ECH192.MainForm 18 IT法电沉积
2020-09-27 19:21:55 ECH192.MainForm 18 通纯水
2020-09-27 19:21:55 ECH192.MainForm 18 针板下压
2020-09-27 19:21:55 ECH192.MainForm 18 通空气
2020-09-27 19:21:55 ECH192.MainForm 18 针板下压
2020-09-27 19:21:55 ECH192.MainForm 18 针板下压
2020-09-27 19:21:55 ECH192.MainForm 18 针板下压
2020-09-27 19:21:55 ECH192.MainForm 18 针板下压
2020-09-27 19:21:55 ECH192.MainForm 18 针板下压
2020-09-27 19:21:55 ECH192.MainForm 18 针板下压
2020-09-27 19:21:55 ECH192.MainForm 18 针板下压
2020-09-27 19:21:55 ECH192.MainForm 18 针板下压
2020-09-27 19:21:55 ECH192.MainForm 18 针板下压
2020-09-27 19:21:55 ECH192.MainForm 18 针板下压
2020-09-27 19:21:55 ECH192.MainForm 18 针板下压
2020-09-27 19:21:55 ECH192.MainForm 18 针板下压
2020-09-27 19:21:55 ECH192.MainForm 18 针板下压
2020-09-27 19:21:55 ECH192.MainForm 18 针板下压
2020-09-27 19:21:56 ECH192.MainForm 18 IT法电沉积
2020-09-27 19:21:56 ECH192.MainForm 18 通纯水
2020-09-27 19:21:56 ECH192.MainForm 18 针板下压
2020-09-27 19:21:56 ECH192.MainForm 18 通空气
2020-09-27 19:21:56 ECH192.MainForm 18 针板下压
2020-09-27 19:21:56 ECH192.MainForm 18 针板下压
2020-09-27 19:21:56 ECH192.MainForm 18 针板下压
2020-09-27 19:21:56 ECH192.MainForm 18 针板下压
2020-09-27 19:21:56 ECH192.MainForm 18 针板下压
2020-09-27 19:21:56 ECH192.MainForm 18 针板下压
2020-09-27 19:21:56 ECH192.MainForm 18 针板下压
2020-09-27 19:21:56 ECH192.MainForm 18 针板下压
2020-09-27 19:21:56 ECH192.MainForm 18 针板下压
2020-09-27 19:21:56 ECH192.MainForm 18 针板下压
2020-09-27 19:21:56 ECH192.MainForm 18 针板下压
2020-09-27 19:21:56 ECH192.MainForm 18 针板下压
2020-09-27 19:21:56 ECH192.MainForm 18 针板下压
2020-09-27 19:21:56 ECH192.MainForm 18 针板下压
2020-09-27 19:21:57 ECH192.MainForm 18 IT法电沉积
2020-09-27 19:21:57 ECH192.MainForm 18 通纯水
2020-09-27 19:21:57 ECH192.MainForm 18 针板下压
2020-09-27 19:21:57 ECH192.MainForm 18 通空气
2020-09-27 19:21:57 ECH192.MainForm 18 针板下压
2020-09-27 19:21:57 ECH192.MainForm 18 针板下压
2020-09-27 19:21:57 ECH192.MainForm 18 针板下压
2020-09-27 19:21:57 ECH192.MainForm 18 针板下压
2020-09-27 19:21:57 ECH192.MainForm 18 针板下压
2020-09-27 19:21:57 ECH192.MainForm 18 针板下压
2020-09-27 19:21:57 ECH192.MainForm 18 针板下压
2020-09-27 19:21:57 ECH192.MainForm 18 针板下压
2020-09-27 19:21:57 ECH192.MainForm 18 针板下压
2020-09-27 19:21:57 ECH192.MainForm 18 针板下压
2020-09-27 19:21:57 ECH192.MainForm 18 针板下压
2020-09-27 19:21:57 ECH192.MainForm 18 针板下压
2020-09-27 19:21:57 ECH192.MainForm 18 针板下压
2020-09-27 19:21:57 ECH192.MainForm 18 针板下压
2020-09-27 19:21:58 ECH192.MainForm 18 IT法电沉积
2020-09-27 19:21:58 ECH192.MainForm 18 通纯水
2020-09-27 19:21:58 ECH192.MainForm 18 针板下压
2020-09-27 19:21:58 ECH192.MainForm 18 通空气
2020-09-27 19:21:58 ECH192.MainForm 18 针板下压
2020-09-27 19:21:58 ECH192.MainForm 18 针板下压
2020-09-27 19:21:58 ECH192.MainForm 18 针板下压
2020-09-27 19:21:58 ECH192.MainForm 18 针板下压
2020-09-27 19:21:58 ECH192.MainForm 18 针板下压
2020-09-27 19:21:58 ECH192.MainForm 18 针板下压
2020-09-27 19:21:58 ECH192.MainForm 18 针板下压
2020-09-27 19:21:58 ECH192.MainForm 18 针板下压
2020-09-27 19:21:58 ECH192.MainForm 18 针板下压
2020-09-27 19:21:58 ECH192.MainForm 18 针板下压
2020-09-27 19:21:58 ECH192.MainForm 18 针板下压
2020-09-27 19:21:58 ECH192.MainForm 18 针板下压
2020-09-27 19:21:58 ECH192.MainForm 18 针板下压
2020-09-27 19:21:58 ECH192.MainForm 18 针板下压
2020-09-27 19:21:59 ECH192.MainForm 18 IT法电沉积
2020-09-27 19:21:59 ECH192.MainForm 18 通纯水
2020-09-27 19:21:59 ECH192.MainForm 18 针板下压
2020-09-27 19:21:59 ECH192.MainForm 18 通空气
2020-09-27 19:21:59 ECH192.MainForm 18 针板下压
2020-09-27 19:21:59 ECH192.MainForm 18 针板下压
2020-09-27 19:21:59 ECH192.MainForm 18 针板下压
2020-09-27 19:21:59 ECH192.MainForm 18 针板下压
2020-09-27 19:21:59 ECH192.MainForm 18 针板下压
2020-09-27 19:21:59 ECH192.MainForm 18 针板下压
2020-09-27 19:21:59 ECH192.MainForm 18 针板下压
2020-09-27 19:21:59 ECH192.MainForm 18 针板下压
2020-09-27 19:21:59 ECH192.MainForm 18 针板下压
2020-09-27 19:21:59 ECH192.MainForm 18 针板下压
2020-09-27 19:21:59 ECH192.MainForm 18 针板下压
2020-09-27 19:21:59 ECH192.MainForm 18 针板下压
2020-09-27 19:21:59 ECH192.MainForm 18 针板下压
2020-09-27 19:21:59 ECH192.MainForm 18 针板下压
2020-09-27 19:22:01 ECH192.MainForm 18 IT法电沉积
2020-09-27 19:22:01 ECH192.MainForm 18 通纯水
2020-09-27 19:22:01 ECH192.MainForm 18 针板下压
2020-09-27 19:22:01 ECH192.MainForm 18 通空气
2020-09-27 19:22:01 ECH192.MainForm 18 针板下压
2020-09-27 19:22:01 ECH192.MainForm 18 针板下压
2020-09-27 19:22:01 ECH192.MainForm 18 针板下压
2020-09-27 19:22:01 ECH192.MainForm 18 针板下压
2020-09-27 19:22:01 ECH192.MainForm 18 针板下压
2020-09-27 19:22:01 ECH192.MainForm 18 针板下压
2020-09-27 19:22:01 ECH192.MainForm 18 针板下压
2020-09-27 19:22:01 ECH192.MainForm 18 针板下压
2020-09-27 19:22:01 ECH192.MainForm 18 针板下压
2020-09-27 19:22:01 ECH192.MainForm 18 针板下压
2020-09-27 19:22:01 ECH192.MainForm 18 针板下压
2020-09-27 19:22:01 ECH192.MainForm 18 针板下压
2020-09-27 19:22:01 ECH192.MainForm 18 针板下压
2020-09-27 19:22:01 ECH192.MainForm 18 针板下压
2020-09-27 19:22:03 ECH192.MainForm 18 IT法电沉积
2020-09-27 19:22:03 ECH192.MainForm 18 通纯水
2020-09-27 19:22:03 ECH192.MainForm 18 针板下压
2020-09-27 19:22:03 ECH192.MainForm 18 通空气
2020-09-27 19:22:03 ECH192.MainForm 18 针板下压
2020-09-27 19:22:03 ECH192.MainForm 18 针板下压
2020-09-27 19:22:03 ECH192.MainForm 18 针板下压
2020-09-27 19:22:03 ECH192.MainForm 18 针板下压
2020-09-27 19:22:03 ECH192.MainForm 18 针板下压
2020-09-27 19:22:03 ECH192.MainForm 18 针板下压
2020-09-27 19:22:03 ECH192.MainForm 18 针板下压
2020-09-27 19:22:03 ECH192.MainForm 18 针板下压
2020-09-27 19:22:03 ECH192.MainForm 18 针板下压
2020-09-27 19:22:03 ECH192.MainForm 18 针板下压
2020-09-27 19:22:03 ECH192.MainForm 18 针板下压
2020-09-27 19:22:03 ECH192.MainForm 18 针板下压
2020-09-27 19:22:03 ECH192.MainForm 18 针板下压
2020-09-27 19:22:03 ECH192.MainForm 18 针板下压
2020-09-27 19:22:04 ECH192.MainForm 18 IT法电沉积
2020-09-27 19:22:04 ECH192.MainForm 18 通纯水
2020-09-27 19:22:04 ECH192.MainForm 18 针板下压
2020-09-27 19:22:04 ECH192.MainForm 18 通空气
2020-09-27 19:22:04 ECH192.MainForm 18 针板下压
2020-09-27 19:22:04 ECH192.MainForm 18 针板下压
2020-09-27 19:22:04 ECH192.MainForm 18 针板下压
2020-09-27 19:22:04 ECH192.MainForm 18 针板下压
2020-09-27 19:22:04 ECH192.MainForm 18 针板下压
2020-09-27 19:22:04 ECH192.MainForm 18 针板下压
2020-09-27 19:22:04 ECH192.MainForm 18 针板下压
2020-09-27 19:22:04 ECH192.MainForm 18 针板下压
2020-09-27 19:22:04 ECH192.MainForm 18 针板下压
2020-09-27 19:22:04 ECH192.MainForm 18 针板下压
2020-09-27 19:22:04 ECH192.MainForm 18 针板下压
2020-09-27 19:22:04 ECH192.MainForm 18 针板下压
2020-09-27 19:22:04 ECH192.MainForm 18 针板下压
2020-09-27 19:22:04 ECH192.MainForm 18 针板下压
2020-09-27 19:22:06 ECH192.MainForm 18 IT法电沉积
2020-09-27 19:22:06 ECH192.MainForm 18 通纯水
2020-09-27 19:22:06 ECH192.MainForm 18 针板下压
2020-09-27 19:22:06 ECH192.MainForm 18 通空气
2020-09-27 19:22:06 ECH192.MainForm 18 针板下压
2020-09-27 19:22:06 ECH192.MainForm 18 针板下压
2020-09-27 19:22:06 ECH192.MainForm 18 针板下压
2020-09-27 19:22:06 ECH192.MainForm 18 针板下压
2020-09-27 19:22:06 ECH192.MainForm 18 针板下压
2020-09-27 19:22:06 ECH192.MainForm 18 针板下压
2020-09-27 19:22:06 ECH192.MainForm 18 针板下压
2020-09-27 19:22:06 ECH192.MainForm 18 针板下压
2020-09-27 19:22:06 ECH192.MainForm 18 针板下压
2020-09-27 19:22:06 ECH192.MainForm 18 针板下压
2020-09-27 19:22:06 ECH192.MainForm 18 针板下压
2020-09-27 19:22:06 ECH192.MainForm 18 针板下压
2020-09-27 19:22:06 ECH192.MainForm 18 针板下压
2020-09-27 19:22:06 ECH192.MainForm 18 针板下压
2020-09-27 19:22:07 ECH192.MainForm 18 IT法电沉积
2020-09-27 19:22:07 ECH192.MainForm 18 通纯水
2020-09-27 19:22:07 ECH192.MainForm 18 针板下压
2020-09-27 19:22:07 ECH192.MainForm 18 通空气
2020-09-27 19:22:07 ECH192.MainForm 18 针板下压
2020-09-27 19:22:07 ECH192.MainForm 18 针板下压
2020-09-27 19:22:07 ECH192.MainForm 18 针板下压
2020-09-27 19:22:07 ECH192.MainForm 18 针板下压
2020-09-27 19:22:07 ECH192.MainForm 18 针板下压
2020-09-27 19:22:07 ECH192.MainForm 18 针板下压
2020-09-27 19:22:07 ECH192.MainForm 18 针板下压
2020-09-27 19:22:07 ECH192.MainForm 18 针板下压
2020-09-27 19:22:07 ECH192.MainForm 18 针板下压
2020-09-27 19:22:07 ECH192.MainForm 18 针板下压
2020-09-27 19:22:07 ECH192.MainForm 18 针板下压
2020-09-27 19:22:07 ECH192.MainForm 18 针板下压
2020-09-27 19:22:07 ECH192.MainForm 18 针板下压
2020-09-27 19:22:07 ECH192.MainForm 18 针板下压
2020-09-27 19:22:08 ECH192.MainForm 18 IT法电沉积
2020-09-27 19:22:08 ECH192.MainForm 18 通纯水
2020-09-27 19:22:08 ECH192.MainForm 18 针板下压
2020-09-27 19:22:08 ECH192.MainForm 18 通空气
2020-09-27 19:22:08 ECH192.MainForm 18 针板下压
2020-09-27 19:22:08 ECH192.MainForm 18 针板下压
2020-09-27 19:22:08 ECH192.MainForm 18 针板下压
2020-09-27 19:22:08 ECH192.MainForm 18 针板下压
2020-09-27 19:22:08 ECH192.MainForm 18 针板下压
2020-09-27 19:22:08 ECH192.MainForm 18 针板下压
2020-09-27 19:22:08 ECH192.MainForm 18 针板下压
2020-09-27 19:22:08 ECH192.MainForm 18 针板下压
2020-09-27 19:22:08 ECH192.MainForm 18 针板下压
2020-09-27 19:22:08 ECH192.MainForm 18 针板下压
2020-09-27 19:22:08 ECH192.MainForm 18 针板下压
2020-09-27 19:22:08 ECH192.MainForm 18 针板下压
2020-09-27 19:22:08 ECH192.MainForm 18 针板下压
2020-09-27 19:22:08 ECH192.MainForm 18 针板下压
2020-09-27 19:22:10 ECH192.MainForm 18 IT法电沉积
2020-09-27 19:22:10 ECH192.MainForm 18 通纯水
2020-09-27 19:22:10 ECH192.MainForm 18 针板下压
2020-09-27 19:22:10 ECH192.MainForm 18 通空气
2020-09-27 19:22:10 ECH192.MainForm 18 针板下压
2020-09-27 19:22:10 ECH192.MainForm 18 针板下压
2020-09-27 19:22:10 ECH192.MainForm 18 针板下压
2020-09-27 19:22:10 ECH192.MainForm 18 针板下压
2020-09-27 19:22:10 ECH192.MainForm 18 针板下压
2020-09-27 19:22:10 ECH192.MainForm 18 针板下压
2020-09-27 19:22:10 ECH192.MainForm 18 针板下压
2020-09-27 19:22:10 ECH192.MainForm 18 针板下压
2020-09-27 19:22:10 ECH192.MainForm 18 针板下压
2020-09-27 19:22:10 ECH192.MainForm 18 针板下压
2020-09-27 19:22:10 ECH192.MainForm 18 针板下压
2020-09-27 19:22:10 ECH192.MainForm 18 针板下压
2020-09-27 19:22:10 ECH192.MainForm 18 针板下压
2020-09-27 19:22:10 ECH192.MainForm 18 针板下压
2020-09-27 19:22:11 ECH192.MainForm 18 IT法电沉积
2020-09-27 19:22:11 ECH192.MainForm 18 通纯水
2020-09-27 19:22:11 ECH192.MainForm 18 针板下压
2020-09-27 19:22:11 ECH192.MainForm 18 通空气
2020-09-27 19:22:11 ECH192.MainForm 18 针板下压
2020-09-27 19:22:11 ECH192.MainForm 18 针板下压
2020-09-27 19:22:11 ECH192.MainForm 18 针板下压
2020-09-27 19:22:11 ECH192.MainForm 18 针板下压
2020-09-27 19:22:11 ECH192.MainForm 18 针板下压
2020-09-27 19:22:11 ECH192.MainForm 18 针板下压
2020-09-27 19:22:11 ECH192.MainForm 18 针板下压
2020-09-27 19:22:11 ECH192.MainForm 18 针板下压
2020-09-27 19:22:11 ECH192.MainForm 18 针板下压
2020-09-27 19:22:11 ECH192.MainForm 18 针板下压
2020-09-27 19:22:11 ECH192.MainForm 18 针板下压
2020-09-27 19:22:11 ECH192.MainForm 18 针板下压
2020-09-27 19:22:11 ECH192.MainForm 18 针板下压
2020-09-27 19:22:11 ECH192.MainForm 18 针板下压
2020-09-27 19:22:12 ECH192.MainForm 18 IT法电沉积
2020-09-27 19:22:12 ECH192.MainForm 18 通纯水
2020-09-27 19:22:12 ECH192.MainForm 18 针板下压
2020-09-27 19:22:12 ECH192.MainForm 18 通空气
2020-09-27 19:22:12 ECH192.MainForm 18 针板下压
2020-09-27 19:22:12 ECH192.MainForm 18 针板下压
2020-09-27 19:22:12 ECH192.MainForm 18 针板下压
2020-09-27 19:22:12 ECH192.MainForm 18 针板下压
2020-09-27 19:22:12 ECH192.MainForm 18 针板下压
2020-09-27 19:22:12 ECH192.MainForm 18 针板下压
2020-09-27 19:22:12 ECH192.MainForm 18 针板下压
2020-09-27 19:22:12 ECH192.MainForm 18 针板下压
2020-09-27 19:22:12 ECH192.MainForm 18 针板下压
2020-09-27 19:22:12 ECH192.MainForm 18 针板下压
2020-09-27 19:22:12 ECH192.MainForm 18 针板下压
2020-09-27 19:22:12 ECH192.MainForm 18 针板下压
2020-09-27 19:22:12 ECH192.MainForm 18 针板下压
2020-09-27 19:22:12 ECH192.MainForm 18 针板下压
2020-09-27 19:22:13 ECH192.MainForm 18 IT法电沉积
2020-09-27 19:22:13 ECH192.MainForm 18 通纯水
2020-09-27 19:22:13 ECH192.MainForm 18 针板下压
2020-09-27 19:22:13 ECH192.MainForm 18 通空气
2020-09-27 19:22:13 ECH192.MainForm 18 针板下压
2020-09-27 19:22:13 ECH192.MainForm 18 针板下压
2020-09-27 19:22:13 ECH192.MainForm 18 针板下压
2020-09-27 19:22:13 ECH192.MainForm 18 针板下压
2020-09-27 19:22:13 ECH192.MainForm 18 针板下压
2020-09-27 19:22:13 ECH192.MainForm 18 针板下压
2020-09-27 19:22:13 ECH192.MainForm 18 针板下压
2020-09-27 19:22:13 ECH192.MainForm 18 针板下压
2020-09-27 19:22:13 ECH192.MainForm 18 针板下压
2020-09-27 19:22:13 ECH192.MainForm 18 针板下压
2020-09-27 19:22:13 ECH192.MainForm 18 针板下压
2020-09-27 19:22:13 ECH192.MainForm 18 针板下压
2020-09-27 19:22:13 ECH192.MainForm 18 针板下压
2020-09-27 19:22:13 ECH192.MainForm 18 针板下压
2020-09-27 19:22:14 ECH192.MainForm 18 IT法电沉积
2020-09-27 19:22:14 ECH192.MainForm 18 通纯水
2020-09-27 19:22:14 ECH192.MainForm 18 针板下压
2020-09-27 19:22:14 ECH192.MainForm 18 通空气
2020-09-27 19:22:14 ECH192.MainForm 18 针板下压
2020-09-27 19:22:14 ECH192.MainForm 18 针板下压
2020-09-27 19:22:14 ECH192.MainForm 18 针板下压
2020-09-27 19:22:14 ECH192.MainForm 18 针板下压
2020-09-27 19:22:14 ECH192.MainForm 18 针板下压
2020-09-27 19:22:14 ECH192.MainForm 18 针板下压
2020-09-27 19:22:14 ECH192.MainForm 18 针板下压
2020-09-27 19:22:14 ECH192.MainForm 18 针板下压
2020-09-27 19:22:14 ECH192.MainForm 18 针板下压
2020-09-27 19:22:14 ECH192.MainForm 18 针板下压
2020-09-27 19:22:14 ECH192.MainForm 18 针板下压
2020-09-27 19:22:14 ECH192.MainForm 18 针板下压
2020-09-27 19:22:14 ECH192.MainForm 18 针板下压
2020-09-27 19:22:14 ECH192.MainForm 18 针板下压
2020-09-27 19:22:16 ECH192.MainForm 18 IT法电沉积
2020-09-27 19:22:16 ECH192.MainForm 18 通纯水
2020-09-27 19:22:16 ECH192.MainForm 18 针板下压
2020-09-27 19:22:16 ECH192.MainForm 18 通空气
2020-09-27 19:22:16 ECH192.MainForm 18 针板下压
2020-09-27 19:22:16 ECH192.MainForm 18 针板下压
2020-09-27 19:22:16 ECH192.MainForm 18 针板下压
2020-09-27 19:22:16 ECH192.MainForm 18 针板下压
2020-09-27 19:22:16 ECH192.MainForm 18 针板下压
2020-09-27 19:22:16 ECH192.MainForm 18 针板下压
2020-09-27 19:22:16 ECH192.MainForm 18 针板下压
2020-09-27 19:22:16 ECH192.MainForm 18 针板下压
2020-09-27 19:22:16 ECH192.MainForm 18 针板下压
2020-09-27 19:22:16 ECH192.MainForm 18 针板下压
2020-09-27 19:22:16 ECH192.MainForm 18 针板下压
2020-09-27 19:22:16 ECH192.MainForm 18 针板下压
2020-09-27 19:22:16 ECH192.MainForm 18 针板下压
2020-09-27 19:22:16 ECH192.MainForm 18 针板下压
2020-09-27 19:22:31 ECH192.MainForm 8 针板下压
2020-09-27 19:22:31 ECH192.MainForm 8 针板下压
2020-09-27 19:22:31 ECH192.MainForm 8 针板下压
2020-09-27 19:22:31 ECH192.MainForm 8 针板下压
2020-09-27 19:22:31 ECH192.MainForm 8 针板下压
2020-09-27 19:22:31 ECH192.MainForm 8 针板下压
2020-09-27 19:22:31 ECH192.MainForm 8 针板下压
2020-09-27 19:22:31 ECH192.MainForm 8 针板下压
2020-09-27 19:22:39 ECH192.MainForm 1 针板下压
2020-09-27 19:22:39 ECH192.MainForm 1 针板下压
2020-09-27 19:24:26 commandServer The command CRCError(CommunicationServer.Protocol.Command.CMDCRCError) has been discovered
2020-09-27 19:24:26 commandServer The command EnableChannels(CommunicationServer.Protocol.Command.CMDEnableChannels) has been discovered
2020-09-27 19:24:26 commandServer The command GetIPMessage(CommunicationServer.Protocol.Command.CMDGetIPMessage) has been discovered
2020-09-27 19:24:26 commandServer The command GetSampleData(CommunicationServer.Protocol.Command.CMDGetSampleData) has been discovered
2020-09-27 19:24:26 commandServer The command SetITParam(CommunicationServer.Protocol.Command.CMDSetITParam) has been discovered
2020-09-27 19:24:26 commandServer The command GetVersion(CommunicationServer.Protocol.Command.CMDGetVersion) has been discovered
2020-09-27 19:24:26 commandServer The command HeadError(CommunicationServer.Protocol.Command.CMDHeadError) has been discovered
2020-09-27 19:24:26 commandServer The command HeartBeat(CommunicationServer.Protocol.Command.CMDHeartBeat) has been discovered
2020-09-27 19:24:26 commandServer The command RestartSystem(CommunicationServer.Protocol.Command.CMDRestartSystem) has been discovered
2020-09-27 19:24:26 commandServer The command SetSensitivitys(CommunicationServer.Protocol.Command.CMDSetSensitivitys) has been discovered
2020-09-27 19:24:26 commandServer The command StartSample(CommunicationServer.Protocol.Command.CMDStartSample) has been discovered
2020-09-27 19:24:26 commandServer The command StopSample(CommunicationServer.Protocol.Command.CMDStopSample) has been discovered
2020-09-27 19:24:26 commandServer The command TailError(CommunicationServer.Protocol.Command.CMDTailError) has been discovered
2020-09-27 19:24:26 commandServer The command UnKnow(CommunicationServer.Protocol.Command.CMDUnknow) has been discovered
2020-09-27 19:24:26 commandServer The command SetCVParam(CommunicationServer.Protocol.Command.CMDSetCVParam) has been discovered
2020-09-27 19:24:26 commandServer Listener (192.168.14.18:8765) failed to start
2020-09-27 19:25:20 commandServer The command CRCError(CommunicationServer.Protocol.Command.CMDCRCError) has been discovered
2020-09-27 19:25:20 commandServer The command EnableChannels(CommunicationServer.Protocol.Command.CMDEnableChannels) has been discovered
2020-09-27 19:25:20 commandServer The command GetIPMessage(CommunicationServer.Protocol.Command.CMDGetIPMessage) has been discovered
2020-09-27 19:25:20 commandServer The command GetSampleData(CommunicationServer.Protocol.Command.CMDGetSampleData) has been discovered
2020-09-27 19:25:20 commandServer The command SetITParam(CommunicationServer.Protocol.Command.CMDSetITParam) has been discovered
2020-09-27 19:25:20 commandServer The command GetVersion(CommunicationServer.Protocol.Command.CMDGetVersion) has been discovered
2020-09-27 19:25:20 commandServer The command HeadError(CommunicationServer.Protocol.Command.CMDHeadError) has been discovered
2020-09-27 19:25:20 commandServer The command HeartBeat(CommunicationServer.Protocol.Command.CMDHeartBeat) has been discovered
2020-09-27 19:25:20 commandServer The command RestartSystem(CommunicationServer.Protocol.Command.CMDRestartSystem) has been discovered
2020-09-27 19:25:20 commandServer The command SetSensitivitys(CommunicationServer.Protocol.Command.CMDSetSensitivitys) has been discovered
2020-09-27 19:25:20 commandServer The command StartSample(CommunicationServer.Protocol.Command.CMDStartSample) has been discovered
2020-09-27 19:25:20 commandServer The command StopSample(CommunicationServer.Protocol.Command.CMDStopSample) has been discovered
2020-09-27 19:25:20 commandServer The command TailError(CommunicationServer.Protocol.Command.CMDTailError) has been discovered
2020-09-27 19:25:20 commandServer The command UnKnow(CommunicationServer.Protocol.Command.CMDUnknow) has been discovered
2020-09-27 19:25:20 commandServer The command SetCVParam(CommunicationServer.Protocol.Command.CMDSetCVParam) has been discovered
2020-09-27 19:25:20 commandServer Listener (192.168.14.18:8765) failed to start
2020-09-27 19:26:01 commandServer The command CRCError(CommunicationServer.Protocol.Command.CMDCRCError) has been discovered
2020-09-27 19:26:01 commandServer The command EnableChannels(CommunicationServer.Protocol.Command.CMDEnableChannels) has been discovered
2020-09-27 19:26:01 commandServer The command GetIPMessage(CommunicationServer.Protocol.Command.CMDGetIPMessage) has been discovered
2020-09-27 19:26:01 commandServer The command GetSampleData(CommunicationServer.Protocol.Command.CMDGetSampleData) has been discovered
2020-09-27 19:26:01 commandServer The command SetITParam(CommunicationServer.Protocol.Command.CMDSetITParam) has been discovered
2020-09-27 19:26:01 commandServer The command GetVersion(CommunicationServer.Protocol.Command.CMDGetVersion) has been discovered
2020-09-27 19:26:01 commandServer The command HeadError(CommunicationServer.Protocol.Command.CMDHeadError) has been discovered
2020-09-27 19:26:01 commandServer The command HeartBeat(CommunicationServer.Protocol.Command.CMDHeartBeat) has been discovered
2020-09-27 19:26:01 commandServer The command RestartSystem(CommunicationServer.Protocol.Command.CMDRestartSystem) has been discovered
2020-09-27 19:26:01 commandServer The command SetSensitivitys(CommunicationServer.Protocol.Command.CMDSetSensitivitys) has been discovered
2020-09-27 19:26:01 commandServer The command StartSample(CommunicationServer.Protocol.Command.CMDStartSample) has been discovered
2020-09-27 19:26:01 commandServer The command StopSample(CommunicationServer.Protocol.Command.CMDStopSample) has been discovered
2020-09-27 19:26:01 commandServer The command TailError(CommunicationServer.Protocol.Command.CMDTailError) has been discovered
2020-09-27 19:26:01 commandServer The command UnKnow(CommunicationServer.Protocol.Command.CMDUnknow) has been discovered
2020-09-27 19:26:01 commandServer The command SetCVParam(CommunicationServer.Protocol.Command.CMDSetCVParam) has been discovered
2020-09-27 19:26:01 commandServer Listener (192.168.14.18:8765) failed to start
2020-09-27 19:32:35 commandServer The command CRCError(CommunicationServer.Protocol.Command.CMDCRCError) has been discovered
2020-09-27 19:32:35 commandServer The command EnableChannels(CommunicationServer.Protocol.Command.CMDEnableChannels) has been discovered
2020-09-27 19:32:35 commandServer The command GetIPMessage(CommunicationServer.Protocol.Command.CMDGetIPMessage) has been discovered
2020-09-27 19:32:35 commandServer The command GetSampleData(CommunicationServer.Protocol.Command.CMDGetSampleData) has been discovered
2020-09-27 19:32:35 commandServer The command SetITParam(CommunicationServer.Protocol.Command.CMDSetITParam) has been discovered
2020-09-27 19:32:35 commandServer The command GetVersion(CommunicationServer.Protocol.Command.CMDGetVersion) has been discovered
2020-09-27 19:32:35 commandServer The command HeadError(CommunicationServer.Protocol.Command.CMDHeadError) has been discovered
2020-09-27 19:32:35 commandServer The command HeartBeat(CommunicationServer.Protocol.Command.CMDHeartBeat) has been discovered
2020-09-27 19:32:35 commandServer The command RestartSystem(CommunicationServer.Protocol.Command.CMDRestartSystem) has been discovered
2020-09-27 19:32:35 commandServer The command SetSensitivitys(CommunicationServer.Protocol.Command.CMDSetSensitivitys) has been discovered
2020-09-27 19:32:35 commandServer The command StartSample(CommunicationServer.Protocol.Command.CMDStartSample) has been discovered
2020-09-27 19:32:35 commandServer The command StopSample(CommunicationServer.Protocol.Command.CMDStopSample) has been discovered
2020-09-27 19:32:35 commandServer The command TailError(CommunicationServer.Protocol.Command.CMDTailError) has been discovered
2020-09-27 19:32:35 commandServer The command UnKnow(CommunicationServer.Protocol.Command.CMDUnknow) has been discovered
2020-09-27 19:32:35 commandServer The command SetCVParam(CommunicationServer.Protocol.Command.CMDSetCVParam) has been discovered
2020-09-27 19:32:35 commandServer Listener (192.168.14.18:8765) failed to start
2020-09-27 19:35:32 commandServer The command CRCError(CommunicationServer.Protocol.Command.CMDCRCError) has been discovered
2020-09-27 19:35:32 commandServer The command EnableChannels(CommunicationServer.Protocol.Command.CMDEnableChannels) has been discovered
2020-09-27 19:35:32 commandServer The command GetIPMessage(CommunicationServer.Protocol.Command.CMDGetIPMessage) has been discovered
2020-09-27 19:35:32 commandServer The command GetSampleData(CommunicationServer.Protocol.Command.CMDGetSampleData) has been discovered
2020-09-27 19:35:32 commandServer The command SetITParam(CommunicationServer.Protocol.Command.CMDSetITParam) has been discovered
2020-09-27 19:35:32 commandServer The command GetVersion(CommunicationServer.Protocol.Command.CMDGetVersion) has been discovered
2020-09-27 19:35:32 commandServer The command HeadError(CommunicationServer.Protocol.Command.CMDHeadError) has been discovered
2020-09-27 19:35:32 commandServer The command HeartBeat(CommunicationServer.Protocol.Command.CMDHeartBeat) has been discovered
2020-09-27 19:35:32 commandServer The command RestartSystem(CommunicationServer.Protocol.Command.CMDRestartSystem) has been discovered
2020-09-27 19:35:32 commandServer The command SetSensitivitys(CommunicationServer.Protocol.Command.CMDSetSensitivitys) has been discovered
2020-09-27 19:35:32 commandServer The command StartSample(CommunicationServer.Protocol.Command.CMDStartSample) has been discovered
2020-09-27 19:35:32 commandServer The command StopSample(CommunicationServer.Protocol.Command.CMDStopSample) has been discovered
2020-09-27 19:35:32 commandServer The command TailError(CommunicationServer.Protocol.Command.CMDTailError) has been discovered
2020-09-27 19:35:32 commandServer The command UnKnow(CommunicationServer.Protocol.Command.CMDUnknow) has been discovered
2020-09-27 19:35:32 commandServer The command SetCVParam(CommunicationServer.Protocol.Command.CMDSetCVParam) has been discovered
2020-09-27 19:35:32 commandServer Listener (192.168.14.18:8765) failed to start
2020-09-27 19:37:10 commandServer The command CRCError(CommunicationServer.Protocol.Command.CMDCRCError) has been discovered
2020-09-27 19:37:10 commandServer The command EnableChannels(CommunicationServer.Protocol.Command.CMDEnableChannels) has been discovered
2020-09-27 19:37:10 commandServer The command GetIPMessage(CommunicationServer.Protocol.Command.CMDGetIPMessage) has been discovered
2020-09-27 19:37:10 commandServer The command GetSampleData(CommunicationServer.Protocol.Command.CMDGetSampleData) has been discovered
2020-09-27 19:37:10 commandServer The command SetITParam(CommunicationServer.Protocol.Command.CMDSetITParam) has been discovered
2020-09-27 19:37:10 commandServer The command GetVersion(CommunicationServer.Protocol.Command.CMDGetVersion) has been discovered
2020-09-27 19:37:10 commandServer The command HeadError(CommunicationServer.Protocol.Command.CMDHeadError) has been discovered
2020-09-27 19:37:10 commandServer The command HeartBeat(CommunicationServer.Protocol.Command.CMDHeartBeat) has been discovered
2020-09-27 19:37:10 commandServer The command RestartSystem(CommunicationServer.Protocol.Command.CMDRestartSystem) has been discovered
2020-09-27 19:37:10 commandServer The command SetSensitivitys(CommunicationServer.Protocol.Command.CMDSetSensitivitys) has been discovered
2020-09-27 19:37:10 commandServer The command StartSample(CommunicationServer.Protocol.Command.CMDStartSample) has been discovered
2020-09-27 19:37:10 commandServer The command StopSample(CommunicationServer.Protocol.Command.CMDStopSample) has been discovered
2020-09-27 19:37:10 commandServer The command TailError(CommunicationServer.Protocol.Command.CMDTailError) has been discovered
2020-09-27 19:37:10 commandServer The command UnKnow(CommunicationServer.Protocol.Command.CMDUnknow) has been discovered
2020-09-27 19:37:10 commandServer The command SetCVParam(CommunicationServer.Protocol.Command.CMDSetCVParam) has been discovered
2020-09-27 19:37:10 commandServer Listener (192.168.14.18:8765) failed to start
2020-09-27 19:38:04 commandServer The command CRCError(CommunicationServer.Protocol.Command.CMDCRCError) has been discovered
2020-09-27 19:38:04 commandServer The command EnableChannels(CommunicationServer.Protocol.Command.CMDEnableChannels) has been discovered
2020-09-27 19:38:04 commandServer The command GetIPMessage(CommunicationServer.Protocol.Command.CMDGetIPMessage) has been discovered
2020-09-27 19:38:04 commandServer The command GetSampleData(CommunicationServer.Protocol.Command.CMDGetSampleData) has been discovered
2020-09-27 19:38:04 commandServer The command SetITParam(CommunicationServer.Protocol.Command.CMDSetITParam) has been discovered
2020-09-27 19:38:04 commandServer The command GetVersion(CommunicationServer.Protocol.Command.CMDGetVersion) has been discovered
2020-09-27 19:38:04 commandServer The command HeadError(CommunicationServer.Protocol.Command.CMDHeadError) has been discovered
2020-09-27 19:38:04 commandServer The command HeartBeat(CommunicationServer.Protocol.Command.CMDHeartBeat) has been discovered
2020-09-27 19:38:04 commandServer The command RestartSystem(CommunicationServer.Protocol.Command.CMDRestartSystem) has been discovered
2020-09-27 19:38:04 commandServer The command SetSensitivitys(CommunicationServer.Protocol.Command.CMDSetSensitivitys) has been discovered
2020-09-27 19:38:04 commandServer The command StartSample(CommunicationServer.Protocol.Command.CMDStartSample) has been discovered
2020-09-27 19:38:04 commandServer The command StopSample(CommunicationServer.Protocol.Command.CMDStopSample) has been discovered
2020-09-27 19:38:04 commandServer The command TailError(CommunicationServer.Protocol.Command.CMDTailError) has been discovered
2020-09-27 19:38:04 commandServer The command UnKnow(CommunicationServer.Protocol.Command.CMDUnknow) has been discovered
2020-09-27 19:38:04 commandServer The command SetCVParam(CommunicationServer.Protocol.Command.CMDSetCVParam) has been discovered
2020-09-27 19:38:04 commandServer Listener (192.168.14.18:8765) failed to start
2020-09-27 19:38:58 commandServer The command CRCError(CommunicationServer.Protocol.Command.CMDCRCError) has been discovered
2020-09-27 19:38:58 commandServer The command EnableChannels(CommunicationServer.Protocol.Command.CMDEnableChannels) has been discovered
2020-09-27 19:38:58 commandServer The command GetIPMessage(CommunicationServer.Protocol.Command.CMDGetIPMessage) has been discovered
2020-09-27 19:38:58 commandServer The command GetSampleData(CommunicationServer.Protocol.Command.CMDGetSampleData) has been discovered
2020-09-27 19:38:58 commandServer The command SetITParam(CommunicationServer.Protocol.Command.CMDSetITParam) has been discovered
2020-09-27 19:38:58 commandServer The command GetVersion(CommunicationServer.Protocol.Command.CMDGetVersion) has been discovered
2020-09-27 19:38:58 commandServer The command HeadError(CommunicationServer.Protocol.Command.CMDHeadError) has been discovered
2020-09-27 19:38:58 commandServer The command HeartBeat(CommunicationServer.Protocol.Command.CMDHeartBeat) has been discovered
2020-09-27 19:38:58 commandServer The command RestartSystem(CommunicationServer.Protocol.Command.CMDRestartSystem) has been discovered
2020-09-27 19:38:58 commandServer The command SetSensitivitys(CommunicationServer.Protocol.Command.CMDSetSensitivitys) has been discovered
2020-09-27 19:38:58 commandServer The command StartSample(CommunicationServer.Protocol.Command.CMDStartSample) has been discovered
2020-09-27 19:38:58 commandServer The command StopSample(CommunicationServer.Protocol.Command.CMDStopSample) has been discovered
2020-09-27 19:38:58 commandServer The command TailError(CommunicationServer.Protocol.Command.CMDTailError) has been discovered
2020-09-27 19:38:58 commandServer The command UnKnow(CommunicationServer.Protocol.Command.CMDUnknow) has been discovered
2020-09-27 19:38:58 commandServer The command SetCVParam(CommunicationServer.Protocol.Command.CMDSetCVParam) has been discovered
2020-09-27 19:38:58 commandServer Listener (192.168.14.18:8765) failed to start
2020-09-27 19:41:28 commandServer The command CRCError(CommunicationServer.Protocol.Command.CMDCRCError) has been discovered
2020-09-27 19:41:28 commandServer The command EnableChannels(CommunicationServer.Protocol.Command.CMDEnableChannels) has been discovered
2020-09-27 19:41:28 commandServer The command GetIPMessage(CommunicationServer.Protocol.Command.CMDGetIPMessage) has been discovered
2020-09-27 19:41:28 commandServer The command GetSampleData(CommunicationServer.Protocol.Command.CMDGetSampleData) has been discovered
2020-09-27 19:41:28 commandServer The command SetITParam(CommunicationServer.Protocol.Command.CMDSetITParam) has been discovered
2020-09-27 19:41:28 commandServer The command GetVersion(CommunicationServer.Protocol.Command.CMDGetVersion) has been discovered
2020-09-27 19:41:28 commandServer The command HeadError(CommunicationServer.Protocol.Command.CMDHeadError) has been discovered
2020-09-27 19:41:28 commandServer The command HeartBeat(CommunicationServer.Protocol.Command.CMDHeartBeat) has been discovered
2020-09-27 19:41:28 commandServer The command RestartSystem(CommunicationServer.Protocol.Command.CMDRestartSystem) has been discovered
2020-09-27 19:41:28 commandServer The command SetSensitivitys(CommunicationServer.Protocol.Command.CMDSetSensitivitys) has been discovered
2020-09-27 19:41:28 commandServer The command StartSample(CommunicationServer.Protocol.Command.CMDStartSample) has been discovered
2020-09-27 19:41:28 commandServer The command StopSample(CommunicationServer.Protocol.Command.CMDStopSample) has been discovered
2020-09-27 19:41:28 commandServer The command TailError(CommunicationServer.Protocol.Command.CMDTailError) has been discovered
2020-09-27 19:41:28 commandServer The command UnKnow(CommunicationServer.Protocol.Command.CMDUnknow) has been discovered
2020-09-27 19:41:28 commandServer The command SetCVParam(CommunicationServer.Protocol.Command.CMDSetCVParam) has been discovered
2020-09-27 19:41:28 commandServer Listener (192.168.14.18:8765) failed to start
2020-09-27 19:44:26 commandServer The command CRCError(CommunicationServer.Protocol.Command.CMDCRCError) has been discovered
2020-09-27 19:44:26 commandServer The command EnableChannels(CommunicationServer.Protocol.Command.CMDEnableChannels) has been discovered
2020-09-27 19:44:26 commandServer The command GetIPMessage(CommunicationServer.Protocol.Command.CMDGetIPMessage) has been discovered
2020-09-27 19:44:26 commandServer The command GetSampleData(CommunicationServer.Protocol.Command.CMDGetSampleData) has been discovered
2020-09-27 19:44:26 commandServer The command SetITParam(CommunicationServer.Protocol.Command.CMDSetITParam) has been discovered
2020-09-27 19:44:26 commandServer The command GetVersion(CommunicationServer.Protocol.Command.CMDGetVersion) has been discovered
2020-09-27 19:44:26 commandServer The command HeadError(CommunicationServer.Protocol.Command.CMDHeadError) has been discovered
2020-09-27 19:44:26 commandServer The command HeartBeat(CommunicationServer.Protocol.Command.CMDHeartBeat) has been discovered
2020-09-27 19:44:26 commandServer The command RestartSystem(CommunicationServer.Protocol.Command.CMDRestartSystem) has been discovered
2020-09-27 19:44:26 commandServer The command SetSensitivitys(CommunicationServer.Protocol.Command.CMDSetSensitivitys) has been discovered
2020-09-27 19:44:26 commandServer The command StartSample(CommunicationServer.Protocol.Command.CMDStartSample) has been discovered
2020-09-27 19:44:26 commandServer The command StopSample(CommunicationServer.Protocol.Command.CMDStopSample) has been discovered
2020-09-27 19:44:26 commandServer The command TailError(CommunicationServer.Protocol.Command.CMDTailError) has been discovered
2020-09-27 19:44:26 commandServer The command UnKnow(CommunicationServer.Protocol.Command.CMDUnknow) has been discovered
2020-09-27 19:44:26 commandServer The command SetCVParam(CommunicationServer.Protocol.Command.CMDSetCVParam) has been discovered
2020-09-27 19:44:26 commandServer Listener (192.168.14.18:8765) failed to start
2020-09-27 19:46:28 commandServer The command CRCError(CommunicationServer.Protocol.Command.CMDCRCError) has been discovered
2020-09-27 19:46:28 commandServer The command EnableChannels(CommunicationServer.Protocol.Command.CMDEnableChannels) has been discovered
2020-09-27 19:46:28 commandServer The command GetIPMessage(CommunicationServer.Protocol.Command.CMDGetIPMessage) has been discovered
2020-09-27 19:46:28 commandServer The command GetSampleData(CommunicationServer.Protocol.Command.CMDGetSampleData) has been discovered
2020-09-27 19:46:28 commandServer The command SetITParam(CommunicationServer.Protocol.Command.CMDSetITParam) has been discovered
2020-09-27 19:46:28 commandServer The command GetVersion(CommunicationServer.Protocol.Command.CMDGetVersion) has been discovered
2020-09-27 19:46:28 commandServer The command HeadError(CommunicationServer.Protocol.Command.CMDHeadError) has been discovered
2020-09-27 19:46:28 commandServer The command HeartBeat(CommunicationServer.Protocol.Command.CMDHeartBeat) has been discovered
2020-09-27 19:46:28 commandServer The command RestartSystem(CommunicationServer.Protocol.Command.CMDRestartSystem) has been discovered
2020-09-27 19:46:28 commandServer The command SetSensitivitys(CommunicationServer.Protocol.Command.CMDSetSensitivitys) has been discovered
2020-09-27 19:46:28 commandServer The command StartSample(CommunicationServer.Protocol.Command.CMDStartSample) has been discovered
2020-09-27 19:46:28 commandServer The command StopSample(CommunicationServer.Protocol.Command.CMDStopSample) has been discovered
2020-09-27 19:46:28 commandServer The command TailError(CommunicationServer.Protocol.Command.CMDTailError) has been discovered
2020-09-27 19:46:28 commandServer The command UnKnow(CommunicationServer.Protocol.Command.CMDUnknow) has been discovered
2020-09-27 19:46:28 commandServer The command SetCVParam(CommunicationServer.Protocol.Command.CMDSetCVParam) has been discovered
2020-09-27 19:46:28 commandServer Listener (192.168.14.18:8765) failed to start
