2021-05-07 22:15:40 commandServer The command CRCError(CommunicationServer.Protocol.Command.CMDCRCError) has been discovered
2021-05-07 22:15:40 commandServer The command EnableChannels(CommunicationServer.Protocol.Command.CMDEnableChannels) has been discovered
2021-05-07 22:15:40 commandServer The command GetIPMessage(CommunicationServer.Protocol.Command.CMDGetIPMessage) has been discovered
2021-05-07 22:15:40 commandServer The command GetSampleData(CommunicationServer.Protocol.Command.CMDGetSampleData) has been discovered
2021-05-07 22:15:40 commandServer The command SelfCheck(CommunicationServer.Protocol.Command.CMDSelfCheck) has been discovered
2021-05-07 22:15:40 commandServer The command SetITParam(CommunicationServer.Protocol.Command.CMDSetITParam) has been discovered
2021-05-07 22:15:41 commandServer The command GetVersion(CommunicationServer.Protocol.Command.CMDGetVersion) has been discovered
2021-05-07 22:15:41 commandServer The command HeadError(CommunicationServer.Protocol.Command.CMDHeadError) has been discovered
2021-05-07 22:15:41 commandServer The command HeartBeat(CommunicationServer.Protocol.Command.CMDHeartBeat) has been discovered
2021-05-07 22:15:41 commandServer The command RestartSystem(CommunicationServer.Protocol.Command.CMDRestartSystem) has been discovered
2021-05-07 22:15:41 commandServer The command SetSensitivitys(CommunicationServer.Protocol.Command.CMDSetSensitivitys) has been discovered
2021-05-07 22:15:41 commandServer The command StartSample(CommunicationServer.Protocol.Command.CMDStartSample) has been discovered
2021-05-07 22:15:41 commandServer The command StopSample(CommunicationServer.Protocol.Command.CMDStopSample) has been discovered
2021-05-07 22:15:41 commandServer The command TailError(CommunicationServer.Protocol.Command.CMDTailError) has been discovered
2021-05-07 22:15:41 commandServer The command UnKnow(CommunicationServer.Protocol.Command.CMDUnknow) has been discovered
2021-05-07 22:15:41 commandServer The command SetCVParam(CommunicationServer.Protocol.Command.CMDSetCVParam) has been discovered
2021-05-07 22:15:41 commandServer Listener (192.168.14.18:8765) was started
2021-05-07 22:17:38 commandServer The command CRCError(CommunicationServer.Protocol.Command.CMDCRCError) has been discovered
2021-05-07 22:17:38 commandServer The command EnableChannels(CommunicationServer.Protocol.Command.CMDEnableChannels) has been discovered
2021-05-07 22:17:38 commandServer The command GetIPMessage(CommunicationServer.Protocol.Command.CMDGetIPMessage) has been discovered
2021-05-07 22:17:38 commandServer The command GetSampleData(CommunicationServer.Protocol.Command.CMDGetSampleData) has been discovered
2021-05-07 22:17:38 commandServer The command SelfCheck(CommunicationServer.Protocol.Command.CMDSelfCheck) has been discovered
2021-05-07 22:17:38 commandServer The command SetITParam(CommunicationServer.Protocol.Command.CMDSetITParam) has been discovered
2021-05-07 22:17:38 commandServer The command GetVersion(CommunicationServer.Protocol.Command.CMDGetVersion) has been discovered
2021-05-07 22:17:38 commandServer The command HeadError(CommunicationServer.Protocol.Command.CMDHeadError) has been discovered
2021-05-07 22:17:38 commandServer The command HeartBeat(CommunicationServer.Protocol.Command.CMDHeartBeat) has been discovered
2021-05-07 22:17:38 commandServer The command RestartSystem(CommunicationServer.Protocol.Command.CMDRestartSystem) has been discovered
2021-05-07 22:17:38 commandServer The command SetSensitivitys(CommunicationServer.Protocol.Command.CMDSetSensitivitys) has been discovered
2021-05-07 22:17:38 commandServer The command StartSample(CommunicationServer.Protocol.Command.CMDStartSample) has been discovered
2021-05-07 22:17:38 commandServer The command StopSample(CommunicationServer.Protocol.Command.CMDStopSample) has been discovered
2021-05-07 22:17:38 commandServer The command TailError(CommunicationServer.Protocol.Command.CMDTailError) has been discovered
2021-05-07 22:17:38 commandServer The command UnKnow(CommunicationServer.Protocol.Command.CMDUnknow) has been discovered
2021-05-07 22:17:38 commandServer The command SetCVParam(CommunicationServer.Protocol.Command.CMDSetCVParam) has been discovered
2021-05-07 22:17:38 commandServer Listener (192.168.14.18:8765) was started
2021-05-07 22:18:38 commandServer The command CRCError(CommunicationServer.Protocol.Command.CMDCRCError) has been discovered
2021-05-07 22:18:38 commandServer The command EnableChannels(CommunicationServer.Protocol.Command.CMDEnableChannels) has been discovered
2021-05-07 22:18:38 commandServer The command GetIPMessage(CommunicationServer.Protocol.Command.CMDGetIPMessage) has been discovered
2021-05-07 22:18:38 commandServer The command GetSampleData(CommunicationServer.Protocol.Command.CMDGetSampleData) has been discovered
2021-05-07 22:18:38 commandServer The command SelfCheck(CommunicationServer.Protocol.Command.CMDSelfCheck) has been discovered
2021-05-07 22:18:38 commandServer The command SetITParam(CommunicationServer.Protocol.Command.CMDSetITParam) has been discovered
2021-05-07 22:18:38 commandServer The command GetVersion(CommunicationServer.Protocol.Command.CMDGetVersion) has been discovered
2021-05-07 22:18:38 commandServer The command HeadError(CommunicationServer.Protocol.Command.CMDHeadError) has been discovered
2021-05-07 22:18:38 commandServer The command HeartBeat(CommunicationServer.Protocol.Command.CMDHeartBeat) has been discovered
2021-05-07 22:18:38 commandServer The command RestartSystem(CommunicationServer.Protocol.Command.CMDRestartSystem) has been discovered
2021-05-07 22:18:38 commandServer The command SetSensitivitys(CommunicationServer.Protocol.Command.CMDSetSensitivitys) has been discovered
2021-05-07 22:18:38 commandServer The command StartSample(CommunicationServer.Protocol.Command.CMDStartSample) has been discovered
2021-05-07 22:18:38 commandServer The command StopSample(CommunicationServer.Protocol.Command.CMDStopSample) has been discovered
2021-05-07 22:18:38 commandServer The command TailError(CommunicationServer.Protocol.Command.CMDTailError) has been discovered
2021-05-07 22:18:38 commandServer The command UnKnow(CommunicationServer.Protocol.Command.CMDUnknow) has been discovered
2021-05-07 22:18:38 commandServer The command SetCVParam(CommunicationServer.Protocol.Command.CMDSetCVParam) has been discovered
2021-05-07 22:18:38 commandServer Listener (192.168.14.18:8765) was started
2021-05-07 22:20:31 commandServer The command CRCError(CommunicationServer.Protocol.Command.CMDCRCError) has been discovered
2021-05-07 22:20:31 commandServer The command EnableChannels(CommunicationServer.Protocol.Command.CMDEnableChannels) has been discovered
2021-05-07 22:20:31 commandServer The command GetIPMessage(CommunicationServer.Protocol.Command.CMDGetIPMessage) has been discovered
2021-05-07 22:20:31 commandServer The command GetSampleData(CommunicationServer.Protocol.Command.CMDGetSampleData) has been discovered
2021-05-07 22:20:31 commandServer The command SelfCheck(CommunicationServer.Protocol.Command.CMDSelfCheck) has been discovered
2021-05-07 22:20:31 commandServer The command SetITParam(CommunicationServer.Protocol.Command.CMDSetITParam) has been discovered
2021-05-07 22:20:31 commandServer The command GetVersion(CommunicationServer.Protocol.Command.CMDGetVersion) has been discovered
2021-05-07 22:20:31 commandServer The command HeadError(CommunicationServer.Protocol.Command.CMDHeadError) has been discovered
2021-05-07 22:20:31 commandServer The command HeartBeat(CommunicationServer.Protocol.Command.CMDHeartBeat) has been discovered
2021-05-07 22:20:31 commandServer The command RestartSystem(CommunicationServer.Protocol.Command.CMDRestartSystem) has been discovered
2021-05-07 22:20:31 commandServer The command SetSensitivitys(CommunicationServer.Protocol.Command.CMDSetSensitivitys) has been discovered
2021-05-07 22:20:31 commandServer The command StartSample(CommunicationServer.Protocol.Command.CMDStartSample) has been discovered
2021-05-07 22:20:31 commandServer The command StopSample(CommunicationServer.Protocol.Command.CMDStopSample) has been discovered
2021-05-07 22:20:31 commandServer The command TailError(CommunicationServer.Protocol.Command.CMDTailError) has been discovered
2021-05-07 22:20:31 commandServer The command UnKnow(CommunicationServer.Protocol.Command.CMDUnknow) has been discovered
2021-05-07 22:20:31 commandServer The command SetCVParam(CommunicationServer.Protocol.Command.CMDSetCVParam) has been discovered
2021-05-07 22:20:31 commandServer Listener (192.168.14.18:8765) was started
2021-05-07 22:22:44 commandServer The command CRCError(CommunicationServer.Protocol.Command.CMDCRCError) has been discovered
2021-05-07 22:22:44 commandServer The command EnableChannels(CommunicationServer.Protocol.Command.CMDEnableChannels) has been discovered
2021-05-07 22:22:44 commandServer The command GetIPMessage(CommunicationServer.Protocol.Command.CMDGetIPMessage) has been discovered
2021-05-07 22:22:44 commandServer The command GetSampleData(CommunicationServer.Protocol.Command.CMDGetSampleData) has been discovered
2021-05-07 22:22:44 commandServer The command SelfCheck(CommunicationServer.Protocol.Command.CMDSelfCheck) has been discovered
2021-05-07 22:22:44 commandServer The command SetITParam(CommunicationServer.Protocol.Command.CMDSetITParam) has been discovered
2021-05-07 22:22:44 commandServer The command GetVersion(CommunicationServer.Protocol.Command.CMDGetVersion) has been discovered
2021-05-07 22:22:44 commandServer The command HeadError(CommunicationServer.Protocol.Command.CMDHeadError) has been discovered
2021-05-07 22:22:44 commandServer The command HeartBeat(CommunicationServer.Protocol.Command.CMDHeartBeat) has been discovered
2021-05-07 22:22:44 commandServer The command RestartSystem(CommunicationServer.Protocol.Command.CMDRestartSystem) has been discovered
2021-05-07 22:22:44 commandServer The command SetSensitivitys(CommunicationServer.Protocol.Command.CMDSetSensitivitys) has been discovered
2021-05-07 22:22:44 commandServer The command StartSample(CommunicationServer.Protocol.Command.CMDStartSample) has been discovered
2021-05-07 22:22:44 commandServer The command StopSample(CommunicationServer.Protocol.Command.CMDStopSample) has been discovered
2021-05-07 22:22:44 commandServer The command TailError(CommunicationServer.Protocol.Command.CMDTailError) has been discovered
2021-05-07 22:22:44 commandServer The command UnKnow(CommunicationServer.Protocol.Command.CMDUnknow) has been discovered
2021-05-07 22:22:44 commandServer The command SetCVParam(CommunicationServer.Protocol.Command.CMDSetCVParam) has been discovered
2021-05-07 22:22:44 commandServer Listener (192.168.14.18:8765) was started
2021-05-07 22:24:46 commandServer The command CRCError(CommunicationServer.Protocol.Command.CMDCRCError) has been discovered
2021-05-07 22:24:46 commandServer The command EnableChannels(CommunicationServer.Protocol.Command.CMDEnableChannels) has been discovered
2021-05-07 22:24:46 commandServer The command GetIPMessage(CommunicationServer.Protocol.Command.CMDGetIPMessage) has been discovered
2021-05-07 22:24:46 commandServer The command GetSampleData(CommunicationServer.Protocol.Command.CMDGetSampleData) has been discovered
2021-05-07 22:24:46 commandServer The command SelfCheck(CommunicationServer.Protocol.Command.CMDSelfCheck) has been discovered
2021-05-07 22:24:46 commandServer The command SetITParam(CommunicationServer.Protocol.Command.CMDSetITParam) has been discovered
2021-05-07 22:24:46 commandServer The command GetVersion(CommunicationServer.Protocol.Command.CMDGetVersion) has been discovered
2021-05-07 22:24:46 commandServer The command HeadError(CommunicationServer.Protocol.Command.CMDHeadError) has been discovered
2021-05-07 22:24:46 commandServer The command HeartBeat(CommunicationServer.Protocol.Command.CMDHeartBeat) has been discovered
2021-05-07 22:24:46 commandServer The command RestartSystem(CommunicationServer.Protocol.Command.CMDRestartSystem) has been discovered
2021-05-07 22:24:46 commandServer The command SetSensitivitys(CommunicationServer.Protocol.Command.CMDSetSensitivitys) has been discovered
2021-05-07 22:24:46 commandServer The command StartSample(CommunicationServer.Protocol.Command.CMDStartSample) has been discovered
2021-05-07 22:24:46 commandServer The command StopSample(CommunicationServer.Protocol.Command.CMDStopSample) has been discovered
2021-05-07 22:24:46 commandServer The command TailError(CommunicationServer.Protocol.Command.CMDTailError) has been discovered
2021-05-07 22:24:46 commandServer The command UnKnow(CommunicationServer.Protocol.Command.CMDUnknow) has been discovered
2021-05-07 22:24:46 commandServer The command SetCVParam(CommunicationServer.Protocol.Command.CMDSetCVParam) has been discovered
2021-05-07 22:24:46 commandServer Listener (192.168.14.18:8765) was started
2021-05-07 22:26:27 commandServer The command CRCError(CommunicationServer.Protocol.Command.CMDCRCError) has been discovered
2021-05-07 22:26:27 commandServer The command EnableChannels(CommunicationServer.Protocol.Command.CMDEnableChannels) has been discovered
2021-05-07 22:26:27 commandServer The command GetIPMessage(CommunicationServer.Protocol.Command.CMDGetIPMessage) has been discovered
2021-05-07 22:26:27 commandServer The command GetSampleData(CommunicationServer.Protocol.Command.CMDGetSampleData) has been discovered
2021-05-07 22:26:27 commandServer The command SelfCheck(CommunicationServer.Protocol.Command.CMDSelfCheck) has been discovered
2021-05-07 22:26:27 commandServer The command SetITParam(CommunicationServer.Protocol.Command.CMDSetITParam) has been discovered
2021-05-07 22:26:27 commandServer The command GetVersion(CommunicationServer.Protocol.Command.CMDGetVersion) has been discovered
2021-05-07 22:26:27 commandServer The command HeadError(CommunicationServer.Protocol.Command.CMDHeadError) has been discovered
2021-05-07 22:26:27 commandServer The command HeartBeat(CommunicationServer.Protocol.Command.CMDHeartBeat) has been discovered
2021-05-07 22:26:27 commandServer The command RestartSystem(CommunicationServer.Protocol.Command.CMDRestartSystem) has been discovered
2021-05-07 22:26:27 commandServer The command SetSensitivitys(CommunicationServer.Protocol.Command.CMDSetSensitivitys) has been discovered
2021-05-07 22:26:27 commandServer The command StartSample(CommunicationServer.Protocol.Command.CMDStartSample) has been discovered
2021-05-07 22:26:27 commandServer The command StopSample(CommunicationServer.Protocol.Command.CMDStopSample) has been discovered
2021-05-07 22:26:27 commandServer The command TailError(CommunicationServer.Protocol.Command.CMDTailError) has been discovered
2021-05-07 22:26:27 commandServer The command UnKnow(CommunicationServer.Protocol.Command.CMDUnknow) has been discovered
2021-05-07 22:26:27 commandServer The command SetCVParam(CommunicationServer.Protocol.Command.CMDSetCVParam) has been discovered
2021-05-07 22:26:27 commandServer Listener (192.168.14.18:8765) was started
2021-05-07 22:28:12 commandServer The command CRCError(CommunicationServer.Protocol.Command.CMDCRCError) has been discovered
2021-05-07 22:28:12 commandServer The command EnableChannels(CommunicationServer.Protocol.Command.CMDEnableChannels) has been discovered
2021-05-07 22:28:12 commandServer The command GetIPMessage(CommunicationServer.Protocol.Command.CMDGetIPMessage) has been discovered
2021-05-07 22:28:12 commandServer The command GetSampleData(CommunicationServer.Protocol.Command.CMDGetSampleData) has been discovered
2021-05-07 22:28:12 commandServer The command SelfCheck(CommunicationServer.Protocol.Command.CMDSelfCheck) has been discovered
2021-05-07 22:28:12 commandServer The command SetITParam(CommunicationServer.Protocol.Command.CMDSetITParam) has been discovered
2021-05-07 22:28:12 commandServer The command GetVersion(CommunicationServer.Protocol.Command.CMDGetVersion) has been discovered
2021-05-07 22:28:12 commandServer The command HeadError(CommunicationServer.Protocol.Command.CMDHeadError) has been discovered
2021-05-07 22:28:12 commandServer The command HeartBeat(CommunicationServer.Protocol.Command.CMDHeartBeat) has been discovered
2021-05-07 22:28:12 commandServer The command RestartSystem(CommunicationServer.Protocol.Command.CMDRestartSystem) has been discovered
2021-05-07 22:28:12 commandServer The command SetSensitivitys(CommunicationServer.Protocol.Command.CMDSetSensitivitys) has been discovered
2021-05-07 22:28:12 commandServer The command StartSample(CommunicationServer.Protocol.Command.CMDStartSample) has been discovered
2021-05-07 22:28:12 commandServer The command StopSample(CommunicationServer.Protocol.Command.CMDStopSample) has been discovered
2021-05-07 22:28:12 commandServer The command TailError(CommunicationServer.Protocol.Command.CMDTailError) has been discovered
2021-05-07 22:28:12 commandServer The command UnKnow(CommunicationServer.Protocol.Command.CMDUnknow) has been discovered
2021-05-07 22:28:12 commandServer The command SetCVParam(CommunicationServer.Protocol.Command.CMDSetCVParam) has been discovered
2021-05-07 22:28:12 commandServer Listener (192.168.14.18:8765) was started
2021-05-07 22:29:38 commandServer The command CRCError(CommunicationServer.Protocol.Command.CMDCRCError) has been discovered
2021-05-07 22:29:38 commandServer The command EnableChannels(CommunicationServer.Protocol.Command.CMDEnableChannels) has been discovered
2021-05-07 22:29:38 commandServer The command GetIPMessage(CommunicationServer.Protocol.Command.CMDGetIPMessage) has been discovered
2021-05-07 22:29:38 commandServer The command GetSampleData(CommunicationServer.Protocol.Command.CMDGetSampleData) has been discovered
2021-05-07 22:29:38 commandServer The command SelfCheck(CommunicationServer.Protocol.Command.CMDSelfCheck) has been discovered
2021-05-07 22:29:38 commandServer The command SetITParam(CommunicationServer.Protocol.Command.CMDSetITParam) has been discovered
2021-05-07 22:29:38 commandServer The command GetVersion(CommunicationServer.Protocol.Command.CMDGetVersion) has been discovered
2021-05-07 22:29:38 commandServer The command HeadError(CommunicationServer.Protocol.Command.CMDHeadError) has been discovered
2021-05-07 22:29:38 commandServer The command HeartBeat(CommunicationServer.Protocol.Command.CMDHeartBeat) has been discovered
2021-05-07 22:29:38 commandServer The command RestartSystem(CommunicationServer.Protocol.Command.CMDRestartSystem) has been discovered
2021-05-07 22:29:38 commandServer The command SetSensitivitys(CommunicationServer.Protocol.Command.CMDSetSensitivitys) has been discovered
2021-05-07 22:29:38 commandServer The command StartSample(CommunicationServer.Protocol.Command.CMDStartSample) has been discovered
2021-05-07 22:29:38 commandServer The command StopSample(CommunicationServer.Protocol.Command.CMDStopSample) has been discovered
2021-05-07 22:29:38 commandServer The command TailError(CommunicationServer.Protocol.Command.CMDTailError) has been discovered
2021-05-07 22:29:38 commandServer The command UnKnow(CommunicationServer.Protocol.Command.CMDUnknow) has been discovered
2021-05-07 22:29:38 commandServer The command SetCVParam(CommunicationServer.Protocol.Command.CMDSetCVParam) has been discovered
2021-05-07 22:29:38 commandServer Listener (192.168.14.18:8765) was started
2021-05-07 22:34:51 commandServer The command CRCError(CommunicationServer.Protocol.Command.CMDCRCError) has been discovered
2021-05-07 22:34:51 commandServer The command EnableChannels(CommunicationServer.Protocol.Command.CMDEnableChannels) has been discovered
2021-05-07 22:34:51 commandServer The command GetIPMessage(CommunicationServer.Protocol.Command.CMDGetIPMessage) has been discovered
2021-05-07 22:34:51 commandServer The command GetSampleData(CommunicationServer.Protocol.Command.CMDGetSampleData) has been discovered
2021-05-07 22:34:51 commandServer The command SelfCheck(CommunicationServer.Protocol.Command.CMDSelfCheck) has been discovered
2021-05-07 22:34:51 commandServer The command SetITParam(CommunicationServer.Protocol.Command.CMDSetITParam) has been discovered
2021-05-07 22:34:51 commandServer The command GetVersion(CommunicationServer.Protocol.Command.CMDGetVersion) has been discovered
2021-05-07 22:34:51 commandServer The command HeadError(CommunicationServer.Protocol.Command.CMDHeadError) has been discovered
2021-05-07 22:34:51 commandServer The command HeartBeat(CommunicationServer.Protocol.Command.CMDHeartBeat) has been discovered
2021-05-07 22:34:51 commandServer The command RestartSystem(CommunicationServer.Protocol.Command.CMDRestartSystem) has been discovered
2021-05-07 22:34:51 commandServer The command SetSensitivitys(CommunicationServer.Protocol.Command.CMDSetSensitivitys) has been discovered
2021-05-07 22:34:51 commandServer The command StartSample(CommunicationServer.Protocol.Command.CMDStartSample) has been discovered
2021-05-07 22:34:51 commandServer The command StopSample(CommunicationServer.Protocol.Command.CMDStopSample) has been discovered
2021-05-07 22:34:51 commandServer The command TailError(CommunicationServer.Protocol.Command.CMDTailError) has been discovered
2021-05-07 22:34:51 commandServer The command UnKnow(CommunicationServer.Protocol.Command.CMDUnknow) has been discovered
2021-05-07 22:34:51 commandServer The command SetCVParam(CommunicationServer.Protocol.Command.CMDSetCVParam) has been discovered
2021-05-07 22:34:51 commandServer Listener (192.168.14.18:8765) was started
