2020-10-13 17:51:15 commandServer The command CRCError(CommunicationServer.Protocol.Command.CMDCRCError) has been discovered
2020-10-13 17:51:15 commandServer The command EnableChannels(CommunicationServer.Protocol.Command.CMDEnableChannels) has been discovered
2020-10-13 17:51:15 commandServer The command GetIPMessage(CommunicationServer.Protocol.Command.CMDGetIPMessage) has been discovered
2020-10-13 17:51:15 commandServer The command GetSampleData(CommunicationServer.Protocol.Command.CMDGetSampleData) has been discovered
2020-10-13 17:51:15 commandServer The command SetITParam(CommunicationServer.Protocol.Command.CMDSetITParam) has been discovered
2020-10-13 17:51:15 commandServer The command GetVersion(CommunicationServer.Protocol.Command.CMDGetVersion) has been discovered
2020-10-13 17:51:15 commandServer The command HeadError(CommunicationServer.Protocol.Command.CMDHeadError) has been discovered
2020-10-13 17:51:15 commandServer The command HeartBeat(CommunicationServer.Protocol.Command.CMDHeartBeat) has been discovered
2020-10-13 17:51:15 commandServer The command RestartSystem(CommunicationServer.Protocol.Command.CMDRestartSystem) has been discovered
2020-10-13 17:51:15 commandServer The command SetSensitivitys(CommunicationServer.Protocol.Command.CMDSetSensitivitys) has been discovered
2020-10-13 17:51:15 commandServer The command StartSample(CommunicationServer.Protocol.Command.CMDStartSample) has been discovered
2020-10-13 17:51:15 commandServer The command StopSample(CommunicationServer.Protocol.Command.CMDStopSample) has been discovered
2020-10-13 17:51:15 commandServer The command TailError(CommunicationServer.Protocol.Command.CMDTailError) has been discovered
2020-10-13 17:51:15 commandServer The command UnKnow(CommunicationServer.Protocol.Command.CMDUnknow) has been discovered
2020-10-13 17:51:15 commandServer The command SetCVParam(CommunicationServer.Protocol.Command.CMDSetCVParam) has been discovered
2020-10-13 17:51:15 commandServer Listener (192.168.14.18:8765) failed to start
2020-10-13 18:26:59 commandServer The command CRCError(CommunicationServer.Protocol.Command.CMDCRCError) has been discovered
2020-10-13 18:26:59 commandServer The command EnableChannels(CommunicationServer.Protocol.Command.CMDEnableChannels) has been discovered
2020-10-13 18:26:59 commandServer The command GetIPMessage(CommunicationServer.Protocol.Command.CMDGetIPMessage) has been discovered
2020-10-13 18:26:59 commandServer The command GetSampleData(CommunicationServer.Protocol.Command.CMDGetSampleData) has been discovered
2020-10-13 18:26:59 commandServer The command SetITParam(CommunicationServer.Protocol.Command.CMDSetITParam) has been discovered
2020-10-13 18:26:59 commandServer The command GetVersion(CommunicationServer.Protocol.Command.CMDGetVersion) has been discovered
2020-10-13 18:26:59 commandServer The command HeadError(CommunicationServer.Protocol.Command.CMDHeadError) has been discovered
2020-10-13 18:26:59 commandServer The command HeartBeat(CommunicationServer.Protocol.Command.CMDHeartBeat) has been discovered
2020-10-13 18:26:59 commandServer The command RestartSystem(CommunicationServer.Protocol.Command.CMDRestartSystem) has been discovered
2020-10-13 18:26:59 commandServer The command SetSensitivitys(CommunicationServer.Protocol.Command.CMDSetSensitivitys) has been discovered
2020-10-13 18:26:59 commandServer The command StartSample(CommunicationServer.Protocol.Command.CMDStartSample) has been discovered
2020-10-13 18:26:59 commandServer The command StopSample(CommunicationServer.Protocol.Command.CMDStopSample) has been discovered
2020-10-13 18:26:59 commandServer The command TailError(CommunicationServer.Protocol.Command.CMDTailError) has been discovered
2020-10-13 18:26:59 commandServer The command UnKnow(CommunicationServer.Protocol.Command.CMDUnknow) has been discovered
2020-10-13 18:26:59 commandServer The command SetCVParam(CommunicationServer.Protocol.Command.CMDSetCVParam) has been discovered
2020-10-13 18:26:59 commandServer Listener (192.168.14.18:8765) failed to start
2020-10-13 19:04:58 commandServer The command CRCError(CommunicationServer.Protocol.Command.CMDCRCError) has been discovered
2020-10-13 19:04:58 commandServer The command EnableChannels(CommunicationServer.Protocol.Command.CMDEnableChannels) has been discovered
2020-10-13 19:04:58 commandServer The command GetIPMessage(CommunicationServer.Protocol.Command.CMDGetIPMessage) has been discovered
2020-10-13 19:04:58 commandServer The command GetSampleData(CommunicationServer.Protocol.Command.CMDGetSampleData) has been discovered
2020-10-13 19:04:58 commandServer The command SetITParam(CommunicationServer.Protocol.Command.CMDSetITParam) has been discovered
2020-10-13 19:04:58 commandServer The command GetVersion(CommunicationServer.Protocol.Command.CMDGetVersion) has been discovered
2020-10-13 19:04:58 commandServer The command HeadError(CommunicationServer.Protocol.Command.CMDHeadError) has been discovered
2020-10-13 19:04:58 commandServer The command HeartBeat(CommunicationServer.Protocol.Command.CMDHeartBeat) has been discovered
2020-10-13 19:04:58 commandServer The command RestartSystem(CommunicationServer.Protocol.Command.CMDRestartSystem) has been discovered
2020-10-13 19:04:58 commandServer The command SetSensitivitys(CommunicationServer.Protocol.Command.CMDSetSensitivitys) has been discovered
2020-10-13 19:04:58 commandServer The command StartSample(CommunicationServer.Protocol.Command.CMDStartSample) has been discovered
2020-10-13 19:04:58 commandServer The command StopSample(CommunicationServer.Protocol.Command.CMDStopSample) has been discovered
2020-10-13 19:04:58 commandServer The command TailError(CommunicationServer.Protocol.Command.CMDTailError) has been discovered
2020-10-13 19:04:58 commandServer The command UnKnow(CommunicationServer.Protocol.Command.CMDUnknow) has been discovered
2020-10-13 19:04:58 commandServer The command SetCVParam(CommunicationServer.Protocol.Command.CMDSetCVParam) has been discovered
2020-10-13 19:04:58 commandServer Listener (192.168.14.18:8765) failed to start
2020-10-13 19:10:43 commandServer The command CRCError(CommunicationServer.Protocol.Command.CMDCRCError) has been discovered
2020-10-13 19:10:43 commandServer The command EnableChannels(CommunicationServer.Protocol.Command.CMDEnableChannels) has been discovered
2020-10-13 19:10:43 commandServer The command GetIPMessage(CommunicationServer.Protocol.Command.CMDGetIPMessage) has been discovered
2020-10-13 19:10:43 commandServer The command GetSampleData(CommunicationServer.Protocol.Command.CMDGetSampleData) has been discovered
2020-10-13 19:10:43 commandServer The command SetITParam(CommunicationServer.Protocol.Command.CMDSetITParam) has been discovered
2020-10-13 19:10:43 commandServer The command GetVersion(CommunicationServer.Protocol.Command.CMDGetVersion) has been discovered
2020-10-13 19:10:43 commandServer The command HeadError(CommunicationServer.Protocol.Command.CMDHeadError) has been discovered
2020-10-13 19:10:43 commandServer The command HeartBeat(CommunicationServer.Protocol.Command.CMDHeartBeat) has been discovered
2020-10-13 19:10:43 commandServer The command RestartSystem(CommunicationServer.Protocol.Command.CMDRestartSystem) has been discovered
2020-10-13 19:10:43 commandServer The command SetSensitivitys(CommunicationServer.Protocol.Command.CMDSetSensitivitys) has been discovered
2020-10-13 19:10:43 commandServer The command StartSample(CommunicationServer.Protocol.Command.CMDStartSample) has been discovered
2020-10-13 19:10:43 commandServer The command StopSample(CommunicationServer.Protocol.Command.CMDStopSample) has been discovered
2020-10-13 19:10:43 commandServer The command TailError(CommunicationServer.Protocol.Command.CMDTailError) has been discovered
2020-10-13 19:10:43 commandServer The command UnKnow(CommunicationServer.Protocol.Command.CMDUnknow) has been discovered
2020-10-13 19:10:43 commandServer The command SetCVParam(CommunicationServer.Protocol.Command.CMDSetCVParam) has been discovered
2020-10-13 19:10:43 commandServer Listener (192.168.14.18:8765) failed to start
2020-10-13 19:14:10 commandServer The command CRCError(CommunicationServer.Protocol.Command.CMDCRCError) has been discovered
2020-10-13 19:14:10 commandServer The command EnableChannels(CommunicationServer.Protocol.Command.CMDEnableChannels) has been discovered
2020-10-13 19:14:10 commandServer The command GetIPMessage(CommunicationServer.Protocol.Command.CMDGetIPMessage) has been discovered
2020-10-13 19:14:10 commandServer The command GetSampleData(CommunicationServer.Protocol.Command.CMDGetSampleData) has been discovered
2020-10-13 19:14:10 commandServer The command SetITParam(CommunicationServer.Protocol.Command.CMDSetITParam) has been discovered
2020-10-13 19:14:10 commandServer The command GetVersion(CommunicationServer.Protocol.Command.CMDGetVersion) has been discovered
2020-10-13 19:14:10 commandServer The command HeadError(CommunicationServer.Protocol.Command.CMDHeadError) has been discovered
2020-10-13 19:14:10 commandServer The command HeartBeat(CommunicationServer.Protocol.Command.CMDHeartBeat) has been discovered
2020-10-13 19:14:10 commandServer The command RestartSystem(CommunicationServer.Protocol.Command.CMDRestartSystem) has been discovered
2020-10-13 19:14:10 commandServer The command SetSensitivitys(CommunicationServer.Protocol.Command.CMDSetSensitivitys) has been discovered
2020-10-13 19:14:10 commandServer The command StartSample(CommunicationServer.Protocol.Command.CMDStartSample) has been discovered
2020-10-13 19:14:10 commandServer The command StopSample(CommunicationServer.Protocol.Command.CMDStopSample) has been discovered
2020-10-13 19:14:10 commandServer The command TailError(CommunicationServer.Protocol.Command.CMDTailError) has been discovered
2020-10-13 19:14:10 commandServer The command UnKnow(CommunicationServer.Protocol.Command.CMDUnknow) has been discovered
2020-10-13 19:14:10 commandServer The command SetCVParam(CommunicationServer.Protocol.Command.CMDSetCVParam) has been discovered
2020-10-13 19:14:10 commandServer Listener (192.168.14.18:8765) failed to start
2020-10-13 19:38:30 commandServer The command CRCError(CommunicationServer.Protocol.Command.CMDCRCError) has been discovered
2020-10-13 19:38:30 commandServer The command EnableChannels(CommunicationServer.Protocol.Command.CMDEnableChannels) has been discovered
2020-10-13 19:38:30 commandServer The command GetIPMessage(CommunicationServer.Protocol.Command.CMDGetIPMessage) has been discovered
2020-10-13 19:38:30 commandServer The command GetSampleData(CommunicationServer.Protocol.Command.CMDGetSampleData) has been discovered
2020-10-13 19:38:30 commandServer The command SetITParam(CommunicationServer.Protocol.Command.CMDSetITParam) has been discovered
2020-10-13 19:38:30 commandServer The command GetVersion(CommunicationServer.Protocol.Command.CMDGetVersion) has been discovered
2020-10-13 19:38:30 commandServer The command HeadError(CommunicationServer.Protocol.Command.CMDHeadError) has been discovered
2020-10-13 19:38:30 commandServer The command HeartBeat(CommunicationServer.Protocol.Command.CMDHeartBeat) has been discovered
2020-10-13 19:38:30 commandServer The command RestartSystem(CommunicationServer.Protocol.Command.CMDRestartSystem) has been discovered
2020-10-13 19:38:30 commandServer The command SetSensitivitys(CommunicationServer.Protocol.Command.CMDSetSensitivitys) has been discovered
2020-10-13 19:38:30 commandServer The command StartSample(CommunicationServer.Protocol.Command.CMDStartSample) has been discovered
2020-10-13 19:38:30 commandServer The command StopSample(CommunicationServer.Protocol.Command.CMDStopSample) has been discovered
2020-10-13 19:38:30 commandServer The command TailError(CommunicationServer.Protocol.Command.CMDTailError) has been discovered
2020-10-13 19:38:30 commandServer The command UnKnow(CommunicationServer.Protocol.Command.CMDUnknow) has been discovered
2020-10-13 19:38:30 commandServer The command SetCVParam(CommunicationServer.Protocol.Command.CMDSetCVParam) has been discovered
2020-10-13 19:38:30 commandServer Listener (192.168.14.18:8765) failed to start
2020-10-13 19:39:43 commandServer The command CRCError(CommunicationServer.Protocol.Command.CMDCRCError) has been discovered
2020-10-13 19:39:43 commandServer The command EnableChannels(CommunicationServer.Protocol.Command.CMDEnableChannels) has been discovered
2020-10-13 19:39:43 commandServer The command GetIPMessage(CommunicationServer.Protocol.Command.CMDGetIPMessage) has been discovered
2020-10-13 19:39:43 commandServer The command GetSampleData(CommunicationServer.Protocol.Command.CMDGetSampleData) has been discovered
2020-10-13 19:39:43 commandServer The command SetITParam(CommunicationServer.Protocol.Command.CMDSetITParam) has been discovered
2020-10-13 19:39:43 commandServer The command GetVersion(CommunicationServer.Protocol.Command.CMDGetVersion) has been discovered
2020-10-13 19:39:43 commandServer The command HeadError(CommunicationServer.Protocol.Command.CMDHeadError) has been discovered
2020-10-13 19:39:43 commandServer The command HeartBeat(CommunicationServer.Protocol.Command.CMDHeartBeat) has been discovered
2020-10-13 19:39:43 commandServer The command RestartSystem(CommunicationServer.Protocol.Command.CMDRestartSystem) has been discovered
2020-10-13 19:39:43 commandServer The command SetSensitivitys(CommunicationServer.Protocol.Command.CMDSetSensitivitys) has been discovered
2020-10-13 19:39:43 commandServer The command StartSample(CommunicationServer.Protocol.Command.CMDStartSample) has been discovered
2020-10-13 19:39:43 commandServer The command StopSample(CommunicationServer.Protocol.Command.CMDStopSample) has been discovered
2020-10-13 19:39:43 commandServer The command TailError(CommunicationServer.Protocol.Command.CMDTailError) has been discovered
2020-10-13 19:39:43 commandServer The command UnKnow(CommunicationServer.Protocol.Command.CMDUnknow) has been discovered
2020-10-13 19:39:43 commandServer The command SetCVParam(CommunicationServer.Protocol.Command.CMDSetCVParam) has been discovered
2020-10-13 19:39:43 commandServer Listener (192.168.14.18:8765) failed to start
