2021-05-09 09:19:00 commandServer The command CRCError(CommunicationServer.Protocol.Command.CMDCRCError) has been discovered
2021-05-09 09:19:00 commandServer The command EnableChannels(CommunicationServer.Protocol.Command.CMDEnableChannels) has been discovered
2021-05-09 09:19:00 commandServer The command GetIPMessage(CommunicationServer.Protocol.Command.CMDGetIPMessage) has been discovered
2021-05-09 09:19:00 commandServer The command GetSampleData(CommunicationServer.Protocol.Command.CMDGetSampleData) has been discovered
2021-05-09 09:19:00 commandServer The command SelfCheck(CommunicationServer.Protocol.Command.CMDSelfCheck) has been discovered
2021-05-09 09:19:00 commandServer The command SetITParam(CommunicationServer.Protocol.Command.CMDSetITParam) has been discovered
2021-05-09 09:19:00 commandServer The command GetVersion(CommunicationServer.Protocol.Command.CMDGetVersion) has been discovered
2021-05-09 09:19:00 commandServer The command HeadError(CommunicationServer.Protocol.Command.CMDHeadError) has been discovered
2021-05-09 09:19:00 commandServer The command HeartBeat(CommunicationServer.Protocol.Command.CMDHeartBeat) has been discovered
2021-05-09 09:19:00 commandServer The command RestartSystem(CommunicationServer.Protocol.Command.CMDRestartSystem) has been discovered
2021-05-09 09:19:00 commandServer The command SetSensitivitys(CommunicationServer.Protocol.Command.CMDSetSensitivitys) has been discovered
2021-05-09 09:19:00 commandServer The command StartSample(CommunicationServer.Protocol.Command.CMDStartSample) has been discovered
2021-05-09 09:19:00 commandServer The command StopSample(CommunicationServer.Protocol.Command.CMDStopSample) has been discovered
2021-05-09 09:19:00 commandServer The command TailError(CommunicationServer.Protocol.Command.CMDTailError) has been discovered
2021-05-09 09:19:00 commandServer The command UnKnow(CommunicationServer.Protocol.Command.CMDUnknow) has been discovered
2021-05-09 09:19:00 commandServer The command SetCVParam(CommunicationServer.Protocol.Command.CMDSetCVParam) has been discovered
2021-05-09 09:19:00 commandServer Listener (192.168.14.18:8765) was started
2021-05-09 09:25:39 commandServer The command CRCError(CommunicationServer.Protocol.Command.CMDCRCError) has been discovered
2021-05-09 09:25:39 commandServer The command EnableChannels(CommunicationServer.Protocol.Command.CMDEnableChannels) has been discovered
2021-05-09 09:25:39 commandServer The command GetIPMessage(CommunicationServer.Protocol.Command.CMDGetIPMessage) has been discovered
2021-05-09 09:25:39 commandServer The command GetSampleData(CommunicationServer.Protocol.Command.CMDGetSampleData) has been discovered
2021-05-09 09:25:39 commandServer The command SelfCheck(CommunicationServer.Protocol.Command.CMDSelfCheck) has been discovered
2021-05-09 09:25:39 commandServer The command SetITParam(CommunicationServer.Protocol.Command.CMDSetITParam) has been discovered
2021-05-09 09:25:39 commandServer The command GetVersion(CommunicationServer.Protocol.Command.CMDGetVersion) has been discovered
2021-05-09 09:25:39 commandServer The command HeadError(CommunicationServer.Protocol.Command.CMDHeadError) has been discovered
2021-05-09 09:25:39 commandServer The command HeartBeat(CommunicationServer.Protocol.Command.CMDHeartBeat) has been discovered
2021-05-09 09:25:39 commandServer The command RestartSystem(CommunicationServer.Protocol.Command.CMDRestartSystem) has been discovered
2021-05-09 09:25:39 commandServer The command SetSensitivitys(CommunicationServer.Protocol.Command.CMDSetSensitivitys) has been discovered
2021-05-09 09:25:39 commandServer The command StartSample(CommunicationServer.Protocol.Command.CMDStartSample) has been discovered
2021-05-09 09:25:39 commandServer The command StopSample(CommunicationServer.Protocol.Command.CMDStopSample) has been discovered
2021-05-09 09:25:39 commandServer The command TailError(CommunicationServer.Protocol.Command.CMDTailError) has been discovered
2021-05-09 09:25:39 commandServer The command UnKnow(CommunicationServer.Protocol.Command.CMDUnknow) has been discovered
2021-05-09 09:25:39 commandServer The command SetCVParam(CommunicationServer.Protocol.Command.CMDSetCVParam) has been discovered
2021-05-09 09:25:39 commandServer Listener (192.168.14.18:8765) was started
2021-05-09 09:27:25 commandServer The command CRCError(CommunicationServer.Protocol.Command.CMDCRCError) has been discovered
2021-05-09 09:27:25 commandServer The command EnableChannels(CommunicationServer.Protocol.Command.CMDEnableChannels) has been discovered
2021-05-09 09:27:25 commandServer The command GetIPMessage(CommunicationServer.Protocol.Command.CMDGetIPMessage) has been discovered
2021-05-09 09:27:25 commandServer The command GetSampleData(CommunicationServer.Protocol.Command.CMDGetSampleData) has been discovered
2021-05-09 09:27:25 commandServer The command SelfCheck(CommunicationServer.Protocol.Command.CMDSelfCheck) has been discovered
2021-05-09 09:27:25 commandServer The command SetITParam(CommunicationServer.Protocol.Command.CMDSetITParam) has been discovered
2021-05-09 09:27:25 commandServer The command GetVersion(CommunicationServer.Protocol.Command.CMDGetVersion) has been discovered
2021-05-09 09:27:25 commandServer The command HeadError(CommunicationServer.Protocol.Command.CMDHeadError) has been discovered
2021-05-09 09:27:25 commandServer The command HeartBeat(CommunicationServer.Protocol.Command.CMDHeartBeat) has been discovered
2021-05-09 09:27:25 commandServer The command RestartSystem(CommunicationServer.Protocol.Command.CMDRestartSystem) has been discovered
2021-05-09 09:27:25 commandServer The command SetSensitivitys(CommunicationServer.Protocol.Command.CMDSetSensitivitys) has been discovered
2021-05-09 09:27:25 commandServer The command StartSample(CommunicationServer.Protocol.Command.CMDStartSample) has been discovered
2021-05-09 09:27:25 commandServer The command StopSample(CommunicationServer.Protocol.Command.CMDStopSample) has been discovered
2021-05-09 09:27:25 commandServer The command TailError(CommunicationServer.Protocol.Command.CMDTailError) has been discovered
2021-05-09 09:27:25 commandServer The command UnKnow(CommunicationServer.Protocol.Command.CMDUnknow) has been discovered
2021-05-09 09:27:25 commandServer The command SetCVParam(CommunicationServer.Protocol.Command.CMDSetCVParam) has been discovered
2021-05-09 09:27:25 commandServer Listener (192.168.14.18:8765) was started
2021-05-09 09:27:55 commandServer The command CRCError(CommunicationServer.Protocol.Command.CMDCRCError) has been discovered
2021-05-09 09:27:55 commandServer The command EnableChannels(CommunicationServer.Protocol.Command.CMDEnableChannels) has been discovered
2021-05-09 09:27:55 commandServer The command GetIPMessage(CommunicationServer.Protocol.Command.CMDGetIPMessage) has been discovered
2021-05-09 09:27:55 commandServer The command GetSampleData(CommunicationServer.Protocol.Command.CMDGetSampleData) has been discovered
2021-05-09 09:27:55 commandServer The command SelfCheck(CommunicationServer.Protocol.Command.CMDSelfCheck) has been discovered
2021-05-09 09:27:55 commandServer The command SetITParam(CommunicationServer.Protocol.Command.CMDSetITParam) has been discovered
2021-05-09 09:27:55 commandServer The command GetVersion(CommunicationServer.Protocol.Command.CMDGetVersion) has been discovered
2021-05-09 09:27:55 commandServer The command HeadError(CommunicationServer.Protocol.Command.CMDHeadError) has been discovered
2021-05-09 09:27:55 commandServer The command HeartBeat(CommunicationServer.Protocol.Command.CMDHeartBeat) has been discovered
2021-05-09 09:27:55 commandServer The command RestartSystem(CommunicationServer.Protocol.Command.CMDRestartSystem) has been discovered
2021-05-09 09:27:55 commandServer The command SetSensitivitys(CommunicationServer.Protocol.Command.CMDSetSensitivitys) has been discovered
2021-05-09 09:27:55 commandServer The command StartSample(CommunicationServer.Protocol.Command.CMDStartSample) has been discovered
2021-05-09 09:27:55 commandServer The command StopSample(CommunicationServer.Protocol.Command.CMDStopSample) has been discovered
2021-05-09 09:27:55 commandServer The command TailError(CommunicationServer.Protocol.Command.CMDTailError) has been discovered
2021-05-09 09:27:55 commandServer The command UnKnow(CommunicationServer.Protocol.Command.CMDUnknow) has been discovered
2021-05-09 09:27:55 commandServer The command SetCVParam(CommunicationServer.Protocol.Command.CMDSetCVParam) has been discovered
2021-05-09 09:27:55 commandServer Listener (192.168.14.18:8765) was started
2021-05-09 09:32:15 commandServer The command CRCError(CommunicationServer.Protocol.Command.CMDCRCError) has been discovered
2021-05-09 09:32:15 commandServer The command EnableChannels(CommunicationServer.Protocol.Command.CMDEnableChannels) has been discovered
2021-05-09 09:32:15 commandServer The command GetIPMessage(CommunicationServer.Protocol.Command.CMDGetIPMessage) has been discovered
2021-05-09 09:32:15 commandServer The command GetSampleData(CommunicationServer.Protocol.Command.CMDGetSampleData) has been discovered
2021-05-09 09:32:15 commandServer The command SelfCheck(CommunicationServer.Protocol.Command.CMDSelfCheck) has been discovered
2021-05-09 09:32:15 commandServer The command SetITParam(CommunicationServer.Protocol.Command.CMDSetITParam) has been discovered
2021-05-09 09:32:15 commandServer The command GetVersion(CommunicationServer.Protocol.Command.CMDGetVersion) has been discovered
2021-05-09 09:32:15 commandServer The command HeadError(CommunicationServer.Protocol.Command.CMDHeadError) has been discovered
2021-05-09 09:32:15 commandServer The command HeartBeat(CommunicationServer.Protocol.Command.CMDHeartBeat) has been discovered
2021-05-09 09:32:15 commandServer The command RestartSystem(CommunicationServer.Protocol.Command.CMDRestartSystem) has been discovered
2021-05-09 09:32:15 commandServer The command SetSensitivitys(CommunicationServer.Protocol.Command.CMDSetSensitivitys) has been discovered
2021-05-09 09:32:15 commandServer The command StartSample(CommunicationServer.Protocol.Command.CMDStartSample) has been discovered
2021-05-09 09:32:15 commandServer The command StopSample(CommunicationServer.Protocol.Command.CMDStopSample) has been discovered
2021-05-09 09:32:15 commandServer The command TailError(CommunicationServer.Protocol.Command.CMDTailError) has been discovered
2021-05-09 09:32:15 commandServer The command UnKnow(CommunicationServer.Protocol.Command.CMDUnknow) has been discovered
2021-05-09 09:32:15 commandServer The command SetCVParam(CommunicationServer.Protocol.Command.CMDSetCVParam) has been discovered
2021-05-09 09:32:15 commandServer Listener (192.168.14.18:8765) was started
2021-05-09 09:36:13 commandServer The command CRCError(CommunicationServer.Protocol.Command.CMDCRCError) has been discovered
2021-05-09 09:36:13 commandServer The command EnableChannels(CommunicationServer.Protocol.Command.CMDEnableChannels) has been discovered
2021-05-09 09:36:13 commandServer The command GetIPMessage(CommunicationServer.Protocol.Command.CMDGetIPMessage) has been discovered
2021-05-09 09:36:13 commandServer The command GetSampleData(CommunicationServer.Protocol.Command.CMDGetSampleData) has been discovered
2021-05-09 09:36:13 commandServer The command SelfCheck(CommunicationServer.Protocol.Command.CMDSelfCheck) has been discovered
2021-05-09 09:36:13 commandServer The command SetITParam(CommunicationServer.Protocol.Command.CMDSetITParam) has been discovered
2021-05-09 09:36:13 commandServer The command GetVersion(CommunicationServer.Protocol.Command.CMDGetVersion) has been discovered
2021-05-09 09:36:13 commandServer The command HeadError(CommunicationServer.Protocol.Command.CMDHeadError) has been discovered
2021-05-09 09:36:13 commandServer The command HeartBeat(CommunicationServer.Protocol.Command.CMDHeartBeat) has been discovered
2021-05-09 09:36:13 commandServer The command RestartSystem(CommunicationServer.Protocol.Command.CMDRestartSystem) has been discovered
2021-05-09 09:36:13 commandServer The command SetSensitivitys(CommunicationServer.Protocol.Command.CMDSetSensitivitys) has been discovered
2021-05-09 09:36:13 commandServer The command StartSample(CommunicationServer.Protocol.Command.CMDStartSample) has been discovered
2021-05-09 09:36:13 commandServer The command StopSample(CommunicationServer.Protocol.Command.CMDStopSample) has been discovered
2021-05-09 09:36:13 commandServer The command TailError(CommunicationServer.Protocol.Command.CMDTailError) has been discovered
2021-05-09 09:36:13 commandServer The command UnKnow(CommunicationServer.Protocol.Command.CMDUnknow) has been discovered
2021-05-09 09:36:13 commandServer The command SetCVParam(CommunicationServer.Protocol.Command.CMDSetCVParam) has been discovered
2021-05-09 09:36:14 commandServer Listener (192.168.14.18:8765) was started
2021-05-09 10:12:44 commandServer The command CRCError(CommunicationServer.Protocol.Command.CMDCRCError) has been discovered
2021-05-09 10:12:44 commandServer The command EnableChannels(CommunicationServer.Protocol.Command.CMDEnableChannels) has been discovered
2021-05-09 10:12:44 commandServer The command GetIPMessage(CommunicationServer.Protocol.Command.CMDGetIPMessage) has been discovered
2021-05-09 10:12:44 commandServer The command GetSampleData(CommunicationServer.Protocol.Command.CMDGetSampleData) has been discovered
2021-05-09 10:12:44 commandServer The command SelfCheck(CommunicationServer.Protocol.Command.CMDSelfCheck) has been discovered
2021-05-09 10:12:44 commandServer The command SetITParam(CommunicationServer.Protocol.Command.CMDSetITParam) has been discovered
2021-05-09 10:12:44 commandServer The command GetVersion(CommunicationServer.Protocol.Command.CMDGetVersion) has been discovered
2021-05-09 10:12:44 commandServer The command HeadError(CommunicationServer.Protocol.Command.CMDHeadError) has been discovered
2021-05-09 10:12:44 commandServer The command HeartBeat(CommunicationServer.Protocol.Command.CMDHeartBeat) has been discovered
2021-05-09 10:12:44 commandServer The command RestartSystem(CommunicationServer.Protocol.Command.CMDRestartSystem) has been discovered
2021-05-09 10:12:44 commandServer The command SetSensitivitys(CommunicationServer.Protocol.Command.CMDSetSensitivitys) has been discovered
2021-05-09 10:12:44 commandServer The command StartSample(CommunicationServer.Protocol.Command.CMDStartSample) has been discovered
2021-05-09 10:12:44 commandServer The command StopSample(CommunicationServer.Protocol.Command.CMDStopSample) has been discovered
2021-05-09 10:12:44 commandServer The command TailError(CommunicationServer.Protocol.Command.CMDTailError) has been discovered
2021-05-09 10:12:44 commandServer The command UnKnow(CommunicationServer.Protocol.Command.CMDUnknow) has been discovered
2021-05-09 10:12:44 commandServer The command SetCVParam(CommunicationServer.Protocol.Command.CMDSetCVParam) has been discovered
2021-05-09 10:12:44 commandServer Listener (192.168.14.18:8765) was started
2021-05-09 10:14:41 commandServer The command CRCError(CommunicationServer.Protocol.Command.CMDCRCError) has been discovered
2021-05-09 10:14:41 commandServer The command EnableChannels(CommunicationServer.Protocol.Command.CMDEnableChannels) has been discovered
2021-05-09 10:14:41 commandServer The command GetIPMessage(CommunicationServer.Protocol.Command.CMDGetIPMessage) has been discovered
2021-05-09 10:14:41 commandServer The command GetSampleData(CommunicationServer.Protocol.Command.CMDGetSampleData) has been discovered
2021-05-09 10:14:41 commandServer The command SelfCheck(CommunicationServer.Protocol.Command.CMDSelfCheck) has been discovered
2021-05-09 10:14:41 commandServer The command SetITParam(CommunicationServer.Protocol.Command.CMDSetITParam) has been discovered
2021-05-09 10:14:41 commandServer The command GetVersion(CommunicationServer.Protocol.Command.CMDGetVersion) has been discovered
2021-05-09 10:14:41 commandServer The command HeadError(CommunicationServer.Protocol.Command.CMDHeadError) has been discovered
2021-05-09 10:14:41 commandServer The command HeartBeat(CommunicationServer.Protocol.Command.CMDHeartBeat) has been discovered
2021-05-09 10:14:41 commandServer The command RestartSystem(CommunicationServer.Protocol.Command.CMDRestartSystem) has been discovered
2021-05-09 10:14:41 commandServer The command SetSensitivitys(CommunicationServer.Protocol.Command.CMDSetSensitivitys) has been discovered
2021-05-09 10:14:41 commandServer The command StartSample(CommunicationServer.Protocol.Command.CMDStartSample) has been discovered
2021-05-09 10:14:41 commandServer The command StopSample(CommunicationServer.Protocol.Command.CMDStopSample) has been discovered
2021-05-09 10:14:41 commandServer The command TailError(CommunicationServer.Protocol.Command.CMDTailError) has been discovered
2021-05-09 10:14:41 commandServer The command UnKnow(CommunicationServer.Protocol.Command.CMDUnknow) has been discovered
2021-05-09 10:14:41 commandServer The command SetCVParam(CommunicationServer.Protocol.Command.CMDSetCVParam) has been discovered
2021-05-09 10:14:41 commandServer Listener (192.168.14.18:8765) was started
2021-05-09 10:18:14 commandServer The command CRCError(CommunicationServer.Protocol.Command.CMDCRCError) has been discovered
2021-05-09 10:18:14 commandServer The command EnableChannels(CommunicationServer.Protocol.Command.CMDEnableChannels) has been discovered
2021-05-09 10:18:14 commandServer The command GetIPMessage(CommunicationServer.Protocol.Command.CMDGetIPMessage) has been discovered
2021-05-09 10:18:14 commandServer The command GetSampleData(CommunicationServer.Protocol.Command.CMDGetSampleData) has been discovered
2021-05-09 10:18:14 commandServer The command SelfCheck(CommunicationServer.Protocol.Command.CMDSelfCheck) has been discovered
2021-05-09 10:18:14 commandServer The command SetITParam(CommunicationServer.Protocol.Command.CMDSetITParam) has been discovered
2021-05-09 10:18:14 commandServer The command GetVersion(CommunicationServer.Protocol.Command.CMDGetVersion) has been discovered
2021-05-09 10:18:14 commandServer The command HeadError(CommunicationServer.Protocol.Command.CMDHeadError) has been discovered
2021-05-09 10:18:14 commandServer The command HeartBeat(CommunicationServer.Protocol.Command.CMDHeartBeat) has been discovered
2021-05-09 10:18:14 commandServer The command RestartSystem(CommunicationServer.Protocol.Command.CMDRestartSystem) has been discovered
2021-05-09 10:18:14 commandServer The command SetSensitivitys(CommunicationServer.Protocol.Command.CMDSetSensitivitys) has been discovered
2021-05-09 10:18:14 commandServer The command StartSample(CommunicationServer.Protocol.Command.CMDStartSample) has been discovered
2021-05-09 10:18:14 commandServer The command StopSample(CommunicationServer.Protocol.Command.CMDStopSample) has been discovered
2021-05-09 10:18:14 commandServer The command TailError(CommunicationServer.Protocol.Command.CMDTailError) has been discovered
2021-05-09 10:18:14 commandServer The command UnKnow(CommunicationServer.Protocol.Command.CMDUnknow) has been discovered
2021-05-09 10:18:14 commandServer The command SetCVParam(CommunicationServer.Protocol.Command.CMDSetCVParam) has been discovered
2021-05-09 10:18:14 commandServer Listener (192.168.14.18:8765) was started
2021-05-09 10:20:02 commandServer The command CRCError(CommunicationServer.Protocol.Command.CMDCRCError) has been discovered
2021-05-09 10:20:02 commandServer The command EnableChannels(CommunicationServer.Protocol.Command.CMDEnableChannels) has been discovered
2021-05-09 10:20:02 commandServer The command GetIPMessage(CommunicationServer.Protocol.Command.CMDGetIPMessage) has been discovered
2021-05-09 10:20:02 commandServer The command GetSampleData(CommunicationServer.Protocol.Command.CMDGetSampleData) has been discovered
2021-05-09 10:20:02 commandServer The command SelfCheck(CommunicationServer.Protocol.Command.CMDSelfCheck) has been discovered
2021-05-09 10:20:02 commandServer The command SetITParam(CommunicationServer.Protocol.Command.CMDSetITParam) has been discovered
2021-05-09 10:20:02 commandServer The command GetVersion(CommunicationServer.Protocol.Command.CMDGetVersion) has been discovered
2021-05-09 10:20:02 commandServer The command HeadError(CommunicationServer.Protocol.Command.CMDHeadError) has been discovered
2021-05-09 10:20:02 commandServer The command HeartBeat(CommunicationServer.Protocol.Command.CMDHeartBeat) has been discovered
2021-05-09 10:20:02 commandServer The command RestartSystem(CommunicationServer.Protocol.Command.CMDRestartSystem) has been discovered
2021-05-09 10:20:02 commandServer The command SetSensitivitys(CommunicationServer.Protocol.Command.CMDSetSensitivitys) has been discovered
2021-05-09 10:20:02 commandServer The command StartSample(CommunicationServer.Protocol.Command.CMDStartSample) has been discovered
2021-05-09 10:20:02 commandServer The command StopSample(CommunicationServer.Protocol.Command.CMDStopSample) has been discovered
2021-05-09 10:20:02 commandServer The command TailError(CommunicationServer.Protocol.Command.CMDTailError) has been discovered
2021-05-09 10:20:02 commandServer The command UnKnow(CommunicationServer.Protocol.Command.CMDUnknow) has been discovered
2021-05-09 10:20:02 commandServer The command SetCVParam(CommunicationServer.Protocol.Command.CMDSetCVParam) has been discovered
2021-05-09 10:20:02 commandServer Listener (192.168.14.18:8765) was started
2021-05-09 10:23:17 CommunicationServer.Protocol.Command.CMDRestartSystem 重启设备成功!
2021-05-09 10:27:16 commandServer The command CRCError(CommunicationServer.Protocol.Command.CMDCRCError) has been discovered
2021-05-09 10:27:16 commandServer The command EnableChannels(CommunicationServer.Protocol.Command.CMDEnableChannels) has been discovered
2021-05-09 10:27:16 commandServer The command GetIPMessage(CommunicationServer.Protocol.Command.CMDGetIPMessage) has been discovered
2021-05-09 10:27:16 commandServer The command GetSampleData(CommunicationServer.Protocol.Command.CMDGetSampleData) has been discovered
2021-05-09 10:27:16 commandServer The command SelfCheck(CommunicationServer.Protocol.Command.CMDSelfCheck) has been discovered
2021-05-09 10:27:16 commandServer The command SetITParam(CommunicationServer.Protocol.Command.CMDSetITParam) has been discovered
2021-05-09 10:27:16 commandServer The command GetVersion(CommunicationServer.Protocol.Command.CMDGetVersion) has been discovered
2021-05-09 10:27:16 commandServer The command HeadError(CommunicationServer.Protocol.Command.CMDHeadError) has been discovered
2021-05-09 10:27:16 commandServer The command HeartBeat(CommunicationServer.Protocol.Command.CMDHeartBeat) has been discovered
2021-05-09 10:27:16 commandServer The command RestartSystem(CommunicationServer.Protocol.Command.CMDRestartSystem) has been discovered
2021-05-09 10:27:16 commandServer The command SetSensitivitys(CommunicationServer.Protocol.Command.CMDSetSensitivitys) has been discovered
2021-05-09 10:27:16 commandServer The command StartSample(CommunicationServer.Protocol.Command.CMDStartSample) has been discovered
2021-05-09 10:27:16 commandServer The command StopSample(CommunicationServer.Protocol.Command.CMDStopSample) has been discovered
2021-05-09 10:27:16 commandServer The command TailError(CommunicationServer.Protocol.Command.CMDTailError) has been discovered
2021-05-09 10:27:16 commandServer The command UnKnow(CommunicationServer.Protocol.Command.CMDUnknow) has been discovered
2021-05-09 10:27:16 commandServer The command SetCVParam(CommunicationServer.Protocol.Command.CMDSetCVParam) has been discovered
2021-05-09 10:27:16 commandServer Listener (192.168.14.18:8765) was started
2021-05-09 10:29:26 commandServer The command CRCError(CommunicationServer.Protocol.Command.CMDCRCError) has been discovered
2021-05-09 10:29:26 commandServer The command EnableChannels(CommunicationServer.Protocol.Command.CMDEnableChannels) has been discovered
2021-05-09 10:29:26 commandServer The command GetIPMessage(CommunicationServer.Protocol.Command.CMDGetIPMessage) has been discovered
2021-05-09 10:29:26 commandServer The command GetSampleData(CommunicationServer.Protocol.Command.CMDGetSampleData) has been discovered
2021-05-09 10:29:26 commandServer The command SelfCheck(CommunicationServer.Protocol.Command.CMDSelfCheck) has been discovered
2021-05-09 10:29:26 commandServer The command SetITParam(CommunicationServer.Protocol.Command.CMDSetITParam) has been discovered
2021-05-09 10:29:26 commandServer The command GetVersion(CommunicationServer.Protocol.Command.CMDGetVersion) has been discovered
2021-05-09 10:29:26 commandServer The command HeadError(CommunicationServer.Protocol.Command.CMDHeadError) has been discovered
2021-05-09 10:29:26 commandServer The command HeartBeat(CommunicationServer.Protocol.Command.CMDHeartBeat) has been discovered
2021-05-09 10:29:26 commandServer The command RestartSystem(CommunicationServer.Protocol.Command.CMDRestartSystem) has been discovered
2021-05-09 10:29:26 commandServer The command SetSensitivitys(CommunicationServer.Protocol.Command.CMDSetSensitivitys) has been discovered
2021-05-09 10:29:26 commandServer The command StartSample(CommunicationServer.Protocol.Command.CMDStartSample) has been discovered
2021-05-09 10:29:26 commandServer The command StopSample(CommunicationServer.Protocol.Command.CMDStopSample) has been discovered
2021-05-09 10:29:26 commandServer The command TailError(CommunicationServer.Protocol.Command.CMDTailError) has been discovered
2021-05-09 10:29:26 commandServer The command UnKnow(CommunicationServer.Protocol.Command.CMDUnknow) has been discovered
2021-05-09 10:29:26 commandServer The command SetCVParam(CommunicationServer.Protocol.Command.CMDSetCVParam) has been discovered
2021-05-09 10:29:26 commandServer Listener (192.168.14.18:8765) was started
2021-05-09 10:31:52 commandServer The command CRCError(CommunicationServer.Protocol.Command.CMDCRCError) has been discovered
2021-05-09 10:31:52 commandServer The command EnableChannels(CommunicationServer.Protocol.Command.CMDEnableChannels) has been discovered
2021-05-09 10:31:52 commandServer The command GetIPMessage(CommunicationServer.Protocol.Command.CMDGetIPMessage) has been discovered
2021-05-09 10:31:52 commandServer The command GetSampleData(CommunicationServer.Protocol.Command.CMDGetSampleData) has been discovered
2021-05-09 10:31:52 commandServer The command SelfCheck(CommunicationServer.Protocol.Command.CMDSelfCheck) has been discovered
2021-05-09 10:31:52 commandServer The command SetITParam(CommunicationServer.Protocol.Command.CMDSetITParam) has been discovered
2021-05-09 10:31:52 commandServer The command GetVersion(CommunicationServer.Protocol.Command.CMDGetVersion) has been discovered
2021-05-09 10:31:52 commandServer The command HeadError(CommunicationServer.Protocol.Command.CMDHeadError) has been discovered
2021-05-09 10:31:52 commandServer The command HeartBeat(CommunicationServer.Protocol.Command.CMDHeartBeat) has been discovered
2021-05-09 10:31:52 commandServer The command RestartSystem(CommunicationServer.Protocol.Command.CMDRestartSystem) has been discovered
2021-05-09 10:31:52 commandServer The command SetSensitivitys(CommunicationServer.Protocol.Command.CMDSetSensitivitys) has been discovered
2021-05-09 10:31:52 commandServer The command StartSample(CommunicationServer.Protocol.Command.CMDStartSample) has been discovered
2021-05-09 10:31:52 commandServer The command StopSample(CommunicationServer.Protocol.Command.CMDStopSample) has been discovered
2021-05-09 10:31:52 commandServer The command TailError(CommunicationServer.Protocol.Command.CMDTailError) has been discovered
2021-05-09 10:31:52 commandServer The command UnKnow(CommunicationServer.Protocol.Command.CMDUnknow) has been discovered
2021-05-09 10:31:52 commandServer The command SetCVParam(CommunicationServer.Protocol.Command.CMDSetCVParam) has been discovered
2021-05-09 10:31:52 commandServer Listener (192.168.14.18:8765) was started
2021-05-09 10:34:15 commandServer The command CRCError(CommunicationServer.Protocol.Command.CMDCRCError) has been discovered
2021-05-09 10:34:16 commandServer The command EnableChannels(CommunicationServer.Protocol.Command.CMDEnableChannels) has been discovered
2021-05-09 10:34:16 commandServer The command GetIPMessage(CommunicationServer.Protocol.Command.CMDGetIPMessage) has been discovered
2021-05-09 10:34:16 commandServer The command GetSampleData(CommunicationServer.Protocol.Command.CMDGetSampleData) has been discovered
2021-05-09 10:34:16 commandServer The command SelfCheck(CommunicationServer.Protocol.Command.CMDSelfCheck) has been discovered
2021-05-09 10:34:16 commandServer The command SetITParam(CommunicationServer.Protocol.Command.CMDSetITParam) has been discovered
2021-05-09 10:34:16 commandServer The command GetVersion(CommunicationServer.Protocol.Command.CMDGetVersion) has been discovered
2021-05-09 10:34:16 commandServer The command HeadError(CommunicationServer.Protocol.Command.CMDHeadError) has been discovered
2021-05-09 10:34:16 commandServer The command HeartBeat(CommunicationServer.Protocol.Command.CMDHeartBeat) has been discovered
2021-05-09 10:34:16 commandServer The command RestartSystem(CommunicationServer.Protocol.Command.CMDRestartSystem) has been discovered
2021-05-09 10:34:16 commandServer The command SetSensitivitys(CommunicationServer.Protocol.Command.CMDSetSensitivitys) has been discovered
2021-05-09 10:34:16 commandServer The command StartSample(CommunicationServer.Protocol.Command.CMDStartSample) has been discovered
2021-05-09 10:34:16 commandServer The command StopSample(CommunicationServer.Protocol.Command.CMDStopSample) has been discovered
2021-05-09 10:34:16 commandServer The command TailError(CommunicationServer.Protocol.Command.CMDTailError) has been discovered
2021-05-09 10:34:16 commandServer The command UnKnow(CommunicationServer.Protocol.Command.CMDUnknow) has been discovered
2021-05-09 10:34:16 commandServer The command SetCVParam(CommunicationServer.Protocol.Command.CMDSetCVParam) has been discovered
2021-05-09 10:34:16 commandServer Listener (192.168.14.18:8765) was started
2021-05-09 10:36:40 ECH192.MainForm 1 CV法扫描
2021-05-09 10:36:40 ECH192.MainForm 1 CV法扫描
2021-05-09 10:45:02 commandServer The command CRCError(CommunicationServer.Protocol.Command.CMDCRCError) has been discovered
2021-05-09 10:45:02 commandServer The command EnableChannels(CommunicationServer.Protocol.Command.CMDEnableChannels) has been discovered
2021-05-09 10:45:02 commandServer The command GetIPMessage(CommunicationServer.Protocol.Command.CMDGetIPMessage) has been discovered
2021-05-09 10:45:02 commandServer The command GetSampleData(CommunicationServer.Protocol.Command.CMDGetSampleData) has been discovered
2021-05-09 10:45:02 commandServer The command SelfCheck(CommunicationServer.Protocol.Command.CMDSelfCheck) has been discovered
2021-05-09 10:45:02 commandServer The command SetITParam(CommunicationServer.Protocol.Command.CMDSetITParam) has been discovered
2021-05-09 10:45:02 commandServer The command GetVersion(CommunicationServer.Protocol.Command.CMDGetVersion) has been discovered
2021-05-09 10:45:02 commandServer The command HeadError(CommunicationServer.Protocol.Command.CMDHeadError) has been discovered
2021-05-09 10:45:02 commandServer The command HeartBeat(CommunicationServer.Protocol.Command.CMDHeartBeat) has been discovered
2021-05-09 10:45:02 commandServer The command RestartSystem(CommunicationServer.Protocol.Command.CMDRestartSystem) has been discovered
2021-05-09 10:45:02 commandServer The command SetSensitivitys(CommunicationServer.Protocol.Command.CMDSetSensitivitys) has been discovered
2021-05-09 10:45:02 commandServer The command StartSample(CommunicationServer.Protocol.Command.CMDStartSample) has been discovered
2021-05-09 10:45:02 commandServer The command StopSample(CommunicationServer.Protocol.Command.CMDStopSample) has been discovered
2021-05-09 10:45:02 commandServer The command TailError(CommunicationServer.Protocol.Command.CMDTailError) has been discovered
2021-05-09 10:45:02 commandServer The command UnKnow(CommunicationServer.Protocol.Command.CMDUnknow) has been discovered
2021-05-09 10:45:02 commandServer The command SetCVParam(CommunicationServer.Protocol.Command.CMDSetCVParam) has been discovered
2021-05-09 10:45:02 commandServer Listener (192.168.14.18:8765) was started
2021-05-09 10:45:11 ECH192.MainForm 1 针板上升
2021-05-09 10:45:11 ECH192.MainForm 1 针板上升
2021-05-09 10:48:47 commandServer The command CRCError(CommunicationServer.Protocol.Command.CMDCRCError) has been discovered
2021-05-09 10:48:47 commandServer The command EnableChannels(CommunicationServer.Protocol.Command.CMDEnableChannels) has been discovered
2021-05-09 10:48:47 commandServer The command GetIPMessage(CommunicationServer.Protocol.Command.CMDGetIPMessage) has been discovered
2021-05-09 10:48:47 commandServer The command GetSampleData(CommunicationServer.Protocol.Command.CMDGetSampleData) has been discovered
2021-05-09 10:48:47 commandServer The command SelfCheck(CommunicationServer.Protocol.Command.CMDSelfCheck) has been discovered
2021-05-09 10:48:47 commandServer The command SetITParam(CommunicationServer.Protocol.Command.CMDSetITParam) has been discovered
2021-05-09 10:48:47 commandServer The command GetVersion(CommunicationServer.Protocol.Command.CMDGetVersion) has been discovered
2021-05-09 10:48:47 commandServer The command HeadError(CommunicationServer.Protocol.Command.CMDHeadError) has been discovered
2021-05-09 10:48:47 commandServer The command HeartBeat(CommunicationServer.Protocol.Command.CMDHeartBeat) has been discovered
2021-05-09 10:48:47 commandServer The command RestartSystem(CommunicationServer.Protocol.Command.CMDRestartSystem) has been discovered
2021-05-09 10:48:47 commandServer The command SetSensitivitys(CommunicationServer.Protocol.Command.CMDSetSensitivitys) has been discovered
2021-05-09 10:48:47 commandServer The command StartSample(CommunicationServer.Protocol.Command.CMDStartSample) has been discovered
2021-05-09 10:48:47 commandServer The command StopSample(CommunicationServer.Protocol.Command.CMDStopSample) has been discovered
2021-05-09 10:48:47 commandServer The command TailError(CommunicationServer.Protocol.Command.CMDTailError) has been discovered
2021-05-09 10:48:47 commandServer The command UnKnow(CommunicationServer.Protocol.Command.CMDUnknow) has been discovered
2021-05-09 10:48:47 commandServer The command SetCVParam(CommunicationServer.Protocol.Command.CMDSetCVParam) has been discovered
2021-05-09 10:48:47 commandServer Listener (192.168.14.18:8765) was started
2021-05-09 10:49:51 commandServer The command CRCError(CommunicationServer.Protocol.Command.CMDCRCError) has been discovered
2021-05-09 10:49:51 commandServer The command EnableChannels(CommunicationServer.Protocol.Command.CMDEnableChannels) has been discovered
2021-05-09 10:49:51 commandServer The command GetIPMessage(CommunicationServer.Protocol.Command.CMDGetIPMessage) has been discovered
2021-05-09 10:49:51 commandServer The command GetSampleData(CommunicationServer.Protocol.Command.CMDGetSampleData) has been discovered
2021-05-09 10:49:51 commandServer The command SelfCheck(CommunicationServer.Protocol.Command.CMDSelfCheck) has been discovered
2021-05-09 10:49:51 commandServer The command SetITParam(CommunicationServer.Protocol.Command.CMDSetITParam) has been discovered
2021-05-09 10:49:51 commandServer The command GetVersion(CommunicationServer.Protocol.Command.CMDGetVersion) has been discovered
2021-05-09 10:49:51 commandServer The command HeadError(CommunicationServer.Protocol.Command.CMDHeadError) has been discovered
2021-05-09 10:49:51 commandServer The command HeartBeat(CommunicationServer.Protocol.Command.CMDHeartBeat) has been discovered
2021-05-09 10:49:51 commandServer The command RestartSystem(CommunicationServer.Protocol.Command.CMDRestartSystem) has been discovered
2021-05-09 10:49:51 commandServer The command SetSensitivitys(CommunicationServer.Protocol.Command.CMDSetSensitivitys) has been discovered
2021-05-09 10:49:51 commandServer The command StartSample(CommunicationServer.Protocol.Command.CMDStartSample) has been discovered
2021-05-09 10:49:51 commandServer The command StopSample(CommunicationServer.Protocol.Command.CMDStopSample) has been discovered
2021-05-09 10:49:51 commandServer The command TailError(CommunicationServer.Protocol.Command.CMDTailError) has been discovered
2021-05-09 10:49:51 commandServer The command UnKnow(CommunicationServer.Protocol.Command.CMDUnknow) has been discovered
2021-05-09 10:49:51 commandServer The command SetCVParam(CommunicationServer.Protocol.Command.CMDSetCVParam) has been discovered
2021-05-09 10:49:51 commandServer Listener (192.168.14.18:8765) was started
2021-05-09 10:51:25 ECH192.MainForm 1 CV法扫描
2021-05-09 10:51:25 ECH192.MainForm 1 CV法扫描
2021-05-09 10:54:16 commandServer The command CRCError(CommunicationServer.Protocol.Command.CMDCRCError) has been discovered
2021-05-09 10:54:16 commandServer The command EnableChannels(CommunicationServer.Protocol.Command.CMDEnableChannels) has been discovered
2021-05-09 10:54:16 commandServer The command GetIPMessage(CommunicationServer.Protocol.Command.CMDGetIPMessage) has been discovered
2021-05-09 10:54:16 commandServer The command GetSampleData(CommunicationServer.Protocol.Command.CMDGetSampleData) has been discovered
2021-05-09 10:54:16 commandServer The command SelfCheck(CommunicationServer.Protocol.Command.CMDSelfCheck) has been discovered
2021-05-09 10:54:16 commandServer The command SetITParam(CommunicationServer.Protocol.Command.CMDSetITParam) has been discovered
2021-05-09 10:54:16 commandServer The command GetVersion(CommunicationServer.Protocol.Command.CMDGetVersion) has been discovered
2021-05-09 10:54:16 commandServer The command HeadError(CommunicationServer.Protocol.Command.CMDHeadError) has been discovered
2021-05-09 10:54:16 commandServer The command HeartBeat(CommunicationServer.Protocol.Command.CMDHeartBeat) has been discovered
2021-05-09 10:54:16 commandServer The command RestartSystem(CommunicationServer.Protocol.Command.CMDRestartSystem) has been discovered
2021-05-09 10:54:16 commandServer The command SetSensitivitys(CommunicationServer.Protocol.Command.CMDSetSensitivitys) has been discovered
2021-05-09 10:54:16 commandServer The command StartSample(CommunicationServer.Protocol.Command.CMDStartSample) has been discovered
2021-05-09 10:54:16 commandServer The command StopSample(CommunicationServer.Protocol.Command.CMDStopSample) has been discovered
2021-05-09 10:54:16 commandServer The command TailError(CommunicationServer.Protocol.Command.CMDTailError) has been discovered
2021-05-09 10:54:16 commandServer The command UnKnow(CommunicationServer.Protocol.Command.CMDUnknow) has been discovered
2021-05-09 10:54:16 commandServer The command SetCVParam(CommunicationServer.Protocol.Command.CMDSetCVParam) has been discovered
2021-05-09 10:54:16 commandServer Listener (192.168.14.18:8765) was started
2021-05-09 10:54:47 commandServer The command CRCError(CommunicationServer.Protocol.Command.CMDCRCError) has been discovered
2021-05-09 10:54:47 commandServer The command EnableChannels(CommunicationServer.Protocol.Command.CMDEnableChannels) has been discovered
2021-05-09 10:54:47 commandServer The command GetIPMessage(CommunicationServer.Protocol.Command.CMDGetIPMessage) has been discovered
2021-05-09 10:54:47 commandServer The command GetSampleData(CommunicationServer.Protocol.Command.CMDGetSampleData) has been discovered
2021-05-09 10:54:47 commandServer The command SelfCheck(CommunicationServer.Protocol.Command.CMDSelfCheck) has been discovered
2021-05-09 10:54:47 commandServer The command SetITParam(CommunicationServer.Protocol.Command.CMDSetITParam) has been discovered
2021-05-09 10:54:47 commandServer The command GetVersion(CommunicationServer.Protocol.Command.CMDGetVersion) has been discovered
2021-05-09 10:54:47 commandServer The command HeadError(CommunicationServer.Protocol.Command.CMDHeadError) has been discovered
2021-05-09 10:54:47 commandServer The command HeartBeat(CommunicationServer.Protocol.Command.CMDHeartBeat) has been discovered
2021-05-09 10:54:47 commandServer The command RestartSystem(CommunicationServer.Protocol.Command.CMDRestartSystem) has been discovered
2021-05-09 10:54:47 commandServer The command SetSensitivitys(CommunicationServer.Protocol.Command.CMDSetSensitivitys) has been discovered
2021-05-09 10:54:47 commandServer The command StartSample(CommunicationServer.Protocol.Command.CMDStartSample) has been discovered
2021-05-09 10:54:47 commandServer The command StopSample(CommunicationServer.Protocol.Command.CMDStopSample) has been discovered
2021-05-09 10:54:47 commandServer The command TailError(CommunicationServer.Protocol.Command.CMDTailError) has been discovered
2021-05-09 10:54:47 commandServer The command UnKnow(CommunicationServer.Protocol.Command.CMDUnknow) has been discovered
2021-05-09 10:54:47 commandServer The command SetCVParam(CommunicationServer.Protocol.Command.CMDSetCVParam) has been discovered
2021-05-09 10:54:47 commandServer Listener (192.168.14.18:8765) was started
2021-05-09 11:03:07 commandServer The command CRCError(CommunicationServer.Protocol.Command.CMDCRCError) has been discovered
2021-05-09 11:03:07 commandServer The command EnableChannels(CommunicationServer.Protocol.Command.CMDEnableChannels) has been discovered
2021-05-09 11:03:07 commandServer The command GetIPMessage(CommunicationServer.Protocol.Command.CMDGetIPMessage) has been discovered
2021-05-09 11:03:07 commandServer The command GetSampleData(CommunicationServer.Protocol.Command.CMDGetSampleData) has been discovered
2021-05-09 11:03:07 commandServer The command SelfCheck(CommunicationServer.Protocol.Command.CMDSelfCheck) has been discovered
2021-05-09 11:03:07 commandServer The command SetITParam(CommunicationServer.Protocol.Command.CMDSetITParam) has been discovered
2021-05-09 11:03:07 commandServer The command GetVersion(CommunicationServer.Protocol.Command.CMDGetVersion) has been discovered
2021-05-09 11:03:07 commandServer The command HeadError(CommunicationServer.Protocol.Command.CMDHeadError) has been discovered
2021-05-09 11:03:07 commandServer The command HeartBeat(CommunicationServer.Protocol.Command.CMDHeartBeat) has been discovered
2021-05-09 11:03:07 commandServer The command RestartSystem(CommunicationServer.Protocol.Command.CMDRestartSystem) has been discovered
2021-05-09 11:03:07 commandServer The command SetSensitivitys(CommunicationServer.Protocol.Command.CMDSetSensitivitys) has been discovered
2021-05-09 11:03:07 commandServer The command StartSample(CommunicationServer.Protocol.Command.CMDStartSample) has been discovered
2021-05-09 11:03:07 commandServer The command StopSample(CommunicationServer.Protocol.Command.CMDStopSample) has been discovered
2021-05-09 11:03:07 commandServer The command TailError(CommunicationServer.Protocol.Command.CMDTailError) has been discovered
2021-05-09 11:03:07 commandServer The command UnKnow(CommunicationServer.Protocol.Command.CMDUnknow) has been discovered
2021-05-09 11:03:07 commandServer The command SetCVParam(CommunicationServer.Protocol.Command.CMDSetCVParam) has been discovered
2021-05-09 11:03:07 commandServer Listener (192.168.14.18:8765) was started
2021-05-09 11:04:19 ECH192.MainForm 1 IT法电沉积
2021-05-09 11:04:19 ECH192.MainForm 1 IT法电沉积
2021-05-09 11:04:59 commandServer The command CRCError(CommunicationServer.Protocol.Command.CMDCRCError) has been discovered
2021-05-09 11:04:59 commandServer The command EnableChannels(CommunicationServer.Protocol.Command.CMDEnableChannels) has been discovered
2021-05-09 11:04:59 commandServer The command GetIPMessage(CommunicationServer.Protocol.Command.CMDGetIPMessage) has been discovered
2021-05-09 11:04:59 commandServer The command GetSampleData(CommunicationServer.Protocol.Command.CMDGetSampleData) has been discovered
2021-05-09 11:04:59 commandServer The command SelfCheck(CommunicationServer.Protocol.Command.CMDSelfCheck) has been discovered
2021-05-09 11:04:59 commandServer The command SetITParam(CommunicationServer.Protocol.Command.CMDSetITParam) has been discovered
2021-05-09 11:04:59 commandServer The command GetVersion(CommunicationServer.Protocol.Command.CMDGetVersion) has been discovered
2021-05-09 11:04:59 commandServer The command HeadError(CommunicationServer.Protocol.Command.CMDHeadError) has been discovered
2021-05-09 11:04:59 commandServer The command HeartBeat(CommunicationServer.Protocol.Command.CMDHeartBeat) has been discovered
2021-05-09 11:04:59 commandServer The command RestartSystem(CommunicationServer.Protocol.Command.CMDRestartSystem) has been discovered
2021-05-09 11:04:59 commandServer The command SetSensitivitys(CommunicationServer.Protocol.Command.CMDSetSensitivitys) has been discovered
2021-05-09 11:04:59 commandServer The command StartSample(CommunicationServer.Protocol.Command.CMDStartSample) has been discovered
2021-05-09 11:04:59 commandServer The command StopSample(CommunicationServer.Protocol.Command.CMDStopSample) has been discovered
2021-05-09 11:04:59 commandServer The command TailError(CommunicationServer.Protocol.Command.CMDTailError) has been discovered
2021-05-09 11:04:59 commandServer The command UnKnow(CommunicationServer.Protocol.Command.CMDUnknow) has been discovered
2021-05-09 11:04:59 commandServer The command SetCVParam(CommunicationServer.Protocol.Command.CMDSetCVParam) has been discovered
2021-05-09 11:04:59 commandServer Listener (192.168.14.18:8765) was started
2021-05-09 13:54:29 commandServer The command CRCError(CommunicationServer.Protocol.Command.CMDCRCError) has been discovered
2021-05-09 13:54:29 commandServer The command EnableChannels(CommunicationServer.Protocol.Command.CMDEnableChannels) has been discovered
2021-05-09 13:54:29 commandServer The command GetIPMessage(CommunicationServer.Protocol.Command.CMDGetIPMessage) has been discovered
2021-05-09 13:54:29 commandServer The command GetSampleData(CommunicationServer.Protocol.Command.CMDGetSampleData) has been discovered
2021-05-09 13:54:29 commandServer The command SelfCheck(CommunicationServer.Protocol.Command.CMDSelfCheck) has been discovered
2021-05-09 13:54:29 commandServer The command SetITParam(CommunicationServer.Protocol.Command.CMDSetITParam) has been discovered
2021-05-09 13:54:29 commandServer The command GetVersion(CommunicationServer.Protocol.Command.CMDGetVersion) has been discovered
2021-05-09 13:54:29 commandServer The command HeadError(CommunicationServer.Protocol.Command.CMDHeadError) has been discovered
2021-05-09 13:54:29 commandServer The command HeartBeat(CommunicationServer.Protocol.Command.CMDHeartBeat) has been discovered
2021-05-09 13:54:29 commandServer The command RestartSystem(CommunicationServer.Protocol.Command.CMDRestartSystem) has been discovered
2021-05-09 13:54:29 commandServer The command SetSensitivitys(CommunicationServer.Protocol.Command.CMDSetSensitivitys) has been discovered
2021-05-09 13:54:29 commandServer The command StartSample(CommunicationServer.Protocol.Command.CMDStartSample) has been discovered
2021-05-09 13:54:29 commandServer The command StopSample(CommunicationServer.Protocol.Command.CMDStopSample) has been discovered
2021-05-09 13:54:29 commandServer The command TailError(CommunicationServer.Protocol.Command.CMDTailError) has been discovered
2021-05-09 13:54:29 commandServer The command UnKnow(CommunicationServer.Protocol.Command.CMDUnknow) has been discovered
2021-05-09 13:54:29 commandServer The command SetCVParam(CommunicationServer.Protocol.Command.CMDSetCVParam) has been discovered
2021-05-09 13:54:29 commandServer Listener (192.168.14.18:8765) was started
2021-05-09 15:11:26 commandServer The command CRCError(CommunicationServer.Protocol.Command.CMDCRCError) has been discovered
2021-05-09 15:11:26 commandServer The command EnableChannels(CommunicationServer.Protocol.Command.CMDEnableChannels) has been discovered
2021-05-09 15:11:26 commandServer The command GetIPMessage(CommunicationServer.Protocol.Command.CMDGetIPMessage) has been discovered
2021-05-09 15:11:26 commandServer The command GetSampleData(CommunicationServer.Protocol.Command.CMDGetSampleData) has been discovered
2021-05-09 15:11:26 commandServer The command SelfCheck(CommunicationServer.Protocol.Command.CMDSelfCheck) has been discovered
2021-05-09 15:11:26 commandServer The command SetITParam(CommunicationServer.Protocol.Command.CMDSetITParam) has been discovered
2021-05-09 15:11:26 commandServer The command GetVersion(CommunicationServer.Protocol.Command.CMDGetVersion) has been discovered
2021-05-09 15:11:26 commandServer The command HeadError(CommunicationServer.Protocol.Command.CMDHeadError) has been discovered
2021-05-09 15:11:26 commandServer The command HeartBeat(CommunicationServer.Protocol.Command.CMDHeartBeat) has been discovered
2021-05-09 15:11:26 commandServer The command RestartSystem(CommunicationServer.Protocol.Command.CMDRestartSystem) has been discovered
2021-05-09 15:11:26 commandServer The command SetSensitivitys(CommunicationServer.Protocol.Command.CMDSetSensitivitys) has been discovered
2021-05-09 15:11:26 commandServer The command StartSample(CommunicationServer.Protocol.Command.CMDStartSample) has been discovered
2021-05-09 15:11:26 commandServer The command StopSample(CommunicationServer.Protocol.Command.CMDStopSample) has been discovered
2021-05-09 15:11:26 commandServer The command TailError(CommunicationServer.Protocol.Command.CMDTailError) has been discovered
2021-05-09 15:11:26 commandServer The command UnKnow(CommunicationServer.Protocol.Command.CMDUnknow) has been discovered
2021-05-09 15:11:26 commandServer The command SetCVParam(CommunicationServer.Protocol.Command.CMDSetCVParam) has been discovered
2021-05-09 15:11:26 commandServer Listener (192.168.14.18:8765) was started
2021-05-09 15:12:49 commandServer The command CRCError(CommunicationServer.Protocol.Command.CMDCRCError) has been discovered
2021-05-09 15:12:49 commandServer The command EnableChannels(CommunicationServer.Protocol.Command.CMDEnableChannels) has been discovered
2021-05-09 15:12:49 commandServer The command GetIPMessage(CommunicationServer.Protocol.Command.CMDGetIPMessage) has been discovered
2021-05-09 15:12:49 commandServer The command GetSampleData(CommunicationServer.Protocol.Command.CMDGetSampleData) has been discovered
2021-05-09 15:12:49 commandServer The command SelfCheck(CommunicationServer.Protocol.Command.CMDSelfCheck) has been discovered
2021-05-09 15:12:49 commandServer The command SetITParam(CommunicationServer.Protocol.Command.CMDSetITParam) has been discovered
2021-05-09 15:12:49 commandServer The command GetVersion(CommunicationServer.Protocol.Command.CMDGetVersion) has been discovered
2021-05-09 15:12:49 commandServer The command HeadError(CommunicationServer.Protocol.Command.CMDHeadError) has been discovered
2021-05-09 15:12:49 commandServer The command HeartBeat(CommunicationServer.Protocol.Command.CMDHeartBeat) has been discovered
2021-05-09 15:12:49 commandServer The command RestartSystem(CommunicationServer.Protocol.Command.CMDRestartSystem) has been discovered
2021-05-09 15:12:49 commandServer The command SetSensitivitys(CommunicationServer.Protocol.Command.CMDSetSensitivitys) has been discovered
2021-05-09 15:12:49 commandServer The command StartSample(CommunicationServer.Protocol.Command.CMDStartSample) has been discovered
2021-05-09 15:12:49 commandServer The command StopSample(CommunicationServer.Protocol.Command.CMDStopSample) has been discovered
2021-05-09 15:12:49 commandServer The command TailError(CommunicationServer.Protocol.Command.CMDTailError) has been discovered
2021-05-09 15:12:49 commandServer The command UnKnow(CommunicationServer.Protocol.Command.CMDUnknow) has been discovered
2021-05-09 15:12:49 commandServer The command SetCVParam(CommunicationServer.Protocol.Command.CMDSetCVParam) has been discovered
2021-05-09 15:12:49 commandServer Listener (192.168.14.18:8765) was started
