2020-09-30 15:20:14 commandServer The command CRCError(CommunicationServer.Protocol.Command.CMDCRCError) has been discovered
2020-09-30 15:20:16 commandServer The command EnableChannels(CommunicationServer.Protocol.Command.CMDEnableChannels) has been discovered
2020-09-30 15:20:18 commandServer The command GetIPMessage(CommunicationServer.Protocol.Command.CMDGetIPMessage) has been discovered
2020-09-30 15:20:18 commandServer The command GetSampleData(CommunicationServer.Protocol.Command.CMDGetSampleData) has been discovered
2020-09-30 15:20:18 commandServer The command SetITParam(CommunicationServer.Protocol.Command.CMDSetITParam) has been discovered
2020-09-30 15:20:18 commandServer The command GetVersion(CommunicationServer.Protocol.Command.CMDGetVersion) has been discovered
2020-09-30 15:20:18 commandServer The command HeadError(CommunicationServer.Protocol.Command.CMDHeadError) has been discovered
2020-09-30 15:20:18 commandServer The command HeartBeat(CommunicationServer.Protocol.Command.CMDHeartBeat) has been discovered
2020-09-30 15:20:18 commandServer The command RestartSystem(CommunicationServer.Protocol.Command.CMDRestartSystem) has been discovered
2020-09-30 15:20:18 commandServer The command SetSensitivitys(CommunicationServer.Protocol.Command.CMDSetSensitivitys) has been discovered
2020-09-30 15:20:18 commandServer The command StartSample(CommunicationServer.Protocol.Command.CMDStartSample) has been discovered
2020-09-30 15:20:18 commandServer The command StopSample(CommunicationServer.Protocol.Command.CMDStopSample) has been discovered
2020-09-30 15:20:18 commandServer The command TailError(CommunicationServer.Protocol.Command.CMDTailError) has been discovered
2020-09-30 15:20:18 commandServer The command UnKnow(CommunicationServer.Protocol.Command.CMDUnknow) has been discovered
2020-09-30 15:20:18 commandServer The command SetCVParam(CommunicationServer.Protocol.Command.CMDSetCVParam) has been discovered
2020-09-30 15:20:23 commandServer Listener (192.168.14.33:8765) failed to start
2020-09-30 15:20:33 ECH192.MainForm 2222222:2020-09-30 15:20:33:129
2020-09-30 15:20:33 ECH192.MainForm 2222222:2020-09-30 15:20:33:171
2020-09-30 15:20:33 ECH192.MainForm 2222222:2020-09-30 15:20:33:172
2020-09-30 15:20:33 ECH192.MainForm 2222222:2020-09-30 15:20:33:172
2020-09-30 15:20:33 ECH192.MainForm 2222222:2020-09-30 15:20:33:172
2020-09-30 15:20:33 ECH192.MainForm 2222222:2020-09-30 15:20:33:174
2020-09-30 15:20:34 ECH192.MainForm 2222222:2020-09-30 15:20:34:822
2020-09-30 15:20:34 ECH192.MainForm 2222222:2020-09-30 15:20:34:822
2020-09-30 15:20:34 ECH192.MainForm 2222222:2020-09-30 15:20:34:822
2020-09-30 15:20:34 ECH192.MainForm 2222222:2020-09-30 15:20:34:822
2020-09-30 15:20:34 ECH192.MainForm 2222222:2020-09-30 15:20:34:823
2020-09-30 15:20:34 ECH192.MainForm 2222222:2020-09-30 15:20:34:823
2020-09-30 15:20:35 ECH192.MainForm 2222222:2020-09-30 15:20:35:398
2020-09-30 15:20:35 ECH192.MainForm 2222222:2020-09-30 15:20:35:398
2020-09-30 15:20:35 ECH192.MainForm 2222222:2020-09-30 15:20:35:399
2020-09-30 15:20:35 ECH192.MainForm 2222222:2020-09-30 15:20:35:399
2020-09-30 15:20:35 ECH192.MainForm 2222222:2020-09-30 15:20:35:400
2020-09-30 15:20:35 ECH192.MainForm 2222222:2020-09-30 15:20:35:405
2020-09-30 15:20:35 ECH192.MainForm 2222222:2020-09-30 15:20:35:598
2020-09-30 15:20:35 ECH192.MainForm 2222222:2020-09-30 15:20:35:598
2020-09-30 15:20:35 ECH192.MainForm 2222222:2020-09-30 15:20:35:599
2020-09-30 15:20:35 ECH192.MainForm 2222222:2020-09-30 15:20:35:599
2020-09-30 15:20:35 ECH192.MainForm 2222222:2020-09-30 15:20:35:600
2020-09-30 15:20:35 ECH192.MainForm 2222222:2020-09-30 15:20:35:600
2020-09-30 15:20:35 ECH192.MainForm 2222222:2020-09-30 15:20:35:768
2020-09-30 15:20:35 ECH192.MainForm 2222222:2020-09-30 15:20:35:770
2020-09-30 15:20:35 ECH192.MainForm 2222222:2020-09-30 15:20:35:771
2020-09-30 15:20:35 ECH192.MainForm 2222222:2020-09-30 15:20:35:772
2020-09-30 15:20:35 ECH192.MainForm 2222222:2020-09-30 15:20:35:772
2020-09-30 15:20:35 ECH192.MainForm 2222222:2020-09-30 15:20:35:773
2020-09-30 15:20:35 ECH192.MainForm 2222222:2020-09-30 15:20:35:924
2020-09-30 15:20:35 ECH192.MainForm 2222222:2020-09-30 15:20:35:924
2020-09-30 15:20:35 ECH192.MainForm 2222222:2020-09-30 15:20:35:924
2020-09-30 15:20:35 ECH192.MainForm 2222222:2020-09-30 15:20:35:925
2020-09-30 15:20:35 ECH192.MainForm 2222222:2020-09-30 15:20:35:925
2020-09-30 15:20:35 ECH192.MainForm 2222222:2020-09-30 15:20:35:925
2020-09-30 15:20:36 ECH192.MainForm 2222222:2020-09-30 15:20:36:081
2020-09-30 15:20:36 ECH192.MainForm 2222222:2020-09-30 15:20:36:082
2020-09-30 15:20:36 ECH192.MainForm 2222222:2020-09-30 15:20:36:084
2020-09-30 15:20:36 ECH192.MainForm 2222222:2020-09-30 15:20:36:088
2020-09-30 15:20:36 ECH192.MainForm 2222222:2020-09-30 15:20:36:089
2020-09-30 15:20:36 ECH192.MainForm 2222222:2020-09-30 15:20:36:090
2020-09-30 15:20:36 ECH192.MainForm 2222222:2020-09-30 15:20:36:244
2020-09-30 15:20:36 ECH192.MainForm 2222222:2020-09-30 15:20:36:245
2020-09-30 15:20:36 ECH192.MainForm 2222222:2020-09-30 15:20:36:246
2020-09-30 15:20:36 ECH192.MainForm 2222222:2020-09-30 15:20:36:246
2020-09-30 15:20:36 ECH192.MainForm 2222222:2020-09-30 15:20:36:247
2020-09-30 15:20:36 ECH192.MainForm 2222222:2020-09-30 15:20:36:248
2020-09-30 15:20:36 ECH192.MainForm 2222222:2020-09-30 15:20:36:410
2020-09-30 15:20:36 ECH192.MainForm 2222222:2020-09-30 15:20:36:412
2020-09-30 15:20:36 ECH192.MainForm 2222222:2020-09-30 15:20:36:414
2020-09-30 15:20:36 ECH192.MainForm 2222222:2020-09-30 15:20:36:415
2020-09-30 15:20:36 ECH192.MainForm 2222222:2020-09-30 15:20:36:415
2020-09-30 15:20:36 ECH192.MainForm 2222222:2020-09-30 15:20:36:416
2020-09-30 15:20:36 ECH192.MainForm 2222222:2020-09-30 15:20:36:541
2020-09-30 15:20:36 ECH192.MainForm 2222222:2020-09-30 15:20:36:542
2020-09-30 15:20:36 ECH192.MainForm 2222222:2020-09-30 15:20:36:543
2020-09-30 15:20:36 ECH192.MainForm 2222222:2020-09-30 15:20:36:544
2020-09-30 15:20:36 ECH192.MainForm 2222222:2020-09-30 15:20:36:544
2020-09-30 15:20:36 ECH192.MainForm 2222222:2020-09-30 15:20:36:545
2020-09-30 15:20:36 ECH192.MainForm 2222222:2020-09-30 15:20:36:698
2020-09-30 15:20:36 ECH192.MainForm 2222222:2020-09-30 15:20:36:700
2020-09-30 15:20:36 ECH192.MainForm 2222222:2020-09-30 15:20:36:702
2020-09-30 15:20:36 ECH192.MainForm 2222222:2020-09-30 15:20:36:706
2020-09-30 15:20:36 ECH192.MainForm 2222222:2020-09-30 15:20:36:709
2020-09-30 15:20:36 ECH192.MainForm 2222222:2020-09-30 15:20:36:711
2020-09-30 15:20:36 ECH192.MainForm 2222222:2020-09-30 15:20:36:848
2020-09-30 15:20:36 ECH192.MainForm 2222222:2020-09-30 15:20:36:850
2020-09-30 15:20:36 ECH192.MainForm 2222222:2020-09-30 15:20:36:851
2020-09-30 15:20:36 ECH192.MainForm 2222222:2020-09-30 15:20:36:853
2020-09-30 15:20:36 ECH192.MainForm 2222222:2020-09-30 15:20:36:858
2020-09-30 15:20:36 ECH192.MainForm 2222222:2020-09-30 15:20:36:861
2020-09-30 15:20:37 ECH192.MainForm 2222222:2020-09-30 15:20:37:008
2020-09-30 15:20:37 ECH192.MainForm 2222222:2020-09-30 15:20:37:009
2020-09-30 15:20:37 ECH192.MainForm 2222222:2020-09-30 15:20:37:013
2020-09-30 15:20:37 ECH192.MainForm 2222222:2020-09-30 15:20:37:014
2020-09-30 15:20:37 ECH192.MainForm 2222222:2020-09-30 15:20:37:015
2020-09-30 15:20:37 ECH192.MainForm 2222222:2020-09-30 15:20:37:015
2020-09-30 15:20:37 ECH192.MainForm 2222222:2020-09-30 15:20:37:167
2020-09-30 15:20:37 ECH192.MainForm 2222222:2020-09-30 15:20:37:168
2020-09-30 15:20:37 ECH192.MainForm 2222222:2020-09-30 15:20:37:170
2020-09-30 15:20:37 ECH192.MainForm 2222222:2020-09-30 15:20:37:171
2020-09-30 15:20:37 ECH192.MainForm 2222222:2020-09-30 15:20:37:174
2020-09-30 15:20:37 ECH192.MainForm 2222222:2020-09-30 15:20:37:175
2020-09-30 15:20:37 ECH192.MainForm 2222222:2020-09-30 15:20:37:481
2020-09-30 15:20:37 ECH192.MainForm 2222222:2020-09-30 15:20:37:483
2020-09-30 15:20:37 ECH192.MainForm 2222222:2020-09-30 15:20:37:485
2020-09-30 15:20:37 ECH192.MainForm 2222222:2020-09-30 15:20:37:487
2020-09-30 15:20:37 ECH192.MainForm 2222222:2020-09-30 15:20:37:489
2020-09-30 15:20:37 ECH192.MainForm 2222222:2020-09-30 15:20:37:518
2020-09-30 15:20:37 ECH192.MainForm 2222222:2020-09-30 15:20:37:637
2020-09-30 15:20:37 ECH192.MainForm 2222222:2020-09-30 15:20:37:637
2020-09-30 15:20:37 ECH192.MainForm 2222222:2020-09-30 15:20:37:638
2020-09-30 15:20:37 ECH192.MainForm 2222222:2020-09-30 15:20:37:638
2020-09-30 15:20:37 ECH192.MainForm 2222222:2020-09-30 15:20:37:639
2020-09-30 15:20:37 ECH192.MainForm 2222222:2020-09-30 15:20:37:641
2020-09-30 15:20:37 ECH192.MainForm 2222222:2020-09-30 15:20:37:810
2020-09-30 15:20:37 ECH192.MainForm 2222222:2020-09-30 15:20:37:813
2020-09-30 15:20:37 ECH192.MainForm 2222222:2020-09-30 15:20:37:817
2020-09-30 15:20:37 ECH192.MainForm 2222222:2020-09-30 15:20:37:819
2020-09-30 15:20:37 ECH192.MainForm 2222222:2020-09-30 15:20:37:822
2020-09-30 15:20:37 ECH192.MainForm 2222222:2020-09-30 15:20:37:825
2020-09-30 15:20:37 ECH192.MainForm 2222222:2020-09-30 15:20:37:954
2020-09-30 15:20:37 ECH192.MainForm 2222222:2020-09-30 15:20:37:956
2020-09-30 15:20:37 ECH192.MainForm 2222222:2020-09-30 15:20:37:959
2020-09-30 15:20:37 ECH192.MainForm 2222222:2020-09-30 15:20:37:961
2020-09-30 15:20:37 ECH192.MainForm 2222222:2020-09-30 15:20:37:963
2020-09-30 15:20:37 ECH192.MainForm 2222222:2020-09-30 15:20:37:966
2020-09-30 15:20:38 ECH192.MainForm 2222222:2020-09-30 15:20:38:109
2020-09-30 15:20:38 ECH192.MainForm 2222222:2020-09-30 15:20:38:113
2020-09-30 15:20:38 ECH192.MainForm 2222222:2020-09-30 15:20:38:116
2020-09-30 15:20:38 ECH192.MainForm 2222222:2020-09-30 15:20:38:119
2020-09-30 15:20:38 ECH192.MainForm 2222222:2020-09-30 15:20:38:122
2020-09-30 15:20:38 ECH192.MainForm 2222222:2020-09-30 15:20:38:124
2020-09-30 15:20:38 ECH192.MainForm 2222222:2020-09-30 15:20:38:276
2020-09-30 15:20:38 ECH192.MainForm 2222222:2020-09-30 15:20:38:278
2020-09-30 15:20:38 ECH192.MainForm 2222222:2020-09-30 15:20:38:280
2020-09-30 15:20:38 ECH192.MainForm 2222222:2020-09-30 15:20:38:282
2020-09-30 15:20:38 ECH192.MainForm 2222222:2020-09-30 15:20:38:285
2020-09-30 15:20:38 ECH192.MainForm 2222222:2020-09-30 15:20:38:287
2020-09-30 15:20:38 ECH192.MainForm 2222222:2020-09-30 15:20:38:420
2020-09-30 15:20:38 ECH192.MainForm 2222222:2020-09-30 15:20:38:422
2020-09-30 15:20:38 ECH192.MainForm 2222222:2020-09-30 15:20:38:424
2020-09-30 15:20:38 ECH192.MainForm 2222222:2020-09-30 15:20:38:425
2020-09-30 15:20:38 ECH192.MainForm 2222222:2020-09-30 15:20:38:426
2020-09-30 15:20:38 ECH192.MainForm 2222222:2020-09-30 15:20:38:427
2020-09-30 15:20:38 ECH192.MainForm 2222222:2020-09-30 15:20:38:568
2020-09-30 15:20:38 ECH192.MainForm 2222222:2020-09-30 15:20:38:571
2020-09-30 15:20:38 ECH192.MainForm 2222222:2020-09-30 15:20:38:573
2020-09-30 15:20:38 ECH192.MainForm 2222222:2020-09-30 15:20:38:575
2020-09-30 15:20:38 ECH192.MainForm 2222222:2020-09-30 15:20:38:576
2020-09-30 15:20:38 ECH192.MainForm 2222222:2020-09-30 15:20:38:578
2020-09-30 15:20:38 ECH192.MainForm 2222222:2020-09-30 15:20:38:904
2020-09-30 15:20:38 ECH192.MainForm 2222222:2020-09-30 15:20:38:905
2020-09-30 15:20:38 ECH192.MainForm 2222222:2020-09-30 15:20:38:907
2020-09-30 15:20:38 ECH192.MainForm 2222222:2020-09-30 15:20:38:909
2020-09-30 15:20:38 ECH192.MainForm 2222222:2020-09-30 15:20:38:911
2020-09-30 15:20:38 ECH192.MainForm 2222222:2020-09-30 15:20:38:912
2020-09-30 15:20:39 ECH192.MainForm 2222222:2020-09-30 15:20:39:072
2020-09-30 15:20:39 ECH192.MainForm 2222222:2020-09-30 15:20:39:076
2020-09-30 15:20:39 ECH192.MainForm 2222222:2020-09-30 15:20:39:078
2020-09-30 15:20:39 ECH192.MainForm 2222222:2020-09-30 15:20:39:081
2020-09-30 15:20:39 ECH192.MainForm 2222222:2020-09-30 15:20:39:083
2020-09-30 15:20:39 ECH192.MainForm 2222222:2020-09-30 15:20:39:085
2020-09-30 15:20:39 ECH192.MainForm 2222222:2020-09-30 15:20:39:239
2020-09-30 15:20:39 ECH192.MainForm 2222222:2020-09-30 15:20:39:243
2020-09-30 15:20:39 ECH192.MainForm 2222222:2020-09-30 15:20:39:246
2020-09-30 15:20:39 ECH192.MainForm 2222222:2020-09-30 15:20:39:249
2020-09-30 15:20:39 ECH192.MainForm 2222222:2020-09-30 15:20:39:251
2020-09-30 15:20:39 ECH192.MainForm 2222222:2020-09-30 15:20:39:269
2020-09-30 15:20:39 ECH192.MainForm 2222222:2020-09-30 15:20:39:408
2020-09-30 15:20:39 ECH192.MainForm 2222222:2020-09-30 15:20:39:410
2020-09-30 15:20:39 ECH192.MainForm 2222222:2020-09-30 15:20:39:414
2020-09-30 15:20:39 ECH192.MainForm 2222222:2020-09-30 15:20:39:415
2020-09-30 15:20:39 ECH192.MainForm 2222222:2020-09-30 15:20:39:416
2020-09-30 15:20:39 ECH192.MainForm 2222222:2020-09-30 15:20:39:417
2020-09-30 15:20:39 ECH192.MainForm 2222222:2020-09-30 15:20:39:565
2020-09-30 15:20:39 ECH192.MainForm 2222222:2020-09-30 15:20:39:569
2020-09-30 15:20:39 ECH192.MainForm 2222222:2020-09-30 15:20:39:571
2020-09-30 15:20:39 ECH192.MainForm 2222222:2020-09-30 15:20:39:573
2020-09-30 15:20:39 ECH192.MainForm 2222222:2020-09-30 15:20:39:575
2020-09-30 15:20:39 ECH192.MainForm 2222222:2020-09-30 15:20:39:576
2020-09-30 15:20:39 ECH192.MainForm 2222222:2020-09-30 15:20:39:717
2020-09-30 15:20:39 ECH192.MainForm 2222222:2020-09-30 15:20:39:721
2020-09-30 15:20:39 ECH192.MainForm 2222222:2020-09-30 15:20:39:724
2020-09-30 15:20:39 ECH192.MainForm 2222222:2020-09-30 15:20:39:731
2020-09-30 15:20:39 ECH192.MainForm 2222222:2020-09-30 15:20:39:736
2020-09-30 15:20:39 ECH192.MainForm 2222222:2020-09-30 15:20:39:743
2020-09-30 15:20:39 ECH192.MainForm 2222222:2020-09-30 15:20:39:878
2020-09-30 15:20:39 ECH192.MainForm 2222222:2020-09-30 15:20:39:882
2020-09-30 15:20:39 ECH192.MainForm 2222222:2020-09-30 15:20:39:888
2020-09-30 15:20:39 ECH192.MainForm 2222222:2020-09-30 15:20:39:893
2020-09-30 15:20:39 ECH192.MainForm 2222222:2020-09-30 15:20:39:895
2020-09-30 15:20:39 ECH192.MainForm 2222222:2020-09-30 15:20:39:897
2020-09-30 15:20:40 ECH192.MainForm 2222222:2020-09-30 15:20:40:023
2020-09-30 15:20:40 ECH192.MainForm 2222222:2020-09-30 15:20:40:025
2020-09-30 15:20:40 ECH192.MainForm 2222222:2020-09-30 15:20:40:027
2020-09-30 15:20:40 ECH192.MainForm 2222222:2020-09-30 15:20:40:029
2020-09-30 15:20:40 ECH192.MainForm 2222222:2020-09-30 15:20:40:031
2020-09-30 15:20:40 ECH192.MainForm 2222222:2020-09-30 15:20:40:033
2020-09-30 15:20:40 ECH192.MainForm 2222222:2020-09-30 15:20:40:192
2020-09-30 15:20:40 ECH192.MainForm 2222222:2020-09-30 15:20:40:197
2020-09-30 15:20:40 ECH192.MainForm 2222222:2020-09-30 15:20:40:199
2020-09-30 15:20:40 ECH192.MainForm 2222222:2020-09-30 15:20:40:201
2020-09-30 15:20:40 ECH192.MainForm 2222222:2020-09-30 15:20:40:202
2020-09-30 15:20:40 ECH192.MainForm 2222222:2020-09-30 15:20:40:204
2020-09-30 15:20:40 ECH192.MainForm 2222222:2020-09-30 15:20:40:357
2020-09-30 15:20:40 ECH192.MainForm 2222222:2020-09-30 15:20:40:359
2020-09-30 15:20:40 ECH192.MainForm 2222222:2020-09-30 15:20:40:360
2020-09-30 15:20:40 ECH192.MainForm 2222222:2020-09-30 15:20:40:362
2020-09-30 15:20:40 ECH192.MainForm 2222222:2020-09-30 15:20:40:365
2020-09-30 15:20:40 ECH192.MainForm 2222222:2020-09-30 15:20:40:367
2020-09-30 15:20:40 ECH192.MainForm 2222222:2020-09-30 15:20:40:528
2020-09-30 15:20:40 ECH192.MainForm 2222222:2020-09-30 15:20:40:531
2020-09-30 15:20:40 ECH192.MainForm 2222222:2020-09-30 15:20:40:535
2020-09-30 15:20:40 ECH192.MainForm 2222222:2020-09-30 15:20:40:540
2020-09-30 15:20:40 ECH192.MainForm 2222222:2020-09-30 15:20:40:549
2020-09-30 15:20:40 ECH192.MainForm 2222222:2020-09-30 15:20:40:552
2020-09-30 15:20:40 ECH192.MainForm 2222222:2020-09-30 15:20:40:652
2020-09-30 15:20:40 ECH192.MainForm 2222222:2020-09-30 15:20:40:653
2020-09-30 15:20:40 ECH192.MainForm 2222222:2020-09-30 15:20:40:654
2020-09-30 15:20:40 ECH192.MainForm 2222222:2020-09-30 15:20:40:655
2020-09-30 15:20:40 ECH192.MainForm 2222222:2020-09-30 15:20:40:656
2020-09-30 15:20:40 ECH192.MainForm 2222222:2020-09-30 15:20:40:659
2020-09-30 15:20:40 ECH192.MainForm 2222222:2020-09-30 15:20:40:819
2020-09-30 15:20:40 ECH192.MainForm 2222222:2020-09-30 15:20:40:823
2020-09-30 15:20:40 ECH192.MainForm 2222222:2020-09-30 15:20:40:826
2020-09-30 15:20:40 ECH192.MainForm 2222222:2020-09-30 15:20:40:828
2020-09-30 15:20:40 ECH192.MainForm 2222222:2020-09-30 15:20:40:849
2020-09-30 15:20:40 ECH192.MainForm 2222222:2020-09-30 15:20:40:850
2020-09-30 15:20:40 ECH192.MainForm 2222222:2020-09-30 15:20:40:964
2020-09-30 15:20:40 ECH192.MainForm 2222222:2020-09-30 15:20:40:965
2020-09-30 15:20:40 ECH192.MainForm 2222222:2020-09-30 15:20:40:968
2020-09-30 15:20:40 ECH192.MainForm 2222222:2020-09-30 15:20:40:969
2020-09-30 15:20:40 ECH192.MainForm 2222222:2020-09-30 15:20:40:970
2020-09-30 15:20:40 ECH192.MainForm 2222222:2020-09-30 15:20:40:972
2020-09-30 15:20:41 ECH192.MainForm 2222222:2020-09-30 15:20:41:312
2020-09-30 15:20:41 ECH192.MainForm 2222222:2020-09-30 15:20:41:314
2020-09-30 15:20:41 ECH192.MainForm 2222222:2020-09-30 15:20:41:317
2020-09-30 15:20:41 ECH192.MainForm 2222222:2020-09-30 15:20:41:321
2020-09-30 15:20:41 ECH192.MainForm 2222222:2020-09-30 15:20:41:324
2020-09-30 15:20:41 ECH192.MainForm 2222222:2020-09-30 15:20:41:327
2020-09-30 15:20:41 ECH192.MainForm 2222222:2020-09-30 15:20:41:503
2020-09-30 15:20:41 ECH192.MainForm 2222222:2020-09-30 15:20:41:506
2020-09-30 15:20:41 ECH192.MainForm 2222222:2020-09-30 15:20:41:508
2020-09-30 15:20:41 ECH192.MainForm 2222222:2020-09-30 15:20:41:510
2020-09-30 15:20:41 ECH192.MainForm 2222222:2020-09-30 15:20:41:512
2020-09-30 15:20:41 ECH192.MainForm 2222222:2020-09-30 15:20:41:515
2020-09-30 15:20:41 ECH192.MainForm 2222222:2020-09-30 15:20:41:656
2020-09-30 15:20:41 ECH192.MainForm 2222222:2020-09-30 15:20:41:660
2020-09-30 15:20:41 ECH192.MainForm 2222222:2020-09-30 15:20:41:662
2020-09-30 15:20:41 ECH192.MainForm 2222222:2020-09-30 15:20:41:665
2020-09-30 15:20:41 ECH192.MainForm 2222222:2020-09-30 15:20:41:668
2020-09-30 15:20:41 ECH192.MainForm 2222222:2020-09-30 15:20:41:670
2020-09-30 15:20:41 ECH192.MainForm 2222222:2020-09-30 15:20:41:839
2020-09-30 15:20:41 ECH192.MainForm 2222222:2020-09-30 15:20:41:844
2020-09-30 15:20:41 ECH192.MainForm 2222222:2020-09-30 15:20:41:848
2020-09-30 15:20:41 ECH192.MainForm 2222222:2020-09-30 15:20:41:857
2020-09-30 15:20:41 ECH192.MainForm 2222222:2020-09-30 15:20:41:859
2020-09-30 15:20:41 ECH192.MainForm 2222222:2020-09-30 15:20:41:862
2020-09-30 15:20:41 ECH192.MainForm 2222222:2020-09-30 15:20:41:965
2020-09-30 15:20:41 ECH192.MainForm 2222222:2020-09-30 15:20:41:966
2020-09-30 15:20:41 ECH192.MainForm 2222222:2020-09-30 15:20:41:967
2020-09-30 15:20:41 ECH192.MainForm 2222222:2020-09-30 15:20:41:969
2020-09-30 15:20:41 ECH192.MainForm 2222222:2020-09-30 15:20:41:970
2020-09-30 15:20:41 ECH192.MainForm 2222222:2020-09-30 15:20:41:971
2020-09-30 15:20:42 ECH192.MainForm 2222222:2020-09-30 15:20:42:135
2020-09-30 15:20:42 ECH192.MainForm 2222222:2020-09-30 15:20:42:141
2020-09-30 15:20:42 ECH192.MainForm 2222222:2020-09-30 15:20:42:145
2020-09-30 15:20:42 ECH192.MainForm 2222222:2020-09-30 15:20:42:149
2020-09-30 15:20:42 ECH192.MainForm 2222222:2020-09-30 15:20:42:152
2020-09-30 15:20:42 ECH192.MainForm 2222222:2020-09-30 15:20:42:156
2020-09-30 15:20:42 ECH192.MainForm 2222222:2020-09-30 15:20:42:309
2020-09-30 15:20:42 ECH192.MainForm 2222222:2020-09-30 15:20:42:311
2020-09-30 15:20:42 ECH192.MainForm 2222222:2020-09-30 15:20:42:312
2020-09-30 15:20:42 ECH192.MainForm 2222222:2020-09-30 15:20:42:314
2020-09-30 15:20:42 ECH192.MainForm 2222222:2020-09-30 15:20:42:315
2020-09-30 15:20:42 ECH192.MainForm 2222222:2020-09-30 15:20:42:317
2020-09-30 15:20:42 ECH192.MainForm 2222222:2020-09-30 15:20:42:493
2020-09-30 15:20:42 ECH192.MainForm 2222222:2020-09-30 15:20:42:503
2020-09-30 15:20:42 ECH192.MainForm 2222222:2020-09-30 15:20:42:505
2020-09-30 15:20:42 ECH192.MainForm 2222222:2020-09-30 15:20:42:507
2020-09-30 15:20:42 ECH192.MainForm 2222222:2020-09-30 15:20:42:509
2020-09-30 15:20:42 ECH192.MainForm 2222222:2020-09-30 15:20:42:511
2020-09-30 15:20:42 ECH192.MainForm 2222222:2020-09-30 15:20:42:671
2020-09-30 15:20:42 ECH192.MainForm 2222222:2020-09-30 15:20:42:677
2020-09-30 15:20:42 ECH192.MainForm 2222222:2020-09-30 15:20:42:684
2020-09-30 15:20:42 ECH192.MainForm 2222222:2020-09-30 15:20:42:686
2020-09-30 15:20:42 ECH192.MainForm 2222222:2020-09-30 15:20:42:690
2020-09-30 15:20:42 ECH192.MainForm 2222222:2020-09-30 15:20:42:693
2020-09-30 15:20:42 ECH192.MainForm 2222222:2020-09-30 15:20:42:822
2020-09-30 15:20:42 ECH192.MainForm 2222222:2020-09-30 15:20:42:823
2020-09-30 15:20:42 ECH192.MainForm 2222222:2020-09-30 15:20:42:827
2020-09-30 15:20:42 ECH192.MainForm 2222222:2020-09-30 15:20:42:828
2020-09-30 15:20:42 ECH192.MainForm 2222222:2020-09-30 15:20:42:830
2020-09-30 15:20:42 ECH192.MainForm 2222222:2020-09-30 15:20:42:831
2020-09-30 15:20:42 ECH192.MainForm 2222222:2020-09-30 15:20:42:978
2020-09-30 15:20:42 ECH192.MainForm 2222222:2020-09-30 15:20:42:983
2020-09-30 15:20:42 ECH192.MainForm 2222222:2020-09-30 15:20:42:986
2020-09-30 15:20:42 ECH192.MainForm 2222222:2020-09-30 15:20:42:988
2020-09-30 15:20:42 ECH192.MainForm 2222222:2020-09-30 15:20:42:991
2020-09-30 15:20:42 ECH192.MainForm 2222222:2020-09-30 15:20:42:998
2020-09-30 15:20:43 ECH192.MainForm 2222222:2020-09-30 15:20:43:133
2020-09-30 15:20:43 ECH192.MainForm 2222222:2020-09-30 15:20:43:138
2020-09-30 15:20:43 ECH192.MainForm 2222222:2020-09-30 15:20:43:145
2020-09-30 15:20:43 ECH192.MainForm 2222222:2020-09-30 15:20:43:150
2020-09-30 15:20:43 ECH192.MainForm 2222222:2020-09-30 15:20:43:155
2020-09-30 15:20:43 ECH192.MainForm 2222222:2020-09-30 15:20:43:161
2020-09-30 15:20:43 ECH192.MainForm 2222222:2020-09-30 15:20:43:301
2020-09-30 15:20:43 ECH192.MainForm 2222222:2020-09-30 15:20:43:302
2020-09-30 15:20:43 ECH192.MainForm 2222222:2020-09-30 15:20:43:304
2020-09-30 15:20:43 ECH192.MainForm 2222222:2020-09-30 15:20:43:305
2020-09-30 15:20:43 ECH192.MainForm 2222222:2020-09-30 15:20:43:307
2020-09-30 15:20:43 ECH192.MainForm 2222222:2020-09-30 15:20:43:308
2020-09-30 15:20:43 ECH192.MainForm 2222222:2020-09-30 15:20:43:461
2020-09-30 15:20:43 ECH192.MainForm 2222222:2020-09-30 15:20:43:465
2020-09-30 15:20:43 ECH192.MainForm 2222222:2020-09-30 15:20:43:467
2020-09-30 15:20:43 ECH192.MainForm 2222222:2020-09-30 15:20:43:470
2020-09-30 15:20:43 ECH192.MainForm 2222222:2020-09-30 15:20:43:473
2020-09-30 15:20:43 ECH192.MainForm 2222222:2020-09-30 15:20:43:476
2020-09-30 15:20:43 ECH192.MainForm 2222222:2020-09-30 15:20:43:613
2020-09-30 15:20:43 ECH192.MainForm 2222222:2020-09-30 15:20:43:615
2020-09-30 15:20:43 ECH192.MainForm 2222222:2020-09-30 15:20:43:618
2020-09-30 15:20:43 ECH192.MainForm 2222222:2020-09-30 15:20:43:621
2020-09-30 15:20:43 ECH192.MainForm 2222222:2020-09-30 15:20:43:625
2020-09-30 15:20:43 ECH192.MainForm 2222222:2020-09-30 15:20:43:629
2020-09-30 15:20:43 ECH192.MainForm 2222222:2020-09-30 15:20:43:773
2020-09-30 15:20:43 ECH192.MainForm 2222222:2020-09-30 15:20:43:774
2020-09-30 15:20:43 ECH192.MainForm 2222222:2020-09-30 15:20:43:776
2020-09-30 15:20:43 ECH192.MainForm 2222222:2020-09-30 15:20:43:777
2020-09-30 15:20:43 ECH192.MainForm 2222222:2020-09-30 15:20:43:779
2020-09-30 15:20:43 ECH192.MainForm 2222222:2020-09-30 15:20:43:781
2020-09-30 15:20:43 ECH192.MainForm 2222222:2020-09-30 15:20:43:956
2020-09-30 15:20:43 ECH192.MainForm 2222222:2020-09-30 15:20:43:963
2020-09-30 15:20:43 ECH192.MainForm 2222222:2020-09-30 15:20:43:970
2020-09-30 15:20:43 ECH192.MainForm 2222222:2020-09-30 15:20:43:974
2020-09-30 15:20:43 ECH192.MainForm 2222222:2020-09-30 15:20:43:976
2020-09-30 15:20:43 ECH192.MainForm 2222222:2020-09-30 15:20:43:978
2020-09-30 15:20:44 ECH192.MainForm 2222222:2020-09-30 15:20:44:109
2020-09-30 15:20:44 ECH192.MainForm 2222222:2020-09-30 15:20:44:110
2020-09-30 15:20:44 ECH192.MainForm 2222222:2020-09-30 15:20:44:113
2020-09-30 15:20:44 ECH192.MainForm 2222222:2020-09-30 15:20:44:116
2020-09-30 15:20:44 ECH192.MainForm 2222222:2020-09-30 15:20:44:119
2020-09-30 15:20:44 ECH192.MainForm 2222222:2020-09-30 15:20:44:121
2020-09-30 15:20:44 ECH192.MainForm 2222222:2020-09-30 15:20:44:267
2020-09-30 15:20:44 ECH192.MainForm 2222222:2020-09-30 15:20:44:275
2020-09-30 15:20:44 ECH192.MainForm 2222222:2020-09-30 15:20:44:281
2020-09-30 15:20:44 ECH192.MainForm 2222222:2020-09-30 15:20:44:305
2020-09-30 15:20:44 ECH192.MainForm 2222222:2020-09-30 15:20:44:308
2020-09-30 15:20:44 ECH192.MainForm 2222222:2020-09-30 15:20:44:311
2020-09-30 15:20:44 ECH192.MainForm 2222222:2020-09-30 15:20:44:424
2020-09-30 15:20:44 ECH192.MainForm 2222222:2020-09-30 15:20:44:426
2020-09-30 15:20:44 ECH192.MainForm 2222222:2020-09-30 15:20:44:428
2020-09-30 15:20:44 ECH192.MainForm 2222222:2020-09-30 15:20:44:429
2020-09-30 15:20:44 ECH192.MainForm 2222222:2020-09-30 15:20:44:431
2020-09-30 15:20:44 ECH192.MainForm 2222222:2020-09-30 15:20:44:433
2020-09-30 15:20:44 ECH192.MainForm 2222222:2020-09-30 15:20:44:573
2020-09-30 15:20:44 ECH192.MainForm 2222222:2020-09-30 15:20:44:574
2020-09-30 15:20:44 ECH192.MainForm 2222222:2020-09-30 15:20:44:576
2020-09-30 15:20:44 ECH192.MainForm 2222222:2020-09-30 15:20:44:581
2020-09-30 15:20:44 ECH192.MainForm 2222222:2020-09-30 15:20:44:583
2020-09-30 15:20:44 ECH192.MainForm 2222222:2020-09-30 15:20:44:584
2020-09-30 15:20:44 ECH192.MainForm 2222222:2020-09-30 15:20:44:750
2020-09-30 15:20:44 ECH192.MainForm 2222222:2020-09-30 15:20:44:755
2020-09-30 15:20:44 ECH192.MainForm 2222222:2020-09-30 15:20:44:758
2020-09-30 15:20:44 ECH192.MainForm 2222222:2020-09-30 15:20:44:760
2020-09-30 15:20:44 ECH192.MainForm 2222222:2020-09-30 15:20:44:763
2020-09-30 15:20:44 ECH192.MainForm 2222222:2020-09-30 15:20:44:765
2020-09-30 15:20:44 ECH192.MainForm 2222222:2020-09-30 15:20:44:921
2020-09-30 15:20:44 ECH192.MainForm 2222222:2020-09-30 15:20:44:925
2020-09-30 15:20:44 ECH192.MainForm 2222222:2020-09-30 15:20:44:932
2020-09-30 15:20:44 ECH192.MainForm 2222222:2020-09-30 15:20:44:939
2020-09-30 15:20:44 ECH192.MainForm 2222222:2020-09-30 15:20:44:946
2020-09-30 15:20:44 ECH192.MainForm 2222222:2020-09-30 15:20:44:949
2020-09-30 15:20:45 ECH192.MainForm 2222222:2020-09-30 15:20:45:094
2020-09-30 15:20:45 ECH192.MainForm 2222222:2020-09-30 15:20:45:096
2020-09-30 15:20:45 ECH192.MainForm 2222222:2020-09-30 15:20:45:097
2020-09-30 15:20:45 ECH192.MainForm 2222222:2020-09-30 15:20:45:099
2020-09-30 15:20:45 ECH192.MainForm 2222222:2020-09-30 15:20:45:101
2020-09-30 15:20:45 ECH192.MainForm 2222222:2020-09-30 15:20:45:103
2020-09-30 15:20:45 ECH192.MainForm 2222222:2020-09-30 15:20:45:253
2020-09-30 15:20:45 ECH192.MainForm 2222222:2020-09-30 15:20:45:255
2020-09-30 15:20:45 ECH192.MainForm 2222222:2020-09-30 15:20:45:257
2020-09-30 15:20:45 ECH192.MainForm 2222222:2020-09-30 15:20:45:259
2020-09-30 15:20:45 ECH192.MainForm 2222222:2020-09-30 15:20:45:261
2020-09-30 15:20:45 ECH192.MainForm 2222222:2020-09-30 15:20:45:262
2020-09-30 15:20:45 ECH192.MainForm 2222222:2020-09-30 15:20:45:438
2020-09-30 15:20:45 ECH192.MainForm 2222222:2020-09-30 15:20:45:445
2020-09-30 15:20:45 ECH192.MainForm 2222222:2020-09-30 15:20:45:448
2020-09-30 15:20:45 ECH192.MainForm 2222222:2020-09-30 15:20:45:450
2020-09-30 15:20:45 ECH192.MainForm 2222222:2020-09-30 15:20:45:454
2020-09-30 15:20:45 ECH192.MainForm 2222222:2020-09-30 15:20:45:457
2020-09-30 15:20:45 ECH192.MainForm 2222222:2020-09-30 15:20:45:613
2020-09-30 15:20:45 ECH192.MainForm 2222222:2020-09-30 15:20:45:615
2020-09-30 15:20:45 ECH192.MainForm 2222222:2020-09-30 15:20:45:617
2020-09-30 15:20:45 ECH192.MainForm 2222222:2020-09-30 15:20:45:619
2020-09-30 15:20:45 ECH192.MainForm 2222222:2020-09-30 15:20:45:621
2020-09-30 15:20:45 ECH192.MainForm 2222222:2020-09-30 15:20:45:625
2020-09-30 15:20:45 ECH192.MainForm 2222222:2020-09-30 15:20:45:798
2020-09-30 15:20:45 ECH192.MainForm 2222222:2020-09-30 15:20:45:804
2020-09-30 15:20:45 ECH192.MainForm 2222222:2020-09-30 15:20:45:807
2020-09-30 15:20:45 ECH192.MainForm 2222222:2020-09-30 15:20:45:811
2020-09-30 15:20:45 ECH192.MainForm 2222222:2020-09-30 15:20:45:815
2020-09-30 15:20:45 ECH192.MainForm 2222222:2020-09-30 15:20:45:821
2020-09-30 15:20:46 ECH192.MainForm 2222222:2020-09-30 15:20:46:130
2020-09-30 15:20:46 ECH192.MainForm 2222222:2020-09-30 15:20:46:136
2020-09-30 15:20:46 ECH192.MainForm 2222222:2020-09-30 15:20:46:169
2020-09-30 15:20:46 ECH192.MainForm 2222222:2020-09-30 15:20:46:179
2020-09-30 15:20:46 ECH192.MainForm 2222222:2020-09-30 15:20:46:190
2020-09-30 15:20:46 ECH192.MainForm 2222222:2020-09-30 15:20:46:200
2020-09-30 15:20:46 ECH192.MainForm 2222222:2020-09-30 15:20:46:338
2020-09-30 15:20:46 ECH192.MainForm 2222222:2020-09-30 15:20:46:341
2020-09-30 15:20:46 ECH192.MainForm 2222222:2020-09-30 15:20:46:343
2020-09-30 15:20:46 ECH192.MainForm 2222222:2020-09-30 15:20:46:345
2020-09-30 15:20:46 ECH192.MainForm 2222222:2020-09-30 15:20:46:347
2020-09-30 15:20:46 ECH192.MainForm 2222222:2020-09-30 15:20:46:349
2020-09-30 15:20:46 ECH192.MainForm 2222222:2020-09-30 15:20:46:477
2020-09-30 15:20:46 ECH192.MainForm 2222222:2020-09-30 15:20:46:479
2020-09-30 15:20:46 ECH192.MainForm 2222222:2020-09-30 15:20:46:481
2020-09-30 15:20:46 ECH192.MainForm 2222222:2020-09-30 15:20:46:483
2020-09-30 15:20:46 ECH192.MainForm 2222222:2020-09-30 15:20:46:486
2020-09-30 15:20:46 ECH192.MainForm 2222222:2020-09-30 15:20:46:488
2020-09-30 15:20:47 ECH192.MainForm 2222222:2020-09-30 15:20:47:279
2020-09-30 15:20:47 ECH192.MainForm 2222222:2020-09-30 15:20:47:286
2020-09-30 15:20:47 ECH192.MainForm 2222222:2020-09-30 15:20:47:293
2020-09-30 15:20:47 ECH192.MainForm 2222222:2020-09-30 15:20:47:307
2020-09-30 15:20:47 ECH192.MainForm 2222222:2020-09-30 15:20:47:310
2020-09-30 15:20:47 ECH192.MainForm 2222222:2020-09-30 15:20:47:313
2020-09-30 15:20:47 ECH192.MainForm 2222222:2020-09-30 15:20:47:465
2020-09-30 15:20:47 ECH192.MainForm 2222222:2020-09-30 15:20:47:467
2020-09-30 15:20:47 ECH192.MainForm 2222222:2020-09-30 15:20:47:470
2020-09-30 15:20:47 ECH192.MainForm 2222222:2020-09-30 15:20:47:472
2020-09-30 15:20:47 ECH192.MainForm 2222222:2020-09-30 15:20:47:474
2020-09-30 15:20:47 ECH192.MainForm 2222222:2020-09-30 15:20:47:476
2020-09-30 15:20:47 ECH192.MainForm 2222222:2020-09-30 15:20:47:662
2020-09-30 15:20:47 ECH192.MainForm 2222222:2020-09-30 15:20:47:667
2020-09-30 15:20:47 ECH192.MainForm 2222222:2020-09-30 15:20:47:669
2020-09-30 15:20:47 ECH192.MainForm 2222222:2020-09-30 15:20:47:671
2020-09-30 15:20:47 ECH192.MainForm 2222222:2020-09-30 15:20:47:673
2020-09-30 15:20:47 ECH192.MainForm 2222222:2020-09-30 15:20:47:675
2020-09-30 15:20:47 ECH192.MainForm 2222222:2020-09-30 15:20:47:814
2020-09-30 15:20:47 ECH192.MainForm 2222222:2020-09-30 15:20:47:816
2020-09-30 15:20:47 ECH192.MainForm 2222222:2020-09-30 15:20:47:818
2020-09-30 15:20:47 ECH192.MainForm 2222222:2020-09-30 15:20:47:822
2020-09-30 15:20:47 ECH192.MainForm 2222222:2020-09-30 15:20:47:824
2020-09-30 15:20:47 ECH192.MainForm 2222222:2020-09-30 15:20:47:828
2020-09-30 15:20:47 ECH192.MainForm 2222222:2020-09-30 15:20:47:965
2020-09-30 15:20:47 ECH192.MainForm 2222222:2020-09-30 15:20:47:969
2020-09-30 15:20:47 ECH192.MainForm 2222222:2020-09-30 15:20:47:971
2020-09-30 15:20:47 ECH192.MainForm 2222222:2020-09-30 15:20:47:973
2020-09-30 15:20:47 ECH192.MainForm 2222222:2020-09-30 15:20:47:975
2020-09-30 15:20:47 ECH192.MainForm 2222222:2020-09-30 15:20:47:980
2020-09-30 15:20:48 ECH192.MainForm 2222222:2020-09-30 15:20:48:134
2020-09-30 15:20:48 ECH192.MainForm 2222222:2020-09-30 15:20:48:137
2020-09-30 15:20:48 ECH192.MainForm 2222222:2020-09-30 15:20:48:139
2020-09-30 15:20:48 ECH192.MainForm 2222222:2020-09-30 15:20:48:143
2020-09-30 15:20:48 ECH192.MainForm 2222222:2020-09-30 15:20:48:145
2020-09-30 15:20:48 ECH192.MainForm 2222222:2020-09-30 15:20:48:148
2020-09-30 15:20:48 ECH192.MainForm 2222222:2020-09-30 15:20:48:301
2020-09-30 15:20:48 ECH192.MainForm 2222222:2020-09-30 15:20:48:303
2020-09-30 15:20:48 ECH192.MainForm 2222222:2020-09-30 15:20:48:307
2020-09-30 15:20:48 ECH192.MainForm 2222222:2020-09-30 15:20:48:309
2020-09-30 15:20:48 ECH192.MainForm 2222222:2020-09-30 15:20:48:311
2020-09-30 15:20:48 ECH192.MainForm 2222222:2020-09-30 15:20:48:315
2020-09-30 15:20:48 ECH192.MainForm 2222222:2020-09-30 15:20:48:462
2020-09-30 15:20:48 ECH192.MainForm 2222222:2020-09-30 15:20:48:465
2020-09-30 15:20:48 ECH192.MainForm 2222222:2020-09-30 15:20:48:488
2020-09-30 15:20:48 ECH192.MainForm 2222222:2020-09-30 15:20:48:490
2020-09-30 15:20:48 ECH192.MainForm 2222222:2020-09-30 15:20:48:494
2020-09-30 15:20:48 ECH192.MainForm 2222222:2020-09-30 15:20:48:496
2020-09-30 15:20:48 ECH192.MainForm 2222222:2020-09-30 15:20:48:635
2020-09-30 15:20:48 ECH192.MainForm 2222222:2020-09-30 15:20:48:639
2020-09-30 15:20:48 ECH192.MainForm 2222222:2020-09-30 15:20:48:643
2020-09-30 15:20:48 ECH192.MainForm 2222222:2020-09-30 15:20:48:645
2020-09-30 15:20:48 ECH192.MainForm 2222222:2020-09-30 15:20:48:647
2020-09-30 15:20:48 ECH192.MainForm 2222222:2020-09-30 15:20:48:649
2020-09-30 15:20:48 ECH192.MainForm 2222222:2020-09-30 15:20:48:789
2020-09-30 15:20:48 ECH192.MainForm 2222222:2020-09-30 15:20:48:792
2020-09-30 15:20:48 ECH192.MainForm 2222222:2020-09-30 15:20:48:797
2020-09-30 15:20:48 ECH192.MainForm 2222222:2020-09-30 15:20:48:799
2020-09-30 15:20:48 ECH192.MainForm 2222222:2020-09-30 15:20:48:802
2020-09-30 15:20:48 ECH192.MainForm 2222222:2020-09-30 15:20:48:805
2020-09-30 15:20:48 ECH192.MainForm 2222222:2020-09-30 15:20:48:950
2020-09-30 15:20:48 ECH192.MainForm 2222222:2020-09-30 15:20:48:954
2020-09-30 15:20:48 ECH192.MainForm 2222222:2020-09-30 15:20:48:956
2020-09-30 15:20:48 ECH192.MainForm 2222222:2020-09-30 15:20:48:958
2020-09-30 15:20:48 ECH192.MainForm 2222222:2020-09-30 15:20:48:961
2020-09-30 15:20:48 ECH192.MainForm 2222222:2020-09-30 15:20:48:963
2020-09-30 15:20:49 ECH192.MainForm 2222222:2020-09-30 15:20:49:126
2020-09-30 15:20:49 ECH192.MainForm 2222222:2020-09-30 15:20:49:129
2020-09-30 15:20:49 ECH192.MainForm 2222222:2020-09-30 15:20:49:131
2020-09-30 15:20:49 ECH192.MainForm 2222222:2020-09-30 15:20:49:134
2020-09-30 15:20:49 ECH192.MainForm 2222222:2020-09-30 15:20:49:137
2020-09-30 15:20:49 ECH192.MainForm 2222222:2020-09-30 15:20:49:139
2020-09-30 15:20:49 ECH192.MainForm 2222222:2020-09-30 15:20:49:459
2020-09-30 15:20:49 ECH192.MainForm 2222222:2020-09-30 15:20:49:466
2020-09-30 15:20:49 ECH192.MainForm 2222222:2020-09-30 15:20:49:471
2020-09-30 15:20:49 ECH192.MainForm 2222222:2020-09-30 15:20:49:478
2020-09-30 15:20:49 ECH192.MainForm 2222222:2020-09-30 15:20:49:483
2020-09-30 15:20:49 ECH192.MainForm 2222222:2020-09-30 15:20:49:492
2020-09-30 15:20:49 ECH192.MainForm 2222222:2020-09-30 15:20:49:639
2020-09-30 15:20:49 ECH192.MainForm 2222222:2020-09-30 15:20:49:642
2020-09-30 15:20:49 ECH192.MainForm 2222222:2020-09-30 15:20:49:644
2020-09-30 15:20:49 ECH192.MainForm 2222222:2020-09-30 15:20:49:646
2020-09-30 15:20:49 ECH192.MainForm 2222222:2020-09-30 15:20:49:652
2020-09-30 15:20:49 ECH192.MainForm 2222222:2020-09-30 15:20:49:654
2020-09-30 15:20:49 ECH192.MainForm 2222222:2020-09-30 15:20:49:804
2020-09-30 15:20:49 ECH192.MainForm 2222222:2020-09-30 15:20:49:807
2020-09-30 15:20:49 ECH192.MainForm 2222222:2020-09-30 15:20:49:811
2020-09-30 15:20:49 ECH192.MainForm 2222222:2020-09-30 15:20:49:813
2020-09-30 15:20:49 ECH192.MainForm 2222222:2020-09-30 15:20:49:816
2020-09-30 15:20:49 ECH192.MainForm 2222222:2020-09-30 15:20:49:820
2020-09-30 15:20:49 ECH192.MainForm 2222222:2020-09-30 15:20:49:968
2020-09-30 15:20:49 ECH192.MainForm 2222222:2020-09-30 15:20:49:970
2020-09-30 15:20:49 ECH192.MainForm 2222222:2020-09-30 15:20:49:974
2020-09-30 15:20:49 ECH192.MainForm 2222222:2020-09-30 15:20:49:976
2020-09-30 15:20:49 ECH192.MainForm 2222222:2020-09-30 15:20:49:979
2020-09-30 15:20:49 ECH192.MainForm 2222222:2020-09-30 15:20:49:983
2020-09-30 15:20:50 ECH192.MainForm 2222222:2020-09-30 15:20:50:142
2020-09-30 15:20:50 ECH192.MainForm 2222222:2020-09-30 15:20:50:145
2020-09-30 15:20:50 ECH192.MainForm 2222222:2020-09-30 15:20:50:147
2020-09-30 15:20:50 ECH192.MainForm 2222222:2020-09-30 15:20:50:152
2020-09-30 15:20:50 ECH192.MainForm 2222222:2020-09-30 15:20:50:155
2020-09-30 15:20:50 ECH192.MainForm 2222222:2020-09-30 15:20:50:157
2020-09-30 15:20:50 ECH192.MainForm 2222222:2020-09-30 15:20:50:309
2020-09-30 15:20:50 ECH192.MainForm 2222222:2020-09-30 15:20:50:332
2020-09-30 15:20:50 ECH192.MainForm 2222222:2020-09-30 15:20:50:337
2020-09-30 15:20:50 ECH192.MainForm 2222222:2020-09-30 15:20:50:340
2020-09-30 15:20:50 ECH192.MainForm 2222222:2020-09-30 15:20:50:342
2020-09-30 15:20:50 ECH192.MainForm 2222222:2020-09-30 15:20:50:345
2020-09-30 15:20:50 ECH192.MainForm 2222222:2020-09-30 15:20:50:498
2020-09-30 15:20:50 ECH192.MainForm 2222222:2020-09-30 15:20:50:501
2020-09-30 15:20:50 ECH192.MainForm 2222222:2020-09-30 15:20:50:503
2020-09-30 15:20:50 ECH192.MainForm 2222222:2020-09-30 15:20:50:506
2020-09-30 15:20:50 ECH192.MainForm 2222222:2020-09-30 15:20:50:512
2020-09-30 15:20:50 ECH192.MainForm 2222222:2020-09-30 15:20:50:515
2020-09-30 15:20:50 ECH192.MainForm 2222222:2020-09-30 15:20:50:670
2020-09-30 15:20:50 ECH192.MainForm 2222222:2020-09-30 15:20:50:674
2020-09-30 15:20:50 ECH192.MainForm 2222222:2020-09-30 15:20:50:678
2020-09-30 15:20:50 ECH192.MainForm 2222222:2020-09-30 15:20:50:680
2020-09-30 15:20:50 ECH192.MainForm 2222222:2020-09-30 15:20:50:683
2020-09-30 15:20:50 ECH192.MainForm 2222222:2020-09-30 15:20:50:686
2020-09-30 15:20:50 ECH192.MainForm 2222222:2020-09-30 15:20:50:843
2020-09-30 15:20:50 ECH192.MainForm 2222222:2020-09-30 15:20:50:846
2020-09-30 15:20:50 ECH192.MainForm 2222222:2020-09-30 15:20:50:848
2020-09-30 15:20:50 ECH192.MainForm 2222222:2020-09-30 15:20:50:853
2020-09-30 15:20:50 ECH192.MainForm 2222222:2020-09-30 15:20:50:856
2020-09-30 15:20:50 ECH192.MainForm 2222222:2020-09-30 15:20:50:858
2020-09-30 15:20:51 ECH192.MainForm 2222222:2020-09-30 15:20:51:018
2020-09-30 15:20:51 ECH192.MainForm 2222222:2020-09-30 15:20:51:023
2020-09-30 15:20:51 ECH192.MainForm 2222222:2020-09-30 15:20:51:025
2020-09-30 15:20:51 ECH192.MainForm 2222222:2020-09-30 15:20:51:029
2020-09-30 15:20:51 ECH192.MainForm 2222222:2020-09-30 15:20:51:032
2020-09-30 15:20:51 ECH192.MainForm 2222222:2020-09-30 15:20:51:034
2020-09-30 15:20:51 ECH192.MainForm 2222222:2020-09-30 15:20:51:196
2020-09-30 15:20:51 ECH192.MainForm 2222222:2020-09-30 15:20:51:201
2020-09-30 15:20:51 ECH192.MainForm 2222222:2020-09-30 15:20:51:203
2020-09-30 15:20:51 ECH192.MainForm 2222222:2020-09-30 15:20:51:206
2020-09-30 15:20:51 ECH192.MainForm 2222222:2020-09-30 15:20:51:209
2020-09-30 15:20:51 ECH192.MainForm 2222222:2020-09-30 15:20:51:212
2020-09-30 15:20:51 ECH192.MainForm 2222222:2020-09-30 15:20:51:374
2020-09-30 15:20:51 ECH192.MainForm 2222222:2020-09-30 15:20:51:378
2020-09-30 15:20:51 ECH192.MainForm 2222222:2020-09-30 15:20:51:381
2020-09-30 15:20:51 ECH192.MainForm 2222222:2020-09-30 15:20:51:384
2020-09-30 15:20:51 ECH192.MainForm 2222222:2020-09-30 15:20:51:387
2020-09-30 15:20:51 ECH192.MainForm 2222222:2020-09-30 15:20:51:389
2020-09-30 15:20:51 ECH192.MainForm 2222222:2020-09-30 15:20:51:552
2020-09-30 15:20:51 ECH192.MainForm 2222222:2020-09-30 15:20:51:557
2020-09-30 15:20:51 ECH192.MainForm 2222222:2020-09-30 15:20:51:560
2020-09-30 15:20:51 ECH192.MainForm 2222222:2020-09-30 15:20:51:563
2020-09-30 15:20:51 ECH192.MainForm 2222222:2020-09-30 15:20:51:565
2020-09-30 15:20:51 ECH192.MainForm 2222222:2020-09-30 15:20:51:569
2020-09-30 15:20:51 ECH192.MainForm 2222222:2020-09-30 15:20:51:734
2020-09-30 15:20:51 ECH192.MainForm 2222222:2020-09-30 15:20:51:738
2020-09-30 15:20:51 ECH192.MainForm 2222222:2020-09-30 15:20:51:743
2020-09-30 15:20:51 ECH192.MainForm 2222222:2020-09-30 15:20:51:746
2020-09-30 15:20:51 ECH192.MainForm 2222222:2020-09-30 15:20:51:749
2020-09-30 15:20:51 ECH192.MainForm 2222222:2020-09-30 15:20:51:752
2020-09-30 15:20:51 ECH192.MainForm 2222222:2020-09-30 15:20:51:918
2020-09-30 15:20:51 ECH192.MainForm 2222222:2020-09-30 15:20:51:922
2020-09-30 15:20:51 ECH192.MainForm 2222222:2020-09-30 15:20:51:925
2020-09-30 15:20:51 ECH192.MainForm 2222222:2020-09-30 15:20:51:928
2020-09-30 15:20:51 ECH192.MainForm 2222222:2020-09-30 15:20:51:931
2020-09-30 15:20:51 ECH192.MainForm 2222222:2020-09-30 15:20:51:935
2020-09-30 15:20:52 ECH192.MainForm 2222222:2020-09-30 15:20:52:130
2020-09-30 15:20:52 ECH192.MainForm 2222222:2020-09-30 15:20:52:134
2020-09-30 15:20:52 ECH192.MainForm 2222222:2020-09-30 15:20:52:138
2020-09-30 15:20:52 ECH192.MainForm 2222222:2020-09-30 15:20:52:141
2020-09-30 15:20:52 ECH192.MainForm 2222222:2020-09-30 15:20:52:145
2020-09-30 15:20:52 ECH192.MainForm 2222222:2020-09-30 15:20:52:148
2020-09-30 15:20:52 ECH192.MainForm 2222222:2020-09-30 15:20:52:318
2020-09-30 15:20:52 ECH192.MainForm 2222222:2020-09-30 15:20:52:321
2020-09-30 15:20:52 ECH192.MainForm 2222222:2020-09-30 15:20:52:324
2020-09-30 15:20:52 ECH192.MainForm 2222222:2020-09-30 15:20:52:327
2020-09-30 15:20:52 ECH192.MainForm 2222222:2020-09-30 15:20:52:330
2020-09-30 15:20:52 ECH192.MainForm 2222222:2020-09-30 15:20:52:334
2020-09-30 15:20:52 ECH192.MainForm 2222222:2020-09-30 15:20:52:507
2020-09-30 15:20:52 ECH192.MainForm 2222222:2020-09-30 15:20:52:512
2020-09-30 15:20:52 ECH192.MainForm 2222222:2020-09-30 15:20:52:515
2020-09-30 15:20:52 ECH192.MainForm 2222222:2020-09-30 15:20:52:518
2020-09-30 15:20:52 ECH192.MainForm 2222222:2020-09-30 15:20:52:523
2020-09-30 15:20:52 ECH192.MainForm 2222222:2020-09-30 15:20:52:526
2020-09-30 15:20:52 ECH192.MainForm 2222222:2020-09-30 15:20:52:698
2020-09-30 15:20:52 ECH192.MainForm 2222222:2020-09-30 15:20:52:702
2020-09-30 15:20:52 ECH192.MainForm 2222222:2020-09-30 15:20:52:706
2020-09-30 15:20:52 ECH192.MainForm 2222222:2020-09-30 15:20:52:709
2020-09-30 15:20:52 ECH192.MainForm 2222222:2020-09-30 15:20:52:713
2020-09-30 15:20:52 ECH192.MainForm 2222222:2020-09-30 15:20:52:715
2020-09-30 15:20:52 ECH192.MainForm 2222222:2020-09-30 15:20:52:891
2020-09-30 15:20:52 ECH192.MainForm 2222222:2020-09-30 15:20:52:896
2020-09-30 15:20:52 ECH192.MainForm 2222222:2020-09-30 15:20:52:899
2020-09-30 15:20:52 ECH192.MainForm 2222222:2020-09-30 15:20:52:902
2020-09-30 15:20:52 ECH192.MainForm 2222222:2020-09-30 15:20:52:905
2020-09-30 15:20:52 ECH192.MainForm 2222222:2020-09-30 15:20:52:909
2020-09-30 15:20:53 ECH192.MainForm 2222222:2020-09-30 15:20:53:087
2020-09-30 15:20:53 ECH192.MainForm 2222222:2020-09-30 15:20:53:092
2020-09-30 15:20:53 ECH192.MainForm 2222222:2020-09-30 15:20:53:096
2020-09-30 15:20:53 ECH192.MainForm 2222222:2020-09-30 15:20:53:099
2020-09-30 15:20:53 ECH192.MainForm 2222222:2020-09-30 15:20:53:102
2020-09-30 15:20:53 ECH192.MainForm 2222222:2020-09-30 15:20:53:104
2020-09-30 15:20:53 ECH192.MainForm 2222222:2020-09-30 15:20:53:283
2020-09-30 15:20:53 ECH192.MainForm 2222222:2020-09-30 15:20:53:286
2020-09-30 15:20:53 ECH192.MainForm 2222222:2020-09-30 15:20:53:289
2020-09-30 15:20:53 ECH192.MainForm 2222222:2020-09-30 15:20:53:292
2020-09-30 15:20:53 ECH192.MainForm 2222222:2020-09-30 15:20:53:298
2020-09-30 15:20:53 ECH192.MainForm 2222222:2020-09-30 15:20:53:304
2020-09-30 15:20:53 ECH192.MainForm 2222222:2020-09-30 15:20:53:481
2020-09-30 15:20:53 ECH192.MainForm 2222222:2020-09-30 15:20:53:484
2020-09-30 15:20:53 ECH192.MainForm 2222222:2020-09-30 15:20:53:487
2020-09-30 15:20:53 ECH192.MainForm 2222222:2020-09-30 15:20:53:493
2020-09-30 15:20:53 ECH192.MainForm 2222222:2020-09-30 15:20:53:501
2020-09-30 15:20:53 ECH192.MainForm 2222222:2020-09-30 15:20:53:504
2020-09-30 15:20:53 ECH192.MainForm 2222222:2020-09-30 15:20:53:679
2020-09-30 15:20:53 ECH192.MainForm 2222222:2020-09-30 15:20:53:682
2020-09-30 15:20:53 ECH192.MainForm 2222222:2020-09-30 15:20:53:688
2020-09-30 15:20:53 ECH192.MainForm 2222222:2020-09-30 15:20:53:691
2020-09-30 15:20:53 ECH192.MainForm 2222222:2020-09-30 15:20:53:695
2020-09-30 15:20:53 ECH192.MainForm 2222222:2020-09-30 15:20:53:698
2020-09-30 15:20:53 ECH192.MainForm 2222222:2020-09-30 15:20:53:879
2020-09-30 15:20:53 ECH192.MainForm 2222222:2020-09-30 15:20:53:882
2020-09-30 15:20:53 ECH192.MainForm 2222222:2020-09-30 15:20:53:885
2020-09-30 15:20:53 ECH192.MainForm 2222222:2020-09-30 15:20:53:888
2020-09-30 15:20:53 ECH192.MainForm 2222222:2020-09-30 15:20:53:894
2020-09-30 15:20:53 ECH192.MainForm 2222222:2020-09-30 15:20:53:897
2020-09-30 15:20:54 ECH192.MainForm 2222222:2020-09-30 15:20:54:094
2020-09-30 15:20:54 ECH192.MainForm 2222222:2020-09-30 15:20:54:097
2020-09-30 15:20:54 ECH192.MainForm 2222222:2020-09-30 15:20:54:100
2020-09-30 15:20:54 ECH192.MainForm 2222222:2020-09-30 15:20:54:108
2020-09-30 15:20:54 ECH192.MainForm 2222222:2020-09-30 15:20:54:111
2020-09-30 15:20:54 ECH192.MainForm 2222222:2020-09-30 15:20:54:115
2020-09-30 15:20:54 ECH192.MainForm 2222222:2020-09-30 15:20:54:118
2020-09-30 15:20:54 ECH192.MainForm 2222222:2020-09-30 15:20:54:121
2020-09-30 15:20:54 ECH192.MainForm 2222222:2020-09-30 15:20:54:125
2020-09-30 15:20:54 ECH192.MainForm 2222222:2020-09-30 15:20:54:128
2020-09-30 15:20:54 ECH192.MainForm 2222222:2020-09-30 15:20:54:133
2020-09-30 15:20:54 ECH192.MainForm 2222222:2020-09-30 15:20:54:136
2020-09-30 15:20:54 ECH192.MainForm 2222222:2020-09-30 15:20:54:423
2020-09-30 15:20:54 ECH192.MainForm 2222222:2020-09-30 15:20:54:430
2020-09-30 15:20:54 ECH192.MainForm 2222222:2020-09-30 15:20:54:441
2020-09-30 15:20:54 ECH192.MainForm 2222222:2020-09-30 15:20:54:447
2020-09-30 15:20:54 ECH192.MainForm 2222222:2020-09-30 15:20:54:451
2020-09-30 15:20:54 ECH192.MainForm 2222222:2020-09-30 15:20:54:454
2020-09-30 15:20:54 ECH192.MainForm 2222222:2020-09-30 15:20:54:637
2020-09-30 15:20:54 ECH192.MainForm 2222222:2020-09-30 15:20:54:640
2020-09-30 15:20:54 ECH192.MainForm 2222222:2020-09-30 15:20:54:644
2020-09-30 15:20:54 ECH192.MainForm 2222222:2020-09-30 15:20:54:647
2020-09-30 15:20:54 ECH192.MainForm 2222222:2020-09-30 15:20:54:652
2020-09-30 15:20:54 ECH192.MainForm 2222222:2020-09-30 15:20:54:656
2020-09-30 15:20:54 ECH192.MainForm 2222222:2020-09-30 15:20:54:834
2020-09-30 15:20:54 ECH192.MainForm 2222222:2020-09-30 15:20:54:837
2020-09-30 15:20:54 ECH192.MainForm 2222222:2020-09-30 15:20:54:840
2020-09-30 15:20:54 ECH192.MainForm 2222222:2020-09-30 15:20:54:847
2020-09-30 15:20:54 ECH192.MainForm 2222222:2020-09-30 15:20:54:850
2020-09-30 15:20:54 ECH192.MainForm 2222222:2020-09-30 15:20:54:853
2020-09-30 15:20:55 ECH192.MainForm 2222222:2020-09-30 15:20:55:030
2020-09-30 15:20:55 ECH192.MainForm 2222222:2020-09-30 15:20:55:034
2020-09-30 15:20:55 ECH192.MainForm 2222222:2020-09-30 15:20:55:037
2020-09-30 15:20:55 ECH192.MainForm 2222222:2020-09-30 15:20:55:040
2020-09-30 15:20:55 ECH192.MainForm 2222222:2020-09-30 15:20:55:045
2020-09-30 15:20:55 ECH192.MainForm 2222222:2020-09-30 15:20:55:048
2020-09-30 15:20:55 ECH192.MainForm 2222222:2020-09-30 15:20:55:227
2020-09-30 15:20:55 ECH192.MainForm 2222222:2020-09-30 15:20:55:230
2020-09-30 15:20:55 ECH192.MainForm 2222222:2020-09-30 15:20:55:235
2020-09-30 15:20:55 ECH192.MainForm 2222222:2020-09-30 15:20:55:240
2020-09-30 15:20:55 ECH192.MainForm 2222222:2020-09-30 15:20:55:243
2020-09-30 15:20:55 ECH192.MainForm 2222222:2020-09-30 15:20:55:246
2020-09-30 15:20:55 ECH192.MainForm 2222222:2020-09-30 15:20:55:422
2020-09-30 15:20:55 ECH192.MainForm 2222222:2020-09-30 15:20:55:426
2020-09-30 15:20:55 ECH192.MainForm 2222222:2020-09-30 15:20:55:429
2020-09-30 15:20:55 ECH192.MainForm 2222222:2020-09-30 15:20:55:432
2020-09-30 15:20:55 ECH192.MainForm 2222222:2020-09-30 15:20:55:438
2020-09-30 15:20:55 ECH192.MainForm 2222222:2020-09-30 15:20:55:441
2020-09-30 15:20:55 ECH192.MainForm 2222222:2020-09-30 15:20:55:619
2020-09-30 15:20:55 ECH192.MainForm 2222222:2020-09-30 15:20:55:623
2020-09-30 15:20:55 ECH192.MainForm 2222222:2020-09-30 15:20:55:627
2020-09-30 15:20:55 ECH192.MainForm 2222222:2020-09-30 15:20:55:630
2020-09-30 15:20:55 ECH192.MainForm 2222222:2020-09-30 15:20:55:633
2020-09-30 15:20:55 ECH192.MainForm 2222222:2020-09-30 15:20:55:636
2020-09-30 15:20:55 ECH192.MainForm 2222222:2020-09-30 15:20:55:818
2020-09-30 15:20:55 ECH192.MainForm 2222222:2020-09-30 15:20:55:821
2020-09-30 15:20:55 ECH192.MainForm 2222222:2020-09-30 15:20:55:825
2020-09-30 15:20:55 ECH192.MainForm 2222222:2020-09-30 15:20:55:830
2020-09-30 15:20:55 ECH192.MainForm 2222222:2020-09-30 15:20:55:836
2020-09-30 15:20:55 ECH192.MainForm 2222222:2020-09-30 15:20:55:855
2020-09-30 15:20:56 ECH192.MainForm 2222222:2020-09-30 15:20:56:031
2020-09-30 15:20:56 ECH192.MainForm 2222222:2020-09-30 15:20:56:037
2020-09-30 15:20:56 ECH192.MainForm 2222222:2020-09-30 15:20:56:040
2020-09-30 15:20:56 ECH192.MainForm 2222222:2020-09-30 15:20:56:044
2020-09-30 15:20:56 ECH192.MainForm 2222222:2020-09-30 15:20:56:047
2020-09-30 15:20:56 ECH192.MainForm 2222222:2020-09-30 15:20:56:050
