2021-01-11 21:08:02 commandServer The command CRCError(CommunicationServer.Protocol.Command.CMDCRCError) has been discovered
2021-01-11 21:08:02 commandServer The command EnableChannels(CommunicationServer.Protocol.Command.CMDEnableChannels) has been discovered
2021-01-11 21:08:02 commandServer The command GetIPMessage(CommunicationServer.Protocol.Command.CMDGetIPMessage) has been discovered
2021-01-11 21:08:02 commandServer The command GetSampleData(CommunicationServer.Protocol.Command.CMDGetSampleData) has been discovered
2021-01-11 21:08:02 commandServer The command SelfCheck(CommunicationServer.Protocol.Command.CMDSelfCheck) has been discovered
2021-01-11 21:08:02 commandServer The command SetITParam(CommunicationServer.Protocol.Command.CMDSetITParam) has been discovered
2021-01-11 21:08:02 commandServer The command GetVersion(CommunicationServer.Protocol.Command.CMDGetVersion) has been discovered
2021-01-11 21:08:02 commandServer The command HeadError(CommunicationServer.Protocol.Command.CMDHeadError) has been discovered
2021-01-11 21:08:02 commandServer The command HeartBeat(CommunicationServer.Protocol.Command.CMDHeartBeat) has been discovered
2021-01-11 21:08:02 commandServer The command RestartSystem(CommunicationServer.Protocol.Command.CMDRestartSystem) has been discovered
2021-01-11 21:08:02 commandServer The command SetSensitivitys(CommunicationServer.Protocol.Command.CMDSetSensitivitys) has been discovered
2021-01-11 21:08:02 commandServer The command StartSample(CommunicationServer.Protocol.Command.CMDStartSample) has been discovered
2021-01-11 21:08:02 commandServer The command StopSample(CommunicationServer.Protocol.Command.CMDStopSample) has been discovered
2021-01-11 21:08:02 commandServer The command TailError(CommunicationServer.Protocol.Command.CMDTailError) has been discovered
2021-01-11 21:08:02 commandServer The command UnKnow(CommunicationServer.Protocol.Command.CMDUnknow) has been discovered
2021-01-11 21:08:02 commandServer The command SetCVParam(CommunicationServer.Protocol.Command.CMDSetCVParam) has been discovered
2021-01-11 21:08:02 commandServer Listener (192.168.14.18:8765) failed to start
2021-01-11 21:08:20 ECH192.MainForm 10 CV法扫描
2021-01-11 21:08:20 ECH192.MainForm 10 CV法扫描
2021-01-11 21:08:20 ECH192.MainForm 10 IT法电沉积
2021-01-11 21:08:20 ECH192.MainForm 10 通纯水
2021-01-11 21:08:20 ECH192.MainForm 10 通空气
2021-01-11 21:08:20 ECH192.MainForm 10 通溶液2
2021-01-11 21:08:20 ECH192.MainForm 10 针板下压
2021-01-11 21:08:20 ECH192.MainForm 10 针板下压
2021-01-11 21:08:20 ECH192.MainForm 10 针板下压
2021-01-11 21:08:20 ECH192.MainForm 10 针板下压
2021-01-11 21:08:22 ECH192.MainForm 10 CV法扫描
2021-01-11 21:08:22 ECH192.MainForm 10 IT法电沉积
2021-01-11 21:08:22 ECH192.MainForm 10 CV法扫描
2021-01-11 21:08:22 ECH192.MainForm 10 通纯水
2021-01-11 21:08:22 ECH192.MainForm 10 通空气
2021-01-11 21:08:22 ECH192.MainForm 10 通溶液2
2021-01-11 21:08:22 ECH192.MainForm 10 针板下压
2021-01-11 21:08:22 ECH192.MainForm 10 针板下压
2021-01-11 21:08:22 ECH192.MainForm 10 针板下压
2021-01-11 21:08:22 ECH192.MainForm 10 针板下压
2021-01-11 21:08:24 ECH192.MainForm 10 CV法扫描
2021-01-11 21:08:24 ECH192.MainForm 10 IT法电沉积
2021-01-11 21:08:24 ECH192.MainForm 10 通纯水
2021-01-11 21:08:24 ECH192.MainForm 10 CV法扫描
2021-01-11 21:08:24 ECH192.MainForm 10 通空气
2021-01-11 21:08:24 ECH192.MainForm 10 通溶液2
2021-01-11 21:08:24 ECH192.MainForm 10 针板下压
2021-01-11 21:08:24 ECH192.MainForm 10 针板下压
2021-01-11 21:08:24 ECH192.MainForm 10 针板下压
2021-01-11 21:08:24 ECH192.MainForm 10 针板下压
2021-01-11 21:08:33 ECH192.MainForm 6 通空气
2021-01-11 21:08:33 ECH192.MainForm 6 通溶液2
2021-01-11 21:08:33 ECH192.MainForm 6 针板下压
2021-01-11 21:08:33 ECH192.MainForm 6 针板下压
2021-01-11 21:08:33 ECH192.MainForm 6 针板下压
2021-01-11 21:08:33 ECH192.MainForm 6 针板下压
2021-01-11 21:08:36 ECH192.MainForm 5 通空气
2021-01-11 21:08:36 ECH192.MainForm 5 通空气
2021-01-11 21:08:36 ECH192.MainForm 5 通溶液2
2021-01-11 21:08:36 ECH192.MainForm 5 通溶液2
2021-01-11 21:08:36 ECH192.MainForm 5 针板下压
2021-01-11 21:08:36 ECH192.MainForm 5 针板下压
2021-01-11 21:08:36 ECH192.MainForm 5 针板下压
2021-01-11 21:08:36 ECH192.MainForm 5 针板下压
2021-01-11 21:08:36 ECH192.MainForm 5 针板下压
2021-01-11 21:08:36 ECH192.MainForm 5 针板下压
2021-01-11 21:08:41 ECH192.MainForm 6 通空气
2021-01-11 21:08:41 ECH192.MainForm 6 通溶液2
2021-01-11 21:08:41 ECH192.MainForm 6 针板下压
2021-01-11 21:08:41 ECH192.MainForm 6 针板下压
2021-01-11 21:08:41 ECH192.MainForm 6 针板下压
2021-01-11 21:08:41 ECH192.MainForm 6 针板下压
2021-01-11 21:08:43 ECH192.MainForm 7 通空气
2021-01-11 21:08:43 ECH192.MainForm 7 通溶液2
2021-01-11 21:08:43 ECH192.MainForm 7 针板下压
2021-01-11 21:08:43 ECH192.MainForm 7 针板下压
2021-01-11 21:08:43 ECH192.MainForm 7 针板下压
2021-01-11 21:08:43 ECH192.MainForm 7 针板下压
2021-01-11 21:08:43 ECH192.MainForm 7 针板下压
2021-01-11 21:08:44 ECH192.MainForm 8 通空气
2021-01-11 21:08:44 ECH192.MainForm 8 通溶液2
2021-01-11 21:08:44 ECH192.MainForm 8 针板下压
2021-01-11 21:08:44 ECH192.MainForm 8 针板下压
2021-01-11 21:08:44 ECH192.MainForm 8 针板下压
2021-01-11 21:08:44 ECH192.MainForm 8 针板下压
2021-01-11 21:08:44 ECH192.MainForm 8 针板下压
2021-01-11 21:08:44 ECH192.MainForm 8 针板下压
2021-01-11 21:08:45 ECH192.MainForm 9 通空气
2021-01-11 21:08:45 ECH192.MainForm 9 通溶液2
2021-01-11 21:08:45 ECH192.MainForm 9 针板下压
2021-01-11 21:08:45 ECH192.MainForm 9 针板下压
2021-01-11 21:08:45 ECH192.MainForm 9 针板下压
2021-01-11 21:08:45 ECH192.MainForm 9 针板下压
2021-01-11 21:08:45 ECH192.MainForm 9 针板下压
2021-01-11 21:08:45 ECH192.MainForm 9 针板下压
2021-01-11 21:08:45 ECH192.MainForm 9 针板下压
2021-01-11 21:08:46 ECH192.MainForm 10 通空气
2021-01-11 21:08:46 ECH192.MainForm 10 通溶液2
2021-01-11 21:08:46 ECH192.MainForm 10 针板下压
2021-01-11 21:08:46 ECH192.MainForm 10 针板下压
2021-01-11 21:08:46 ECH192.MainForm 10 针板下压
2021-01-11 21:08:46 ECH192.MainForm 10 针板下压
2021-01-11 21:08:46 ECH192.MainForm 10 针板下压
2021-01-11 21:08:46 ECH192.MainForm 10 针板下压
2021-01-11 21:08:46 ECH192.MainForm 10 针板下压
2021-01-11 21:08:46 ECH192.MainForm 10 针板下压
2021-01-11 21:08:47 ECH192.MainForm 11 通空气
2021-01-11 21:08:47 ECH192.MainForm 11 通溶液2
2021-01-11 21:08:47 ECH192.MainForm 11 针板下压
2021-01-11 21:08:47 ECH192.MainForm 11 针板下压
2021-01-11 21:08:47 ECH192.MainForm 11 针板下压
2021-01-11 21:08:47 ECH192.MainForm 11 针板下压
2021-01-11 21:08:47 ECH192.MainForm 11 针板下压
2021-01-11 21:08:47 ECH192.MainForm 11 针板下压
2021-01-11 21:08:47 ECH192.MainForm 11 针板下压
2021-01-11 21:08:47 ECH192.MainForm 11 针板下压
2021-01-11 21:08:47 ECH192.MainForm 11 针板下压
2021-01-11 21:08:48 ECH192.MainForm 12 通空气
2021-01-11 21:08:48 ECH192.MainForm 12 通溶液2
2021-01-11 21:08:48 ECH192.MainForm 12 针板下压
2021-01-11 21:08:48 ECH192.MainForm 12 针板下压
2021-01-11 21:08:48 ECH192.MainForm 12 针板下压
2021-01-11 21:08:48 ECH192.MainForm 12 针板下压
2021-01-11 21:08:48 ECH192.MainForm 12 针板下压
2021-01-11 21:08:48 ECH192.MainForm 12 针板下压
2021-01-11 21:08:48 ECH192.MainForm 12 针板下压
2021-01-11 21:08:48 ECH192.MainForm 12 针板下压
2021-01-11 21:08:48 ECH192.MainForm 12 针板下压
2021-01-11 21:08:48 ECH192.MainForm 12 针板下压
2021-01-11 21:08:48 ECH192.MainForm 13 通空气
2021-01-11 21:08:48 ECH192.MainForm 13 通溶液2
2021-01-11 21:08:48 ECH192.MainForm 13 针板下压
2021-01-11 21:08:48 ECH192.MainForm 13 针板下压
2021-01-11 21:08:48 ECH192.MainForm 13 针板下压
2021-01-11 21:08:48 ECH192.MainForm 13 针板下压
2021-01-11 21:08:48 ECH192.MainForm 13 针板下压
2021-01-11 21:08:48 ECH192.MainForm 13 针板下压
2021-01-11 21:08:48 ECH192.MainForm 13 针板下压
2021-01-11 21:08:48 ECH192.MainForm 13 针板下压
2021-01-11 21:08:48 ECH192.MainForm 13 针板下压
2021-01-11 21:08:48 ECH192.MainForm 13 针板下压
2021-01-11 21:08:48 ECH192.MainForm 13 针板下压
2021-01-11 21:08:49 ECH192.MainForm 14 通空气
2021-01-11 21:08:49 ECH192.MainForm 14 通溶液2
2021-01-11 21:08:49 ECH192.MainForm 14 针板下压
2021-01-11 21:08:49 ECH192.MainForm 14 针板下压
2021-01-11 21:08:49 ECH192.MainForm 14 针板下压
2021-01-11 21:08:49 ECH192.MainForm 14 针板下压
2021-01-11 21:08:49 ECH192.MainForm 14 针板下压
2021-01-11 21:08:49 ECH192.MainForm 14 针板下压
2021-01-11 21:08:49 ECH192.MainForm 14 针板下压
2021-01-11 21:08:49 ECH192.MainForm 14 针板下压
2021-01-11 21:08:49 ECH192.MainForm 14 针板下压
2021-01-11 21:08:49 ECH192.MainForm 14 针板下压
2021-01-11 21:08:49 ECH192.MainForm 14 针板下压
2021-01-11 21:08:49 ECH192.MainForm 14 针板下压
2021-01-11 21:08:49 ECH192.MainForm 15 通空气
2021-01-11 21:08:49 ECH192.MainForm 15 通溶液2
2021-01-11 21:08:49 ECH192.MainForm 15 针板下压
2021-01-11 21:08:49 ECH192.MainForm 15 针板下压
2021-01-11 21:08:49 ECH192.MainForm 15 针板下压
2021-01-11 21:08:49 ECH192.MainForm 15 针板下压
2021-01-11 21:08:49 ECH192.MainForm 15 针板下压
2021-01-11 21:08:49 ECH192.MainForm 15 针板下压
2021-01-11 21:08:49 ECH192.MainForm 15 针板下压
2021-01-11 21:08:49 ECH192.MainForm 15 针板下压
2021-01-11 21:08:49 ECH192.MainForm 15 针板下压
2021-01-11 21:08:49 ECH192.MainForm 15 针板下压
2021-01-11 21:08:49 ECH192.MainForm 15 针板下压
2021-01-11 21:08:49 ECH192.MainForm 15 针板下压
2021-01-11 21:08:49 ECH192.MainForm 15 针板下压
2021-01-11 21:09:59 commandServer The command CRCError(CommunicationServer.Protocol.Command.CMDCRCError) has been discovered
2021-01-11 21:09:59 commandServer The command EnableChannels(CommunicationServer.Protocol.Command.CMDEnableChannels) has been discovered
2021-01-11 21:09:59 commandServer The command GetIPMessage(CommunicationServer.Protocol.Command.CMDGetIPMessage) has been discovered
2021-01-11 21:09:59 commandServer The command GetSampleData(CommunicationServer.Protocol.Command.CMDGetSampleData) has been discovered
2021-01-11 21:09:59 commandServer The command SelfCheck(CommunicationServer.Protocol.Command.CMDSelfCheck) has been discovered
2021-01-11 21:09:59 commandServer The command SetITParam(CommunicationServer.Protocol.Command.CMDSetITParam) has been discovered
2021-01-11 21:09:59 commandServer The command GetVersion(CommunicationServer.Protocol.Command.CMDGetVersion) has been discovered
2021-01-11 21:09:59 commandServer The command HeadError(CommunicationServer.Protocol.Command.CMDHeadError) has been discovered
2021-01-11 21:09:59 commandServer The command HeartBeat(CommunicationServer.Protocol.Command.CMDHeartBeat) has been discovered
2021-01-11 21:09:59 commandServer The command RestartSystem(CommunicationServer.Protocol.Command.CMDRestartSystem) has been discovered
2021-01-11 21:09:59 commandServer The command SetSensitivitys(CommunicationServer.Protocol.Command.CMDSetSensitivitys) has been discovered
2021-01-11 21:09:59 commandServer The command StartSample(CommunicationServer.Protocol.Command.CMDStartSample) has been discovered
2021-01-11 21:09:59 commandServer The command StopSample(CommunicationServer.Protocol.Command.CMDStopSample) has been discovered
2021-01-11 21:09:59 commandServer The command TailError(CommunicationServer.Protocol.Command.CMDTailError) has been discovered
2021-01-11 21:09:59 commandServer The command UnKnow(CommunicationServer.Protocol.Command.CMDUnknow) has been discovered
2021-01-11 21:09:59 commandServer The command SetCVParam(CommunicationServer.Protocol.Command.CMDSetCVParam) has been discovered
2021-01-11 21:09:59 commandServer Listener (192.168.14.18:8765) failed to start
2021-01-11 21:10:11 ECH192.MainForm 15 通空气
2021-01-11 21:10:11 ECH192.MainForm 15 通溶液2
2021-01-11 21:10:11 ECH192.MainForm 15 针板下压
2021-01-11 21:10:11 ECH192.MainForm 15 针板下压
2021-01-11 21:10:11 ECH192.MainForm 15 针板下压
2021-01-11 21:10:11 ECH192.MainForm 15 针板下压
2021-01-11 21:10:11 ECH192.MainForm 15 针板下压
2021-01-11 21:10:11 ECH192.MainForm 15 针板下压
2021-01-11 21:10:11 ECH192.MainForm 15 针板下压
2021-01-11 21:10:11 ECH192.MainForm 15 针板下压
2021-01-11 21:10:11 ECH192.MainForm 15 针板下压
2021-01-11 21:10:11 ECH192.MainForm 15 针板下压
2021-01-11 21:10:11 ECH192.MainForm 15 针板下压
2021-01-11 21:10:11 ECH192.MainForm 15 针板下压
2021-01-11 21:10:11 ECH192.MainForm 15 针板下压
2021-01-11 21:10:15 ECH192.MainForm 13 针板下压
2021-01-11 21:10:15 ECH192.MainForm 13 针板下压
2021-01-11 21:10:15 ECH192.MainForm 13 针板下压
2021-01-11 21:10:15 ECH192.MainForm 13 针板下压
2021-01-11 21:10:15 ECH192.MainForm 13 针板下压
2021-01-11 21:10:15 ECH192.MainForm 13 针板下压
2021-01-11 21:10:15 ECH192.MainForm 13 针板下压
2021-01-11 21:10:15 ECH192.MainForm 13 针板下压
2021-01-11 21:10:15 ECH192.MainForm 13 针板下压
2021-01-11 21:10:15 ECH192.MainForm 13 针板下压
2021-01-11 21:10:15 ECH192.MainForm 13 针板下压
2021-01-11 21:10:15 ECH192.MainForm 13 针板下压
2021-01-11 21:10:15 ECH192.MainForm 13 针板下压
2021-01-11 21:10:25 ECH192.MainForm 13 针板下压
2021-01-11 21:10:25 ECH192.MainForm 13 针板下压
2021-01-11 21:10:25 ECH192.MainForm 13 针板下压
2021-01-11 21:10:25 ECH192.MainForm 13 针板下压
2021-01-11 21:10:25 ECH192.MainForm 13 针板下压
2021-01-11 21:10:25 ECH192.MainForm 13 针板下压
2021-01-11 21:10:25 ECH192.MainForm 13 针板下压
2021-01-11 21:10:25 ECH192.MainForm 13 针板下压
2021-01-11 21:10:25 ECH192.MainForm 13 针板下压
2021-01-11 21:10:25 ECH192.MainForm 13 针板下压
2021-01-11 21:10:25 ECH192.MainForm 13 针板下压
2021-01-11 21:10:25 ECH192.MainForm 13 针板下压
2021-01-11 21:10:25 ECH192.MainForm 13 针板下压
2021-01-11 21:10:38 ECH192.MainForm 13 针板下压
2021-01-11 21:10:38 ECH192.MainForm 13 IT法电沉积
2021-01-11 21:10:38 ECH192.MainForm 13 针板下压
2021-01-11 21:10:38 ECH192.MainForm 13 针板下压
2021-01-11 21:10:38 ECH192.MainForm 13 针板下压
2021-01-11 21:10:38 ECH192.MainForm 13 针板下压
2021-01-11 21:10:38 ECH192.MainForm 13 针板下压
2021-01-11 21:10:38 ECH192.MainForm 13 针板下压
2021-01-11 21:10:38 ECH192.MainForm 13 针板下压
2021-01-11 21:10:38 ECH192.MainForm 13 针板下压
2021-01-11 21:10:38 ECH192.MainForm 13 针板下压
2021-01-11 21:10:38 ECH192.MainForm 13 针板下压
2021-01-11 21:10:38 ECH192.MainForm 13 针板下压
2021-01-11 21:13:00 commandServer The command CRCError(CommunicationServer.Protocol.Command.CMDCRCError) has been discovered
2021-01-11 21:13:00 commandServer The command EnableChannels(CommunicationServer.Protocol.Command.CMDEnableChannels) has been discovered
2021-01-11 21:13:00 commandServer The command GetIPMessage(CommunicationServer.Protocol.Command.CMDGetIPMessage) has been discovered
2021-01-11 21:13:00 commandServer The command GetSampleData(CommunicationServer.Protocol.Command.CMDGetSampleData) has been discovered
2021-01-11 21:13:00 commandServer The command SelfCheck(CommunicationServer.Protocol.Command.CMDSelfCheck) has been discovered
2021-01-11 21:13:00 commandServer The command SetITParam(CommunicationServer.Protocol.Command.CMDSetITParam) has been discovered
2021-01-11 21:13:00 commandServer The command GetVersion(CommunicationServer.Protocol.Command.CMDGetVersion) has been discovered
2021-01-11 21:13:00 commandServer The command HeadError(CommunicationServer.Protocol.Command.CMDHeadError) has been discovered
2021-01-11 21:13:00 commandServer The command HeartBeat(CommunicationServer.Protocol.Command.CMDHeartBeat) has been discovered
2021-01-11 21:13:00 commandServer The command RestartSystem(CommunicationServer.Protocol.Command.CMDRestartSystem) has been discovered
2021-01-11 21:13:00 commandServer The command SetSensitivitys(CommunicationServer.Protocol.Command.CMDSetSensitivitys) has been discovered
2021-01-11 21:13:00 commandServer The command StartSample(CommunicationServer.Protocol.Command.CMDStartSample) has been discovered
2021-01-11 21:13:00 commandServer The command StopSample(CommunicationServer.Protocol.Command.CMDStopSample) has been discovered
2021-01-11 21:13:00 commandServer The command TailError(CommunicationServer.Protocol.Command.CMDTailError) has been discovered
2021-01-11 21:13:00 commandServer The command UnKnow(CommunicationServer.Protocol.Command.CMDUnknow) has been discovered
2021-01-11 21:13:00 commandServer The command SetCVParam(CommunicationServer.Protocol.Command.CMDSetCVParam) has been discovered
2021-01-11 21:13:00 commandServer Listener (192.168.14.18:8765) failed to start
2021-01-11 21:13:15 ECH192.MainForm 13 针板下压
2021-01-11 21:13:15 ECH192.MainForm 13 IT法电沉积
2021-01-11 21:13:15 ECH192.MainForm 13 针板下压
2021-01-11 21:13:15 ECH192.MainForm 13 针板下压
2021-01-11 21:13:15 ECH192.MainForm 13 针板下压
2021-01-11 21:13:15 ECH192.MainForm 13 针板下压
2021-01-11 21:13:15 ECH192.MainForm 13 针板下压
2021-01-11 21:13:15 ECH192.MainForm 13 针板下压
2021-01-11 21:13:15 ECH192.MainForm 13 针板下压
2021-01-11 21:13:15 ECH192.MainForm 13 针板下压
2021-01-11 21:13:15 ECH192.MainForm 13 针板下压
2021-01-11 21:13:15 ECH192.MainForm 13 针板下压
2021-01-11 21:13:15 ECH192.MainForm 13 针板下压
2021-01-11 21:13:19 ECH192.MainForm 11 针板下压
2021-01-11 21:13:19 ECH192.MainForm 11 针板下压
2021-01-11 21:13:19 ECH192.MainForm 11 针板下压
2021-01-11 21:13:19 ECH192.MainForm 11 针板下压
2021-01-11 21:13:19 ECH192.MainForm 11 针板下压
2021-01-11 21:13:19 ECH192.MainForm 11 针板下压
2021-01-11 21:13:19 ECH192.MainForm 11 针板下压
2021-01-11 21:13:19 ECH192.MainForm 11 针板下压
2021-01-11 21:13:19 ECH192.MainForm 11 针板下压
2021-01-11 21:13:19 ECH192.MainForm 11 针板下压
2021-01-11 21:13:19 ECH192.MainForm 11 针板下压
2021-01-11 21:13:43 commandServer The command CRCError(CommunicationServer.Protocol.Command.CMDCRCError) has been discovered
2021-01-11 21:13:43 commandServer The command EnableChannels(CommunicationServer.Protocol.Command.CMDEnableChannels) has been discovered
2021-01-11 21:13:43 commandServer The command GetIPMessage(CommunicationServer.Protocol.Command.CMDGetIPMessage) has been discovered
2021-01-11 21:13:43 commandServer The command GetSampleData(CommunicationServer.Protocol.Command.CMDGetSampleData) has been discovered
2021-01-11 21:13:43 commandServer The command SelfCheck(CommunicationServer.Protocol.Command.CMDSelfCheck) has been discovered
2021-01-11 21:13:43 commandServer The command SetITParam(CommunicationServer.Protocol.Command.CMDSetITParam) has been discovered
2021-01-11 21:13:43 commandServer The command GetVersion(CommunicationServer.Protocol.Command.CMDGetVersion) has been discovered
2021-01-11 21:13:43 commandServer The command HeadError(CommunicationServer.Protocol.Command.CMDHeadError) has been discovered
2021-01-11 21:13:43 commandServer The command HeartBeat(CommunicationServer.Protocol.Command.CMDHeartBeat) has been discovered
2021-01-11 21:13:43 commandServer The command RestartSystem(CommunicationServer.Protocol.Command.CMDRestartSystem) has been discovered
2021-01-11 21:13:43 commandServer The command SetSensitivitys(CommunicationServer.Protocol.Command.CMDSetSensitivitys) has been discovered
2021-01-11 21:13:43 commandServer The command StartSample(CommunicationServer.Protocol.Command.CMDStartSample) has been discovered
2021-01-11 21:13:43 commandServer The command StopSample(CommunicationServer.Protocol.Command.CMDStopSample) has been discovered
2021-01-11 21:13:43 commandServer The command TailError(CommunicationServer.Protocol.Command.CMDTailError) has been discovered
2021-01-11 21:13:43 commandServer The command UnKnow(CommunicationServer.Protocol.Command.CMDUnknow) has been discovered
2021-01-11 21:13:43 commandServer The command SetCVParam(CommunicationServer.Protocol.Command.CMDSetCVParam) has been discovered
2021-01-11 21:13:43 commandServer Listener (192.168.14.18:8765) failed to start
2021-01-11 21:13:49 ECH192.MainForm 10 针板下压
2021-01-11 21:13:49 ECH192.MainForm 10 针板下压
2021-01-11 21:13:49 ECH192.MainForm 10 针板下压
2021-01-11 21:13:49 ECH192.MainForm 10 针板下压
2021-01-11 21:13:49 ECH192.MainForm 10 针板下压
2021-01-11 21:13:49 ECH192.MainForm 10 针板下压
2021-01-11 21:13:49 ECH192.MainForm 10 针板下压
2021-01-11 21:13:49 ECH192.MainForm 10 针板下压
2021-01-11 21:13:49 ECH192.MainForm 10 针板下压
2021-01-11 21:13:49 ECH192.MainForm 10 针板下压
2021-01-11 21:13:54 ECH192.MainForm 10 针板下压
2021-01-11 21:13:54 ECH192.MainForm 10 针板下压
2021-01-11 21:13:54 ECH192.MainForm 10 针板下压
2021-01-11 21:13:54 ECH192.MainForm 10 针板下压
2021-01-11 21:13:54 ECH192.MainForm 10 针板下压
2021-01-11 21:13:54 ECH192.MainForm 10 针板下压
2021-01-11 21:13:54 ECH192.MainForm 10 针板下压
2021-01-11 21:13:54 ECH192.MainForm 10 针板下压
2021-01-11 21:13:54 ECH192.MainForm 10 针板下压
2021-01-11 21:13:54 ECH192.MainForm 10 针板下压
2021-01-11 21:13:56 ECH192.MainForm 10 针板下压
2021-01-11 21:13:56 ECH192.MainForm 10 针板下压
2021-01-11 21:13:56 ECH192.MainForm 10 针板下压
2021-01-11 21:13:56 ECH192.MainForm 10 针板下压
2021-01-11 21:13:56 ECH192.MainForm 10 针板下压
2021-01-11 21:13:56 ECH192.MainForm 10 针板下压
2021-01-11 21:13:56 ECH192.MainForm 10 针板下压
2021-01-11 21:13:56 ECH192.MainForm 10 针板下压
2021-01-11 21:13:56 ECH192.MainForm 10 针板下压
2021-01-11 21:13:56 ECH192.MainForm 10 针板下压
2021-01-11 21:13:57 ECH192.MainForm 10 针板下压
2021-01-11 21:13:57 ECH192.MainForm 10 针板下压
2021-01-11 21:13:57 ECH192.MainForm 10 针板下压
2021-01-11 21:13:57 ECH192.MainForm 10 针板下压
2021-01-11 21:13:57 ECH192.MainForm 10 针板下压
2021-01-11 21:13:57 ECH192.MainForm 10 针板下压
2021-01-11 21:13:57 ECH192.MainForm 10 针板下压
2021-01-11 21:13:57 ECH192.MainForm 10 针板下压
2021-01-11 21:13:57 ECH192.MainForm 10 针板下压
2021-01-11 21:13:57 ECH192.MainForm 10 针板下压
2021-01-11 21:13:58 ECH192.MainForm 10 针板下压
2021-01-11 21:13:58 ECH192.MainForm 10 针板下压
2021-01-11 21:13:58 ECH192.MainForm 10 针板下压
2021-01-11 21:13:58 ECH192.MainForm 10 针板下压
2021-01-11 21:13:58 ECH192.MainForm 10 针板下压
2021-01-11 21:13:58 ECH192.MainForm 10 针板下压
2021-01-11 21:13:58 ECH192.MainForm 10 针板下压
2021-01-11 21:13:58 ECH192.MainForm 10 针板下压
2021-01-11 21:13:58 ECH192.MainForm 10 针板下压
2021-01-11 21:13:58 ECH192.MainForm 10 针板下压
2021-01-11 21:14:00 ECH192.MainForm 10 针板下压
2021-01-11 21:14:00 ECH192.MainForm 10 针板下压
2021-01-11 21:14:00 ECH192.MainForm 10 针板下压
2021-01-11 21:14:00 ECH192.MainForm 10 通纯水
2021-01-11 21:14:00 ECH192.MainForm 10 针板下压
2021-01-11 21:14:00 ECH192.MainForm 10 针板下压
2021-01-11 21:14:00 ECH192.MainForm 10 针板下压
2021-01-11 21:14:00 ECH192.MainForm 10 针板下压
2021-01-11 21:14:00 ECH192.MainForm 10 针板下压
2021-01-11 21:14:00 ECH192.MainForm 10 针板下压
2021-01-11 21:14:01 ECH192.MainForm 10 针板下压
2021-01-11 21:14:01 ECH192.MainForm 10 针板下压
2021-01-11 21:14:01 ECH192.MainForm 10 针板下压
2021-01-11 21:14:01 ECH192.MainForm 10 针板下压
2021-01-11 21:14:01 ECH192.MainForm 10 通纯水
2021-01-11 21:14:01 ECH192.MainForm 10 针板下压
2021-01-11 21:14:01 ECH192.MainForm 10 针板下压
2021-01-11 21:14:01 ECH192.MainForm 10 针板下压
2021-01-11 21:14:01 ECH192.MainForm 10 针板下压
2021-01-11 21:14:01 ECH192.MainForm 10 针板下压
2021-01-11 21:14:02 ECH192.MainForm 10 针板下压
2021-01-11 21:14:02 ECH192.MainForm 10 针板下压
2021-01-11 21:14:02 ECH192.MainForm 10 针板下压
2021-01-11 21:14:02 ECH192.MainForm 10 针板下压
2021-01-11 21:14:02 ECH192.MainForm 10 针板下压
2021-01-11 21:14:02 ECH192.MainForm 10 通纯水
2021-01-11 21:14:02 ECH192.MainForm 10 针板下压
2021-01-11 21:14:02 ECH192.MainForm 10 针板下压
2021-01-11 21:14:02 ECH192.MainForm 10 针板下压
2021-01-11 21:14:02 ECH192.MainForm 10 针板下压
2021-01-11 21:14:03 ECH192.MainForm 10 针板下压
2021-01-11 21:14:03 ECH192.MainForm 10 针板下压
2021-01-11 21:14:03 ECH192.MainForm 10 针板下压
2021-01-11 21:14:03 ECH192.MainForm 10 针板下压
2021-01-11 21:14:03 ECH192.MainForm 10 针板下压
2021-01-11 21:14:03 ECH192.MainForm 10 针板下压
2021-01-11 21:14:03 ECH192.MainForm 10 通纯水
2021-01-11 21:14:03 ECH192.MainForm 10 针板下压
2021-01-11 21:14:03 ECH192.MainForm 10 针板下压
2021-01-11 21:14:03 ECH192.MainForm 10 针板下压
2021-01-11 21:14:04 ECH192.MainForm 10 针板下压
2021-01-11 21:14:04 ECH192.MainForm 10 针板下压
2021-01-11 21:14:04 ECH192.MainForm 10 针板下压
2021-01-11 21:14:04 ECH192.MainForm 10 针板下压
2021-01-11 21:14:04 ECH192.MainForm 10 针板下压
2021-01-11 21:14:04 ECH192.MainForm 10 针板下压
2021-01-11 21:14:04 ECH192.MainForm 10 针板下压
2021-01-11 21:14:04 ECH192.MainForm 10 通纯水
2021-01-11 21:14:04 ECH192.MainForm 10 针板下压
2021-01-11 21:14:04 ECH192.MainForm 10 针板下压
2021-01-11 21:14:04 ECH192.MainForm 10 针板下压
2021-01-11 21:14:04 ECH192.MainForm 10 针板下压
2021-01-11 21:14:04 ECH192.MainForm 10 针板下压
2021-01-11 21:14:04 ECH192.MainForm 10 针板下压
2021-01-11 21:14:04 ECH192.MainForm 10 针板下压
2021-01-11 21:14:04 ECH192.MainForm 10 针板下压
2021-01-11 21:14:04 ECH192.MainForm 10 针板下压
2021-01-11 21:14:04 ECH192.MainForm 10 针板下压
2021-01-11 21:14:04 ECH192.MainForm 10 通纯水
2021-01-11 21:14:04 ECH192.MainForm 10 针板下压
2021-01-11 21:17:32 commandServer The command CRCError(CommunicationServer.Protocol.Command.CMDCRCError) has been discovered
2021-01-11 21:17:32 commandServer The command EnableChannels(CommunicationServer.Protocol.Command.CMDEnableChannels) has been discovered
2021-01-11 21:17:32 commandServer The command GetIPMessage(CommunicationServer.Protocol.Command.CMDGetIPMessage) has been discovered
2021-01-11 21:17:32 commandServer The command GetSampleData(CommunicationServer.Protocol.Command.CMDGetSampleData) has been discovered
2021-01-11 21:17:32 commandServer The command SelfCheck(CommunicationServer.Protocol.Command.CMDSelfCheck) has been discovered
2021-01-11 21:17:32 commandServer The command SetITParam(CommunicationServer.Protocol.Command.CMDSetITParam) has been discovered
2021-01-11 21:17:32 commandServer The command GetVersion(CommunicationServer.Protocol.Command.CMDGetVersion) has been discovered
2021-01-11 21:17:32 commandServer The command HeadError(CommunicationServer.Protocol.Command.CMDHeadError) has been discovered
2021-01-11 21:17:32 commandServer The command HeartBeat(CommunicationServer.Protocol.Command.CMDHeartBeat) has been discovered
2021-01-11 21:17:32 commandServer The command RestartSystem(CommunicationServer.Protocol.Command.CMDRestartSystem) has been discovered
2021-01-11 21:17:32 commandServer The command SetSensitivitys(CommunicationServer.Protocol.Command.CMDSetSensitivitys) has been discovered
2021-01-11 21:17:32 commandServer The command StartSample(CommunicationServer.Protocol.Command.CMDStartSample) has been discovered
2021-01-11 21:17:32 commandServer The command StopSample(CommunicationServer.Protocol.Command.CMDStopSample) has been discovered
2021-01-11 21:17:32 commandServer The command TailError(CommunicationServer.Protocol.Command.CMDTailError) has been discovered
2021-01-11 21:17:32 commandServer The command UnKnow(CommunicationServer.Protocol.Command.CMDUnknow) has been discovered
2021-01-11 21:17:32 commandServer The command SetCVParam(CommunicationServer.Protocol.Command.CMDSetCVParam) has been discovered
2021-01-11 21:17:32 commandServer Listener (192.168.14.18:8765) failed to start
2021-01-11 21:18:23 commandServer The command CRCError(CommunicationServer.Protocol.Command.CMDCRCError) has been discovered
2021-01-11 21:18:23 commandServer The command EnableChannels(CommunicationServer.Protocol.Command.CMDEnableChannels) has been discovered
2021-01-11 21:18:23 commandServer The command GetIPMessage(CommunicationServer.Protocol.Command.CMDGetIPMessage) has been discovered
2021-01-11 21:18:23 commandServer The command GetSampleData(CommunicationServer.Protocol.Command.CMDGetSampleData) has been discovered
2021-01-11 21:18:23 commandServer The command SelfCheck(CommunicationServer.Protocol.Command.CMDSelfCheck) has been discovered
2021-01-11 21:18:23 commandServer The command SetITParam(CommunicationServer.Protocol.Command.CMDSetITParam) has been discovered
2021-01-11 21:18:23 commandServer The command GetVersion(CommunicationServer.Protocol.Command.CMDGetVersion) has been discovered
2021-01-11 21:18:23 commandServer The command HeadError(CommunicationServer.Protocol.Command.CMDHeadError) has been discovered
2021-01-11 21:18:23 commandServer The command HeartBeat(CommunicationServer.Protocol.Command.CMDHeartBeat) has been discovered
2021-01-11 21:18:23 commandServer The command RestartSystem(CommunicationServer.Protocol.Command.CMDRestartSystem) has been discovered
2021-01-11 21:18:23 commandServer The command SetSensitivitys(CommunicationServer.Protocol.Command.CMDSetSensitivitys) has been discovered
2021-01-11 21:18:23 commandServer The command StartSample(CommunicationServer.Protocol.Command.CMDStartSample) has been discovered
2021-01-11 21:18:23 commandServer The command StopSample(CommunicationServer.Protocol.Command.CMDStopSample) has been discovered
2021-01-11 21:18:23 commandServer The command TailError(CommunicationServer.Protocol.Command.CMDTailError) has been discovered
2021-01-11 21:18:23 commandServer The command UnKnow(CommunicationServer.Protocol.Command.CMDUnknow) has been discovered
2021-01-11 21:18:23 commandServer The command SetCVParam(CommunicationServer.Protocol.Command.CMDSetCVParam) has been discovered
2021-01-11 21:18:23 commandServer Listener (192.168.14.18:8765) failed to start
2021-01-11 21:18:38 ECH192.MainForm 10 针板下压
2021-01-11 21:18:38 ECH192.MainForm 10 针板下压
2021-01-11 21:18:38 ECH192.MainForm 10 针板下压
2021-01-11 21:18:38 ECH192.MainForm 10 针板下压
2021-01-11 21:18:38 ECH192.MainForm 10 针板下压
2021-01-11 21:18:38 ECH192.MainForm 10 针板下压
2021-01-11 21:18:38 ECH192.MainForm 10 针板下压
2021-01-11 21:18:38 ECH192.MainForm 10 针板下压
2021-01-11 21:18:38 ECH192.MainForm 10 通纯水
2021-01-11 21:18:38 ECH192.MainForm 10 针板下压
2021-01-11 21:18:46 ECH192.MainForm 10 针板下压
2021-01-11 21:18:46 ECH192.MainForm 10 针板下压
2021-01-11 21:18:46 ECH192.MainForm 10 针板下压
2021-01-11 21:18:46 ECH192.MainForm 10 针板下压
2021-01-11 21:18:46 ECH192.MainForm 10 针板下压
2021-01-11 21:18:46 ECH192.MainForm 10 针板下压
2021-01-11 21:18:46 ECH192.MainForm 10 针板下压
2021-01-11 21:18:46 ECH192.MainForm 10 通纯水
2021-01-11 21:18:46 ECH192.MainForm 10 针板下压
2021-01-11 21:18:46 ECH192.MainForm 10 针板下压
2021-01-11 21:18:48 ECH192.MainForm 10 针板下压
2021-01-11 21:18:48 ECH192.MainForm 10 针板下压
2021-01-11 21:18:48 ECH192.MainForm 10 针板下压
2021-01-11 21:18:48 ECH192.MainForm 10 针板下压
2021-01-11 21:18:48 ECH192.MainForm 10 针板下压
2021-01-11 21:18:48 ECH192.MainForm 10 针板下压
2021-01-11 21:18:48 ECH192.MainForm 10 通纯水
2021-01-11 21:18:48 ECH192.MainForm 10 针板下压
2021-01-11 21:18:48 ECH192.MainForm 10 针板下压
2021-01-11 21:18:48 ECH192.MainForm 10 针板下压
2021-01-11 21:18:53 ECH192.MainForm 9 针板下压
2021-01-11 21:18:53 ECH192.MainForm 9 针板下压
2021-01-11 21:18:53 ECH192.MainForm 9 针板下压
2021-01-11 21:18:53 ECH192.MainForm 9 针板下压
2021-01-11 21:18:53 ECH192.MainForm 9 针板下压
2021-01-11 21:18:53 ECH192.MainForm 9 针板下压
2021-01-11 21:18:53 ECH192.MainForm 9 针板下压
2021-01-11 21:18:53 ECH192.MainForm 9 针板下压
2021-01-11 21:18:53 ECH192.MainForm 9 针板下压
2021-01-11 21:57:01 commandServer The command CRCError(CommunicationServer.Protocol.Command.CMDCRCError) has been discovered
2021-01-11 21:57:01 commandServer The command EnableChannels(CommunicationServer.Protocol.Command.CMDEnableChannels) has been discovered
2021-01-11 21:57:01 commandServer The command GetIPMessage(CommunicationServer.Protocol.Command.CMDGetIPMessage) has been discovered
2021-01-11 21:57:01 commandServer The command GetSampleData(CommunicationServer.Protocol.Command.CMDGetSampleData) has been discovered
2021-01-11 21:57:01 commandServer The command SelfCheck(CommunicationServer.Protocol.Command.CMDSelfCheck) has been discovered
2021-01-11 21:57:01 commandServer The command SetITParam(CommunicationServer.Protocol.Command.CMDSetITParam) has been discovered
2021-01-11 21:57:01 commandServer The command GetVersion(CommunicationServer.Protocol.Command.CMDGetVersion) has been discovered
2021-01-11 21:57:01 commandServer The command HeadError(CommunicationServer.Protocol.Command.CMDHeadError) has been discovered
2021-01-11 21:57:01 commandServer The command HeartBeat(CommunicationServer.Protocol.Command.CMDHeartBeat) has been discovered
2021-01-11 21:57:01 commandServer The command RestartSystem(CommunicationServer.Protocol.Command.CMDRestartSystem) has been discovered
2021-01-11 21:57:01 commandServer The command SetSensitivitys(CommunicationServer.Protocol.Command.CMDSetSensitivitys) has been discovered
2021-01-11 21:57:01 commandServer The command StartSample(CommunicationServer.Protocol.Command.CMDStartSample) has been discovered
2021-01-11 21:57:01 commandServer The command StopSample(CommunicationServer.Protocol.Command.CMDStopSample) has been discovered
2021-01-11 21:57:01 commandServer The command TailError(CommunicationServer.Protocol.Command.CMDTailError) has been discovered
2021-01-11 21:57:01 commandServer The command UnKnow(CommunicationServer.Protocol.Command.CMDUnknow) has been discovered
2021-01-11 21:57:01 commandServer The command SetCVParam(CommunicationServer.Protocol.Command.CMDSetCVParam) has been discovered
2021-01-11 21:57:01 commandServer Listener (192.168.14.18:8765) failed to start
2021-01-11 21:57:17 ECH192.MainForm 9 针板下压
2021-01-11 21:57:17 ECH192.MainForm 9 针板下压
2021-01-11 21:57:17 ECH192.MainForm 9 针板下压
2021-01-11 21:57:17 ECH192.MainForm 9 针板下压
2021-01-11 21:57:17 ECH192.MainForm 9 针板下压
2021-01-11 21:57:17 ECH192.MainForm 9 针板下压
2021-01-11 21:57:17 ECH192.MainForm 9 针板下压
2021-01-11 21:57:17 ECH192.MainForm 9 针板下压
2021-01-11 21:57:17 ECH192.MainForm 9 针板下压
2021-01-11 21:57:17 ECH192.MainForm 10 针板下压
2021-01-11 21:57:17 ECH192.MainForm 10 针板下压
2021-01-11 21:57:17 ECH192.MainForm 10 针板下压
2021-01-11 21:57:17 ECH192.MainForm 10 针板下压
2021-01-11 21:57:17 ECH192.MainForm 10 针板下压
2021-01-11 21:57:17 ECH192.MainForm 10 针板下压
2021-01-11 21:57:17 ECH192.MainForm 10 针板下压
2021-01-11 21:57:17 ECH192.MainForm 10 针板下压
2021-01-11 21:57:17 ECH192.MainForm 10 针板下压
2021-01-11 21:57:17 ECH192.MainForm 10 针板下压
2021-01-11 21:57:18 ECH192.MainForm 10 针板下压
2021-01-11 21:57:18 ECH192.MainForm 10 针板下压
2021-01-11 21:57:18 ECH192.MainForm 10 针板下压
2021-01-11 21:57:18 ECH192.MainForm 10 针板下压
2021-01-11 21:57:18 ECH192.MainForm 10 针板下压
2021-01-11 21:57:18 ECH192.MainForm 10 针板下压
2021-01-11 21:57:18 ECH192.MainForm 10 针板下压
2021-01-11 21:57:18 ECH192.MainForm 10 针板下压
2021-01-11 21:57:18 ECH192.MainForm 10 针板下压
2021-01-11 21:57:18 ECH192.MainForm 10 针板下压
2021-01-11 21:57:19 ECH192.MainForm 11 针板下压
2021-01-11 21:57:19 ECH192.MainForm 11 针板下压
2021-01-11 21:57:19 ECH192.MainForm 11 针板下压
2021-01-11 21:57:19 ECH192.MainForm 11 针板下压
2021-01-11 21:57:19 ECH192.MainForm 11 针板下压
2021-01-11 21:57:19 ECH192.MainForm 11 针板下压
2021-01-11 21:57:19 ECH192.MainForm 11 针板下压
2021-01-11 21:57:19 ECH192.MainForm 11 针板下压
2021-01-11 21:57:19 ECH192.MainForm 11 针板下压
2021-01-11 21:57:19 ECH192.MainForm 11 针板下压
2021-01-11 21:57:19 ECH192.MainForm 11 针板下压
2021-01-11 21:57:24 ECH192.MainForm 11 针板下压
2021-01-11 21:57:24 ECH192.MainForm 11 针板下压
2021-01-11 21:57:24 ECH192.MainForm 11 针板下压
2021-01-11 21:57:24 ECH192.MainForm 11 针板下压
2021-01-11 21:57:24 ECH192.MainForm 11 针板下压
2021-01-11 21:57:24 ECH192.MainForm 11 针板下压
2021-01-11 21:57:24 ECH192.MainForm 11 针板下压
2021-01-11 21:57:24 ECH192.MainForm 11 针板下压
2021-01-11 21:57:24 ECH192.MainForm 11 针板下压
2021-01-11 21:57:24 ECH192.MainForm 11 针板下压
2021-01-11 21:57:24 ECH192.MainForm 11 针板下压
2021-01-11 21:57:26 ECH192.MainForm 11 针板下压
2021-01-11 21:57:26 ECH192.MainForm 11 针板下压
2021-01-11 21:57:26 ECH192.MainForm 11 针板下压
2021-01-11 21:57:26 ECH192.MainForm 11 针板下压
2021-01-11 21:57:26 ECH192.MainForm 11 针板下压
2021-01-11 21:57:26 ECH192.MainForm 11 针板下压
2021-01-11 21:57:26 ECH192.MainForm 11 针板下压
2021-01-11 21:57:26 ECH192.MainForm 11 针板下压
2021-01-11 21:57:26 ECH192.MainForm 11 针板下压
2021-01-11 21:57:26 ECH192.MainForm 11 针板下压
2021-01-11 21:57:26 ECH192.MainForm 11 针板下压
2021-01-11 22:19:58 commandServer The command CRCError(CommunicationServer.Protocol.Command.CMDCRCError) has been discovered
2021-01-11 22:19:58 commandServer The command EnableChannels(CommunicationServer.Protocol.Command.CMDEnableChannels) has been discovered
2021-01-11 22:19:58 commandServer The command GetIPMessage(CommunicationServer.Protocol.Command.CMDGetIPMessage) has been discovered
2021-01-11 22:19:58 commandServer The command GetSampleData(CommunicationServer.Protocol.Command.CMDGetSampleData) has been discovered
2021-01-11 22:19:58 commandServer The command SelfCheck(CommunicationServer.Protocol.Command.CMDSelfCheck) has been discovered
2021-01-11 22:19:58 commandServer The command SetITParam(CommunicationServer.Protocol.Command.CMDSetITParam) has been discovered
2021-01-11 22:19:58 commandServer The command GetVersion(CommunicationServer.Protocol.Command.CMDGetVersion) has been discovered
2021-01-11 22:19:58 commandServer The command HeadError(CommunicationServer.Protocol.Command.CMDHeadError) has been discovered
2021-01-11 22:19:58 commandServer The command HeartBeat(CommunicationServer.Protocol.Command.CMDHeartBeat) has been discovered
2021-01-11 22:19:58 commandServer The command RestartSystem(CommunicationServer.Protocol.Command.CMDRestartSystem) has been discovered
2021-01-11 22:19:58 commandServer The command SetSensitivitys(CommunicationServer.Protocol.Command.CMDSetSensitivitys) has been discovered
2021-01-11 22:19:58 commandServer The command StartSample(CommunicationServer.Protocol.Command.CMDStartSample) has been discovered
2021-01-11 22:19:58 commandServer The command StopSample(CommunicationServer.Protocol.Command.CMDStopSample) has been discovered
2021-01-11 22:19:58 commandServer The command TailError(CommunicationServer.Protocol.Command.CMDTailError) has been discovered
2021-01-11 22:19:58 commandServer The command UnKnow(CommunicationServer.Protocol.Command.CMDUnknow) has been discovered
2021-01-11 22:19:58 commandServer The command SetCVParam(CommunicationServer.Protocol.Command.CMDSetCVParam) has been discovered
2021-01-11 22:19:58 commandServer Listener (192.168.14.18:8765) failed to start
2021-01-11 22:20:38 commandServer The command CRCError(CommunicationServer.Protocol.Command.CMDCRCError) has been discovered
2021-01-11 22:20:38 commandServer The command EnableChannels(CommunicationServer.Protocol.Command.CMDEnableChannels) has been discovered
2021-01-11 22:20:38 commandServer The command GetIPMessage(CommunicationServer.Protocol.Command.CMDGetIPMessage) has been discovered
2021-01-11 22:20:38 commandServer The command GetSampleData(CommunicationServer.Protocol.Command.CMDGetSampleData) has been discovered
2021-01-11 22:20:38 commandServer The command SelfCheck(CommunicationServer.Protocol.Command.CMDSelfCheck) has been discovered
2021-01-11 22:20:38 commandServer The command SetITParam(CommunicationServer.Protocol.Command.CMDSetITParam) has been discovered
2021-01-11 22:20:38 commandServer The command GetVersion(CommunicationServer.Protocol.Command.CMDGetVersion) has been discovered
2021-01-11 22:20:38 commandServer The command HeadError(CommunicationServer.Protocol.Command.CMDHeadError) has been discovered
2021-01-11 22:20:38 commandServer The command HeartBeat(CommunicationServer.Protocol.Command.CMDHeartBeat) has been discovered
2021-01-11 22:20:38 commandServer The command RestartSystem(CommunicationServer.Protocol.Command.CMDRestartSystem) has been discovered
2021-01-11 22:20:38 commandServer The command SetSensitivitys(CommunicationServer.Protocol.Command.CMDSetSensitivitys) has been discovered
2021-01-11 22:20:38 commandServer The command StartSample(CommunicationServer.Protocol.Command.CMDStartSample) has been discovered
2021-01-11 22:20:38 commandServer The command StopSample(CommunicationServer.Protocol.Command.CMDStopSample) has been discovered
2021-01-11 22:20:38 commandServer The command TailError(CommunicationServer.Protocol.Command.CMDTailError) has been discovered
2021-01-11 22:20:38 commandServer The command UnKnow(CommunicationServer.Protocol.Command.CMDUnknow) has been discovered
2021-01-11 22:20:38 commandServer The command SetCVParam(CommunicationServer.Protocol.Command.CMDSetCVParam) has been discovered
2021-01-11 22:20:38 commandServer Listener (192.168.14.18:8765) failed to start
2021-01-11 22:22:20 commandServer The command CRCError(CommunicationServer.Protocol.Command.CMDCRCError) has been discovered
2021-01-11 22:22:20 commandServer The command EnableChannels(CommunicationServer.Protocol.Command.CMDEnableChannels) has been discovered
2021-01-11 22:22:20 commandServer The command GetIPMessage(CommunicationServer.Protocol.Command.CMDGetIPMessage) has been discovered
2021-01-11 22:22:20 commandServer The command GetSampleData(CommunicationServer.Protocol.Command.CMDGetSampleData) has been discovered
2021-01-11 22:22:20 commandServer The command SelfCheck(CommunicationServer.Protocol.Command.CMDSelfCheck) has been discovered
2021-01-11 22:22:20 commandServer The command SetITParam(CommunicationServer.Protocol.Command.CMDSetITParam) has been discovered
2021-01-11 22:22:20 commandServer The command GetVersion(CommunicationServer.Protocol.Command.CMDGetVersion) has been discovered
2021-01-11 22:22:20 commandServer The command HeadError(CommunicationServer.Protocol.Command.CMDHeadError) has been discovered
2021-01-11 22:22:20 commandServer The command HeartBeat(CommunicationServer.Protocol.Command.CMDHeartBeat) has been discovered
2021-01-11 22:22:20 commandServer The command RestartSystem(CommunicationServer.Protocol.Command.CMDRestartSystem) has been discovered
2021-01-11 22:22:20 commandServer The command SetSensitivitys(CommunicationServer.Protocol.Command.CMDSetSensitivitys) has been discovered
2021-01-11 22:22:20 commandServer The command StartSample(CommunicationServer.Protocol.Command.CMDStartSample) has been discovered
2021-01-11 22:22:20 commandServer The command StopSample(CommunicationServer.Protocol.Command.CMDStopSample) has been discovered
2021-01-11 22:22:20 commandServer The command TailError(CommunicationServer.Protocol.Command.CMDTailError) has been discovered
2021-01-11 22:22:20 commandServer The command UnKnow(CommunicationServer.Protocol.Command.CMDUnknow) has been discovered
2021-01-11 22:22:20 commandServer The command SetCVParam(CommunicationServer.Protocol.Command.CMDSetCVParam) has been discovered
2021-01-11 22:22:20 commandServer Listener (192.168.14.18:8765) failed to start
2021-01-11 22:27:34 commandServer The command CRCError(CommunicationServer.Protocol.Command.CMDCRCError) has been discovered
2021-01-11 22:27:34 commandServer The command EnableChannels(CommunicationServer.Protocol.Command.CMDEnableChannels) has been discovered
2021-01-11 22:27:34 commandServer The command GetIPMessage(CommunicationServer.Protocol.Command.CMDGetIPMessage) has been discovered
2021-01-11 22:27:34 commandServer The command GetSampleData(CommunicationServer.Protocol.Command.CMDGetSampleData) has been discovered
2021-01-11 22:27:34 commandServer The command SelfCheck(CommunicationServer.Protocol.Command.CMDSelfCheck) has been discovered
2021-01-11 22:27:34 commandServer The command SetITParam(CommunicationServer.Protocol.Command.CMDSetITParam) has been discovered
2021-01-11 22:27:34 commandServer The command GetVersion(CommunicationServer.Protocol.Command.CMDGetVersion) has been discovered
2021-01-11 22:27:34 commandServer The command HeadError(CommunicationServer.Protocol.Command.CMDHeadError) has been discovered
2021-01-11 22:27:34 commandServer The command HeartBeat(CommunicationServer.Protocol.Command.CMDHeartBeat) has been discovered
2021-01-11 22:27:34 commandServer The command RestartSystem(CommunicationServer.Protocol.Command.CMDRestartSystem) has been discovered
2021-01-11 22:27:34 commandServer The command SetSensitivitys(CommunicationServer.Protocol.Command.CMDSetSensitivitys) has been discovered
2021-01-11 22:27:34 commandServer The command StartSample(CommunicationServer.Protocol.Command.CMDStartSample) has been discovered
2021-01-11 22:27:34 commandServer The command StopSample(CommunicationServer.Protocol.Command.CMDStopSample) has been discovered
2021-01-11 22:27:34 commandServer The command TailError(CommunicationServer.Protocol.Command.CMDTailError) has been discovered
2021-01-11 22:27:34 commandServer The command UnKnow(CommunicationServer.Protocol.Command.CMDUnknow) has been discovered
2021-01-11 22:27:34 commandServer The command SetCVParam(CommunicationServer.Protocol.Command.CMDSetCVParam) has been discovered
2021-01-11 22:27:34 commandServer Listener (192.168.14.18:8765) failed to start
2021-01-11 22:28:45 commandServer The command CRCError(CommunicationServer.Protocol.Command.CMDCRCError) has been discovered
2021-01-11 22:28:45 commandServer The command EnableChannels(CommunicationServer.Protocol.Command.CMDEnableChannels) has been discovered
2021-01-11 22:28:45 commandServer The command GetIPMessage(CommunicationServer.Protocol.Command.CMDGetIPMessage) has been discovered
2021-01-11 22:28:45 commandServer The command GetSampleData(CommunicationServer.Protocol.Command.CMDGetSampleData) has been discovered
2021-01-11 22:28:45 commandServer The command SelfCheck(CommunicationServer.Protocol.Command.CMDSelfCheck) has been discovered
2021-01-11 22:28:45 commandServer The command SetITParam(CommunicationServer.Protocol.Command.CMDSetITParam) has been discovered
2021-01-11 22:28:45 commandServer The command GetVersion(CommunicationServer.Protocol.Command.CMDGetVersion) has been discovered
2021-01-11 22:28:45 commandServer The command HeadError(CommunicationServer.Protocol.Command.CMDHeadError) has been discovered
2021-01-11 22:28:45 commandServer The command HeartBeat(CommunicationServer.Protocol.Command.CMDHeartBeat) has been discovered
2021-01-11 22:28:45 commandServer The command RestartSystem(CommunicationServer.Protocol.Command.CMDRestartSystem) has been discovered
2021-01-11 22:28:45 commandServer The command SetSensitivitys(CommunicationServer.Protocol.Command.CMDSetSensitivitys) has been discovered
2021-01-11 22:28:45 commandServer The command StartSample(CommunicationServer.Protocol.Command.CMDStartSample) has been discovered
2021-01-11 22:28:45 commandServer The command StopSample(CommunicationServer.Protocol.Command.CMDStopSample) has been discovered
2021-01-11 22:28:45 commandServer The command TailError(CommunicationServer.Protocol.Command.CMDTailError) has been discovered
2021-01-11 22:28:45 commandServer The command UnKnow(CommunicationServer.Protocol.Command.CMDUnknow) has been discovered
2021-01-11 22:28:45 commandServer The command SetCVParam(CommunicationServer.Protocol.Command.CMDSetCVParam) has been discovered
2021-01-11 22:28:45 commandServer Listener (192.168.14.18:8765) failed to start
2021-01-11 22:29:22 commandServer The command CRCError(CommunicationServer.Protocol.Command.CMDCRCError) has been discovered
2021-01-11 22:29:22 commandServer The command EnableChannels(CommunicationServer.Protocol.Command.CMDEnableChannels) has been discovered
2021-01-11 22:29:22 commandServer The command GetIPMessage(CommunicationServer.Protocol.Command.CMDGetIPMessage) has been discovered
2021-01-11 22:29:22 commandServer The command GetSampleData(CommunicationServer.Protocol.Command.CMDGetSampleData) has been discovered
2021-01-11 22:29:22 commandServer The command SelfCheck(CommunicationServer.Protocol.Command.CMDSelfCheck) has been discovered
2021-01-11 22:29:22 commandServer The command SetITParam(CommunicationServer.Protocol.Command.CMDSetITParam) has been discovered
2021-01-11 22:29:22 commandServer The command GetVersion(CommunicationServer.Protocol.Command.CMDGetVersion) has been discovered
2021-01-11 22:29:22 commandServer The command HeadError(CommunicationServer.Protocol.Command.CMDHeadError) has been discovered
2021-01-11 22:29:22 commandServer The command HeartBeat(CommunicationServer.Protocol.Command.CMDHeartBeat) has been discovered
2021-01-11 22:29:22 commandServer The command RestartSystem(CommunicationServer.Protocol.Command.CMDRestartSystem) has been discovered
2021-01-11 22:29:22 commandServer The command SetSensitivitys(CommunicationServer.Protocol.Command.CMDSetSensitivitys) has been discovered
2021-01-11 22:29:22 commandServer The command StartSample(CommunicationServer.Protocol.Command.CMDStartSample) has been discovered
2021-01-11 22:29:22 commandServer The command StopSample(CommunicationServer.Protocol.Command.CMDStopSample) has been discovered
2021-01-11 22:29:22 commandServer The command TailError(CommunicationServer.Protocol.Command.CMDTailError) has been discovered
2021-01-11 22:29:22 commandServer The command UnKnow(CommunicationServer.Protocol.Command.CMDUnknow) has been discovered
2021-01-11 22:29:22 commandServer The command SetCVParam(CommunicationServer.Protocol.Command.CMDSetCVParam) has been discovered
2021-01-11 22:29:23 commandServer Listener (192.168.14.18:8765) failed to start
