2021-06-01 21:03:42 commandServer The command CRCError(CommunicationServer.Protocol.Command.CMDCRCError) has been discovered
2021-06-01 21:03:42 commandServer The command EnableChannels(CommunicationServer.Protocol.Command.CMDEnableChannels) has been discovered
2021-06-01 21:03:42 commandServer The command GetIPMessage(CommunicationServer.Protocol.Command.CMDGetIPMessage) has been discovered
2021-06-01 21:03:42 commandServer The command GetSampleData(CommunicationServer.Protocol.Command.CMDGetSampleData) has been discovered
2021-06-01 21:03:42 commandServer The command SelfCheck(CommunicationServer.Protocol.Command.CMDSelfCheck) has been discovered
2021-06-01 21:03:42 commandServer The command SetITParam(CommunicationServer.Protocol.Command.CMDSetITParam) has been discovered
2021-06-01 21:03:42 commandServer The command GetVersion(CommunicationServer.Protocol.Command.CMDGetVersion) has been discovered
2021-06-01 21:03:42 commandServer The command HeadError(CommunicationServer.Protocol.Command.CMDHeadError) has been discovered
2021-06-01 21:03:42 commandServer The command HeartBeat(CommunicationServer.Protocol.Command.CMDHeartBeat) has been discovered
2021-06-01 21:03:42 commandServer The command RestartSystem(CommunicationServer.Protocol.Command.CMDRestartSystem) has been discovered
2021-06-01 21:03:42 commandServer The command SetSensitivitys(CommunicationServer.Protocol.Command.CMDSetSensitivitys) has been discovered
2021-06-01 21:03:42 commandServer The command StartSample(CommunicationServer.Protocol.Command.CMDStartSample) has been discovered
2021-06-01 21:03:42 commandServer The command StopSample(CommunicationServer.Protocol.Command.CMDStopSample) has been discovered
2021-06-01 21:03:42 commandServer The command TailError(CommunicationServer.Protocol.Command.CMDTailError) has been discovered
2021-06-01 21:03:42 commandServer The command UnKnow(CommunicationServer.Protocol.Command.CMDUnknow) has been discovered
2021-06-01 21:03:42 commandServer The command SetCVParam(CommunicationServer.Protocol.Command.CMDSetCVParam) has been discovered
2021-06-01 21:03:44 commandServer Listener (192.168.14.18:8765) failed to start
2021-06-01 21:03:57 ECH192.MainForm 1 通溶液2
2021-06-01 21:03:57 ECH192.MainForm 1 通溶液2
2021-06-01 21:05:49 commandServer The command CRCError(CommunicationServer.Protocol.Command.CMDCRCError) has been discovered
2021-06-01 21:05:49 commandServer The command EnableChannels(CommunicationServer.Protocol.Command.CMDEnableChannels) has been discovered
2021-06-01 21:05:49 commandServer The command GetIPMessage(CommunicationServer.Protocol.Command.CMDGetIPMessage) has been discovered
2021-06-01 21:05:49 commandServer The command GetSampleData(CommunicationServer.Protocol.Command.CMDGetSampleData) has been discovered
2021-06-01 21:05:49 commandServer The command SelfCheck(CommunicationServer.Protocol.Command.CMDSelfCheck) has been discovered
2021-06-01 21:05:49 commandServer The command SetITParam(CommunicationServer.Protocol.Command.CMDSetITParam) has been discovered
2021-06-01 21:05:49 commandServer The command GetVersion(CommunicationServer.Protocol.Command.CMDGetVersion) has been discovered
2021-06-01 21:05:49 commandServer The command HeadError(CommunicationServer.Protocol.Command.CMDHeadError) has been discovered
2021-06-01 21:05:49 commandServer The command HeartBeat(CommunicationServer.Protocol.Command.CMDHeartBeat) has been discovered
2021-06-01 21:05:49 commandServer The command RestartSystem(CommunicationServer.Protocol.Command.CMDRestartSystem) has been discovered
2021-06-01 21:05:49 commandServer The command SetSensitivitys(CommunicationServer.Protocol.Command.CMDSetSensitivitys) has been discovered
2021-06-01 21:05:49 commandServer The command StartSample(CommunicationServer.Protocol.Command.CMDStartSample) has been discovered
2021-06-01 21:05:49 commandServer The command StopSample(CommunicationServer.Protocol.Command.CMDStopSample) has been discovered
2021-06-01 21:05:49 commandServer The command TailError(CommunicationServer.Protocol.Command.CMDTailError) has been discovered
2021-06-01 21:05:49 commandServer The command UnKnow(CommunicationServer.Protocol.Command.CMDUnknow) has been discovered
2021-06-01 21:05:49 commandServer The command SetCVParam(CommunicationServer.Protocol.Command.CMDSetCVParam) has been discovered
2021-06-01 21:05:50 commandServer Listener (192.168.14.18:8765) failed to start
2021-06-01 21:05:52 ECH192.MainForm 1 通溶液2
2021-06-01 21:05:52 ECH192.MainForm 1 通溶液2
2021-06-01 21:06:50 commandServer The command CRCError(CommunicationServer.Protocol.Command.CMDCRCError) has been discovered
2021-06-01 21:06:50 commandServer The command EnableChannels(CommunicationServer.Protocol.Command.CMDEnableChannels) has been discovered
2021-06-01 21:06:50 commandServer The command GetIPMessage(CommunicationServer.Protocol.Command.CMDGetIPMessage) has been discovered
2021-06-01 21:06:50 commandServer The command GetSampleData(CommunicationServer.Protocol.Command.CMDGetSampleData) has been discovered
2021-06-01 21:06:50 commandServer The command SelfCheck(CommunicationServer.Protocol.Command.CMDSelfCheck) has been discovered
2021-06-01 21:06:50 commandServer The command SetITParam(CommunicationServer.Protocol.Command.CMDSetITParam) has been discovered
2021-06-01 21:06:50 commandServer The command GetVersion(CommunicationServer.Protocol.Command.CMDGetVersion) has been discovered
2021-06-01 21:06:50 commandServer The command HeadError(CommunicationServer.Protocol.Command.CMDHeadError) has been discovered
2021-06-01 21:06:50 commandServer The command HeartBeat(CommunicationServer.Protocol.Command.CMDHeartBeat) has been discovered
2021-06-01 21:06:50 commandServer The command RestartSystem(CommunicationServer.Protocol.Command.CMDRestartSystem) has been discovered
2021-06-01 21:06:50 commandServer The command SetSensitivitys(CommunicationServer.Protocol.Command.CMDSetSensitivitys) has been discovered
2021-06-01 21:06:50 commandServer The command StartSample(CommunicationServer.Protocol.Command.CMDStartSample) has been discovered
2021-06-01 21:06:50 commandServer The command StopSample(CommunicationServer.Protocol.Command.CMDStopSample) has been discovered
2021-06-01 21:06:50 commandServer The command TailError(CommunicationServer.Protocol.Command.CMDTailError) has been discovered
2021-06-01 21:06:50 commandServer The command UnKnow(CommunicationServer.Protocol.Command.CMDUnknow) has been discovered
2021-06-01 21:06:50 commandServer The command SetCVParam(CommunicationServer.Protocol.Command.CMDSetCVParam) has been discovered
2021-06-01 21:06:50 commandServer Listener (192.168.14.18:8765) failed to start
2021-06-01 21:07:21 ECH192.MainForm 1 通溶液2
2021-06-01 21:07:21 ECH192.MainForm 1 通溶液2
2021-06-01 21:09:29 commandServer The command CRCError(CommunicationServer.Protocol.Command.CMDCRCError) has been discovered
2021-06-01 21:09:29 commandServer The command EnableChannels(CommunicationServer.Protocol.Command.CMDEnableChannels) has been discovered
2021-06-01 21:09:29 commandServer The command GetIPMessage(CommunicationServer.Protocol.Command.CMDGetIPMessage) has been discovered
2021-06-01 21:09:29 commandServer The command GetSampleData(CommunicationServer.Protocol.Command.CMDGetSampleData) has been discovered
2021-06-01 21:09:29 commandServer The command SelfCheck(CommunicationServer.Protocol.Command.CMDSelfCheck) has been discovered
2021-06-01 21:09:29 commandServer The command SetITParam(CommunicationServer.Protocol.Command.CMDSetITParam) has been discovered
2021-06-01 21:09:29 commandServer The command GetVersion(CommunicationServer.Protocol.Command.CMDGetVersion) has been discovered
2021-06-01 21:09:29 commandServer The command HeadError(CommunicationServer.Protocol.Command.CMDHeadError) has been discovered
2021-06-01 21:09:29 commandServer The command HeartBeat(CommunicationServer.Protocol.Command.CMDHeartBeat) has been discovered
2021-06-01 21:09:29 commandServer The command RestartSystem(CommunicationServer.Protocol.Command.CMDRestartSystem) has been discovered
2021-06-01 21:09:29 commandServer The command SetSensitivitys(CommunicationServer.Protocol.Command.CMDSetSensitivitys) has been discovered
2021-06-01 21:09:29 commandServer The command StartSample(CommunicationServer.Protocol.Command.CMDStartSample) has been discovered
2021-06-01 21:09:29 commandServer The command StopSample(CommunicationServer.Protocol.Command.CMDStopSample) has been discovered
2021-06-01 21:09:29 commandServer The command TailError(CommunicationServer.Protocol.Command.CMDTailError) has been discovered
2021-06-01 21:09:29 commandServer The command UnKnow(CommunicationServer.Protocol.Command.CMDUnknow) has been discovered
2021-06-01 21:09:29 commandServer The command SetCVParam(CommunicationServer.Protocol.Command.CMDSetCVParam) has been discovered
2021-06-01 21:09:29 commandServer Listener (192.168.14.18:8765) failed to start
2021-06-01 21:09:38 ECH192.MainForm 1 通溶液2
2021-06-01 21:09:38 ECH192.MainForm 1 通溶液2
2021-06-01 21:15:06 ECH192.MainForm 1 针板下压
2021-06-01 21:15:06 ECH192.MainForm 1 针板下压
2021-06-01 21:19:26 commandServer The command CRCError(CommunicationServer.Protocol.Command.CMDCRCError) has been discovered
2021-06-01 21:19:26 commandServer The command EnableChannels(CommunicationServer.Protocol.Command.CMDEnableChannels) has been discovered
2021-06-01 21:19:26 commandServer The command GetIPMessage(CommunicationServer.Protocol.Command.CMDGetIPMessage) has been discovered
2021-06-01 21:19:26 commandServer The command GetSampleData(CommunicationServer.Protocol.Command.CMDGetSampleData) has been discovered
2021-06-01 21:19:26 commandServer The command SelfCheck(CommunicationServer.Protocol.Command.CMDSelfCheck) has been discovered
2021-06-01 21:19:26 commandServer The command SetITParam(CommunicationServer.Protocol.Command.CMDSetITParam) has been discovered
2021-06-01 21:19:26 commandServer The command GetVersion(CommunicationServer.Protocol.Command.CMDGetVersion) has been discovered
2021-06-01 21:19:26 commandServer The command HeadError(CommunicationServer.Protocol.Command.CMDHeadError) has been discovered
2021-06-01 21:19:26 commandServer The command HeartBeat(CommunicationServer.Protocol.Command.CMDHeartBeat) has been discovered
2021-06-01 21:19:26 commandServer The command RestartSystem(CommunicationServer.Protocol.Command.CMDRestartSystem) has been discovered
2021-06-01 21:19:26 commandServer The command SetSensitivitys(CommunicationServer.Protocol.Command.CMDSetSensitivitys) has been discovered
2021-06-01 21:19:26 commandServer The command StartSample(CommunicationServer.Protocol.Command.CMDStartSample) has been discovered
2021-06-01 21:19:26 commandServer The command StopSample(CommunicationServer.Protocol.Command.CMDStopSample) has been discovered
2021-06-01 21:19:26 commandServer The command TailError(CommunicationServer.Protocol.Command.CMDTailError) has been discovered
2021-06-01 21:19:26 commandServer The command UnKnow(CommunicationServer.Protocol.Command.CMDUnknow) has been discovered
2021-06-01 21:19:26 commandServer The command SetCVParam(CommunicationServer.Protocol.Command.CMDSetCVParam) has been discovered
2021-06-01 21:19:26 commandServer Listener (192.168.14.18:8765) failed to start
2021-06-01 21:19:35 ECH192.MainForm 1 通溶液2
2021-06-01 21:19:35 ECH192.MainForm 1 通溶液2
2021-06-01 21:21:48 ECH192.MainForm 1 针板下压
2021-06-01 21:21:48 ECH192.MainForm 1 针板下压
2021-06-01 21:23:16 commandServer The command CRCError(CommunicationServer.Protocol.Command.CMDCRCError) has been discovered
2021-06-01 21:23:16 commandServer The command EnableChannels(CommunicationServer.Protocol.Command.CMDEnableChannels) has been discovered
2021-06-01 21:23:16 commandServer The command GetIPMessage(CommunicationServer.Protocol.Command.CMDGetIPMessage) has been discovered
2021-06-01 21:23:16 commandServer The command GetSampleData(CommunicationServer.Protocol.Command.CMDGetSampleData) has been discovered
2021-06-01 21:23:16 commandServer The command SelfCheck(CommunicationServer.Protocol.Command.CMDSelfCheck) has been discovered
2021-06-01 21:23:16 commandServer The command SetITParam(CommunicationServer.Protocol.Command.CMDSetITParam) has been discovered
2021-06-01 21:23:16 commandServer The command GetVersion(CommunicationServer.Protocol.Command.CMDGetVersion) has been discovered
2021-06-01 21:23:16 commandServer The command HeadError(CommunicationServer.Protocol.Command.CMDHeadError) has been discovered
2021-06-01 21:23:16 commandServer The command HeartBeat(CommunicationServer.Protocol.Command.CMDHeartBeat) has been discovered
2021-06-01 21:23:16 commandServer The command RestartSystem(CommunicationServer.Protocol.Command.CMDRestartSystem) has been discovered
2021-06-01 21:23:16 commandServer The command SetSensitivitys(CommunicationServer.Protocol.Command.CMDSetSensitivitys) has been discovered
2021-06-01 21:23:16 commandServer The command StartSample(CommunicationServer.Protocol.Command.CMDStartSample) has been discovered
2021-06-01 21:23:16 commandServer The command StopSample(CommunicationServer.Protocol.Command.CMDStopSample) has been discovered
2021-06-01 21:23:16 commandServer The command TailError(CommunicationServer.Protocol.Command.CMDTailError) has been discovered
2021-06-01 21:23:16 commandServer The command UnKnow(CommunicationServer.Protocol.Command.CMDUnknow) has been discovered
2021-06-01 21:23:16 commandServer The command SetCVParam(CommunicationServer.Protocol.Command.CMDSetCVParam) has been discovered
2021-06-01 21:23:16 commandServer Listener (192.168.14.18:8765) failed to start
2021-06-01 21:37:47 commandServer The command CRCError(CommunicationServer.Protocol.Command.CMDCRCError) has been discovered
2021-06-01 21:37:48 commandServer The command EnableChannels(CommunicationServer.Protocol.Command.CMDEnableChannels) has been discovered
2021-06-01 21:37:48 commandServer The command GetIPMessage(CommunicationServer.Protocol.Command.CMDGetIPMessage) has been discovered
2021-06-01 21:37:48 commandServer The command GetSampleData(CommunicationServer.Protocol.Command.CMDGetSampleData) has been discovered
2021-06-01 21:37:48 commandServer The command SelfCheck(CommunicationServer.Protocol.Command.CMDSelfCheck) has been discovered
2021-06-01 21:37:48 commandServer The command SetITParam(CommunicationServer.Protocol.Command.CMDSetITParam) has been discovered
2021-06-01 21:37:48 commandServer The command GetVersion(CommunicationServer.Protocol.Command.CMDGetVersion) has been discovered
2021-06-01 21:37:48 commandServer The command HeadError(CommunicationServer.Protocol.Command.CMDHeadError) has been discovered
2021-06-01 21:37:48 commandServer The command HeartBeat(CommunicationServer.Protocol.Command.CMDHeartBeat) has been discovered
2021-06-01 21:37:48 commandServer The command RestartSystem(CommunicationServer.Protocol.Command.CMDRestartSystem) has been discovered
2021-06-01 21:37:48 commandServer The command SetSensitivitys(CommunicationServer.Protocol.Command.CMDSetSensitivitys) has been discovered
2021-06-01 21:37:48 commandServer The command StartSample(CommunicationServer.Protocol.Command.CMDStartSample) has been discovered
2021-06-01 21:37:48 commandServer The command StopSample(CommunicationServer.Protocol.Command.CMDStopSample) has been discovered
2021-06-01 21:37:48 commandServer The command TailError(CommunicationServer.Protocol.Command.CMDTailError) has been discovered
2021-06-01 21:37:48 commandServer The command UnKnow(CommunicationServer.Protocol.Command.CMDUnknow) has been discovered
2021-06-01 21:37:48 commandServer The command SetCVParam(CommunicationServer.Protocol.Command.CMDSetCVParam) has been discovered
2021-06-01 21:37:48 commandServer Listener (192.168.14.18:8765) failed to start
2021-06-01 21:41:00 commandServer The command CRCError(CommunicationServer.Protocol.Command.CMDCRCError) has been discovered
2021-06-01 21:41:00 commandServer The command EnableChannels(CommunicationServer.Protocol.Command.CMDEnableChannels) has been discovered
2021-06-01 21:41:00 commandServer The command GetIPMessage(CommunicationServer.Protocol.Command.CMDGetIPMessage) has been discovered
2021-06-01 21:41:00 commandServer The command GetSampleData(CommunicationServer.Protocol.Command.CMDGetSampleData) has been discovered
2021-06-01 21:41:00 commandServer The command SelfCheck(CommunicationServer.Protocol.Command.CMDSelfCheck) has been discovered
2021-06-01 21:41:00 commandServer The command SetITParam(CommunicationServer.Protocol.Command.CMDSetITParam) has been discovered
2021-06-01 21:41:00 commandServer The command GetVersion(CommunicationServer.Protocol.Command.CMDGetVersion) has been discovered
2021-06-01 21:41:00 commandServer The command HeadError(CommunicationServer.Protocol.Command.CMDHeadError) has been discovered
2021-06-01 21:41:00 commandServer The command HeartBeat(CommunicationServer.Protocol.Command.CMDHeartBeat) has been discovered
2021-06-01 21:41:00 commandServer The command RestartSystem(CommunicationServer.Protocol.Command.CMDRestartSystem) has been discovered
2021-06-01 21:41:00 commandServer The command SetSensitivitys(CommunicationServer.Protocol.Command.CMDSetSensitivitys) has been discovered
2021-06-01 21:41:00 commandServer The command StartSample(CommunicationServer.Protocol.Command.CMDStartSample) has been discovered
2021-06-01 21:41:00 commandServer The command StopSample(CommunicationServer.Protocol.Command.CMDStopSample) has been discovered
2021-06-01 21:41:00 commandServer The command TailError(CommunicationServer.Protocol.Command.CMDTailError) has been discovered
2021-06-01 21:41:00 commandServer The command UnKnow(CommunicationServer.Protocol.Command.CMDUnknow) has been discovered
2021-06-01 21:41:00 commandServer The command SetCVParam(CommunicationServer.Protocol.Command.CMDSetCVParam) has been discovered
2021-06-01 21:41:00 commandServer Listener (192.168.14.18:8765) failed to start
2021-06-01 21:42:27 commandServer The command CRCError(CommunicationServer.Protocol.Command.CMDCRCError) has been discovered
2021-06-01 21:42:27 commandServer The command EnableChannels(CommunicationServer.Protocol.Command.CMDEnableChannels) has been discovered
2021-06-01 21:42:27 commandServer The command GetIPMessage(CommunicationServer.Protocol.Command.CMDGetIPMessage) has been discovered
2021-06-01 21:42:27 commandServer The command GetSampleData(CommunicationServer.Protocol.Command.CMDGetSampleData) has been discovered
2021-06-01 21:42:27 commandServer The command SelfCheck(CommunicationServer.Protocol.Command.CMDSelfCheck) has been discovered
2021-06-01 21:42:27 commandServer The command SetITParam(CommunicationServer.Protocol.Command.CMDSetITParam) has been discovered
2021-06-01 21:42:27 commandServer The command GetVersion(CommunicationServer.Protocol.Command.CMDGetVersion) has been discovered
2021-06-01 21:42:27 commandServer The command HeadError(CommunicationServer.Protocol.Command.CMDHeadError) has been discovered
2021-06-01 21:42:27 commandServer The command HeartBeat(CommunicationServer.Protocol.Command.CMDHeartBeat) has been discovered
2021-06-01 21:42:27 commandServer The command RestartSystem(CommunicationServer.Protocol.Command.CMDRestartSystem) has been discovered
2021-06-01 21:42:27 commandServer The command SetSensitivitys(CommunicationServer.Protocol.Command.CMDSetSensitivitys) has been discovered
2021-06-01 21:42:27 commandServer The command StartSample(CommunicationServer.Protocol.Command.CMDStartSample) has been discovered
2021-06-01 21:42:27 commandServer The command StopSample(CommunicationServer.Protocol.Command.CMDStopSample) has been discovered
2021-06-01 21:42:27 commandServer The command TailError(CommunicationServer.Protocol.Command.CMDTailError) has been discovered
2021-06-01 21:42:27 commandServer The command UnKnow(CommunicationServer.Protocol.Command.CMDUnknow) has been discovered
2021-06-01 21:42:27 commandServer The command SetCVParam(CommunicationServer.Protocol.Command.CMDSetCVParam) has been discovered
2021-06-01 21:42:27 commandServer Listener (192.168.14.18:8765) failed to start
2021-06-01 21:43:47 ECH192.MainForm 1 通纯水
2021-06-01 21:43:47 ECH192.MainForm 1 通纯水
2021-06-01 21:43:51 ECH192.MainForm 1 针板下压
2021-06-01 21:43:51 ECH192.MainForm 1 针板下压
2021-06-01 21:46:09 commandServer The command CRCError(CommunicationServer.Protocol.Command.CMDCRCError) has been discovered
2021-06-01 21:46:09 commandServer The command EnableChannels(CommunicationServer.Protocol.Command.CMDEnableChannels) has been discovered
2021-06-01 21:46:09 commandServer The command GetIPMessage(CommunicationServer.Protocol.Command.CMDGetIPMessage) has been discovered
2021-06-01 21:46:09 commandServer The command GetSampleData(CommunicationServer.Protocol.Command.CMDGetSampleData) has been discovered
2021-06-01 21:46:09 commandServer The command SelfCheck(CommunicationServer.Protocol.Command.CMDSelfCheck) has been discovered
2021-06-01 21:46:09 commandServer The command SetITParam(CommunicationServer.Protocol.Command.CMDSetITParam) has been discovered
2021-06-01 21:46:09 commandServer The command GetVersion(CommunicationServer.Protocol.Command.CMDGetVersion) has been discovered
2021-06-01 21:46:09 commandServer The command HeadError(CommunicationServer.Protocol.Command.CMDHeadError) has been discovered
2021-06-01 21:46:09 commandServer The command HeartBeat(CommunicationServer.Protocol.Command.CMDHeartBeat) has been discovered
2021-06-01 21:46:09 commandServer The command RestartSystem(CommunicationServer.Protocol.Command.CMDRestartSystem) has been discovered
2021-06-01 21:46:09 commandServer The command SetSensitivitys(CommunicationServer.Protocol.Command.CMDSetSensitivitys) has been discovered
2021-06-01 21:46:09 commandServer The command StartSample(CommunicationServer.Protocol.Command.CMDStartSample) has been discovered
2021-06-01 21:46:09 commandServer The command StopSample(CommunicationServer.Protocol.Command.CMDStopSample) has been discovered
2021-06-01 21:46:09 commandServer The command TailError(CommunicationServer.Protocol.Command.CMDTailError) has been discovered
2021-06-01 21:46:09 commandServer The command UnKnow(CommunicationServer.Protocol.Command.CMDUnknow) has been discovered
2021-06-01 21:46:09 commandServer The command SetCVParam(CommunicationServer.Protocol.Command.CMDSetCVParam) has been discovered
2021-06-01 21:46:09 commandServer Listener (192.168.14.18:8765) failed to start
2021-06-01 21:57:35 commandServer The command CRCError(CommunicationServer.Protocol.Command.CMDCRCError) has been discovered
2021-06-01 21:57:35 commandServer The command EnableChannels(CommunicationServer.Protocol.Command.CMDEnableChannels) has been discovered
2021-06-01 21:57:35 commandServer The command GetIPMessage(CommunicationServer.Protocol.Command.CMDGetIPMessage) has been discovered
2021-06-01 21:57:35 commandServer The command GetSampleData(CommunicationServer.Protocol.Command.CMDGetSampleData) has been discovered
2021-06-01 21:57:35 commandServer The command SelfCheck(CommunicationServer.Protocol.Command.CMDSelfCheck) has been discovered
2021-06-01 21:57:35 commandServer The command SetITParam(CommunicationServer.Protocol.Command.CMDSetITParam) has been discovered
2021-06-01 21:57:35 commandServer The command GetVersion(CommunicationServer.Protocol.Command.CMDGetVersion) has been discovered
2021-06-01 21:57:35 commandServer The command HeadError(CommunicationServer.Protocol.Command.CMDHeadError) has been discovered
2021-06-01 21:57:35 commandServer The command HeartBeat(CommunicationServer.Protocol.Command.CMDHeartBeat) has been discovered
2021-06-01 21:57:35 commandServer The command RestartSystem(CommunicationServer.Protocol.Command.CMDRestartSystem) has been discovered
2021-06-01 21:57:35 commandServer The command SetSensitivitys(CommunicationServer.Protocol.Command.CMDSetSensitivitys) has been discovered
2021-06-01 21:57:35 commandServer The command StartSample(CommunicationServer.Protocol.Command.CMDStartSample) has been discovered
2021-06-01 21:57:35 commandServer The command StopSample(CommunicationServer.Protocol.Command.CMDStopSample) has been discovered
2021-06-01 21:57:35 commandServer The command TailError(CommunicationServer.Protocol.Command.CMDTailError) has been discovered
2021-06-01 21:57:35 commandServer The command UnKnow(CommunicationServer.Protocol.Command.CMDUnknow) has been discovered
2021-06-01 21:57:35 commandServer The command SetCVParam(CommunicationServer.Protocol.Command.CMDSetCVParam) has been discovered
2021-06-01 21:57:35 commandServer Listener (192.168.14.18:8765) failed to start
2021-06-01 21:57:39 ECH192.MainForm 1 通纯水
2021-06-01 21:57:39 ECH192.MainForm 1 通纯水
