2020-10-24 14:39:32 commandServer The server instance commandServer has been started!
2020-10-24 14:45:13 commandServer The server instance commandServer has been started!
2020-10-24 14:50:43 CommunicationServer.TCPServer.CommandServer command server session connect:192.168.14.48
2020-10-24 14:51:06 ECH192.MainForm 设备连接成功
2020-10-24 14:51:16 ECH192.MainForm 停止采集数据
2020-10-24 14:51:16 ECH192.MainForm 设置灵敏度参数成功
2020-10-24 14:51:16 ECH192.MainForm 设置CV法参数成功
2020-10-24 14:51:26 ECH192.MainForm 开始采集数据
2020-10-24 14:52:08 ECH192.MainForm CV数据采集中--99%
2020-10-24 14:52:18 ECH192.MainForm CV数据采集中--100%
2020-10-24 14:53:08 ECH192.MainForm 设置灵敏度参数成功
2020-10-24 14:53:08 ECH192.MainForm 设置CV法参数成功
2020-10-24 14:53:18 ECH192.MainForm 开始采集数据
2020-10-24 14:53:28 ECH192.MainForm CV数据采集中--100%
2020-10-24 14:55:52 commandServer The server instance commandServer has been started!
2020-10-24 14:55:53 CommunicationServer.TCPServer.CommandServer command server session connect:192.168.14.48
2020-10-24 14:56:14 ECH192.MainForm 设备连接成功
2020-10-24 14:56:24 ECH192.MainForm 停止采集数据
2020-10-24 14:56:34 ECH192.MainForm 停止采集数据
2020-10-24 14:56:44 ECH192.MainForm 停止采集数据
2020-10-24 14:56:54 ECH192.MainForm 停止采集数据
2020-10-24 14:57:04 ECH192.MainForm 停止采集数据
2020-10-24 14:57:14 ECH192.MainForm 停止采集数据
2020-10-24 14:57:24 ECH192.MainForm 停止采集数据
2020-10-24 14:57:34 ECH192.MainForm 停止采集数据
2020-10-24 14:57:34 ECH192.MainForm 设置灵敏度参数成功
2020-10-24 14:57:44 ECH192.MainForm 设置CV法参数成功
2020-10-24 14:57:54 ECH192.MainForm 开始采集数据
2020-10-24 14:58:04 ECH192.MainForm CV数据采集中--100%
2020-10-24 14:58:54 ECH192.MainForm 设置灵敏度参数成功
2020-10-24 14:58:54 ECH192.MainForm 设置CV法参数成功
2020-10-24 14:59:04 ECH192.MainForm 开始采集数据
2020-10-24 14:59:14 ECH192.MainForm CV数据采集中--100%
2020-10-24 15:01:08 ECH192.MainForm 设置灵敏度参数成功
2020-10-24 15:01:08 ECH192.MainForm 设置CV法参数成功
2020-10-24 15:01:19 ECH192.MainForm 开始采集数据
2020-10-24 15:01:29 ECH192.MainForm CV数据采集中--100%
2020-10-24 15:01:29 ECH192.MainForm 设置灵敏度参数成功
2020-10-24 15:01:29 ECH192.MainForm 设置CV法参数成功
2020-10-24 15:01:39 ECH192.MainForm 停止采集数据
2020-10-24 15:01:39 ECH192.MainForm 停止采集数据
2020-10-24 15:01:39 ECH192.MainForm 开始采集数据
2020-10-24 15:01:49 ECH192.MainForm 停止采集数据
2020-10-24 15:01:49 ECH192.MainForm 停止采集数据
2020-10-24 15:01:49 ECH192.MainForm 停止采集数据
2020-10-24 15:01:49 ECH192.MainForm CV数据采集中--100%
2020-10-24 15:01:59 ECH192.MainForm 停止采集数据
2020-10-24 15:01:59 ECH192.MainForm 停止采集数据
2020-10-24 15:01:59 ECH192.MainForm 停止采集数据
2020-10-24 15:01:59 ECH192.MainForm 停止采集数据
2020-10-24 15:01:59 ECH192.MainForm 设置灵敏度参数成功
2020-10-24 15:01:59 ECH192.MainForm 设置CV法参数成功
2020-10-24 15:02:09 ECH192.MainForm 开始采集数据
2020-10-24 15:02:19 ECH192.MainForm CV数据采集中--100%
2020-10-24 15:12:05 commandServer The server instance commandServer has been started!
2020-10-24 15:12:05 CommunicationServer.TCPServer.CommandServer command server session connect:192.168.14.48
2020-10-24 15:12:27 ECH192.MainForm 设备连接成功
2020-10-24 15:12:37 ECH192.MainForm 停止采集数据
2020-10-24 15:12:37 ECH192.MainForm 设置灵敏度参数成功
2020-10-24 15:12:37 ECH192.MainForm 设置CV法参数成功
2020-10-24 15:12:47 ECH192.MainForm 开始采集数据
2020-10-24 15:12:57 ECH192.MainForm CV数据采集中--100%
2020-10-24 15:13:27 ECH192.MainForm 设置灵敏度参数成功
2020-10-24 15:13:27 ECH192.MainForm 设置CV法参数成功
2020-10-24 15:13:27 ECH192.MainForm 设置灵敏度参数成功
2020-10-24 15:13:27 ECH192.MainForm 设置CV法参数成功
2020-10-24 15:13:37 ECH192.MainForm 开始采集数据
2020-10-24 15:13:37 ECH192.MainForm 开始采集数据
2020-10-24 15:13:37 ECH192.MainForm 设置灵敏度参数成功
2020-10-24 15:13:37 ECH192.MainForm 设置CV法参数成功
2020-10-24 15:13:37 ECH192.MainForm 设置灵敏度参数成功
2020-10-24 15:13:37 ECH192.MainForm 设置CV法参数成功
2020-10-24 15:13:37 ECH192.MainForm 设置灵敏度参数成功
2020-10-24 15:13:37 ECH192.MainForm 设置CV法参数成功
2020-10-24 15:13:37 ECH192.MainForm 设置灵敏度参数成功
2020-10-24 15:13:37 ECH192.MainForm 设置CV法参数成功
2020-10-24 15:13:37 ECH192.MainForm 设置灵敏度参数成功
2020-10-24 15:13:37 ECH192.MainForm 设置CV法参数成功
2020-10-24 15:13:37 ECH192.MainForm 设置灵敏度参数成功
2020-10-24 15:13:37 ECH192.MainForm 设置CV法参数成功
2020-10-24 15:13:37 ECH192.MainForm 设置灵敏度参数成功
2020-10-24 15:13:37 ECH192.MainForm 设置CV法参数成功
2020-10-24 15:13:37 ECH192.MainForm 设置灵敏度参数成功
2020-10-24 15:13:37 ECH192.MainForm 设置CV法参数成功
2020-10-24 15:13:47 ECH192.MainForm 停止采集数据
2020-10-24 15:13:47 ECH192.MainForm CV数据采集中--100%
2020-10-24 15:13:47 ECH192.MainForm 停止采集数据
2020-10-24 15:13:47 ECH192.MainForm CV数据采集中--100%
2020-10-24 15:13:48 ECH192.MainForm 停止采集数据
2020-10-24 15:13:48 ECH192.MainForm 停止采集数据
2020-10-24 15:13:48 ECH192.MainForm 开始采集数据
2020-10-24 15:13:48 ECH192.MainForm 停止采集数据
2020-10-24 15:13:48 ECH192.MainForm 停止采集数据
2020-10-24 15:13:48 ECH192.MainForm 开始采集数据
2020-10-24 15:13:48 ECH192.MainForm 停止采集数据
2020-10-24 15:13:48 ECH192.MainForm 停止采集数据
2020-10-24 15:13:48 ECH192.MainForm 开始采集数据
2020-10-24 15:13:48 ECH192.MainForm 停止采集数据
2020-10-24 15:13:48 ECH192.MainForm 停止采集数据
2020-10-24 15:13:48 ECH192.MainForm 开始采集数据
2020-10-24 15:13:48 ECH192.MainForm 停止采集数据
2020-10-24 15:13:48 ECH192.MainForm 停止采集数据
2020-10-24 15:13:48 ECH192.MainForm 开始采集数据
2020-10-24 15:13:48 ECH192.MainForm 停止采集数据
2020-10-24 15:13:48 ECH192.MainForm 停止采集数据
2020-10-24 15:13:48 ECH192.MainForm 开始采集数据
2020-10-24 15:13:48 ECH192.MainForm 停止采集数据
2020-10-24 15:13:48 ECH192.MainForm 停止采集数据
2020-10-24 15:13:48 ECH192.MainForm 开始采集数据
2020-10-24 15:13:48 ECH192.MainForm 停止采集数据
2020-10-24 15:13:48 ECH192.MainForm 停止采集数据
2020-10-24 15:13:48 ECH192.MainForm 开始采集数据
2020-10-24 15:13:58 ECH192.MainForm 停止采集数据
2020-10-24 15:13:58 ECH192.MainForm 停止采集数据
2020-10-24 15:13:58 ECH192.MainForm 停止采集数据
2020-10-24 15:13:58 ECH192.MainForm 停止采集数据
2020-10-24 15:13:58 ECH192.MainForm 停止采集数据
2020-10-24 15:13:58 ECH192.MainForm 停止采集数据
2020-10-24 15:13:58 ECH192.MainForm 停止采集数据
2020-10-24 15:13:58 ECH192.MainForm CV数据采集中--100%
2020-10-24 15:13:58 ECH192.MainForm 停止采集数据
2020-10-24 15:13:58 ECH192.MainForm 停止采集数据
2020-10-24 15:13:58 ECH192.MainForm 停止采集数据
2020-10-24 15:13:58 ECH192.MainForm CV数据采集中--100%
2020-10-24 15:13:58 ECH192.MainForm 停止采集数据
2020-10-24 15:13:58 ECH192.MainForm 停止采集数据
2020-10-24 15:13:58 ECH192.MainForm 停止采集数据
2020-10-24 15:13:58 ECH192.MainForm CV数据采集中--100%
2020-10-24 15:13:58 ECH192.MainForm 停止采集数据
2020-10-24 15:13:58 ECH192.MainForm 停止采集数据
2020-10-24 15:13:58 ECH192.MainForm 停止采集数据
2020-10-24 15:13:58 ECH192.MainForm CV数据采集中--100%
2020-10-24 15:13:58 ECH192.MainForm 停止采集数据
2020-10-24 15:13:58 ECH192.MainForm 停止采集数据
2020-10-24 15:13:58 ECH192.MainForm 停止采集数据
2020-10-24 15:13:58 ECH192.MainForm CV数据采集中--100%
2020-10-24 15:13:58 ECH192.MainForm 停止采集数据
2020-10-24 15:13:58 ECH192.MainForm 停止采集数据
2020-10-24 15:13:58 ECH192.MainForm 停止采集数据
2020-10-24 15:13:58 ECH192.MainForm CV数据采集中--100%
2020-10-24 15:13:58 ECH192.MainForm 停止采集数据
2020-10-24 15:13:58 ECH192.MainForm 停止采集数据
2020-10-24 15:13:58 ECH192.MainForm 停止采集数据
2020-10-24 15:13:58 ECH192.MainForm CV数据采集中--100%
2020-10-24 15:13:58 ECH192.MainForm 停止采集数据
2020-10-24 15:13:58 ECH192.MainForm 停止采集数据
2020-10-24 15:13:58 ECH192.MainForm 停止采集数据
2020-10-24 15:13:58 ECH192.MainForm CV数据采集中--100%
2020-10-24 15:14:08 ECH192.MainForm 停止采集数据
2020-10-24 15:14:08 ECH192.MainForm 停止采集数据
2020-10-24 15:14:08 ECH192.MainForm 停止采集数据
2020-10-24 15:14:08 ECH192.MainForm 停止采集数据
2020-10-24 15:14:08 ECH192.MainForm 停止采集数据
2020-10-24 15:14:08 ECH192.MainForm 停止采集数据
2020-10-24 15:14:08 ECH192.MainForm 停止采集数据
2020-10-24 15:14:08 ECH192.MainForm 停止采集数据
2020-10-24 15:14:08 ECH192.MainForm 停止采集数据
2020-10-24 15:14:08 ECH192.MainForm 停止采集数据
2020-10-24 15:14:08 ECH192.MainForm 停止采集数据
2020-10-24 15:14:08 ECH192.MainForm 停止采集数据
2020-10-24 15:14:08 ECH192.MainForm 停止采集数据
2020-10-24 15:14:08 ECH192.MainForm 停止采集数据
2020-10-24 15:14:08 ECH192.MainForm 停止采集数据
2020-10-24 15:14:08 ECH192.MainForm 停止采集数据
2020-10-24 15:14:08 ECH192.MainForm 停止采集数据
2020-10-24 15:14:08 ECH192.MainForm 停止采集数据
2020-10-24 15:14:08 ECH192.MainForm 停止采集数据
2020-10-24 15:14:08 ECH192.MainForm 停止采集数据
2020-10-24 15:14:08 ECH192.MainForm 停止采集数据
2020-10-24 15:14:08 ECH192.MainForm 停止采集数据
2020-10-24 15:14:08 ECH192.MainForm 停止采集数据
2020-10-24 15:14:08 ECH192.MainForm 停止采集数据
2020-10-24 15:14:08 ECH192.MainForm 停止采集数据
2020-10-24 15:14:08 ECH192.MainForm 停止采集数据
2020-10-24 15:14:08 ECH192.MainForm 停止采集数据
2020-10-24 15:14:08 ECH192.MainForm 停止采集数据
2020-10-24 15:14:08 ECH192.MainForm 停止采集数据
2020-10-24 15:14:08 ECH192.MainForm 停止采集数据
2020-10-24 15:14:08 ECH192.MainForm 停止采集数据
2020-10-24 15:14:08 ECH192.MainForm 停止采集数据
2020-10-24 15:14:08 ECH192.MainForm 停止采集数据
2020-10-24 15:14:08 ECH192.MainForm 停止采集数据
2020-10-24 15:14:08 ECH192.MainForm 停止采集数据
2020-10-24 15:14:08 ECH192.MainForm 停止采集数据
2020-10-24 15:14:18 ECH192.MainForm 停止采集数据
2020-10-24 15:14:18 ECH192.MainForm 停止采集数据
2020-10-24 15:14:18 ECH192.MainForm 停止采集数据
2020-10-24 15:14:18 ECH192.MainForm 停止采集数据
2020-10-24 15:14:18 ECH192.MainForm 停止采集数据
2020-10-24 15:14:18 ECH192.MainForm 停止采集数据
2020-10-24 15:14:18 ECH192.MainForm 停止采集数据
2020-10-24 15:14:18 ECH192.MainForm 停止采集数据
2020-10-24 15:14:18 ECH192.MainForm 停止采集数据
2020-10-24 15:14:18 ECH192.MainForm 停止采集数据
2020-10-24 15:14:18 ECH192.MainForm 停止采集数据
2020-10-24 15:14:18 ECH192.MainForm 停止采集数据
2020-10-24 15:14:18 ECH192.MainForm 停止采集数据
2020-10-24 15:14:18 ECH192.MainForm 停止采集数据
2020-10-24 15:14:18 ECH192.MainForm 停止采集数据
2020-10-24 15:14:18 ECH192.MainForm 停止采集数据
2020-10-24 15:14:18 ECH192.MainForm 停止采集数据
2020-10-24 15:14:18 ECH192.MainForm 停止采集数据
2020-10-24 15:14:18 ECH192.MainForm 停止采集数据
2020-10-24 15:14:18 ECH192.MainForm 停止采集数据
2020-10-24 15:14:18 ECH192.MainForm 停止采集数据
2020-10-24 15:14:18 ECH192.MainForm 停止采集数据
2020-10-24 15:14:18 ECH192.MainForm 停止采集数据
2020-10-24 15:14:18 ECH192.MainForm 停止采集数据
2020-10-24 15:14:18 ECH192.MainForm 停止采集数据
2020-10-24 15:14:18 ECH192.MainForm 停止采集数据
2020-10-24 15:14:18 ECH192.MainForm 停止采集数据
2020-10-24 15:14:18 ECH192.MainForm 停止采集数据
2020-10-24 15:14:18 ECH192.MainForm 停止采集数据
2020-10-24 15:14:18 ECH192.MainForm 停止采集数据
2020-10-24 15:14:18 ECH192.MainForm 停止采集数据
2020-10-24 15:14:18 ECH192.MainForm 停止采集数据
2020-10-24 15:14:18 ECH192.MainForm 停止采集数据
2020-10-24 15:14:18 ECH192.MainForm 停止采集数据
2020-10-24 15:14:18 ECH192.MainForm 停止采集数据
2020-10-24 15:14:18 ECH192.MainForm 停止采集数据
2020-10-24 15:14:28 ECH192.MainForm 停止采集数据
2020-10-24 15:14:28 ECH192.MainForm 停止采集数据
2020-10-24 15:14:28 ECH192.MainForm 停止采集数据
2020-10-24 15:14:28 ECH192.MainForm 停止采集数据
2020-10-24 15:14:28 ECH192.MainForm 停止采集数据
2020-10-24 15:14:28 ECH192.MainForm 停止采集数据
2020-10-24 15:14:28 ECH192.MainForm 停止采集数据
2020-10-24 15:14:28 ECH192.MainForm 停止采集数据
2020-10-24 15:14:28 ECH192.MainForm 停止采集数据
2020-10-24 15:14:28 ECH192.MainForm 停止采集数据
2020-10-24 15:14:28 ECH192.MainForm 停止采集数据
2020-10-24 15:14:28 ECH192.MainForm 停止采集数据
2020-10-24 15:14:28 ECH192.MainForm 停止采集数据
2020-10-24 15:14:28 ECH192.MainForm 停止采集数据
2020-10-24 15:14:28 ECH192.MainForm 停止采集数据
2020-10-24 15:14:28 ECH192.MainForm 停止采集数据
2020-10-24 15:14:28 ECH192.MainForm 停止采集数据
2020-10-24 15:14:28 ECH192.MainForm 停止采集数据
2020-10-24 15:14:28 ECH192.MainForm 停止采集数据
2020-10-24 15:14:28 ECH192.MainForm 停止采集数据
2020-10-24 15:14:28 ECH192.MainForm 停止采集数据
2020-10-24 15:14:28 ECH192.MainForm 停止采集数据
2020-10-24 15:14:28 ECH192.MainForm 停止采集数据
2020-10-24 15:14:28 ECH192.MainForm 停止采集数据
2020-10-24 15:14:28 ECH192.MainForm 停止采集数据
2020-10-24 15:14:28 ECH192.MainForm 停止采集数据
2020-10-24 15:14:28 ECH192.MainForm 停止采集数据
2020-10-24 15:14:28 ECH192.MainForm 停止采集数据
2020-10-24 15:14:28 ECH192.MainForm 停止采集数据
2020-10-24 15:14:28 ECH192.MainForm 停止采集数据
2020-10-24 15:14:28 ECH192.MainForm 停止采集数据
2020-10-24 15:14:28 ECH192.MainForm 停止采集数据
2020-10-24 15:14:28 ECH192.MainForm 停止采集数据
2020-10-24 15:14:28 ECH192.MainForm 停止采集数据
2020-10-24 15:14:28 ECH192.MainForm 停止采集数据
2020-10-24 15:14:28 ECH192.MainForm 停止采集数据
2020-10-24 15:15:30 commandServer The server instance commandServer has been started!
2020-10-24 15:15:30 CommunicationServer.TCPServer.CommandServer command server session connect:192.168.14.48
2020-10-24 15:15:52 ECH192.MainForm 设备连接成功
2020-10-24 15:16:02 ECH192.MainForm 停止采集数据
2020-10-24 15:16:02 ECH192.MainForm 设置灵敏度参数成功
2020-10-24 15:16:02 ECH192.MainForm 设置CV法参数成功
2020-10-24 15:16:12 ECH192.MainForm 开始采集数据
2020-10-24 15:24:10 commandServer The server instance commandServer has been started!
2020-10-24 15:24:11 CommunicationServer.TCPServer.CommandServer command server session connect:192.168.14.48
2020-10-24 15:24:33 ECH192.MainForm 设备连接成功
2020-10-24 15:24:43 ECH192.MainForm 停止采集数据
2020-10-24 15:24:53 ECH192.MainForm 停止采集数据
2020-10-24 15:24:53 ECH192.MainForm 设置灵敏度参数成功
2020-10-24 15:24:53 ECH192.MainForm 设置CV法参数成功
2020-10-24 15:25:03 ECH192.MainForm 开始采集数据
2020-10-24 15:25:13 ECH192.MainForm CV数据采集中--100%
2020-10-24 15:26:23 ECH192.MainForm 设置灵敏度参数成功
2020-10-24 15:26:23 ECH192.MainForm 设置CV法参数成功
2020-10-24 15:26:33 ECH192.MainForm 开始采集数据
2020-10-24 15:26:43 ECH192.MainForm CV数据采集中--100%
2020-10-24 15:27:23 ECH192.MainForm 设置灵敏度参数成功
2020-10-24 15:27:23 ECH192.MainForm 设置CV法参数成功
2020-10-24 15:27:33 ECH192.MainForm 开始采集数据
2020-10-24 15:29:11 commandServer The server instance commandServer has been started!
2020-10-24 15:29:11 CommunicationServer.TCPServer.CommandServer command server session connect:192.168.14.48
2020-10-24 15:29:33 ECH192.MainForm 设备连接成功
2020-10-24 15:29:43 ECH192.MainForm 停止采集数据
2020-10-24 15:29:53 ECH192.MainForm 停止采集数据
2020-10-24 15:30:03 ECH192.MainForm 停止采集数据
2020-10-24 15:30:13 ECH192.MainForm 停止采集数据
2020-10-24 15:30:23 ECH192.MainForm 停止采集数据
2020-10-24 15:30:33 ECH192.MainForm 停止采集数据
2020-10-24 15:30:43 ECH192.MainForm 停止采集数据
2020-10-24 15:30:53 ECH192.MainForm 停止采集数据
2020-10-24 15:31:03 ECH192.MainForm 停止采集数据
2020-10-24 15:31:13 ECH192.MainForm 停止采集数据
2020-10-24 15:31:23 ECH192.MainForm 停止采集数据
2020-10-24 15:31:33 ECH192.MainForm 停止采集数据
2020-10-24 15:31:43 ECH192.MainForm 停止采集数据
2020-10-24 15:31:53 ECH192.MainForm 停止采集数据
2020-10-24 15:32:03 ECH192.MainForm 停止采集数据
2020-10-24 15:32:03 ECH192.MainForm 设置灵敏度参数成功
2020-10-24 15:32:03 ECH192.MainForm 设置CV法参数成功
2020-10-24 15:32:13 ECH192.MainForm 开始采集数据
2020-10-24 15:32:23 ECH192.MainForm CV数据采集中--100%
